1 Physical GPUs, 1 Logical GPU
Bert loaded
Start Training.
Calculate class weights...
Class weights tf.Tensor([[0.47302673 0.52697327]], shape=(1, 2), dtype=float64)
Fill up train and val buffer.
==========
Epoch 1/20
train loss:	75.8925
val loss:	0.5880*
val_macro_f1:	0.3624*
val_micro_f1:	0.3677
-----
train loss:	74.0520
val loss:	0.4322*
val_macro_f1:	0.3624
val_micro_f1:	0.3677
-----
train loss:	72.0964
val loss:	0.3336*
val_macro_f1:	0.3624
val_micro_f1:	0.3677
-----
train loss:	70.2098
val loss:	0.3396
val_macro_f1:	0.4365*
val_micro_f1:	0.5991
-----
train loss:	68.3925
val loss:	0.3332*
val_macro_f1:	0.4346
val_micro_f1:	0.3886
-----
train loss:	66.5642
val loss:	0.3442
val_macro_f1:	0.3624
val_micro_f1:	0.3677
-----
train loss:	146.5004
val loss:	0.3680
val_macro_f1:	0.3624
val_micro_f1:	0.3677
-----
train loss:	27.3932
val loss:	0.3461
val_macro_f1:	0.3624
val_micro_f1:	0.3677
-----
train loss:	60.0144
val loss:	0.3360
val_macro_f1:	0.4545*
val_micro_f1:	0.4087
-----
train loss:	58.4498
val loss:	0.3738
val_macro_f1:	0.2980
val_micro_f1:	0.3431
-----
train loss:	61.8676
val loss:	0.3785
val_macro_f1:	0.3186
val_micro_f1:	0.4097
-----
train loss:	71.3482
val loss:	0.3526
val_macro_f1:	0.3430
val_micro_f1:	0.5180
-----
train loss:	45.2273
val loss:	0.3406
val_macro_f1:	0.3369
val_micro_f1:	0.5850
-----
train loss:	114.5551
val loss:	0.3320*
val_macro_f1:	0.4361
val_micro_f1:	0.6382
-----
train loss:	111.5517
val loss:	0.3249*
val_macro_f1:	0.4289
val_micro_f1:	0.6713
-----
train loss:	108.4061
val loss:	0.3191*
val_macro_f1:	0.3964
val_micro_f1:	0.6590
-----
train loss:	105.1706
val loss:	0.3178*
val_macro_f1:	0.3967
val_micro_f1:	0.6606
-----
train loss:	101.8733
val loss:	0.3194
val_macro_f1:	0.3985
val_micro_f1:	0.6573
-----
train loss:	32.5190
val loss:	0.3149*
val_macro_f1:	0.4136
val_micro_f1:	0.6713
-----
train loss:	31.5554
val loss:	0.3067*
val_macro_f1:	0.5049*
val_micro_f1:	0.6850
-----
train loss:	30.5227
val loss:	0.3025*
val_macro_f1:	0.5415*
val_micro_f1:	0.6499
-----
train loss:	29.4431
val loss:	0.3108
val_macro_f1:	0.3907
val_micro_f1:	0.4181
-----
train loss:	107.1580
val loss:	0.3188
val_macro_f1:	0.3624
val_micro_f1:	0.3677
-----
train loss:	236.6304
val loss:	0.3128
val_macro_f1:	0.3782
val_micro_f1:	0.3931
-----
train loss:	53.5537
val loss:	0.3318
val_macro_f1:	0.3624
val_micro_f1:	0.3677
-----
train loss:	49.5829
val loss:	0.3316
val_macro_f1:	0.3624
val_micro_f1:	0.3677
-----
train loss:	31.4171
val loss:	0.3565
val_macro_f1:	0.3754
val_micro_f1:	0.4295
-----
train loss:	39.6042
val loss:	0.4431
val_macro_f1:	0.2746
val_micro_f1:	0.3091
-----
train loss:	6.2017
val loss:	0.5891
val_macro_f1:	0.2599
val_micro_f1:	0.2950
-----
train loss:	31.9512
val loss:	0.6011
val_macro_f1:	0.2599
val_micro_f1:	0.2950
-----
train loss:	34.4756
val loss:	0.5606
val_macro_f1:	0.2599
val_micro_f1:	0.2950
-----
train loss:	35.1967
val loss:	0.4835
val_macro_f1:	0.2599
val_micro_f1:	0.2950
-----
train loss:	102.2578
val loss:	0.4241
val_macro_f1:	0.2599
val_micro_f1:	0.2950
-----
train loss:	25.2944
val loss:	0.3587
val_macro_f1:	0.2699
val_micro_f1:	0.3045
-----
train loss:	14.0944
val loss:	0.3438
val_macro_f1:	0.3108
val_micro_f1:	0.3454
-----
train loss:	55.2815
val loss:	0.3388
val_macro_f1:	0.4988
val_micro_f1:	0.6316
-----
train loss:	14.9413
val loss:	0.3320
val_macro_f1:	0.4577
val_micro_f1:	0.5909
-----
train loss:	17.9120
val loss:	0.3289
val_macro_f1:	0.3631
val_micro_f1:	0.3703
-----
train loss:	48.0814
val loss:	0.3284
val_macro_f1:	0.3624
val_micro_f1:	0.3677
-----
train loss:	33.6738
val loss:	0.3313
val_macro_f1:	0.3624
val_micro_f1:	0.3677
-----
train loss:	30.3602
val loss:	0.3334
val_macro_f1:	0.3624
val_micro_f1:	0.3677
-----
train loss:	22.2748
val loss:	0.3363
val_macro_f1:	0.3624
val_micro_f1:	0.3677
-----
train loss:	8.7925
val loss:	0.3374
val_macro_f1:	0.3624
val_micro_f1:	0.3677
-----
train loss:	21.5195
val loss:	0.3396
val_macro_f1:	0.3624
val_micro_f1:	0.3677
-----
train loss:	11.0301
val loss:	0.3319
val_macro_f1:	0.3624
val_micro_f1:	0.3677
-----
train loss:	13.9573
val loss:	0.3248
val_macro_f1:	0.4668
val_micro_f1:	0.4920
-----
train loss:	5.2993
val loss:	0.3300
val_macro_f1:	0.4760
val_micro_f1:	0.6226
-----
train loss:	20.0254
val loss:	0.3639
val_macro_f1:	0.2865
val_micro_f1:	0.3410
-----
train loss:	19.1705
val loss:	0.4473
val_macro_f1:	0.2599
val_micro_f1:	0.2950
-----
train loss:	2.7038
val loss:	0.5740
val_macro_f1:	0.2599
val_micro_f1:	0.2950
-----
train loss:	21.5321
val loss:	0.6041
val_macro_f1:	0.2599
val_micro_f1:	0.2950
-----
train loss:	18.2559
val loss:	0.5871
val_macro_f1:	0.2599
val_micro_f1:	0.2950
-----
train loss:	3.6702
val loss:	0.4538
val_macro_f1:	0.2599
val_micro_f1:	0.2950
-----
train loss:	12.2922
val loss:	0.3799
val_macro_f1:	0.2633
val_micro_f1:	0.2982
-----
train loss:	6.3993
val loss:	0.3424
val_macro_f1:	0.3173
val_micro_f1:	0.3784
-----
train loss:	0.9658
val loss:	0.3348
val_macro_f1:	0.4315
val_micro_f1:	0.5819
-----
train loss:	0.3735
val loss:	0.3465
val_macro_f1:	0.2820
val_micro_f1:	0.3275
-----
train loss:	0.3389
val loss:	0.3777
val_macro_f1:	0.2650
val_micro_f1:	0.2998
-----
train loss:	2.8726
val loss:	0.4278
val_macro_f1:	0.2599
val_micro_f1:	0.2950
-----
train loss:	0.3100
val loss:	0.4575
val_macro_f1:	0.2599
val_micro_f1:	0.2950
-----
train loss:	1.1396
val loss:	0.4154
val_macro_f1:	0.2599
val_micro_f1:	0.2950
-----
train loss:	2.8825
val loss:	0.3541
val_macro_f1:	0.2897
val_micro_f1:	0.3454
-----
train loss:	1.1864
val loss:	0.3035
val_macro_f1:	0.5068
val_micro_f1:	0.6893
-----
train loss:	0.2664
val loss:	0.2813*
val_macro_f1:	0.5756*
val_micro_f1:	0.7393
-----
train loss:	0.3452
val loss:	0.2722*
val_macro_f1:	0.5819*
val_micro_f1:	0.7396
-----
train loss:	0.4030
val loss:	0.2688*
val_macro_f1:	0.5613
val_micro_f1:	0.7380
-----
train loss:	0.4393
val loss:	0.2686*
val_macro_f1:	0.5418
val_micro_f1:	0.7276
-----
train loss:	0.4558
val loss:	0.2634*
val_macro_f1:	0.5831*
val_micro_f1:	0.7433
-----
train loss:	0.4439
val loss:	0.2670
val_macro_f1:	0.5987*
val_micro_f1:	0.7283
-----
train loss:	0.4119
val loss:	0.2757
val_macro_f1:	0.5790
val_micro_f1:	0.6928
-----
train loss:	0.3119
val loss:	0.2645
val_macro_f1:	0.5983
val_micro_f1:	0.7300
-----
train loss:	0.6499
val loss:	0.2946
val_macro_f1:	0.5845
val_micro_f1:	0.6874
-----
train loss:	0.4689
val loss:	0.2677
val_macro_f1:	0.6006*
val_micro_f1:	0.7077
-----
train loss:	0.4395
val loss:	0.2437*
val_macro_f1:	0.6031*
val_micro_f1:	0.7516
-----
train loss:	0.3986
val loss:	0.2640
val_macro_f1:	0.5813
val_micro_f1:	0.7453
-----
==========
Epoch 2/20
train loss:	0.1103
val loss:	0.3087
val_macro_f1:	0.5396
val_micro_f1:	0.6943
-----
train loss:	0.3743
val loss:	0.3058
val_macro_f1:	0.5390
val_micro_f1:	0.6698
-----
train loss:	0.3006
val loss:	0.2732
val_macro_f1:	0.6873*
val_micro_f1:	0.7754
-----
train loss:	0.2980
val loss:	0.2577
val_macro_f1:	0.6797
val_micro_f1:	0.7528
-----
train loss:	0.5061
val loss:	0.2554
val_macro_f1:	0.6570
val_micro_f1:	0.7457
-----
train loss:	0.3079
val loss:	0.2480
val_macro_f1:	0.6754
val_micro_f1:	0.7548
-----
train loss:	0.1993
val loss:	0.2787
val_macro_f1:	0.6672
val_micro_f1:	0.7638
-----
train loss:	0.3489
val loss:	0.3258
val_macro_f1:	0.5811
val_micro_f1:	0.7133
-----
train loss:	2.3035
val loss:	0.3825
val_macro_f1:	0.5529
val_micro_f1:	0.6973
-----
train loss:	0.4601
val loss:	0.3613
val_macro_f1:	0.5695
val_micro_f1:	0.7125
-----
train loss:	0.1237
val loss:	0.2221*
val_macro_f1:	0.6738
val_micro_f1:	0.7949
-----
train loss:	0.0858
val loss:	0.2174*
val_macro_f1:	0.6796
val_micro_f1:	0.7881
-----
train loss:	0.0994
val loss:	0.2464
val_macro_f1:	0.6576
val_micro_f1:	0.7772
-----
train loss:	0.2267
val loss:	0.2262
val_macro_f1:	0.6765
val_micro_f1:	0.7867
-----
train loss:	0.1268
val loss:	0.2109*
val_macro_f1:	0.6845
val_micro_f1:	0.7753
-----
train loss:	0.0867
val loss:	0.2540
val_macro_f1:	0.6371
val_micro_f1:	0.6903
-----
train loss:	0.3607
val loss:	0.2189
val_macro_f1:	0.6909*
val_micro_f1:	0.7686
-----
train loss:	0.2399
val loss:	0.2732
val_macro_f1:	0.6337
val_micro_f1:	0.7264
-----
train loss:	0.5931
val loss:	0.3290
val_macro_f1:	0.3899
val_micro_f1:	0.4821
-----
train loss:	0.5498
val loss:	0.3833
val_macro_f1:	0.2915
val_micro_f1:	0.3275
-----
train loss:	1.3201
val loss:	0.3996
val_macro_f1:	0.2768
val_micro_f1:	0.3122
-----
train loss:	0.1964
val loss:	0.3806
val_macro_f1:	0.2898
val_micro_f1:	0.3260
-----
train loss:	0.0975
val loss:	0.3707
val_macro_f1:	0.3088
val_micro_f1:	0.3454
-----
train loss:	0.2830
val loss:	0.3484
val_macro_f1:	0.3571
val_micro_f1:	0.4239
-----
train loss:	0.4805
val loss:	0.3201
val_macro_f1:	0.4730
val_micro_f1:	0.5992
-----
train loss:	0.2066
val loss:	0.2963
val_macro_f1:	0.6019
val_micro_f1:	0.7076
-----
train loss:	0.1556
val loss:	0.2810
val_macro_f1:	0.6526
val_micro_f1:	0.7477
-----
train loss:	1.0673
val loss:	0.2718
val_macro_f1:	0.6505
val_micro_f1:	0.7460
-----
train loss:	0.2341
val loss:	0.2801
val_macro_f1:	0.6429
val_micro_f1:	0.7452
-----
train loss:	0.2356
val loss:	0.2700
val_macro_f1:	0.6571
val_micro_f1:	0.7469
-----
train loss:	0.1559
val loss:	0.2588
val_macro_f1:	0.6507
val_micro_f1:	0.7391
-----
train loss:	0.2095
val loss:	0.2526
val_macro_f1:	0.6307
val_micro_f1:	0.7123
-----
train loss:	0.5836
val loss:	0.2789
val_macro_f1:	0.5898
val_micro_f1:	0.6437
-----
train loss:	0.2390
val loss:	0.2507
val_macro_f1:	0.6122
val_micro_f1:	0.6999
-----
train loss:	0.2376
val loss:	0.2327
val_macro_f1:	0.6588
val_micro_f1:	0.7603
-----
train loss:	0.4692
val loss:	0.2531
val_macro_f1:	0.6814
val_micro_f1:	0.7797
-----
train loss:	0.1556
val loss:	0.3794
val_macro_f1:	0.4827
val_micro_f1:	0.6214
-----
train loss:	0.2321
val loss:	0.3566
val_macro_f1:	0.5030
val_micro_f1:	0.6411
-----
train loss:	0.6710
val loss:	0.2849
val_macro_f1:	0.6134
val_micro_f1:	0.7232
-----
train loss:	0.2165
val loss:	0.2177
val_macro_f1:	0.6912*
val_micro_f1:	0.7835
-----
train loss:	0.1209
val loss:	0.2656
val_macro_f1:	0.6214
val_micro_f1:	0.6783
-----
train loss:	0.4811
val loss:	0.2805
val_macro_f1:	0.6165
val_micro_f1:	0.6533
-----
train loss:	1.1291
val loss:	0.2829
val_macro_f1:	0.5995
val_micro_f1:	0.6296
-----
train loss:	0.2912
val loss:	0.2731
val_macro_f1:	0.6025
val_micro_f1:	0.6338
-----
train loss:	0.3949
val loss:	0.2572
val_macro_f1:	0.6345
val_micro_f1:	0.6759
-----
train loss:	0.2519
val loss:	0.2512
val_macro_f1:	0.6704
val_micro_f1:	0.7250
-----
train loss:	0.3708
val loss:	0.2550
val_macro_f1:	0.7046*
val_micro_f1:	0.7688
-----
train loss:	0.3849
val loss:	0.2646
val_macro_f1:	0.7172*
val_micro_f1:	0.8067
-----
train loss:	0.3702
val loss:	0.2792
val_macro_f1:	0.6707
val_micro_f1:	0.7673
-----
train loss:	0.2733
val loss:	0.2907
val_macro_f1:	0.5485
val_micro_f1:	0.6594
-----
train loss:	0.2174
val loss:	0.2992
val_macro_f1:	0.4401
val_micro_f1:	0.5403
-----
train loss:	0.1687
val loss:	0.3092
val_macro_f1:	0.3615
val_micro_f1:	0.4260
-----
train loss:	0.1638
val loss:	0.3246
val_macro_f1:	0.3116
val_micro_f1:	0.3513
-----
train loss:	0.2612
val loss:	0.3280
val_macro_f1:	0.3069
val_micro_f1:	0.3440
-----
train loss:	0.1583
val loss:	0.3254
val_macro_f1:	0.3098
val_micro_f1:	0.3484
-----
train loss:	0.1991
val loss:	0.3210
val_macro_f1:	0.3190
val_micro_f1:	0.3614
-----
train loss:	0.3070
val loss:	0.3129
val_macro_f1:	0.3426
val_micro_f1:	0.4036
-----
train loss:	0.1895
val loss:	0.2991
val_macro_f1:	0.4154
val_micro_f1:	0.5060
-----
train loss:	0.2079
val loss:	0.2843
val_macro_f1:	0.6006
val_micro_f1:	0.7033
-----
train loss:	0.1288
val loss:	0.2740
val_macro_f1:	0.7309*
val_micro_f1:	0.7897
-----
train loss:	0.1216
val loss:	0.2661
val_macro_f1:	0.7168
val_micro_f1:	0.7850
-----
train loss:	0.1229
val loss:	0.2623
val_macro_f1:	0.7203
val_micro_f1:	0.7737
-----
train loss:	0.1581
val loss:	0.2577
val_macro_f1:	0.7081
val_micro_f1:	0.7607
-----
==========
Epoch 3/20
train loss:	0.2220
val loss:	0.2522
val_macro_f1:	0.7009
val_micro_f1:	0.7539
-----
train loss:	0.0780
val loss:	0.2446
val_macro_f1:	0.7031
val_micro_f1:	0.7545
-----
train loss:	0.2628
val loss:	0.2363
val_macro_f1:	0.7038
val_micro_f1:	0.7559
-----
train loss:	0.1095
val loss:	0.2262
val_macro_f1:	0.7146
val_micro_f1:	0.7701
-----
train loss:	0.0918
val loss:	0.2199
val_macro_f1:	0.7108
val_micro_f1:	0.7706
-----
train loss:	0.1678
val loss:	0.2122
val_macro_f1:	0.7260
val_micro_f1:	0.7922
-----
train loss:	0.1464
val loss:	0.2165
val_macro_f1:	0.7199
val_micro_f1:	0.7996
-----
train loss:	0.2743
val loss:	0.3404
val_macro_f1:	0.5712
val_micro_f1:	0.6925
-----
train loss:	0.1609
val loss:	0.5309
val_macro_f1:	0.4217
val_micro_f1:	0.5580
-----
train loss:	0.3819
val loss:	0.4529
val_macro_f1:	0.4474
val_micro_f1:	0.5792
-----
train loss:	0.2620
val loss:	0.3034
val_macro_f1:	0.5808
val_micro_f1:	0.6996
-----
train loss:	0.1953
val loss:	0.2304
val_macro_f1:	0.6930
val_micro_f1:	0.7838
-----
train loss:	0.0377
val loss:	0.2156
val_macro_f1:	0.7291
val_micro_f1:	0.7916
-----
train loss:	0.1818
val loss:	0.2213
val_macro_f1:	0.7272
val_micro_f1:	0.7646
-----
train loss:	0.1334
val loss:	0.2360
val_macro_f1:	0.6876
val_micro_f1:	0.7203
-----
train loss:	0.1947
val loss:	0.2420
val_macro_f1:	0.6827
val_micro_f1:	0.7119
-----
train loss:	0.1825
val loss:	0.2398
val_macro_f1:	0.6857
val_micro_f1:	0.7172
-----
train loss:	0.2005
val loss:	0.2328
val_macro_f1:	0.7134
val_micro_f1:	0.7536
-----
train loss:	0.1234
val loss:	0.2290
val_macro_f1:	0.7264
val_micro_f1:	0.7719
-----
train loss:	0.1427
val loss:	0.2301
val_macro_f1:	0.7272
val_micro_f1:	0.7863
-----
train loss:	0.1308
val loss:	0.2323
val_macro_f1:	0.7191
val_micro_f1:	0.7799
-----
train loss:	0.1014
val loss:	0.2384
val_macro_f1:	0.7061
val_micro_f1:	0.7650
-----
train loss:	0.2429
val loss:	0.2561
val_macro_f1:	0.6903
val_micro_f1:	0.7585
-----
train loss:	0.1924
val loss:	0.2674
val_macro_f1:	0.6584
val_micro_f1:	0.7394
-----
train loss:	0.1051
val loss:	0.2739
val_macro_f1:	0.6358
val_micro_f1:	0.7216
-----
train loss:	0.2567
val loss:	0.2654
val_macro_f1:	0.6705
val_micro_f1:	0.7467
-----
train loss:	0.1297
val loss:	0.2519
val_macro_f1:	0.6959
val_micro_f1:	0.7624
-----
train loss:	0.1152
val loss:	0.2377
val_macro_f1:	0.7175
val_micro_f1:	0.7739
-----
train loss:	0.1511
val loss:	0.2293
val_macro_f1:	0.7261
val_micro_f1:	0.7842
-----
train loss:	0.1175
val loss:	0.2195
val_macro_f1:	0.7315*
val_micro_f1:	0.7924
-----
train loss:	0.1045
val loss:	0.2164
val_macro_f1:	0.7357*
val_micro_f1:	0.7833
-----
train loss:	0.0885
val loss:	0.2231
val_macro_f1:	0.7149
val_micro_f1:	0.7514
-----
train loss:	0.4178
val loss:	0.2366
val_macro_f1:	0.6970
val_micro_f1:	0.7315
-----
train loss:	0.1822
val loss:	0.2507
val_macro_f1:	0.6843
val_micro_f1:	0.7180
-----
train loss:	0.1057
val loss:	0.2587
val_macro_f1:	0.6773
val_micro_f1:	0.7104
-----
train loss:	0.1971
val loss:	0.2545
val_macro_f1:	0.6854
val_micro_f1:	0.7188
-----
train loss:	0.1273
val loss:	0.2367
val_macro_f1:	0.6916
val_micro_f1:	0.7299
-----
train loss:	0.0709
val loss:	0.2238
val_macro_f1:	0.7175
val_micro_f1:	0.7500
-----
train loss:	0.1364
val loss:	0.2086*
val_macro_f1:	0.7360*
val_micro_f1:	0.7745
-----
train loss:	0.1122
val loss:	0.2003*
val_macro_f1:	0.7372*
val_micro_f1:	0.7949
-----
train loss:	0.0871
val loss:	0.2064
val_macro_f1:	0.7384*
val_micro_f1:	0.7895
-----
train loss:	0.0732
val loss:	0.2268
val_macro_f1:	0.7110
val_micro_f1:	0.7764
-----
train loss:	0.0987
val loss:	0.2842
val_macro_f1:	0.5827
val_micro_f1:	0.6929
-----
train loss:	0.0961
val loss:	0.3313
val_macro_f1:	0.5335
val_micro_f1:	0.6539
-----
train loss:	0.2115
val loss:	0.3435
val_macro_f1:	0.5230
val_micro_f1:	0.6444
-----
train loss:	0.1338
val loss:	0.3374
val_macro_f1:	0.5323
val_micro_f1:	0.6522
-----
train loss:	0.1140
val loss:	0.2999
val_macro_f1:	0.5683
val_micro_f1:	0.6783
-----
train loss:	0.1985
val loss:	0.2222
val_macro_f1:	0.7096
val_micro_f1:	0.7730
-----
train loss:	0.1927
val loss:	0.1975*
val_macro_f1:	0.7460*
val_micro_f1:	0.8059
-----
train loss:	0.1665
val loss:	0.1945*
val_macro_f1:	0.7486*
val_micro_f1:	0.8008
-----
train loss:	0.1516
val loss:	0.1949
val_macro_f1:	0.7531*
val_micro_f1:	0.8031
-----
train loss:	0.1764
val loss:	0.1930*
val_macro_f1:	0.7539*
val_micro_f1:	0.8062
-----
train loss:	0.1825
val loss:	0.1922*
val_macro_f1:	0.7538
val_micro_f1:	0.8028
-----
train loss:	0.1456
val loss:	0.1983
val_macro_f1:	0.7485
val_micro_f1:	0.7932
-----
train loss:	0.1686
val loss:	0.2083
val_macro_f1:	0.7463
val_micro_f1:	0.7898
-----
train loss:	0.2397
val loss:	0.2113
val_macro_f1:	0.7502
val_micro_f1:	0.7912
-----
train loss:	0.2996
val loss:	0.2357
val_macro_f1:	0.7084
val_micro_f1:	0.7669
-----
train loss:	0.0892
val loss:	0.2632
val_macro_f1:	0.6514
val_micro_f1:	0.7304
-----
train loss:	0.2285
val loss:	0.2899
val_macro_f1:	0.6061
val_micro_f1:	0.6885
-----
train loss:	0.1163
val loss:	0.3205
val_macro_f1:	0.5697
val_micro_f1:	0.6568
-----
train loss:	0.5953
val loss:	0.2447
val_macro_f1:	0.6877
val_micro_f1:	0.7466
-----
train loss:	0.1361
val loss:	0.2022
val_macro_f1:	0.7645*
val_micro_f1:	0.7969
-----
train loss:	0.1150
val loss:	0.1911*
val_macro_f1:	0.7695*
val_micro_f1:	0.7963
-----
train loss:	0.0981
val loss:	0.2013
val_macro_f1:	0.7783*
val_micro_f1:	0.7962
-----
train loss:	0.0851
val loss:	0.2219
val_macro_f1:	0.7583
val_micro_f1:	0.7707
-----
train loss:	0.3007
val loss:	0.2129
val_macro_f1:	0.7767
val_micro_f1:	0.7900
-----
train loss:	0.0741
val loss:	0.2120
val_macro_f1:	0.7911*
val_micro_f1:	0.8069
-----
train loss:	0.0808
val loss:	0.2139
val_macro_f1:	0.7872
val_micro_f1:	0.8108
-----
==========
Epoch 4/20
train loss:	0.0908
val loss:	0.2169
val_macro_f1:	0.7638
val_micro_f1:	0.7931
-----
train loss:	0.0770
val loss:	0.2202
val_macro_f1:	0.7729
val_micro_f1:	0.7971
-----
train loss:	0.0839
val loss:	0.2227
val_macro_f1:	0.7669
val_micro_f1:	0.7941
-----
train loss:	0.0996
val loss:	0.2264
val_macro_f1:	0.7620
val_micro_f1:	0.7921
-----
train loss:	0.1581
val loss:	0.2313
val_macro_f1:	0.7547
val_micro_f1:	0.7848
-----
train loss:	0.2515
val loss:	0.2331
val_macro_f1:	0.7471
val_micro_f1:	0.7775
-----
train loss:	0.1525
val loss:	0.2274
val_macro_f1:	0.7549
val_micro_f1:	0.7847
-----
train loss:	0.0995
val loss:	0.2229
val_macro_f1:	0.7520
val_micro_f1:	0.7810
-----
train loss:	0.0720
val loss:	0.2169
val_macro_f1:	0.7484
val_micro_f1:	0.7795
-----
train loss:	0.1011
val loss:	0.2124
val_macro_f1:	0.7490
val_micro_f1:	0.7797
-----
train loss:	0.0428
val loss:	0.2095
val_macro_f1:	0.7484
val_micro_f1:	0.7821
-----
train loss:	0.1035
val loss:	0.2147
val_macro_f1:	0.7349
val_micro_f1:	0.7689
-----
train loss:	0.2078
val loss:	0.2210
val_macro_f1:	0.7253
val_micro_f1:	0.7606
-----
train loss:	0.1655
val loss:	0.2334
val_macro_f1:	0.7026
val_micro_f1:	0.7512
-----
train loss:	0.1216
val loss:	0.2440
val_macro_f1:	0.6875
val_micro_f1:	0.7403
-----
train loss:	0.1344
val loss:	0.2458
val_macro_f1:	0.6792
val_micro_f1:	0.7353
-----
train loss:	0.1061
val loss:	0.2298
val_macro_f1:	0.7045
val_micro_f1:	0.7504
-----
train loss:	0.1505
val loss:	0.2345
val_macro_f1:	0.6981
val_micro_f1:	0.7479
-----
train loss:	0.0965
val loss:	0.2409
val_macro_f1:	0.6894
val_micro_f1:	0.7419
-----
train loss:	0.0833
val loss:	0.2325
val_macro_f1:	0.6983
val_micro_f1:	0.7504
-----
train loss:	0.0495
val loss:	0.2154
val_macro_f1:	0.7303
val_micro_f1:	0.7643
-----
train loss:	0.1382
val loss:	0.2073
val_macro_f1:	0.7296
val_micro_f1:	0.7657
-----
train loss:	0.0736
val loss:	0.2037
val_macro_f1:	0.7344
val_micro_f1:	0.7697
-----
train loss:	0.1790
val loss:	0.2297
val_macro_f1:	0.7034
val_micro_f1:	0.7518
-----
train loss:	0.1108
val loss:	0.2499
val_macro_f1:	0.6698
val_micro_f1:	0.7313
-----
train loss:	0.1512
val loss:	0.2471
val_macro_f1:	0.6718
val_micro_f1:	0.7356
-----
train loss:	0.0573
val loss:	0.2396
val_macro_f1:	0.6839
val_micro_f1:	0.7424
-----
train loss:	0.0817
val loss:	0.2293
val_macro_f1:	0.7071
val_micro_f1:	0.7559
-----
train loss:	0.0736
val loss:	0.2369
val_macro_f1:	0.6857
val_micro_f1:	0.7449
-----
train loss:	0.1774
val loss:	0.2078
val_macro_f1:	0.7429
val_micro_f1:	0.7768
-----
train loss:	0.0991
val loss:	0.1919
val_macro_f1:	0.7621
val_micro_f1:	0.7927
-----
train loss:	0.0392
val loss:	0.1862*
val_macro_f1:	0.7489
val_micro_f1:	0.7806
-----
train loss:	0.0382
val loss:	0.1862
val_macro_f1:	0.7448
val_micro_f1:	0.7801
-----
train loss:	0.0756
val loss:	0.1866
val_macro_f1:	0.7452
val_micro_f1:	0.7786
-----
train loss:	0.0614
val loss:	0.1863
val_macro_f1:	0.7479
val_micro_f1:	0.7818
-----
train loss:	0.0505
val loss:	0.1906
val_macro_f1:	0.7537
val_micro_f1:	0.7918
-----
train loss:	0.0272
val loss:	0.1983
val_macro_f1:	0.7535
val_micro_f1:	0.7945
-----
train loss:	0.1436
val loss:	0.2612
val_macro_f1:	0.7316
val_micro_f1:	0.7786
-----
train loss:	0.4863
val loss:	0.2373
val_macro_f1:	0.7490
val_micro_f1:	0.7838
-----
train loss:	0.1983
val loss:	0.1974
val_macro_f1:	0.7634
val_micro_f1:	0.7964
-----
train loss:	0.0981
val loss:	0.1819*
val_macro_f1:	0.7737
val_micro_f1:	0.8043
-----
train loss:	0.0994
val loss:	0.1779*
val_macro_f1:	0.7740
val_micro_f1:	0.8051
-----
train loss:	0.1004
val loss:	0.1793
val_macro_f1:	0.7641
val_micro_f1:	0.7998
-----
train loss:	0.0561
val loss:	0.1808
val_macro_f1:	0.7623
val_micro_f1:	0.7974
-----
train loss:	0.1815
val loss:	0.1846
val_macro_f1:	0.7628
val_micro_f1:	0.7947
-----
train loss:	0.0716
val loss:	0.1887
val_macro_f1:	0.7627
val_micro_f1:	0.7938
-----
train loss:	0.0945
val loss:	0.1903
val_macro_f1:	0.7639
val_micro_f1:	0.7947
-----
train loss:	0.0587
val loss:	0.1950
val_macro_f1:	0.7549
val_micro_f1:	0.7880
-----
train loss:	0.0726
val loss:	0.2018
val_macro_f1:	0.7548
val_micro_f1:	0.7851
-----
train loss:	0.0720
val loss:	0.2123
val_macro_f1:	0.7555
val_micro_f1:	0.7911
-----
train loss:	0.1511
val loss:	0.2138
val_macro_f1:	0.7549
val_micro_f1:	0.7862
-----
train loss:	0.1034
val loss:	0.2002
val_macro_f1:	0.7508
val_micro_f1:	0.7853
-----
train loss:	0.0761
val loss:	0.1892
val_macro_f1:	0.7633
val_micro_f1:	0.7981
-----
train loss:	0.0586
val loss:	0.1839
val_macro_f1:	0.7772
val_micro_f1:	0.8069
-----
train loss:	0.0495
val loss:	0.1842
val_macro_f1:	0.7756
val_micro_f1:	0.8035
-----
train loss:	0.1399
val loss:	0.1909
val_macro_f1:	0.7662
val_micro_f1:	0.7904
-----
train loss:	0.2407
val loss:	0.1981
val_macro_f1:	0.7519
val_micro_f1:	0.7689
-----
==========
Epoch 5/20
train loss:	0.1290
val loss:	0.2007
val_macro_f1:	0.7521
val_micro_f1:	0.7651
-----
train loss:	0.0735
val loss:	0.2001
val_macro_f1:	0.7515
val_micro_f1:	0.7643
-----
train loss:	0.0458
val loss:	0.1980
val_macro_f1:	0.7576
val_micro_f1:	0.7713
-----
train loss:	0.1172
val loss:	0.1854
val_macro_f1:	0.7686
val_micro_f1:	0.7929
-----
train loss:	0.0370
val loss:	0.1788
val_macro_f1:	0.7712
val_micro_f1:	0.8001
-----
train loss:	0.1787
val loss:	0.1805
val_macro_f1:	0.7535
val_micro_f1:	0.7946
-----
train loss:	0.0437
val loss:	0.2077
val_macro_f1:	0.7432
val_micro_f1:	0.7812
-----
train loss:	0.1275
val loss:	0.2376
val_macro_f1:	0.7184
val_micro_f1:	0.7685
-----
train loss:	0.2571
val loss:	0.2016
val_macro_f1:	0.7480
val_micro_f1:	0.7868
-----
train loss:	0.1207
val loss:	0.1769*
val_macro_f1:	0.7504
val_micro_f1:	0.7966
-----
train loss:	0.0889
val loss:	0.1756*
val_macro_f1:	0.7651
val_micro_f1:	0.8013
-----
train loss:	0.0813
val loss:	0.1929
val_macro_f1:	0.7609
val_micro_f1:	0.7793
-----
train loss:	0.0894
val loss:	0.2278
val_macro_f1:	0.7131
val_micro_f1:	0.7295
-----
train loss:	0.1246
val loss:	0.2534
val_macro_f1:	0.6877
val_micro_f1:	0.6982
-----
train loss:	0.2153
val loss:	0.2358
val_macro_f1:	0.7000
val_micro_f1:	0.7197
-----
train loss:	0.0751
val loss:	0.2161
val_macro_f1:	0.7389
val_micro_f1:	0.7586
-----
train loss:	0.3647
val loss:	0.1824
val_macro_f1:	0.7662
val_micro_f1:	0.8015
-----
train loss:	0.2181
val loss:	0.1793
val_macro_f1:	0.7451
val_micro_f1:	0.7981
-----
train loss:	0.1299
val loss:	0.2092
val_macro_f1:	0.7400
val_micro_f1:	0.7805
-----
train loss:	0.0776
val loss:	0.2565
val_macro_f1:	0.6936
val_micro_f1:	0.7494
-----
train loss:	0.0264
val loss:	0.3171
val_macro_f1:	0.5828
val_micro_f1:	0.6691
-----
train loss:	0.1143
val loss:	0.3926
val_macro_f1:	0.4795
val_micro_f1:	0.5820
-----
train loss:	0.1386
val loss:	0.4551
val_macro_f1:	0.4000
val_micro_f1:	0.5018
-----
train loss:	0.1946
val loss:	0.4642
val_macro_f1:	0.3913
val_micro_f1:	0.4913
-----
train loss:	0.0818
val loss:	0.4635
val_macro_f1:	0.3860
val_micro_f1:	0.4853
-----
train loss:	0.1981
val loss:	0.4405
val_macro_f1:	0.3959
val_micro_f1:	0.4971
-----
train loss:	0.1408
val loss:	0.4117
val_macro_f1:	0.4079
val_micro_f1:	0.5138
-----
train loss:	0.1163
val loss:	0.3829
val_macro_f1:	0.4403
val_micro_f1:	0.5462
-----
train loss:	0.0482
val loss:	0.3617
val_macro_f1:	0.4741
val_micro_f1:	0.5723
-----
train loss:	0.1188
val loss:	0.3348
val_macro_f1:	0.5066
val_micro_f1:	0.5992
-----
train loss:	0.1280
val loss:	0.3183
val_macro_f1:	0.5436
val_micro_f1:	0.6268
-----
train loss:	0.0676
val loss:	0.3028
val_macro_f1:	0.5844
val_micro_f1:	0.6581
-----
train loss:	0.1974
val loss:	0.2828
val_macro_f1:	0.6392
val_micro_f1:	0.6938
-----
train loss:	0.1555
val loss:	0.2600
val_macro_f1:	0.6875
val_micro_f1:	0.7262
-----
train loss:	0.0712
val loss:	0.2473
val_macro_f1:	0.7161
val_micro_f1:	0.7535
-----
train loss:	0.1172
val loss:	0.2399
val_macro_f1:	0.7378
val_micro_f1:	0.7710
-----
train loss:	0.0632
val loss:	0.2378
val_macro_f1:	0.7346
val_micro_f1:	0.7746
-----
train loss:	0.0715
val loss:	0.2396
val_macro_f1:	0.7463
val_micro_f1:	0.7832
-----
train loss:	0.0902
val loss:	0.2439
val_macro_f1:	0.7384
val_micro_f1:	0.7779
-----
train loss:	0.2084
val loss:	0.2428
val_macro_f1:	0.7390
val_micro_f1:	0.7765
-----
train loss:	0.1398
val loss:	0.2408
val_macro_f1:	0.7373
val_micro_f1:	0.7750
-----
train loss:	0.0684
val loss:	0.2401
val_macro_f1:	0.7412
val_micro_f1:	0.7768
-----
train loss:	0.0404
val loss:	0.2395
val_macro_f1:	0.7414
val_micro_f1:	0.7775
-----
train loss:	0.1031
val loss:	0.2370
val_macro_f1:	0.7389
val_micro_f1:	0.7765
-----
train loss:	0.0584
val loss:	0.2343
val_macro_f1:	0.7394
val_micro_f1:	0.7755
-----
train loss:	0.1269
val loss:	0.2321
val_macro_f1:	0.7354
val_micro_f1:	0.7740
-----
train loss:	0.1177
val loss:	0.2301
val_macro_f1:	0.7375
val_micro_f1:	0.7744
-----
train loss:	0.0933
val loss:	0.2263
val_macro_f1:	0.7430
val_micro_f1:	0.7795
-----
train loss:	0.0983
val loss:	0.2219
val_macro_f1:	0.7310
val_micro_f1:	0.7791
-----
train loss:	0.0988
val loss:	0.2171
val_macro_f1:	0.7300
val_micro_f1:	0.7809
-----
train loss:	0.0838
val loss:	0.2131
val_macro_f1:	0.7369
val_micro_f1:	0.7863
-----
train loss:	0.2526
val loss:	0.2120
val_macro_f1:	0.7376
val_micro_f1:	0.7860
-----
train loss:	0.1155
val loss:	0.2150
val_macro_f1:	0.7362
val_micro_f1:	0.7808
-----
train loss:	0.0832
val loss:	0.2231
val_macro_f1:	0.7318
val_micro_f1:	0.7678
-----
train loss:	0.1391
val loss:	0.2298
val_macro_f1:	0.7158
val_micro_f1:	0.7547
-----
train loss:	0.0508
val loss:	0.2397
val_macro_f1:	0.6978
val_micro_f1:	0.7439
-----
==========
Epoch 6/20
train loss:	0.0783
val loss:	0.2470
val_macro_f1:	0.6973
val_micro_f1:	0.7411
-----
train loss:	0.1428
val loss:	0.2504
val_macro_f1:	0.6954
val_micro_f1:	0.7405
-----
train loss:	0.0675
val loss:	0.2509
val_macro_f1:	0.6954
val_micro_f1:	0.7405
-----
train loss:	0.0681
val loss:	0.2499
val_macro_f1:	0.6958
val_micro_f1:	0.7413
-----
train loss:	0.1296
val loss:	0.2423
val_macro_f1:	0.6969
val_micro_f1:	0.7451
-----
train loss:	0.1713
val loss:	0.2138
val_macro_f1:	0.7477
val_micro_f1:	0.7849
-----
train loss:	0.0574
val loss:	0.2003
val_macro_f1:	0.7381
val_micro_f1:	0.7884
-----
train loss:	0.0722
val loss:	0.1988
val_macro_f1:	0.7538
val_micro_f1:	0.7934
-----
train loss:	0.1128
val loss:	0.2031
val_macro_f1:	0.7511
val_micro_f1:	0.7868
-----
train loss:	0.1980
val loss:	0.2070
val_macro_f1:	0.7609
val_micro_f1:	0.7945
-----
train loss:	0.0652
val loss:	0.2122
val_macro_f1:	0.7506
val_micro_f1:	0.7838
-----
train loss:	0.1398
val loss:	0.2152
val_macro_f1:	0.7465
val_micro_f1:	0.7783
-----
train loss:	0.0793
val loss:	0.2167
val_macro_f1:	0.7407
val_micro_f1:	0.7706
-----
train loss:	0.1043
val loss:	0.2116
val_macro_f1:	0.7473
val_micro_f1:	0.7821
-----
train loss:	0.0830
val loss:	0.2035
val_macro_f1:	0.7580
val_micro_f1:	0.7926
-----
train loss:	0.0574
val loss:	0.1993
val_macro_f1:	0.7585
val_micro_f1:	0.7930
-----
train loss:	0.1293
val loss:	0.1934
val_macro_f1:	0.7516
val_micro_f1:	0.7931
-----
train loss:	0.1384
val loss:	0.1894
val_macro_f1:	0.7554
val_micro_f1:	0.7997
-----
train loss:	0.1411
val loss:	0.1928
val_macro_f1:	0.7413
val_micro_f1:	0.7980
-----
train loss:	0.0356
val loss:	0.2070
val_macro_f1:	0.7450
val_micro_f1:	0.7970
-----
train loss:	0.0654
val loss:	0.2242
val_macro_f1:	0.7348
val_micro_f1:	0.7828
-----
train loss:	0.0947
val loss:	0.2385
val_macro_f1:	0.7062
val_micro_f1:	0.7618
-----
train loss:	0.1424
val loss:	0.2714
val_macro_f1:	0.6654
val_micro_f1:	0.7361
-----
train loss:	0.2393
val loss:	0.2496
val_macro_f1:	0.6960
val_micro_f1:	0.7529
-----
train loss:	0.0648
val loss:	0.2302
val_macro_f1:	0.7325
val_micro_f1:	0.7748
-----
train loss:	0.0479
val loss:	0.2131
val_macro_f1:	0.7420
val_micro_f1:	0.7880
-----
train loss:	0.0810
val loss:	0.1992
val_macro_f1:	0.7511
val_micro_f1:	0.8012
-----
train loss:	0.0680
val loss:	0.1868
val_macro_f1:	0.7499
val_micro_f1:	0.8011
-----
train loss:	0.1502
val loss:	0.1838
val_macro_f1:	0.7470
val_micro_f1:	0.7980
-----
train loss:	0.0755
val loss:	0.1847
val_macro_f1:	0.7565
val_micro_f1:	0.7976
-----
train loss:	0.0338
val loss:	0.1887
val_macro_f1:	0.7635
val_micro_f1:	0.7990
-----
train loss:	0.0320
val loss:	0.1944
val_macro_f1:	0.7614
val_micro_f1:	0.7970
-----
train loss:	0.0815
val loss:	0.1960
val_macro_f1:	0.7667
val_micro_f1:	0.7982
-----
train loss:	0.1439
val loss:	0.1951
val_macro_f1:	0.7674
val_micro_f1:	0.7978
-----
train loss:	0.1136
val loss:	0.1901
val_macro_f1:	0.7614
val_micro_f1:	0.7970
-----
train loss:	0.0948
val loss:	0.1854
val_macro_f1:	0.7655
val_micro_f1:	0.8012
-----
train loss:	0.2384
val loss:	0.1816
val_macro_f1:	0.7526
val_micro_f1:	0.7980
-----
train loss:	0.1204
val loss:	0.1846
val_macro_f1:	0.7530
val_micro_f1:	0.7997
-----
train loss:	0.0645
val loss:	0.1894
val_macro_f1:	0.7491
val_micro_f1:	0.7996
-----
train loss:	0.0672
val loss:	0.1955
val_macro_f1:	0.7521
val_micro_f1:	0.8000
-----
train loss:	0.0872
val loss:	0.2053
val_macro_f1:	0.7521
val_micro_f1:	0.7938
-----
train loss:	0.0648
val loss:	0.2122
val_macro_f1:	0.7453
val_micro_f1:	0.7871
-----
train loss:	0.0683
val loss:	0.2199
val_macro_f1:	0.7406
val_micro_f1:	0.7818
-----
train loss:	0.1520
val loss:	0.2388
val_macro_f1:	0.7258
val_micro_f1:	0.7644
-----
train loss:	0.1383
val loss:	0.2528
val_macro_f1:	0.7092
val_micro_f1:	0.7511
-----
train loss:	0.1070
val loss:	0.2614
val_macro_f1:	0.6864
val_micro_f1:	0.7357
-----
train loss:	0.0536
val loss:	0.2674
val_macro_f1:	0.6731
val_micro_f1:	0.7229
-----
train loss:	0.1139
val loss:	0.2583
val_macro_f1:	0.6904
val_micro_f1:	0.7375
-----
train loss:	0.0703
val loss:	0.2431
val_macro_f1:	0.7168
val_micro_f1:	0.7537
-----
train loss:	0.0708
val loss:	0.2346
val_macro_f1:	0.7264
val_micro_f1:	0.7636
-----
train loss:	0.0910
val loss:	0.2239
val_macro_f1:	0.7360
val_micro_f1:	0.7681
-----
train loss:	0.1393
val loss:	0.2097
val_macro_f1:	0.7487
val_micro_f1:	0.7808
-----
train loss:	0.0914
val loss:	0.2017
val_macro_f1:	0.7510
val_micro_f1:	0.7872
-----
train loss:	0.0520
val loss:	0.1981
val_macro_f1:	0.7552
val_micro_f1:	0.7940
-----
==========
Epoch 7/20
train loss:	0.0823
val loss:	0.2000
val_macro_f1:	0.7599
val_micro_f1:	0.7921
-----
train loss:	0.0924
val loss:	0.2038
val_macro_f1:	0.7619
val_micro_f1:	0.7916
-----
train loss:	0.0900
val loss:	0.2041
val_macro_f1:	0.7619
val_micro_f1:	0.7916
-----
train loss:	0.0699
val loss:	0.2035
val_macro_f1:	0.7614
val_micro_f1:	0.7907
-----
train loss:	0.1929
val loss:	0.2009
val_macro_f1:	0.7662
val_micro_f1:	0.7946
-----
train loss:	0.0299
val loss:	0.2000
val_macro_f1:	0.7581
val_micro_f1:	0.7915
-----
train loss:	0.0381
val loss:	0.2007
val_macro_f1:	0.7545
val_micro_f1:	0.7909
-----
train loss:	0.0900
val loss:	0.2051
val_macro_f1:	0.7529
val_micro_f1:	0.7857
-----
train loss:	0.0927
val loss:	0.2100
val_macro_f1:	0.7459
val_micro_f1:	0.7785
-----
train loss:	0.0571
val loss:	0.2170
val_macro_f1:	0.7457
val_micro_f1:	0.7720
-----
train loss:	0.0548
val loss:	0.2213
val_macro_f1:	0.7501
val_micro_f1:	0.7733
-----
train loss:	0.1779
val loss:	0.2169
val_macro_f1:	0.7449
val_micro_f1:	0.7712
-----
train loss:	0.0468
val loss:	0.2130
val_macro_f1:	0.7441
val_micro_f1:	0.7755
-----
train loss:	0.1165
val loss:	0.2089
val_macro_f1:	0.7492
val_micro_f1:	0.7796
-----
train loss:	0.0409
val loss:	0.2058
val_macro_f1:	0.7511
val_micro_f1:	0.7852
-----
train loss:	0.1574
val loss:	0.2066
val_macro_f1:	0.7609
val_micro_f1:	0.7931
-----
train loss:	0.0324
val loss:	0.2217
val_macro_f1:	0.7603
val_micro_f1:	0.7858
-----
train loss:	0.0377
val loss:	0.2459
val_macro_f1:	0.7493
val_micro_f1:	0.7772
-----
train loss:	0.1371
val loss:	0.2601
val_macro_f1:	0.7272
val_micro_f1:	0.7574
-----
train loss:	0.0808
val loss:	0.2659
val_macro_f1:	0.7264
val_micro_f1:	0.7538
-----
train loss:	0.0403
val loss:	0.2723
val_macro_f1:	0.7176
val_micro_f1:	0.7454
-----
train loss:	0.0160
val loss:	0.2774
val_macro_f1:	0.7166
val_micro_f1:	0.7420
-----
train loss:	0.1843
val loss:	0.2538
val_macro_f1:	0.7301
val_micro_f1:	0.7571
-----
train loss:	0.0569
val loss:	0.2328
val_macro_f1:	0.7530
val_micro_f1:	0.7806
-----
train loss:	0.0536
val loss:	0.2124
val_macro_f1:	0.7632
val_micro_f1:	0.7914
-----
train loss:	0.1283
val loss:	0.1964
val_macro_f1:	0.7561
val_micro_f1:	0.7915
-----
train loss:	0.0348
val loss:	0.1919
val_macro_f1:	0.7592
val_micro_f1:	0.8006
-----
train loss:	0.0537
val loss:	0.2015
val_macro_f1:	0.7511
val_micro_f1:	0.7845
-----
train loss:	0.0634
val loss:	0.2185
val_macro_f1:	0.7430
val_micro_f1:	0.7731
-----
train loss:	0.0898
val loss:	0.2304
val_macro_f1:	0.7292
val_micro_f1:	0.7644
-----
train loss:	0.0844
val loss:	0.2296
val_macro_f1:	0.7296
val_micro_f1:	0.7652
-----
train loss:	0.0940
val loss:	0.2220
val_macro_f1:	0.7424
val_micro_f1:	0.7732
-----
train loss:	0.0824
val loss:	0.2121
val_macro_f1:	0.7408
val_micro_f1:	0.7740
-----
train loss:	0.0227
val loss:	0.2053
val_macro_f1:	0.7489
val_micro_f1:	0.7813
-----
train loss:	0.0406
val loss:	0.2008
val_macro_f1:	0.7513
val_micro_f1:	0.7872
-----
train loss:	0.0546
val loss:	0.1996
val_macro_f1:	0.7483
val_micro_f1:	0.7877
-----
train loss:	0.0443
val loss:	0.1974
val_macro_f1:	0.7496
val_micro_f1:	0.7892
-----
train loss:	0.0988
val loss:	0.1982
val_macro_f1:	0.7541
val_micro_f1:	0.7935
-----
train loss:	0.1874
val loss:	0.1998
val_macro_f1:	0.7530
val_micro_f1:	0.7926
-----
train loss:	0.0765
val loss:	0.2002
val_macro_f1:	0.7535
val_micro_f1:	0.7934
-----
train loss:	0.1284
val loss:	0.2007
val_macro_f1:	0.7482
val_micro_f1:	0.7906
-----
train loss:	0.0970
val loss:	0.2015
val_macro_f1:	0.7531
val_micro_f1:	0.7937
-----
train loss:	0.2357
val loss:	0.1995
val_macro_f1:	0.7498
val_micro_f1:	0.7899
-----
train loss:	0.1374
val loss:	0.2049
val_macro_f1:	0.7444
val_micro_f1:	0.7791
-----
train loss:	0.1632
val loss:	0.2320
val_macro_f1:	0.7289
val_micro_f1:	0.7668
-----
train loss:	0.0542
val loss:	0.2691
val_macro_f1:	0.6692
val_micro_f1:	0.7254
-----
train loss:	0.0190
val loss:	0.3163
val_macro_f1:	0.6046
val_micro_f1:	0.6758
-----
train loss:	0.0640
val loss:	0.3571
val_macro_f1:	0.5306
val_micro_f1:	0.6219
-----
train loss:	0.1038
val loss:	0.4043
val_macro_f1:	0.4909
val_micro_f1:	0.5961
-----
train loss:	0.0344
val loss:	0.4517
val_macro_f1:	0.4480
val_micro_f1:	0.5610
-----
train loss:	0.1382
val loss:	0.4805
val_macro_f1:	0.4199
val_micro_f1:	0.5191
-----
train loss:	0.1489
val loss:	0.4732
val_macro_f1:	0.4152
val_micro_f1:	0.5100
-----
train loss:	0.0274
val loss:	0.4773
val_macro_f1:	0.4056
val_micro_f1:	0.4960
-----
train loss:	0.1486
val loss:	0.4443
val_macro_f1:	0.4185
val_micro_f1:	0.5146
-----
==========
Epoch 8/20
train loss:	0.3048
val loss:	0.3716
val_macro_f1:	0.4662
val_micro_f1:	0.5824
-----
train loss:	0.0941
val loss:	0.3126
val_macro_f1:	0.5647
val_micro_f1:	0.6459
-----
train loss:	0.1019
val loss:	0.2716
val_macro_f1:	0.6476
val_micro_f1:	0.7016
-----
train loss:	0.1077
val loss:	0.2372
val_macro_f1:	0.7200
val_micro_f1:	0.7554
-----
train loss:	0.0591
val loss:	0.2182
val_macro_f1:	0.7454
val_micro_f1:	0.7876
-----
train loss:	0.0740
val loss:	0.2098
val_macro_f1:	0.7446
val_micro_f1:	0.7942
-----
train loss:	0.1158
val loss:	0.2064
val_macro_f1:	0.7446
val_micro_f1:	0.7968
-----
train loss:	0.1888
val loss:	0.2102
val_macro_f1:	0.7422
val_micro_f1:	0.7883
-----
train loss:	0.0487
val loss:	0.2148
val_macro_f1:	0.7487
val_micro_f1:	0.7882
-----
train loss:	0.2185
val loss:	0.2154
val_macro_f1:	0.7494
val_micro_f1:	0.7890
-----
train loss:	0.0741
val loss:	0.2168
val_macro_f1:	0.7503
val_micro_f1:	0.7903
-----
train loss:	0.1437
val loss:	0.2161
val_macro_f1:	0.7485
val_micro_f1:	0.7897
-----
train loss:	0.0929
val loss:	0.2152
val_macro_f1:	0.7472
val_micro_f1:	0.7889
-----
train loss:	0.1038
val loss:	0.2140
val_macro_f1:	0.7478
val_micro_f1:	0.7904
-----
train loss:	0.0951
val loss:	0.2135
val_macro_f1:	0.7478
val_micro_f1:	0.7904
-----
train loss:	0.1200
val loss:	0.2119
val_macro_f1:	0.7478
val_micro_f1:	0.7904
-----
train loss:	0.0635
val loss:	0.2086
val_macro_f1:	0.7478
val_micro_f1:	0.7904
-----
train loss:	0.1397
val loss:	0.2055
val_macro_f1:	0.7501
val_micro_f1:	0.7915
-----
train loss:	0.0869
val loss:	0.2011
val_macro_f1:	0.7522
val_micro_f1:	0.7940
-----
train loss:	0.0835
val loss:	0.1976
val_macro_f1:	0.7498
val_micro_f1:	0.7989
-----
train loss:	0.0480
val loss:	0.1960
val_macro_f1:	0.7442
val_micro_f1:	0.7966
-----
train loss:	0.0671
val loss:	0.1939
val_macro_f1:	0.7514
val_micro_f1:	0.8009
-----
train loss:	0.0962
val loss:	0.1943
val_macro_f1:	0.7472
val_micro_f1:	0.7949
-----
train loss:	0.0983
val loss:	0.1937
val_macro_f1:	0.7433
val_micro_f1:	0.7896
-----
train loss:	0.0674
val loss:	0.1939
val_macro_f1:	0.7497
val_micro_f1:	0.7929
-----
train loss:	0.0654
val loss:	0.1901
val_macro_f1:	0.7492
val_micro_f1:	0.7921
-----
train loss:	0.0903
val loss:	0.1884
val_macro_f1:	0.7439
val_micro_f1:	0.7893
-----
train loss:	0.1183
val loss:	0.1855
val_macro_f1:	0.7424
val_micro_f1:	0.7884
-----
train loss:	0.0473
val loss:	0.1820
val_macro_f1:	0.7376
val_micro_f1:	0.7894
-----
train loss:	0.0597
val loss:	0.1807
val_macro_f1:	0.7400
val_micro_f1:	0.7925
-----
train loss:	0.0874
val loss:	0.1802
val_macro_f1:	0.7449
val_micro_f1:	0.7977
-----
train loss:	0.0586
val loss:	0.1808
val_macro_f1:	0.7457
val_micro_f1:	0.7984
-----
train loss:	0.0992
val loss:	0.1814
val_macro_f1:	0.7414
val_micro_f1:	0.7915
-----
train loss:	0.0319
val loss:	0.1826
val_macro_f1:	0.7422
val_micro_f1:	0.7880
-----
train loss:	0.1596
val loss:	0.1891
val_macro_f1:	0.7571
val_micro_f1:	0.7893
-----
train loss:	0.0890
val loss:	0.1974
val_macro_f1:	0.7624
val_micro_f1:	0.7894
-----
train loss:	0.1882
val loss:	0.2198
val_macro_f1:	0.7433
val_micro_f1:	0.7710
-----
train loss:	0.0744
val loss:	0.2470
val_macro_f1:	0.6711
val_micro_f1:	0.7262
-----
train loss:	0.0911
val loss:	0.2488
val_macro_f1:	0.6712
val_micro_f1:	0.7262
-----
train loss:	0.0252
val loss:	0.2501
val_macro_f1:	0.6689
val_micro_f1:	0.7254
-----
train loss:	0.0362
val loss:	0.2557
val_macro_f1:	0.6650
val_micro_f1:	0.7210
-----
train loss:	0.2230
val loss:	0.2353
val_macro_f1:	0.7042
val_micro_f1:	0.7459
-----
train loss:	0.0485
val loss:	0.2214
val_macro_f1:	0.7462
val_micro_f1:	0.7726
-----
train loss:	0.0688
val loss:	0.2075
val_macro_f1:	0.7552
val_micro_f1:	0.7855
-----
train loss:	0.0516
val loss:	0.1974
val_macro_f1:	0.7564
val_micro_f1:	0.7892
-----
train loss:	0.0739
val loss:	0.1917
val_macro_f1:	0.7532
val_micro_f1:	0.7887
-----
train loss:	0.0593
val loss:	0.1896
val_macro_f1:	0.7420
val_micro_f1:	0.7856
-----
train loss:	0.0775
val loss:	0.1927
val_macro_f1:	0.7544
val_micro_f1:	0.7924
-----
train loss:	0.0845
val loss:	0.2006
val_macro_f1:	0.7541
val_micro_f1:	0.7913
-----
train loss:	0.0474
val loss:	0.2136
val_macro_f1:	0.7573
val_micro_f1:	0.7914
-----
train loss:	0.0437
val loss:	0.2270
val_macro_f1:	0.7565
val_micro_f1:	0.7900
-----
train loss:	0.0981
val loss:	0.2327
val_macro_f1:	0.7570
val_micro_f1:	0.7904
-----
train loss:	0.0319
val loss:	0.2376
val_macro_f1:	0.7593
val_micro_f1:	0.7920
-----
train loss:	0.2103
val loss:	0.2302
val_macro_f1:	0.7581
val_micro_f1:	0.7908
-----
==========
Epoch 9/20
train loss:	0.0906
val loss:	0.2217
val_macro_f1:	0.7626
val_micro_f1:	0.7914
-----
train loss:	0.0958
val loss:	0.2208
val_macro_f1:	0.7596
val_micro_f1:	0.7903
-----
train loss:	0.0556
val loss:	0.2172
val_macro_f1:	0.7574
val_micro_f1:	0.7904
-----
train loss:	0.0975
val loss:	0.2150
val_macro_f1:	0.7601
val_micro_f1:	0.7908
-----
train loss:	0.0071
val loss:	0.2117
val_macro_f1:	0.7655
val_micro_f1:	0.7930
-----
train loss:	0.0432
val loss:	0.2081
val_macro_f1:	0.7652
val_micro_f1:	0.7963
-----
train loss:	0.0589
val loss:	0.2177
val_macro_f1:	0.7552
val_micro_f1:	0.7906
-----
train loss:	0.1061
val loss:	0.2235
val_macro_f1:	0.7661
val_micro_f1:	0.7930
-----
train loss:	0.0291
val loss:	0.2302
val_macro_f1:	0.7637
val_micro_f1:	0.7933
-----
train loss:	0.0261
val loss:	0.2346
val_macro_f1:	0.7676
val_micro_f1:	0.7944
-----
train loss:	0.0305
val loss:	0.2370
val_macro_f1:	0.7685
val_micro_f1:	0.7950
-----
train loss:	0.0408
val loss:	0.2348
val_macro_f1:	0.7717
val_micro_f1:	0.7985
-----
train loss:	0.0552
val loss:	0.2303
val_macro_f1:	0.7669
val_micro_f1:	0.7964
-----
train loss:	0.1028
val loss:	0.2133
val_macro_f1:	0.7711
val_micro_f1:	0.7964
-----
train loss:	0.0887
val loss:	0.1946
val_macro_f1:	0.7569
val_micro_f1:	0.7814
-----
train loss:	0.0554
val loss:	0.2012
val_macro_f1:	0.7634
val_micro_f1:	0.7890
-----
train loss:	0.0668
val loss:	0.2279
val_macro_f1:	0.7439
val_micro_f1:	0.7685
-----
train loss:	0.1124
val loss:	0.2761
val_macro_f1:	0.6607
val_micro_f1:	0.7136
-----
train loss:	0.0964
val loss:	0.3446
val_macro_f1:	0.5966
val_micro_f1:	0.6659
-----
train loss:	0.1010
val loss:	0.3565
val_macro_f1:	0.5810
val_micro_f1:	0.6503
-----
train loss:	0.1071
val loss:	0.3370
val_macro_f1:	0.6080
val_micro_f1:	0.6722
-----
train loss:	0.0459
val loss:	0.3292
val_macro_f1:	0.6162
val_micro_f1:	0.6812
-----
train loss:	0.0433
val loss:	0.3148
val_macro_f1:	0.6278
val_micro_f1:	0.6948
-----
train loss:	0.0286
val loss:	0.3028
val_macro_f1:	0.6382
val_micro_f1:	0.6979
-----
train loss:	0.0996
val loss:	0.2814
val_macro_f1:	0.6538
val_micro_f1:	0.7075
-----
train loss:	0.1857
val loss:	0.2267
val_macro_f1:	0.7397
val_micro_f1:	0.7693
-----
train loss:	0.0461
val loss:	0.2013
val_macro_f1:	0.7592
val_micro_f1:	0.7883
-----
train loss:	0.0959
val loss:	0.1881
val_macro_f1:	0.7536
val_micro_f1:	0.7854
-----
train loss:	0.0278
val loss:	0.1881
val_macro_f1:	0.7553
val_micro_f1:	0.7909
-----
train loss:	0.0843
val loss:	0.2020
val_macro_f1:	0.7601
val_micro_f1:	0.7943
-----
train loss:	0.0818
val loss:	0.2222
val_macro_f1:	0.7661
val_micro_f1:	0.7963
-----
train loss:	0.0171
val loss:	0.2439
val_macro_f1:	0.7679
val_micro_f1:	0.7965
-----
train loss:	0.0553
val loss:	0.2616
val_macro_f1:	0.7577
val_micro_f1:	0.7869
-----
train loss:	0.2694
val loss:	0.2456
val_macro_f1:	0.7673
val_micro_f1:	0.7956
-----
train loss:	0.0866
val loss:	0.2177
val_macro_f1:	0.7650
val_micro_f1:	0.7955
-----
train loss:	0.0772
val loss:	0.2020
val_macro_f1:	0.7684
val_micro_f1:	0.7967
-----
train loss:	0.1018
val loss:	0.1813
val_macro_f1:	0.7688
val_micro_f1:	0.7969
-----
train loss:	0.0374
val loss:	0.1756
val_macro_f1:	0.7563
val_micro_f1:	0.7888
-----
train loss:	0.1257
val loss:	0.1779
val_macro_f1:	0.7549
val_micro_f1:	0.7831
-----
train loss:	0.0845
val loss:	0.1845
val_macro_f1:	0.7623
val_micro_f1:	0.7879
-----
train loss:	0.1650
val loss:	0.1869
val_macro_f1:	0.7667
val_micro_f1:	0.7907
-----
train loss:	0.1176
val loss:	0.1999
val_macro_f1:	0.7543
val_micro_f1:	0.7782
-----
train loss:	0.0909
val loss:	0.2068
val_macro_f1:	0.7507
val_micro_f1:	0.7693
-----
train loss:	0.0565
val loss:	0.2151
val_macro_f1:	0.7352
val_micro_f1:	0.7586
-----
train loss:	0.0496
val loss:	0.2126
val_macro_f1:	0.7364
val_micro_f1:	0.7594
-----
train loss:	0.0890
val loss:	0.2095
val_macro_f1:	0.7462
val_micro_f1:	0.7652
-----
train loss:	0.0473
val loss:	0.2047
val_macro_f1:	0.7493
val_micro_f1:	0.7702
-----
train loss:	0.0310
val loss:	0.2009
val_macro_f1:	0.7511
val_micro_f1:	0.7693
-----
train loss:	0.0996
val loss:	0.1911
val_macro_f1:	0.7607
val_micro_f1:	0.7791
-----
train loss:	0.0649
val loss:	0.1845
val_macro_f1:	0.7706
val_micro_f1:	0.7895
-----
train loss:	0.0449
val loss:	0.1785
val_macro_f1:	0.7704
val_micro_f1:	0.7936
-----
train loss:	0.0454
val loss:	0.1748*
val_macro_f1:	0.7613
val_micro_f1:	0.7854
-----
train loss:	0.0446
val loss:	0.1729*
val_macro_f1:	0.7588
val_micro_f1:	0.7854
-----
train loss:	0.0431
val loss:	0.1729*
val_macro_f1:	0.7517
val_micro_f1:	0.7816
-----
train loss:	0.0419
val loss:	0.1730
val_macro_f1:	0.7560
val_micro_f1:	0.7823
-----
train loss:	0.0477
val loss:	0.1733
val_macro_f1:	0.7638
val_micro_f1:	0.7905
-----
train loss:	0.2014
val loss:	0.1751
val_macro_f1:	0.7556
val_micro_f1:	0.7846
-----
==========
Epoch 10/20
train loss:	0.0915
val loss:	0.1765
val_macro_f1:	0.7528
val_micro_f1:	0.7833
-----
train loss:	0.0834
val loss:	0.1776
val_macro_f1:	0.7525
val_micro_f1:	0.7826
-----
train loss:	0.0325
val loss:	0.1779
val_macro_f1:	0.7519
val_micro_f1:	0.7834
-----
train loss:	0.1479
val loss:	0.1849
val_macro_f1:	0.7638
val_micro_f1:	0.7869
-----
train loss:	0.0312
val loss:	0.1943
val_macro_f1:	0.7635
val_micro_f1:	0.7838
-----
train loss:	0.0424
val loss:	0.2022
val_macro_f1:	0.7663
val_micro_f1:	0.7816
-----
train loss:	0.0226
val loss:	0.2144
val_macro_f1:	0.7563
val_micro_f1:	0.7735
-----
train loss:	0.0527
val loss:	0.2306
val_macro_f1:	0.7403
val_micro_f1:	0.7611
-----
train loss:	0.0957
val loss:	0.2449
val_macro_f1:	0.7082
val_micro_f1:	0.7427
-----
train loss:	0.2119
val loss:	0.2240
val_macro_f1:	0.7434
val_micro_f1:	0.7636
-----
train loss:	0.0288
val loss:	0.2079
val_macro_f1:	0.7620
val_micro_f1:	0.7775
-----
train loss:	0.0500
val loss:	0.1986
val_macro_f1:	0.7674
val_micro_f1:	0.7835
-----
train loss:	0.0462
val loss:	0.1903
val_macro_f1:	0.7620
val_micro_f1:	0.7829
-----
train loss:	0.0538
val loss:	0.1858
val_macro_f1:	0.7566
val_micro_f1:	0.7819
-----
train loss:	0.0558
val loss:	0.1868
val_macro_f1:	0.7746
val_micro_f1:	0.7977
-----
train loss:	0.0505
val loss:	0.1915
val_macro_f1:	0.7694
val_micro_f1:	0.7944
-----
train loss:	0.0866
val loss:	0.2000
val_macro_f1:	0.7703
val_micro_f1:	0.7973
-----
train loss:	0.0388
val loss:	0.2096
val_macro_f1:	0.7685
val_micro_f1:	0.7966
-----
train loss:	0.0141
val loss:	0.2235
val_macro_f1:	0.7677
val_micro_f1:	0.7975
-----
train loss:	0.0633
val loss:	0.2357
val_macro_f1:	0.7618
val_micro_f1:	0.7894
-----
train loss:	0.3506
val loss:	0.2035
val_macro_f1:	0.7778
val_micro_f1:	0.8010
-----
train loss:	0.0332
val loss:	0.1925
val_macro_f1:	0.7783
val_micro_f1:	0.7966
-----
train loss:	0.0266
val loss:	0.1885
val_macro_f1:	0.7768
val_micro_f1:	0.7881
-----
train loss:	0.1201
val loss:	0.1918
val_macro_f1:	0.7792
val_micro_f1:	0.7875
-----
train loss:	0.1539
val loss:	0.2016
val_macro_f1:	0.7751
val_micro_f1:	0.7871
-----
train loss:	0.0731
val loss:	0.2172
val_macro_f1:	0.7443
val_micro_f1:	0.7625
-----
train loss:	0.0824
val loss:	0.2374
val_macro_f1:	0.7055
val_micro_f1:	0.7331
-----
train loss:	0.0557
val loss:	0.2526
val_macro_f1:	0.6814
val_micro_f1:	0.7138
-----
train loss:	0.0429
val loss:	0.2656
val_macro_f1:	0.6500
val_micro_f1:	0.6932
-----
train loss:	0.1358
val loss:	0.2584
val_macro_f1:	0.6730
val_micro_f1:	0.7062
-----
train loss:	0.0853
val loss:	0.2453
val_macro_f1:	0.6976
val_micro_f1:	0.7215
-----
train loss:	0.0955
val loss:	0.2327
val_macro_f1:	0.7278
val_micro_f1:	0.7430
-----
train loss:	0.0748
val loss:	0.2262
val_macro_f1:	0.7584
val_micro_f1:	0.7657
-----
train loss:	0.0461
val loss:	0.2203
val_macro_f1:	0.7626
val_micro_f1:	0.7731
-----
train loss:	0.0261
val loss:	0.2160
val_macro_f1:	0.7617
val_micro_f1:	0.7746
-----
train loss:	0.0475
val loss:	0.2163
val_macro_f1:	0.7667
val_micro_f1:	0.7792
-----
train loss:	0.0805
val loss:	0.2167
val_macro_f1:	0.7698
val_micro_f1:	0.7829
-----
train loss:	0.1852
val loss:	0.2194
val_macro_f1:	0.7663
val_micro_f1:	0.7814
-----
train loss:	0.0782
val loss:	0.2210
val_macro_f1:	0.7627
val_micro_f1:	0.7763
-----
train loss:	0.1380
val loss:	0.2207
val_macro_f1:	0.7560
val_micro_f1:	0.7671
-----
train loss:	0.0534
val loss:	0.2289
val_macro_f1:	0.7406
val_micro_f1:	0.7512
-----
train loss:	0.0307
val loss:	0.2454
val_macro_f1:	0.6919
val_micro_f1:	0.7325
-----
train loss:	0.1702
val loss:	0.2555
val_macro_f1:	0.6617
val_micro_f1:	0.7151
-----
train loss:	0.0991
val loss:	0.2528
val_macro_f1:	0.6694
val_micro_f1:	0.7201
-----
train loss:	0.0908
val loss:	0.2460
val_macro_f1:	0.6787
val_micro_f1:	0.7279
-----
train loss:	0.0416
val loss:	0.2346
val_macro_f1:	0.7187
val_micro_f1:	0.7508
-----
train loss:	0.0219
val loss:	0.2235
val_macro_f1:	0.7402
val_micro_f1:	0.7667
-----
train loss:	0.0623
val loss:	0.2184
val_macro_f1:	0.7497
val_micro_f1:	0.7751
-----
train loss:	0.1868
val loss:	0.1995
val_macro_f1:	0.7682
val_micro_f1:	0.8005
-----
train loss:	0.0426
val loss:	0.1890
val_macro_f1:	0.7683
val_micro_f1:	0.8050
-----
train loss:	0.0735
val loss:	0.1788
val_macro_f1:	0.7534
val_micro_f1:	0.7878
-----
train loss:	0.0720
val loss:	0.1764
val_macro_f1:	0.7564
val_micro_f1:	0.7903
-----
train loss:	0.0331
val loss:	0.1740
val_macro_f1:	0.7550
val_micro_f1:	0.7944
-----
train loss:	0.0951
val loss:	0.1734
val_macro_f1:	0.7574
val_micro_f1:	0.7960
-----
==========
Epoch 11/20
train loss:	0.0499
val loss:	0.1764
val_macro_f1:	0.7686
val_micro_f1:	0.8022
-----
train loss:	0.0597
val loss:	0.1809
val_macro_f1:	0.7686
val_micro_f1:	0.8037
-----
train loss:	0.0301
val loss:	0.1861
val_macro_f1:	0.7668
val_micro_f1:	0.8013
-----
train loss:	0.0068
val loss:	0.1914
val_macro_f1:	0.7625
val_micro_f1:	0.7989
-----
train loss:	0.1675
val loss:	0.1857
val_macro_f1:	0.7675
val_micro_f1:	0.8019
-----
train loss:	0.0326
val loss:	0.1809
val_macro_f1:	0.7553
val_micro_f1:	0.7905
-----
train loss:	0.0453
val loss:	0.1835
val_macro_f1:	0.7752
val_micro_f1:	0.7950
-----
train loss:	0.0358
val loss:	0.1995
val_macro_f1:	0.7627
val_micro_f1:	0.7857
-----
train loss:	0.0938
val loss:	0.2202
val_macro_f1:	0.7406
val_micro_f1:	0.7743
-----
train loss:	0.0341
val loss:	0.2363
val_macro_f1:	0.7108
val_micro_f1:	0.7543
-----
train loss:	0.0163
val loss:	0.2530
val_macro_f1:	0.6675
val_micro_f1:	0.7315
-----
train loss:	0.0548
val loss:	0.2689
val_macro_f1:	0.6484
val_micro_f1:	0.7202
-----
train loss:	0.1009
val loss:	0.2705
val_macro_f1:	0.6447
val_micro_f1:	0.7169
-----
train loss:	0.2034
val loss:	0.2498
val_macro_f1:	0.6695
val_micro_f1:	0.7261
-----
train loss:	0.0765
val loss:	0.2318
val_macro_f1:	0.7170
val_micro_f1:	0.7545
-----
train loss:	0.0983
val loss:	0.2052
val_macro_f1:	0.7659
val_micro_f1:	0.7780
-----
train loss:	0.1578
val loss:	0.2028
val_macro_f1:	0.7698
val_micro_f1:	0.7819
-----
train loss:	0.0432
val loss:	0.2002
val_macro_f1:	0.7714
val_micro_f1:	0.7858
-----
train loss:	0.1164
val loss:	0.1969
val_macro_f1:	0.7784
val_micro_f1:	0.7924
-----
train loss:	0.0515
val loss:	0.1934
val_macro_f1:	0.7715
val_micro_f1:	0.7901
-----
train loss:	0.2103
val loss:	0.1923
val_macro_f1:	0.7681
val_micro_f1:	0.7880
-----
train loss:	0.0559
val loss:	0.1940
val_macro_f1:	0.7706
val_micro_f1:	0.7893
-----
train loss:	0.0680
val loss:	0.1956
val_macro_f1:	0.7693
val_micro_f1:	0.7904
-----
train loss:	0.0400
val loss:	0.2011
val_macro_f1:	0.7666
val_micro_f1:	0.7882
-----
train loss:	0.0572
val loss:	0.2009
val_macro_f1:	0.7672
val_micro_f1:	0.7897
-----
train loss:	0.0260
val loss:	0.2039
val_macro_f1:	0.7666
val_micro_f1:	0.7881
-----
train loss:	0.0985
val loss:	0.2027
val_macro_f1:	0.7587
val_micro_f1:	0.7836
-----
train loss:	0.0311
val loss:	0.2003
val_macro_f1:	0.7559
val_micro_f1:	0.7839
-----
train loss:	0.1247
val loss:	0.1927
val_macro_f1:	0.7544
val_micro_f1:	0.7854
-----
train loss:	0.0691
val loss:	0.1930
val_macro_f1:	0.7510
val_micro_f1:	0.7846
-----
train loss:	0.0320
val loss:	0.1937
val_macro_f1:	0.7522
val_micro_f1:	0.7899
-----
train loss:	0.0375
val loss:	0.1980
val_macro_f1:	0.7611
val_micro_f1:	0.7952
-----
train loss:	0.0961
val loss:	0.1961
val_macro_f1:	0.7509
val_micro_f1:	0.7907
-----
train loss:	0.0469
val loss:	0.1946
val_macro_f1:	0.7572
val_micro_f1:	0.7934
-----
train loss:	0.0732
val loss:	0.1946
val_macro_f1:	0.7555
val_micro_f1:	0.7896
-----
train loss:	0.0456
val loss:	0.1941
val_macro_f1:	0.7528
val_micro_f1:	0.7864
-----
train loss:	0.0488
val loss:	0.1952
val_macro_f1:	0.7581
val_micro_f1:	0.7926
-----
train loss:	0.0419
val loss:	0.1935
val_macro_f1:	0.7551
val_micro_f1:	0.7888
-----
train loss:	0.0594
val loss:	0.1940
val_macro_f1:	0.7593
val_micro_f1:	0.7927
-----
train loss:	0.0380
val loss:	0.1936
val_macro_f1:	0.7576
val_micro_f1:	0.7925
-----
train loss:	0.1746
val loss:	0.1999
val_macro_f1:	0.7405
val_micro_f1:	0.7786
-----
train loss:	0.0223
val loss:	0.2192
val_macro_f1:	0.7348
val_micro_f1:	0.7775
-----
train loss:	0.0542
val loss:	0.2296
val_macro_f1:	0.7022
val_micro_f1:	0.7627
-----
train loss:	0.0329
val loss:	0.2419
val_macro_f1:	0.6720
val_micro_f1:	0.7433
-----
train loss:	0.0681
val loss:	0.2600
val_macro_f1:	0.6466
val_micro_f1:	0.7192
-----
train loss:	0.1567
val loss:	0.2673
val_macro_f1:	0.6340
val_micro_f1:	0.7079
-----
train loss:	0.1064
val loss:	0.2834
val_macro_f1:	0.5960
val_micro_f1:	0.6770
-----
train loss:	0.0686
val loss:	0.2881
val_macro_f1:	0.5785
val_micro_f1:	0.6669
-----
train loss:	0.2870
val loss:	0.2407
val_macro_f1:	0.6421
val_micro_f1:	0.7202
-----
train loss:	0.2194
val loss:	0.1890
val_macro_f1:	0.7557
val_micro_f1:	0.7978
-----
train loss:	0.0757
val loss:	0.1711*
val_macro_f1:	0.7675
val_micro_f1:	0.8084
-----
train loss:	0.0660
val loss:	0.1913
val_macro_f1:	0.7575
val_micro_f1:	0.7967
-----
train loss:	0.0643
val loss:	0.2174
val_macro_f1:	0.7427
val_micro_f1:	0.7741
-----
train loss:	0.0268
val loss:	0.2439
val_macro_f1:	0.7250
val_micro_f1:	0.7430
-----
train loss:	0.0806
val loss:	0.2735
val_macro_f1:	0.7047
val_micro_f1:	0.7139
-----
==========
Epoch 12/20
train loss:	0.0605
val loss:	0.3014
val_macro_f1:	0.6646
val_micro_f1:	0.6529
-----
train loss:	0.2010
val loss:	0.3128
val_macro_f1:	0.6559
val_micro_f1:	0.6364
-----
train loss:	0.2077
val loss:	0.3027
val_macro_f1:	0.6573
val_micro_f1:	0.6391
-----
train loss:	0.1009
val loss:	0.2849
val_macro_f1:	0.6652
val_micro_f1:	0.6496
-----
train loss:	0.1547
val loss:	0.2574
val_macro_f1:	0.7067
val_micro_f1:	0.7059
-----
train loss:	0.1506
val loss:	0.2355
val_macro_f1:	0.7193
val_micro_f1:	0.7305
-----
train loss:	0.0530
val loss:	0.2194
val_macro_f1:	0.7356
val_micro_f1:	0.7528
-----
train loss:	0.0732
val loss:	0.2082
val_macro_f1:	0.7416
val_micro_f1:	0.7600
-----
train loss:	0.0776
val loss:	0.1980
val_macro_f1:	0.7639
val_micro_f1:	0.7857
-----
train loss:	0.1539
val loss:	0.1868
val_macro_f1:	0.7725
val_micro_f1:	0.8007
-----
train loss:	0.0932
val loss:	0.1789
val_macro_f1:	0.7879
val_micro_f1:	0.8104
-----
train loss:	0.0651
val loss:	0.1838
val_macro_f1:	0.7825
val_micro_f1:	0.8075
-----
train loss:	0.0591
val loss:	0.1932
val_macro_f1:	0.7864
val_micro_f1:	0.8085
-----
train loss:	0.0781
val loss:	0.1998
val_macro_f1:	0.7740
val_micro_f1:	0.8006
-----
train loss:	0.0806
val loss:	0.2052
val_macro_f1:	0.7564
val_micro_f1:	0.7883
-----
train loss:	0.1192
val loss:	0.2058
val_macro_f1:	0.7553
val_micro_f1:	0.7867
-----
train loss:	0.0721
val loss:	0.2047
val_macro_f1:	0.7588
val_micro_f1:	0.7875
-----
train loss:	0.0880
val loss:	0.2051
val_macro_f1:	0.7612
val_micro_f1:	0.7899
-----
train loss:	0.0642
val loss:	0.2021
val_macro_f1:	0.7641
val_micro_f1:	0.7899
-----
train loss:	0.0380
val loss:	0.2027
val_macro_f1:	0.7641
val_micro_f1:	0.7899
-----
train loss:	0.1507
val loss:	0.2039
val_macro_f1:	0.7607
val_micro_f1:	0.7875
-----
train loss:	0.0797
val loss:	0.1986
val_macro_f1:	0.7790
val_micro_f1:	0.7989
-----
train loss:	0.0449
val loss:	0.1948
val_macro_f1:	0.7822
val_micro_f1:	0.8012
-----
train loss:	0.0518
val loss:	0.1935
val_macro_f1:	0.7837
val_micro_f1:	0.8020
-----
train loss:	0.0394
val loss:	0.1933
val_macro_f1:	0.7828
val_micro_f1:	0.8028
-----
train loss:	0.0542
val loss:	0.1940
val_macro_f1:	0.7777
val_micro_f1:	0.7995
-----
train loss:	0.0348
val loss:	0.1938
val_macro_f1:	0.7795
val_micro_f1:	0.8011
-----
train loss:	0.1210
val loss:	0.2053
val_macro_f1:	0.7664
val_micro_f1:	0.7874
-----
train loss:	0.0387
val loss:	0.2131
val_macro_f1:	0.7568
val_micro_f1:	0.7809
-----
train loss:	0.1198
val loss:	0.2299
val_macro_f1:	0.7250
val_micro_f1:	0.7609
-----
train loss:	0.0635
val loss:	0.2510
val_macro_f1:	0.6990
val_micro_f1:	0.7399
-----
train loss:	0.1542
val loss:	0.2548
val_macro_f1:	0.6949
val_micro_f1:	0.7356
-----
train loss:	0.0216
val loss:	0.2604
val_macro_f1:	0.6910
val_micro_f1:	0.7347
-----
train loss:	0.0192
val loss:	0.2695
val_macro_f1:	0.6855
val_micro_f1:	0.7288
-----
train loss:	0.1135
val loss:	0.2815
val_macro_f1:	0.6724
val_micro_f1:	0.7167
-----
train loss:	0.0330
val loss:	0.3067
val_macro_f1:	0.6487
val_micro_f1:	0.6999
-----
train loss:	0.0884
val loss:	0.2749
val_macro_f1:	0.6858
val_micro_f1:	0.7288
-----
train loss:	0.0861
val loss:	0.2421
val_macro_f1:	0.7258
val_micro_f1:	0.7602
-----
train loss:	0.0434
val loss:	0.2167
val_macro_f1:	0.7549
val_micro_f1:	0.7814
-----
train loss:	0.1718
val loss:	0.1963
val_macro_f1:	0.7841
val_micro_f1:	0.7870
-----
train loss:	0.0164
val loss:	0.2492
val_macro_f1:	0.7527
val_micro_f1:	0.7769
-----
train loss:	0.2425
val loss:	0.2476
val_macro_f1:	0.7491
val_micro_f1:	0.7729
-----
train loss:	0.0046
val loss:	0.2527
val_macro_f1:	0.7389
val_micro_f1:	0.7625
-----
train loss:	0.0274
val loss:	0.2538
val_macro_f1:	0.7346
val_micro_f1:	0.7577
-----
train loss:	0.1751
val loss:	0.2267
val_macro_f1:	0.7499
val_micro_f1:	0.7756
-----
train loss:	0.0309
val loss:	0.2057
val_macro_f1:	0.7632
val_micro_f1:	0.7911
-----
train loss:	0.0641
val loss:	0.1875
val_macro_f1:	0.7686
val_micro_f1:	0.7958
-----
train loss:	0.0711
val loss:	0.1815
val_macro_f1:	0.7821
val_micro_f1:	0.7990
-----
train loss:	0.0207
val loss:	0.1905
val_macro_f1:	0.7759
val_micro_f1:	0.7928
-----
train loss:	0.1407
val loss:	0.1964
val_macro_f1:	0.7744
val_micro_f1:	0.7946
-----
train loss:	0.0533
val loss:	0.2030
val_macro_f1:	0.7516
val_micro_f1:	0.7789
-----
train loss:	0.0509
val loss:	0.2029
val_macro_f1:	0.7464
val_micro_f1:	0.7749
-----
train loss:	0.1643
val loss:	0.1997
val_macro_f1:	0.7536
val_micro_f1:	0.7812
-----
train loss:	0.0700
val loss:	0.1948
val_macro_f1:	0.7654
val_micro_f1:	0.7855
-----
==========
Epoch 13/20
train loss:	0.0624
val loss:	0.1915
val_macro_f1:	0.7685
val_micro_f1:	0.7899
-----
train loss:	0.0830
val loss:	0.1892
val_macro_f1:	0.7799
val_micro_f1:	0.7960
-----
train loss:	0.0773
val loss:	0.1863
val_macro_f1:	0.7714
val_micro_f1:	0.7922
-----
train loss:	0.0658
val loss:	0.1864
val_macro_f1:	0.7716
val_micro_f1:	0.7907
-----
train loss:	0.1186
val loss:	0.1882
val_macro_f1:	0.7698
val_micro_f1:	0.7893
-----
train loss:	0.0910
val loss:	0.1896
val_macro_f1:	0.7704
val_micro_f1:	0.7902
-----
train loss:	0.0633
val loss:	0.1911
val_macro_f1:	0.7724
val_micro_f1:	0.7894
-----
train loss:	0.0369
val loss:	0.1904
val_macro_f1:	0.7748
val_micro_f1:	0.7920
-----
train loss:	0.0317
val loss:	0.1896
val_macro_f1:	0.7856
val_micro_f1:	0.7971
-----
train loss:	0.0190
val loss:	0.1892
val_macro_f1:	0.7847
val_micro_f1:	0.7979
-----
train loss:	0.0405
val loss:	0.1907
val_macro_f1:	0.7804
val_micro_f1:	0.7981
-----
train loss:	0.0648
val loss:	0.1909
val_macro_f1:	0.7785
val_micro_f1:	0.7958
-----
train loss:	0.0308
val loss:	0.1933
val_macro_f1:	0.7785
val_micro_f1:	0.7958
-----
train loss:	0.0709
val loss:	0.1945
val_macro_f1:	0.7788
val_micro_f1:	0.7972
-----
train loss:	0.0811
val loss:	0.1955
val_macro_f1:	0.7819
val_micro_f1:	0.7982
-----
train loss:	0.0705
val loss:	0.2004
val_macro_f1:	0.7787
val_micro_f1:	0.7981
-----
train loss:	0.0342
val loss:	0.2040
val_macro_f1:	0.7777
val_micro_f1:	0.7959
-----
train loss:	0.0331
val loss:	0.2119
val_macro_f1:	0.7727
val_micro_f1:	0.7933
-----
train loss:	0.0156
val loss:	0.2215
val_macro_f1:	0.7647
val_micro_f1:	0.7895
-----
train loss:	0.0771
val loss:	0.2315
val_macro_f1:	0.7628
val_micro_f1:	0.7883
-----
train loss:	0.0311
val loss:	0.2342
val_macro_f1:	0.7630
val_micro_f1:	0.7895
-----
train loss:	0.0707
val loss:	0.2231
val_macro_f1:	0.7751
val_micro_f1:	0.7970
-----
train loss:	0.0116
val loss:	0.2186
val_macro_f1:	0.7771
val_micro_f1:	0.7972
-----
train loss:	0.1128
val loss:	0.2187
val_macro_f1:	0.7743
val_micro_f1:	0.7922
-----
train loss:	0.0334
val loss:	0.2214
val_macro_f1:	0.7592
val_micro_f1:	0.7814
-----
train loss:	0.0359
val loss:	0.2308
val_macro_f1:	0.7516
val_micro_f1:	0.7745
-----
train loss:	0.0197
val loss:	0.2483
val_macro_f1:	0.7379
val_micro_f1:	0.7713
-----
train loss:	0.0461
val loss:	0.2703
val_macro_f1:	0.7229
val_micro_f1:	0.7594
-----
train loss:	0.0204
val loss:	0.2931
val_macro_f1:	0.7065
val_micro_f1:	0.7462
-----
train loss:	0.0914
val loss:	0.2992
val_macro_f1:	0.7050
val_micro_f1:	0.7453
-----
train loss:	0.0427
val loss:	0.2847
val_macro_f1:	0.7123
val_micro_f1:	0.7521
-----
train loss:	0.0407
val loss:	0.2669
val_macro_f1:	0.7241
val_micro_f1:	0.7610
-----
train loss:	0.0394
val loss:	0.2603
val_macro_f1:	0.7289
val_micro_f1:	0.7642
-----
train loss:	0.0258
val loss:	0.2633
val_macro_f1:	0.7287
val_micro_f1:	0.7634
-----
train loss:	0.0021
val loss:	0.2631
val_macro_f1:	0.7318
val_micro_f1:	0.7659
-----
train loss:	0.0623
val loss:	0.2558
val_macro_f1:	0.7324
val_micro_f1:	0.7657
-----
train loss:	0.0327
val loss:	0.2524
val_macro_f1:	0.7360
val_micro_f1:	0.7690
-----
train loss:	0.0338
val loss:	0.2504
val_macro_f1:	0.7370
val_micro_f1:	0.7681
-----
train loss:	0.1704
val loss:	0.2306
val_macro_f1:	0.7661
val_micro_f1:	0.7848
-----
train loss:	0.0796
val loss:	0.2235
val_macro_f1:	0.7836
val_micro_f1:	0.7925
-----
train loss:	0.0359
val loss:	0.2272
val_macro_f1:	0.7933*
val_micro_f1:	0.7948
-----
train loss:	0.0316
val loss:	0.2376
val_macro_f1:	0.7913
val_micro_f1:	0.7937
-----
train loss:	0.0860
val loss:	0.2542
val_macro_f1:	0.7807
val_micro_f1:	0.7958
-----
train loss:	0.0861
val loss:	0.2829
val_macro_f1:	0.7796
val_micro_f1:	0.7991
-----
train loss:	0.1305
val loss:	0.2746
val_macro_f1:	0.7774
val_micro_f1:	0.7954
-----
train loss:	0.2800
val loss:	0.2286
val_macro_f1:	0.7938*
val_micro_f1:	0.7907
-----
train loss:	0.1838
val loss:	0.2335
val_macro_f1:	0.7483
val_micro_f1:	0.7600
-----
train loss:	0.1377
val loss:	0.2728
val_macro_f1:	0.6643
val_micro_f1:	0.7163
-----
train loss:	0.1930
val loss:	0.3042
val_macro_f1:	0.6099
val_micro_f1:	0.6858
-----
train loss:	0.0963
val loss:	0.3052
val_macro_f1:	0.6105
val_micro_f1:	0.6889
-----
train loss:	0.0374
val loss:	0.3002
val_macro_f1:	0.6174
val_micro_f1:	0.6963
-----
train loss:	0.1034
val loss:	0.2941
val_macro_f1:	0.6237
val_micro_f1:	0.6991
-----
train loss:	0.0550
val loss:	0.2860
val_macro_f1:	0.6352
val_micro_f1:	0.7070
-----
train loss:	0.1474
val loss:	0.2722
val_macro_f1:	0.6491
val_micro_f1:	0.7176
-----
train loss:	0.0773
val loss:	0.2325
val_macro_f1:	0.6941
val_micro_f1:	0.7372
-----
train loss:	0.0966
val loss:	0.1924
val_macro_f1:	0.7501
val_micro_f1:	0.7760
-----
==========
Epoch 14/20
train loss:	0.0811
val loss:	0.1791
val_macro_f1:	0.7607
val_micro_f1:	0.7878
-----
train loss:	0.1154
val loss:	0.1865
val_macro_f1:	0.7603
val_micro_f1:	0.7992
-----
train loss:	0.0284
val loss:	0.2060
val_macro_f1:	0.7519
val_micro_f1:	0.7885
-----
train loss:	0.0626
val loss:	0.2187
val_macro_f1:	0.7511
val_micro_f1:	0.7871
-----
train loss:	0.0265
val loss:	0.2303
val_macro_f1:	0.7491
val_micro_f1:	0.7817
-----
train loss:	0.0340
val loss:	0.2414
val_macro_f1:	0.7394
val_micro_f1:	0.7706
-----
train loss:	0.0682
val loss:	0.2522
val_macro_f1:	0.7347
val_micro_f1:	0.7649
-----
train loss:	0.0464
val loss:	0.2625
val_macro_f1:	0.7161
val_micro_f1:	0.7450
-----
train loss:	0.0247
val loss:	0.2713
val_macro_f1:	0.7112
val_micro_f1:	0.7313
-----
train loss:	0.1729
val loss:	0.2659
val_macro_f1:	0.7173
val_micro_f1:	0.7420
-----
train loss:	0.2436
val loss:	0.2405
val_macro_f1:	0.7397
val_micro_f1:	0.7719
-----
train loss:	0.0711
val loss:	0.2187
val_macro_f1:	0.7488
val_micro_f1:	0.7858
-----
train loss:	0.0200
val loss:	0.1944
val_macro_f1:	0.7607
val_micro_f1:	0.7939
-----
train loss:	0.0431
val loss:	0.1777
val_macro_f1:	0.7674
val_micro_f1:	0.7992
-----
train loss:	0.1271
val loss:	0.1712
val_macro_f1:	0.7717
val_micro_f1:	0.7947
-----
train loss:	0.0702
val loss:	0.1834
val_macro_f1:	0.7615
val_micro_f1:	0.7776
-----
train loss:	0.0344
val loss:	0.2178
val_macro_f1:	0.7338
val_micro_f1:	0.7537
-----
train loss:	0.0382
val loss:	0.2749
val_macro_f1:	0.6661
val_micro_f1:	0.7018
-----
train loss:	0.0707
val loss:	0.3421
val_macro_f1:	0.5842
val_micro_f1:	0.6319
-----
train loss:	0.0950
val loss:	0.3847
val_macro_f1:	0.5343
val_micro_f1:	0.5940
-----
train loss:	0.2289
val loss:	0.3386
val_macro_f1:	0.5885
val_micro_f1:	0.6312
-----
train loss:	0.1156
val loss:	0.2863
val_macro_f1:	0.6529
val_micro_f1:	0.6875
-----
train loss:	0.0644
val loss:	0.2374
val_macro_f1:	0.7011
val_micro_f1:	0.7290
-----
train loss:	0.1731
val loss:	0.1982
val_macro_f1:	0.7603
val_micro_f1:	0.7696
-----
train loss:	0.0952
val loss:	0.1869
val_macro_f1:	0.7684
val_micro_f1:	0.7740
-----
train loss:	0.0600
val loss:	0.1920
val_macro_f1:	0.7691
val_micro_f1:	0.7796
-----
train loss:	0.0626
val loss:	0.2037
val_macro_f1:	0.7705
val_micro_f1:	0.7872
-----
train loss:	0.1776
val loss:	0.2147
val_macro_f1:	0.7673
val_micro_f1:	0.7856
-----
train loss:	0.0697
val loss:	0.2276
val_macro_f1:	0.7664
val_micro_f1:	0.7856
-----
train loss:	0.1096
val loss:	0.2367
val_macro_f1:	0.7590
val_micro_f1:	0.7824
-----
train loss:	0.0106
val loss:	0.2436
val_macro_f1:	0.7590
val_micro_f1:	0.7824
-----
train loss:	0.0680
val loss:	0.2443
val_macro_f1:	0.7578
val_micro_f1:	0.7805
-----
train loss:	0.1078
val loss:	0.2330
val_macro_f1:	0.7639
val_micro_f1:	0.7846
-----
train loss:	0.0433
val loss:	0.2196
val_macro_f1:	0.7603
val_micro_f1:	0.7816
-----
train loss:	0.0454
val loss:	0.2111
val_macro_f1:	0.7693
val_micro_f1:	0.7868
-----
train loss:	0.0679
val loss:	0.2056
val_macro_f1:	0.7620
val_micro_f1:	0.7820
-----
train loss:	0.0684
val loss:	0.2026
val_macro_f1:	0.7659
val_micro_f1:	0.7848
-----
train loss:	0.1268
val loss:	0.2007
val_macro_f1:	0.7653
val_micro_f1:	0.7856
-----
train loss:	0.0536
val loss:	0.1984
val_macro_f1:	0.7638
val_micro_f1:	0.7842
-----
train loss:	0.0310
val loss:	0.1981
val_macro_f1:	0.7630
val_micro_f1:	0.7827
-----
train loss:	0.0403
val loss:	0.1976
val_macro_f1:	0.7576
val_micro_f1:	0.7769
-----
train loss:	0.0509
val loss:	0.1973
val_macro_f1:	0.7521
val_micro_f1:	0.7702
-----
train loss:	0.0339
val loss:	0.1973
val_macro_f1:	0.7580
val_micro_f1:	0.7739
-----
train loss:	0.0865
val loss:	0.1959
val_macro_f1:	0.7590
val_micro_f1:	0.7726
-----
train loss:	0.0943
val loss:	0.1976
val_macro_f1:	0.7554
val_micro_f1:	0.7690
-----
train loss:	0.0557
val loss:	0.2003
val_macro_f1:	0.7521
val_micro_f1:	0.7647
-----
train loss:	0.0542
val loss:	0.2026
val_macro_f1:	0.7548
val_micro_f1:	0.7662
-----
train loss:	0.1166
val loss:	0.2059
val_macro_f1:	0.7662
val_micro_f1:	0.7778
-----
train loss:	0.0179
val loss:	0.2105
val_macro_f1:	0.7631
val_micro_f1:	0.7769
-----
train loss:	0.1050
val loss:	0.2132
val_macro_f1:	0.7647
val_micro_f1:	0.7759
-----
train loss:	0.0655
val loss:	0.2169
val_macro_f1:	0.7659
val_micro_f1:	0.7745
-----
train loss:	0.1689
val loss:	0.2114
val_macro_f1:	0.7609
val_micro_f1:	0.7707
-----
train loss:	0.0349
val loss:	0.2008
val_macro_f1:	0.7670
val_micro_f1:	0.7785
-----
train loss:	0.0668
val loss:	0.1972
val_macro_f1:	0.7659
val_micro_f1:	0.7711
-----
==========
Epoch 15/20
train loss:	0.0982
val loss:	0.1946
val_macro_f1:	0.7706
val_micro_f1:	0.7729
-----
train loss:	0.0362
val loss:	0.1971
val_macro_f1:	0.7694
val_micro_f1:	0.7732
-----
train loss:	0.0612
val loss:	0.2034
val_macro_f1:	0.7702
val_micro_f1:	0.7793
-----
train loss:	0.0292
val loss:	0.2090
val_macro_f1:	0.7756
val_micro_f1:	0.7859
-----
train loss:	0.0797
val loss:	0.2172
val_macro_f1:	0.7735
val_micro_f1:	0.7868
-----
train loss:	0.0751
val loss:	0.2234
val_macro_f1:	0.7753
val_micro_f1:	0.7875
-----
train loss:	0.0817
val loss:	0.2212
val_macro_f1:	0.7735
val_micro_f1:	0.7887
-----
train loss:	0.0684
val loss:	0.2205
val_macro_f1:	0.7714
val_micro_f1:	0.7871
-----
train loss:	0.0564
val loss:	0.2214
val_macro_f1:	0.7705
val_micro_f1:	0.7887
-----
train loss:	0.0300
val loss:	0.2236
val_macro_f1:	0.7641
val_micro_f1:	0.7859
-----
train loss:	0.0746
val loss:	0.2152
val_macro_f1:	0.7660
val_micro_f1:	0.7875
-----
train loss:	0.0386
val loss:	0.2049
val_macro_f1:	0.7723
val_micro_f1:	0.7926
-----
train loss:	0.0339
val loss:	0.1971
val_macro_f1:	0.7729
val_micro_f1:	0.7958
-----
train loss:	0.0365
val loss:	0.1936
val_macro_f1:	0.7766
val_micro_f1:	0.7972
-----
train loss:	0.0577
val loss:	0.1897
val_macro_f1:	0.7708
val_micro_f1:	0.7947
-----
train loss:	0.0357
val loss:	0.1873
val_macro_f1:	0.7631
val_micro_f1:	0.7901
-----
train loss:	0.0591
val loss:	0.1878
val_macro_f1:	0.7625
val_micro_f1:	0.7889
-----
train loss:	0.0136
val loss:	0.1877
val_macro_f1:	0.7550
val_micro_f1:	0.7847
-----
train loss:	0.0443
val loss:	0.1882
val_macro_f1:	0.7521
val_micro_f1:	0.7833
-----
train loss:	0.0180
val loss:	0.1908
val_macro_f1:	0.7501
val_micro_f1:	0.7829
-----
train loss:	0.0292
val loss:	0.1934
val_macro_f1:	0.7492
val_micro_f1:	0.7818
-----
train loss:	0.1576
val loss:	0.1940
val_macro_f1:	0.7486
val_micro_f1:	0.7812
-----
train loss:	0.0452
val loss:	0.1941
val_macro_f1:	0.7510
val_micro_f1:	0.7836
-----
train loss:	0.0447
val loss:	0.1944
val_macro_f1:	0.7501
val_micro_f1:	0.7837
-----
train loss:	0.0717
val loss:	0.1917
val_macro_f1:	0.7539
val_micro_f1:	0.7865
-----
train loss:	0.0248
val loss:	0.1911
val_macro_f1:	0.7507
val_micro_f1:	0.7857
-----
train loss:	0.0414
val loss:	0.1900
val_macro_f1:	0.7631
val_micro_f1:	0.7946
-----
train loss:	0.0332
val loss:	0.1910
val_macro_f1:	0.7707
val_micro_f1:	0.7997
-----
train loss:	0.1532
val loss:	0.1904
val_macro_f1:	0.7802
val_micro_f1:	0.8053
-----
train loss:	0.0555
val loss:	0.1890
val_macro_f1:	0.7758
val_micro_f1:	0.8021
-----
train loss:	0.0677
val loss:	0.1879
val_macro_f1:	0.7729
val_micro_f1:	0.7998
-----
train loss:	0.0121
val loss:	0.1871
val_macro_f1:	0.7712
val_micro_f1:	0.7958
-----
train loss:	0.0153
val loss:	0.1875
val_macro_f1:	0.7725
val_micro_f1:	0.7955
-----
train loss:	0.0874
val loss:	0.1888
val_macro_f1:	0.7759
val_micro_f1:	0.7974
-----
train loss:	0.0674
val loss:	0.1874
val_macro_f1:	0.7754
val_micro_f1:	0.7921
-----
train loss:	0.1138
val loss:	0.1904
val_macro_f1:	0.7704
val_micro_f1:	0.7786
-----
train loss:	0.0855
val loss:	0.2254
val_macro_f1:	0.7401
val_micro_f1:	0.7643
-----
train loss:	0.0322
val loss:	0.2747
val_macro_f1:	0.6688
val_micro_f1:	0.7162
-----
train loss:	0.1605
val loss:	0.3009
val_macro_f1:	0.6439
val_micro_f1:	0.6985
-----
train loss:	0.1029
val loss:	0.3392
val_macro_f1:	0.6120
val_micro_f1:	0.6635
-----
train loss:	0.0444
val loss:	0.3626
val_macro_f1:	0.5841
val_micro_f1:	0.6421
-----
train loss:	0.0753
val loss:	0.3766
val_macro_f1:	0.5616
val_micro_f1:	0.6233
-----
train loss:	0.2025
val loss:	0.3374
val_macro_f1:	0.6112
val_micro_f1:	0.6555
-----
train loss:	0.0753
val loss:	0.3066
val_macro_f1:	0.6360
val_micro_f1:	0.6801
-----
train loss:	0.0065
val loss:	0.2849
val_macro_f1:	0.6589
val_micro_f1:	0.6980
-----
train loss:	0.1589
val loss:	0.2503
val_macro_f1:	0.6978
val_micro_f1:	0.7322
-----
train loss:	0.0383
val loss:	0.2251
val_macro_f1:	0.7378
val_micro_f1:	0.7495
-----
train loss:	0.0339
val loss:	0.2083
val_macro_f1:	0.7798
val_micro_f1:	0.7719
-----
train loss:	0.0829
val loss:	0.2069
val_macro_f1:	0.7722
val_micro_f1:	0.7693
-----
train loss:	0.0625
val loss:	0.2174
val_macro_f1:	0.7659
val_micro_f1:	0.7711
-----
train loss:	0.0470
val loss:	0.2274
val_macro_f1:	0.7561
val_micro_f1:	0.7693
-----
train loss:	0.0475
val loss:	0.2402
val_macro_f1:	0.7489
val_micro_f1:	0.7712
-----
train loss:	0.0431
val loss:	0.2428
val_macro_f1:	0.7496
val_micro_f1:	0.7722
-----
train loss:	0.2548
val loss:	0.2304
val_macro_f1:	0.7554
val_micro_f1:	0.7762
-----
==========
Epoch 16/20
train loss:	0.1084
val loss:	0.2163
val_macro_f1:	0.7562
val_micro_f1:	0.7748
-----
train loss:	0.0578
val loss:	0.2080
val_macro_f1:	0.7521
val_micro_f1:	0.7726
-----
train loss:	0.0410
val loss:	0.1981
val_macro_f1:	0.7574
val_micro_f1:	0.7770
-----
train loss:	0.1217
val loss:	0.1948
val_macro_f1:	0.7597
val_micro_f1:	0.7818
-----
train loss:	0.0201
val loss:	0.1935
val_macro_f1:	0.7601
val_micro_f1:	0.7868
-----
train loss:	0.0323
val loss:	0.1894
val_macro_f1:	0.7649
val_micro_f1:	0.7898
-----
train loss:	0.0170
val loss:	0.1889
val_macro_f1:	0.7598
val_micro_f1:	0.7880
-----
train loss:	0.1293
val loss:	0.1874
val_macro_f1:	0.7608
val_micro_f1:	0.7897
-----
train loss:	0.0535
val loss:	0.1878
val_macro_f1:	0.7581
val_micro_f1:	0.7873
-----
train loss:	0.0649
val loss:	0.1891
val_macro_f1:	0.7571
val_micro_f1:	0.7887
-----
train loss:	0.0549
val loss:	0.1928
val_macro_f1:	0.7593
val_micro_f1:	0.7889
-----
train loss:	0.0614
val loss:	0.1930
val_macro_f1:	0.7617
val_micro_f1:	0.7897
-----
train loss:	0.0355
val loss:	0.2002
val_macro_f1:	0.7597
val_micro_f1:	0.7867
-----
train loss:	0.0741
val loss:	0.2073
val_macro_f1:	0.7578
val_micro_f1:	0.7859
-----
train loss:	0.1663
val loss:	0.2080
val_macro_f1:	0.7583
val_micro_f1:	0.7868
-----
train loss:	0.0811
val loss:	0.2071
val_macro_f1:	0.7557
val_micro_f1:	0.7862
-----
train loss:	0.0447
val loss:	0.2022
val_macro_f1:	0.7622
val_micro_f1:	0.7890
-----
train loss:	0.0111
val loss:	0.1992
val_macro_f1:	0.7678
val_micro_f1:	0.7904
-----
train loss:	0.0343
val loss:	0.2007
val_macro_f1:	0.7694
val_micro_f1:	0.7907
-----
train loss:	0.0478
val loss:	0.1996
val_macro_f1:	0.7682
val_micro_f1:	0.7893
-----
train loss:	0.1015
val loss:	0.2031
val_macro_f1:	0.7622
val_micro_f1:	0.7898
-----
train loss:	0.0940
val loss:	0.2038
val_macro_f1:	0.7637
val_micro_f1:	0.7908
-----
train loss:	0.0928
val loss:	0.1976
val_macro_f1:	0.7713
val_micro_f1:	0.7926
-----
train loss:	0.0287
val loss:	0.1956
val_macro_f1:	0.7749
val_micro_f1:	0.7911
-----
train loss:	0.0430
val loss:	0.1965
val_macro_f1:	0.7753
val_micro_f1:	0.7942
-----
train loss:	0.1402
val loss:	0.1963
val_macro_f1:	0.7722
val_micro_f1:	0.7949
-----
train loss:	0.0310
val loss:	0.1996
val_macro_f1:	0.7729
val_micro_f1:	0.7956
-----
train loss:	0.0538
val loss:	0.2043
val_macro_f1:	0.7720
val_micro_f1:	0.7907
-----
train loss:	0.0501
val loss:	0.2088
val_macro_f1:	0.7698
val_micro_f1:	0.7876
-----
train loss:	0.0632
val loss:	0.2096
val_macro_f1:	0.7695
val_micro_f1:	0.7867
-----
train loss:	0.0971
val loss:	0.2043
val_macro_f1:	0.7725
val_micro_f1:	0.7899
-----
train loss:	0.0178
val loss:	0.2033
val_macro_f1:	0.7815
val_micro_f1:	0.7942
-----
train loss:	0.0391
val loss:	0.2089
val_macro_f1:	0.7801
val_micro_f1:	0.7950
-----
train loss:	0.0517
val loss:	0.2169
val_macro_f1:	0.7723
val_micro_f1:	0.7925
-----
train loss:	0.0792
val loss:	0.2322
val_macro_f1:	0.7596
val_micro_f1:	0.7898
-----
train loss:	0.0849
val loss:	0.2548
val_macro_f1:	0.7538
val_micro_f1:	0.7909
-----
train loss:	0.0353
val loss:	0.2768
val_macro_f1:	0.7520
val_micro_f1:	0.7878
-----
train loss:	0.0886
val loss:	0.2807
val_macro_f1:	0.7544
val_micro_f1:	0.7886
-----
train loss:	0.0927
val loss:	0.2777
val_macro_f1:	0.7515
val_micro_f1:	0.7865
-----
train loss:	0.0301
val loss:	0.2783
val_macro_f1:	0.7502
val_micro_f1:	0.7859
-----
train loss:	0.0881
val loss:	0.2749
val_macro_f1:	0.7500
val_micro_f1:	0.7861
-----
train loss:	0.0174
val loss:	0.2743
val_macro_f1:	0.7496
val_micro_f1:	0.7862
-----
train loss:	0.0192
val loss:	0.2768
val_macro_f1:	0.7506
val_micro_f1:	0.7870
-----
train loss:	0.0944
val loss:	0.2741
val_macro_f1:	0.7506
val_micro_f1:	0.7870
-----
train loss:	0.0597
val loss:	0.2786
val_macro_f1:	0.7494
val_micro_f1:	0.7851
-----
train loss:	0.2038
val loss:	0.2330
val_macro_f1:	0.7625
val_micro_f1:	0.7865
-----
train loss:	0.1047
val loss:	0.2164
val_macro_f1:	0.7660
val_micro_f1:	0.7740
-----
train loss:	0.1271
val loss:	0.2282
val_macro_f1:	0.7724
val_micro_f1:	0.7687
-----
train loss:	0.0317
val loss:	0.2472
val_macro_f1:	0.7445
val_micro_f1:	0.7553
-----
train loss:	0.0697
val loss:	0.2709
val_macro_f1:	0.7111
val_micro_f1:	0.7303
-----
train loss:	0.0605
val loss:	0.2878
val_macro_f1:	0.6932
val_micro_f1:	0.7190
-----
train loss:	0.0343
val loss:	0.3063
val_macro_f1:	0.6712
val_micro_f1:	0.7035
-----
train loss:	0.1340
val loss:	0.3060
val_macro_f1:	0.6718
val_micro_f1:	0.7026
-----
train loss:	0.2439
val loss:	0.2924
val_macro_f1:	0.6950
val_micro_f1:	0.7165
-----
==========
Epoch 17/20
train loss:	0.1016
val loss:	0.2714
val_macro_f1:	0.7212
val_micro_f1:	0.7306
-----
train loss:	0.1114
val loss:	0.2534
val_macro_f1:	0.7448
val_micro_f1:	0.7401
-----
train loss:	0.0449
val loss:	0.2446
val_macro_f1:	0.7651
val_micro_f1:	0.7565
-----
train loss:	0.0500
val loss:	0.2421
val_macro_f1:	0.7902
val_micro_f1:	0.7727
-----
train loss:	0.0392
val loss:	0.2491
val_macro_f1:	0.7928
val_micro_f1:	0.7826
-----
train loss:	0.0686
val loss:	0.2485
val_macro_f1:	0.7880
val_micro_f1:	0.7836
-----
train loss:	0.1459
val loss:	0.2455
val_macro_f1:	0.7884
val_micro_f1:	0.7871
-----
train loss:	0.1406
val loss:	0.2330
val_macro_f1:	0.7857
val_micro_f1:	0.7871
-----
train loss:	0.0597
val loss:	0.2225
val_macro_f1:	0.7871
val_micro_f1:	0.7906
-----
train loss:	0.0482
val loss:	0.2079
val_macro_f1:	0.7869
val_micro_f1:	0.7941
-----
train loss:	0.0532
val loss:	0.2016
val_macro_f1:	0.7806
val_micro_f1:	0.7886
-----
train loss:	0.0547
val loss:	0.1945
val_macro_f1:	0.7928
val_micro_f1:	0.8005
-----
train loss:	0.0406
val loss:	0.1914
val_macro_f1:	0.7745
val_micro_f1:	0.7900
-----
train loss:	0.0971
val loss:	0.1905
val_macro_f1:	0.7823
val_micro_f1:	0.7966
-----
train loss:	0.0849
val loss:	0.1900
val_macro_f1:	0.7827
val_micro_f1:	0.7973
-----
train loss:	0.1065
val loss:	0.1890
val_macro_f1:	0.7816
val_micro_f1:	0.8010
-----
train loss:	0.0324
val loss:	0.1886
val_macro_f1:	0.7836
val_micro_f1:	0.8024
-----
train loss:	0.0860
val loss:	0.1921
val_macro_f1:	0.7859
val_micro_f1:	0.8065
-----
train loss:	0.0533
val loss:	0.1937
val_macro_f1:	0.7785
val_micro_f1:	0.8040
-----
train loss:	0.1513
val loss:	0.1979
val_macro_f1:	0.7719
val_micro_f1:	0.8016
-----
train loss:	0.0708
val loss:	0.2031
val_macro_f1:	0.7738
val_micro_f1:	0.7989
-----
train loss:	0.0862
val loss:	0.2095
val_macro_f1:	0.7683
val_micro_f1:	0.7945
-----
train loss:	0.0483
val loss:	0.2141
val_macro_f1:	0.7660
val_micro_f1:	0.7905
-----
train loss:	0.0152
val loss:	0.2192
val_macro_f1:	0.7675
val_micro_f1:	0.7907
-----
train loss:	0.0383
val loss:	0.2276
val_macro_f1:	0.7646
val_micro_f1:	0.7856
-----
train loss:	0.1346
val loss:	0.2357
val_macro_f1:	0.7577
val_micro_f1:	0.7776
-----
train loss:	0.0587
val loss:	0.2454
val_macro_f1:	0.7520
val_micro_f1:	0.7699
-----
train loss:	0.0365
val loss:	0.2593
val_macro_f1:	0.7512
val_micro_f1:	0.7646
-----
train loss:	0.0207
val loss:	0.2712
val_macro_f1:	0.7461
val_micro_f1:	0.7587
-----
train loss:	0.0713
val loss:	0.2634
val_macro_f1:	0.7561
val_micro_f1:	0.7695
-----
train loss:	0.0432
val loss:	0.2500
val_macro_f1:	0.7604
val_micro_f1:	0.7774
-----
train loss:	0.0168
val loss:	0.2388
val_macro_f1:	0.7617
val_micro_f1:	0.7808
-----
train loss:	0.1983
val loss:	0.2233
val_macro_f1:	0.7696
val_micro_f1:	0.7928
-----
train loss:	0.0293
val loss:	0.2140
val_macro_f1:	0.7662
val_micro_f1:	0.7863
-----
train loss:	0.0186
val loss:	0.2073
val_macro_f1:	0.7677
val_micro_f1:	0.7848
-----
train loss:	0.0884
val loss:	0.2071
val_macro_f1:	0.7649
val_micro_f1:	0.7830
-----
train loss:	0.0285
val loss:	0.2068
val_macro_f1:	0.7646
val_micro_f1:	0.7828
-----
train loss:	0.0388
val loss:	0.2089
val_macro_f1:	0.7574
val_micro_f1:	0.7749
-----
train loss:	0.0684
val loss:	0.2152
val_macro_f1:	0.7487
val_micro_f1:	0.7646
-----
train loss:	0.0998
val loss:	0.2401
val_macro_f1:	0.7223
val_micro_f1:	0.7498
-----
train loss:	0.1171
val loss:	0.2706
val_macro_f1:	0.7079
val_micro_f1:	0.7471
-----
train loss:	0.0988
val loss:	0.2842
val_macro_f1:	0.7017
val_micro_f1:	0.7430
-----
train loss:	0.0557
val loss:	0.2991
val_macro_f1:	0.6795
val_micro_f1:	0.7214
-----
train loss:	0.0550
val loss:	0.3152
val_macro_f1:	0.6544
val_micro_f1:	0.6985
-----
train loss:	0.0969
val loss:	0.3200
val_macro_f1:	0.6488
val_micro_f1:	0.6929
-----
train loss:	0.0300
val loss:	0.3052
val_macro_f1:	0.6793
val_micro_f1:	0.7108
-----
train loss:	0.1179
val loss:	0.2805
val_macro_f1:	0.7008
val_micro_f1:	0.7314
-----
train loss:	0.0168
val loss:	0.2624
val_macro_f1:	0.7250
val_micro_f1:	0.7457
-----
train loss:	0.0563
val loss:	0.2555
val_macro_f1:	0.7332
val_micro_f1:	0.7493
-----
train loss:	0.0276
val loss:	0.2521
val_macro_f1:	0.7335
val_micro_f1:	0.7532
-----
train loss:	0.0664
val loss:	0.2557
val_macro_f1:	0.7432
val_micro_f1:	0.7613
-----
train loss:	0.0468
val loss:	0.2562
val_macro_f1:	0.7470
val_micro_f1:	0.7699
-----
train loss:	0.1209
val loss:	0.2612
val_macro_f1:	0.7483
val_micro_f1:	0.7696
-----
train loss:	0.0730
val loss:	0.2686
val_macro_f1:	0.7532
val_micro_f1:	0.7755
-----
==========
Epoch 18/20
train loss:	0.1484
val loss:	0.2753
val_macro_f1:	0.7476
val_micro_f1:	0.7742
-----
train loss:	0.0622
val loss:	0.2813
val_macro_f1:	0.7487
val_micro_f1:	0.7754
-----
train loss:	0.0612
val loss:	0.2874
val_macro_f1:	0.7551
val_micro_f1:	0.7776
-----
train loss:	0.1330
val loss:	0.2767
val_macro_f1:	0.7501
val_micro_f1:	0.7731
-----
train loss:	0.0118
val loss:	0.2698
val_macro_f1:	0.7523
val_micro_f1:	0.7710
-----
train loss:	0.0301
val loss:	0.2701
val_macro_f1:	0.7451
val_micro_f1:	0.7608
-----
train loss:	0.0716
val loss:	0.2709
val_macro_f1:	0.7326
val_micro_f1:	0.7485
-----
train loss:	0.1086
val loss:	0.2784
val_macro_f1:	0.7129
val_micro_f1:	0.7299
-----
train loss:	0.1120
val loss:	0.2893
val_macro_f1:	0.7091
val_micro_f1:	0.7310
-----
train loss:	0.0823
val loss:	0.2910
val_macro_f1:	0.7041
val_micro_f1:	0.7264
-----
train loss:	0.0165
val loss:	0.2911
val_macro_f1:	0.7050
val_micro_f1:	0.7265
-----
train loss:	0.0952
val loss:	0.2938
val_macro_f1:	0.6941
val_micro_f1:	0.7216
-----
train loss:	0.0837
val loss:	0.2779
val_macro_f1:	0.7062
val_micro_f1:	0.7262
-----
train loss:	0.0162
val loss:	0.2670
val_macro_f1:	0.7140
val_micro_f1:	0.7322
-----
train loss:	0.0543
val loss:	0.2610
val_macro_f1:	0.7181
val_micro_f1:	0.7317
-----
train loss:	0.1630
val loss:	0.2624
val_macro_f1:	0.7227
val_micro_f1:	0.7360
-----
train loss:	0.0286
val loss:	0.2634
val_macro_f1:	0.7217
val_micro_f1:	0.7353
-----
train loss:	0.0239
val loss:	0.2634
val_macro_f1:	0.7207
val_micro_f1:	0.7330
-----
train loss:	0.0616
val loss:	0.2615
val_macro_f1:	0.7224
val_micro_f1:	0.7343
-----
train loss:	0.0397
val loss:	0.2636
val_macro_f1:	0.7216
val_micro_f1:	0.7338
-----
train loss:	0.0583
val loss:	0.2558
val_macro_f1:	0.7223
val_micro_f1:	0.7329
-----
train loss:	0.0804
val loss:	0.2468
val_macro_f1:	0.7385
val_micro_f1:	0.7436
-----
train loss:	0.0440
val loss:	0.2415
val_macro_f1:	0.7574
val_micro_f1:	0.7519
-----
train loss:	0.1025
val loss:	0.2373
val_macro_f1:	0.7647
val_micro_f1:	0.7555
-----
train loss:	0.0486
val loss:	0.2364
val_macro_f1:	0.7706
val_micro_f1:	0.7657
-----
train loss:	0.0832
val loss:	0.2404
val_macro_f1:	0.7598
val_micro_f1:	0.7651
-----
train loss:	0.1434
val loss:	0.2463
val_macro_f1:	0.7666
val_micro_f1:	0.7742
-----
train loss:	0.0201
val loss:	0.2529
val_macro_f1:	0.7656
val_micro_f1:	0.7768
-----
train loss:	0.0533
val loss:	0.2672
val_macro_f1:	0.7605
val_micro_f1:	0.7736
-----
train loss:	0.0833
val loss:	0.2664
val_macro_f1:	0.7598
val_micro_f1:	0.7752
-----
train loss:	0.1312
val loss:	0.2564
val_macro_f1:	0.7646
val_micro_f1:	0.7759
-----
train loss:	0.1673
val loss:	0.2352
val_macro_f1:	0.7725
val_micro_f1:	0.7806
-----
train loss:	0.0255
val loss:	0.2205
val_macro_f1:	0.7760
val_micro_f1:	0.7784
-----
train loss:	0.0198
val loss:	0.2105
val_macro_f1:	0.7784
val_micro_f1:	0.7781
-----
train loss:	0.0273
val loss:	0.2047
val_macro_f1:	0.7724
val_micro_f1:	0.7732
-----
train loss:	0.0440
val loss:	0.1958
val_macro_f1:	0.7744
val_micro_f1:	0.7771
-----
train loss:	0.0737
val loss:	0.1917
val_macro_f1:	0.7795
val_micro_f1:	0.7831
-----
train loss:	0.0165
val loss:	0.1889
val_macro_f1:	0.7876
val_micro_f1:	0.7914
-----
train loss:	0.0434
val loss:	0.1876
val_macro_f1:	0.7891
val_micro_f1:	0.7919
-----
train loss:	0.0518
val loss:	0.1859
val_macro_f1:	0.7933
val_micro_f1:	0.7968
-----
train loss:	0.0204
val loss:	0.1864
val_macro_f1:	0.7915
val_micro_f1:	0.7929
-----
train loss:	0.0232
val loss:	0.1858
val_macro_f1:	0.7924
val_micro_f1:	0.7925
-----
train loss:	0.0202
val loss:	0.1887
val_macro_f1:	0.7909
val_micro_f1:	0.7900
-----
train loss:	0.0174
val loss:	0.1889
val_macro_f1:	0.7933
val_micro_f1:	0.7898
-----
train loss:	0.0467
val loss:	0.1902
val_macro_f1:	0.7968*
val_micro_f1:	0.7933
-----
train loss:	0.0462
val loss:	0.1936
val_macro_f1:	0.7980*
val_micro_f1:	0.7935
-----
train loss:	0.0455
val loss:	0.1954
val_macro_f1:	0.7904
val_micro_f1:	0.7890
-----
train loss:	0.0595
val loss:	0.1969
val_macro_f1:	0.7911
val_micro_f1:	0.7875
-----
train loss:	0.1291
val loss:	0.1976
val_macro_f1:	0.7890
val_micro_f1:	0.7858
-----
train loss:	0.0967
val loss:	0.2029
val_macro_f1:	0.7976
val_micro_f1:	0.7907
-----
train loss:	0.0490
val loss:	0.2203
val_macro_f1:	0.8000*
val_micro_f1:	0.7922
-----
train loss:	0.0414
val loss:	0.2420
val_macro_f1:	0.7870
val_micro_f1:	0.7914
-----
train loss:	0.0603
val loss:	0.2667
val_macro_f1:	0.7750
val_micro_f1:	0.7868
-----
train loss:	0.0624
val loss:	0.2882
val_macro_f1:	0.7602
val_micro_f1:	0.7820
-----
train loss:	0.0726
val loss:	0.3028
val_macro_f1:	0.7554
val_micro_f1:	0.7742
-----
train loss:	0.0156
val loss:	0.3170
val_macro_f1:	0.7515
val_micro_f1:	0.7669
-----
train loss:	0.0524
val loss:	0.3385
val_macro_f1:	0.7409
val_micro_f1:	0.7594
-----
==========
Epoch 19/20
train loss:	0.0362
val loss:	0.3433
val_macro_f1:	0.7430
val_micro_f1:	0.7632
-----
train loss:	0.0764
val loss:	0.3255
val_macro_f1:	0.7588
val_micro_f1:	0.7703
-----
train loss:	0.2556
val loss:	0.3034
val_macro_f1:	0.7781
val_micro_f1:	0.7732
-----
train loss:	0.0402
val loss:	0.3228
val_macro_f1:	0.7852
val_micro_f1:	0.7674
-----
train loss:	0.1073
val loss:	0.3446
val_macro_f1:	0.7339
val_micro_f1:	0.7373
-----
train loss:	0.0846
val loss:	0.3996
val_macro_f1:	0.6743
val_micro_f1:	0.7067
-----
train loss:	0.0671
val loss:	0.4397
val_macro_f1:	0.6386
val_micro_f1:	0.6919
-----
train loss:	0.0330
val loss:	0.4561
val_macro_f1:	0.6120
val_micro_f1:	0.6768
-----
train loss:	0.1413
val loss:	0.4001
val_macro_f1:	0.6668
val_micro_f1:	0.7043
-----
train loss:	0.1655
val loss:	0.3342
val_macro_f1:	0.7181
val_micro_f1:	0.7269
-----
train loss:	0.0092
val loss:	0.3010
val_macro_f1:	0.7713
val_micro_f1:	0.7613
-----
train loss:	0.0397
val loss:	0.2827
val_macro_f1:	0.7781
val_micro_f1:	0.7704
-----
train loss:	0.0423
val loss:	0.2792
val_macro_f1:	0.7677
val_micro_f1:	0.7823
-----
train loss:	0.0508
val loss:	0.2863
val_macro_f1:	0.7625
val_micro_f1:	0.7809
-----
train loss:	0.1499
val loss:	0.2982
val_macro_f1:	0.7573
val_micro_f1:	0.7750
-----
train loss:	0.0290
val loss:	0.3087
val_macro_f1:	0.7465
val_micro_f1:	0.7676
-----
train loss:	0.0490
val loss:	0.3224
val_macro_f1:	0.7378
val_micro_f1:	0.7546
-----
train loss:	0.0519
val loss:	0.3385
val_macro_f1:	0.7367
val_micro_f1:	0.7505
-----
train loss:	0.0515
val loss:	0.3532
val_macro_f1:	0.7324
val_micro_f1:	0.7458
-----
train loss:	0.0723
val loss:	0.3548
val_macro_f1:	0.7337
val_micro_f1:	0.7479
-----
train loss:	0.0877
val loss:	0.3412
val_macro_f1:	0.7353
val_micro_f1:	0.7515
-----
train loss:	0.1201
val loss:	0.3165
val_macro_f1:	0.7401
val_micro_f1:	0.7574
-----
train loss:	0.0603
val loss:	0.2957
val_macro_f1:	0.7539
val_micro_f1:	0.7754
-----
train loss:	0.1036
val loss:	0.2710
val_macro_f1:	0.7651
val_micro_f1:	0.7838
-----
train loss:	0.0704
val loss:	0.2605
val_macro_f1:	0.7654
val_micro_f1:	0.7799
-----
train loss:	0.0499
val loss:	0.2566
val_macro_f1:	0.7605
val_micro_f1:	0.7649
-----
train loss:	0.0283
val loss:	0.2683
val_macro_f1:	0.7490
val_micro_f1:	0.7576
-----
train loss:	0.0601
val loss:	0.2857
val_macro_f1:	0.7126
val_micro_f1:	0.7353
-----
train loss:	0.0130
val loss:	0.3036
val_macro_f1:	0.6842
val_micro_f1:	0.7224
-----
train loss:	0.1054
val loss:	0.3211
val_macro_f1:	0.6555
val_micro_f1:	0.7006
-----
train loss:	0.0706
val loss:	0.3312
val_macro_f1:	0.6437
val_micro_f1:	0.6922
-----
train loss:	0.1828
val loss:	0.2664
val_macro_f1:	0.7374
val_micro_f1:	0.7496
-----
train loss:	0.0503
val loss:	0.2436
val_macro_f1:	0.7718
val_micro_f1:	0.7763
-----
train loss:	0.0183
val loss:	0.2754
val_macro_f1:	0.7597
val_micro_f1:	0.7774
-----
train loss:	0.0167
val loss:	0.3331
val_macro_f1:	0.7189
val_micro_f1:	0.7154
-----
train loss:	0.0483
val loss:	0.4241
val_macro_f1:	0.6500
val_micro_f1:	0.5970
-----
train loss:	0.0804
val loss:	0.4924
val_macro_f1:	0.6209
val_micro_f1:	0.5390
-----
train loss:	0.1991
val loss:	0.5034
val_macro_f1:	0.6189
val_micro_f1:	0.5331
-----
train loss:	0.0148
val loss:	0.5118
val_macro_f1:	0.6097
val_micro_f1:	0.5130
-----
train loss:	0.0241
val loss:	0.5043
val_macro_f1:	0.5972
val_micro_f1:	0.4924
-----
train loss:	0.0624
val loss:	0.4901
val_macro_f1:	0.6044
val_micro_f1:	0.4988
-----
train loss:	0.1389
val loss:	0.4460
val_macro_f1:	0.6218
val_micro_f1:	0.5240
-----
train loss:	0.0332
val loss:	0.4231
val_macro_f1:	0.6721
val_micro_f1:	0.5760
-----
train loss:	0.0113
val loss:	0.4325
val_macro_f1:	0.6145
val_micro_f1:	0.5501
-----
train loss:	0.1909
val loss:	0.4263
val_macro_f1:	0.5853
val_micro_f1:	0.5853
-----
train loss:	0.0476
val loss:	0.4436
val_macro_f1:	0.5687
val_micro_f1:	0.5888
-----
train loss:	0.0082
val loss:	0.4659
val_macro_f1:	0.5725
val_micro_f1:	0.5932
-----
train loss:	0.0497
val loss:	0.5090
val_macro_f1:	0.5529
val_micro_f1:	0.5755
-----
train loss:	0.0700
val loss:	0.5332
val_macro_f1:	0.5497
val_micro_f1:	0.5760
-----
train loss:	0.1001
val loss:	0.5874
val_macro_f1:	0.4883
val_micro_f1:	0.5182
-----
train loss:	0.2733
val loss:	0.5512
val_macro_f1:	0.5108
val_micro_f1:	0.5430
-----
train loss:	0.2470
val loss:	0.4640
val_macro_f1:	0.5511
val_micro_f1:	0.5778
-----
train loss:	0.0346
val loss:	0.4084
val_macro_f1:	0.5745
val_micro_f1:	0.6056
-----
train loss:	0.0638
val loss:	0.3664
val_macro_f1:	0.6064
val_micro_f1:	0.6506
-----
==========
Epoch 20/20
train loss:	0.1541
val loss:	0.3247
val_macro_f1:	0.6819
val_micro_f1:	0.6862
-----
train loss:	0.1041
val loss:	0.3025
val_macro_f1:	0.7667
val_micro_f1:	0.7463
-----
train loss:	0.0605
val loss:	0.3053
val_macro_f1:	0.7696
val_micro_f1:	0.7483
-----
train loss:	0.0605
val loss:	0.3158
val_macro_f1:	0.7583
val_micro_f1:	0.7431
-----
train loss:	0.0589
val loss:	0.3335
val_macro_f1:	0.7513
val_micro_f1:	0.7425
-----
train loss:	0.0684
val loss:	0.3370
val_macro_f1:	0.7477
val_micro_f1:	0.7422
-----
train loss:	0.0606
val loss:	0.3282
val_macro_f1:	0.7406
val_micro_f1:	0.7411
-----
train loss:	0.0873
val loss:	0.2917
val_macro_f1:	0.7585
val_micro_f1:	0.7616
-----
train loss:	0.2062
val loss:	0.2539
val_macro_f1:	0.7621
val_micro_f1:	0.7763
-----
train loss:	0.0696
val loss:	0.2280
val_macro_f1:	0.7553
val_micro_f1:	0.7759
-----
train loss:	0.0337
val loss:	0.2179
val_macro_f1:	0.7534
val_micro_f1:	0.7799
-----
train loss:	0.0180
val loss:	0.2139
val_macro_f1:	0.7438
val_micro_f1:	0.7787
-----
train loss:	0.0219
val loss:	0.2116
val_macro_f1:	0.7448
val_micro_f1:	0.7800
-----
train loss:	0.0368
val loss:	0.2166
val_macro_f1:	0.7289
val_micro_f1:	0.7674
-----
train loss:	0.0557
val loss:	0.2204
val_macro_f1:	0.7148
val_micro_f1:	0.7584
-----
train loss:	0.1725
val loss:	0.2216
val_macro_f1:	0.7137
val_micro_f1:	0.7581
-----
train loss:	0.0379
val loss:	0.2225
val_macro_f1:	0.7127
val_micro_f1:	0.7590
-----
train loss:	0.0448
val loss:	0.2258
val_macro_f1:	0.7098
val_micro_f1:	0.7565
-----
train loss:	0.0429
val loss:	0.2270
val_macro_f1:	0.7098
val_micro_f1:	0.7565
-----
train loss:	0.0341
val loss:	0.2274
val_macro_f1:	0.7102
val_micro_f1:	0.7587
-----
train loss:	0.0313
val loss:	0.2312
val_macro_f1:	0.7081
val_micro_f1:	0.7569
-----
train loss:	0.0733
val loss:	0.2362
val_macro_f1:	0.7067
val_micro_f1:	0.7544
-----
train loss:	0.0509
val loss:	0.2399
val_macro_f1:	0.7054
val_micro_f1:	0.7548
-----
train loss:	0.0705
val loss:	0.2455
val_macro_f1:	0.7086
val_micro_f1:	0.7580
-----
train loss:	0.0517
val loss:	0.2487
val_macro_f1:	0.7128
val_micro_f1:	0.7589
-----
train loss:	0.0434
val loss:	0.2521
val_macro_f1:	0.7137
val_micro_f1:	0.7588
-----
train loss:	0.0352
val loss:	0.2574
val_macro_f1:	0.7274
val_micro_f1:	0.7726
-----
train loss:	0.0978
val loss:	0.2579
val_macro_f1:	0.7317
val_micro_f1:	0.7747
-----
train loss:	0.0666
val loss:	0.2590
val_macro_f1:	0.7326
val_micro_f1:	0.7766
-----
train loss:	0.0404
val loss:	0.2623
val_macro_f1:	0.7393
val_micro_f1:	0.7793
-----
train loss:	0.0311
val loss:	0.2651
val_macro_f1:	0.7427
val_micro_f1:	0.7805
-----
train loss:	0.0178
val loss:	0.2668
val_macro_f1:	0.7553
val_micro_f1:	0.7859
-----
train loss:	0.1776
val loss:	0.2714
val_macro_f1:	0.7547
val_micro_f1:	0.7830
-----
train loss:	0.0300
val loss:	0.2752
val_macro_f1:	0.7598
val_micro_f1:	0.7841
-----
train loss:	0.0429
val loss:	0.2907
val_macro_f1:	0.7582
val_micro_f1:	0.7823
-----
train loss:	0.0331
val loss:	0.2981
val_macro_f1:	0.7565
val_micro_f1:	0.7791
-----
train loss:	0.1037
val loss:	0.3140
val_macro_f1:	0.7520
val_micro_f1:	0.7763
-----
train loss:	0.0498
val loss:	0.3200
val_macro_f1:	0.7505
val_micro_f1:	0.7731
-----
train loss:	0.0496
val loss:	0.3287
val_macro_f1:	0.7442
val_micro_f1:	0.7660
-----
train loss:	0.0573
val loss:	0.3234
val_macro_f1:	0.7492
val_micro_f1:	0.7711
-----
train loss:	0.0728
val loss:	0.3050
val_macro_f1:	0.7569
val_micro_f1:	0.7787
-----
train loss:	0.0745
val loss:	0.2962
val_macro_f1:	0.7604
val_micro_f1:	0.7821
-----
train loss:	0.1692
val loss:	0.2751
val_macro_f1:	0.7615
val_micro_f1:	0.7812
-----
train loss:	0.0647
val loss:	0.2668
val_macro_f1:	0.7477
val_micro_f1:	0.7715
-----
train loss:	0.0473
val loss:	0.2580
val_macro_f1:	0.7490
val_micro_f1:	0.7696
-----
train loss:	0.1151
val loss:	0.2543
val_macro_f1:	0.7447
val_micro_f1:	0.7649
-----
train loss:	0.0855
val loss:	0.2520
val_macro_f1:	0.7425
val_micro_f1:	0.7631
-----
train loss:	0.0399
val loss:	0.2561
val_macro_f1:	0.7299
val_micro_f1:	0.7518
-----
train loss:	0.0474
val loss:	0.2562
val_macro_f1:	0.7298
val_micro_f1:	0.7492
-----
train loss:	0.0707
val loss:	0.2625
val_macro_f1:	0.7295
val_micro_f1:	0.7505
-----
train loss:	0.0105
val loss:	0.2711
val_macro_f1:	0.7138
val_micro_f1:	0.7387
-----
train loss:	0.0610
val loss:	0.2760
val_macro_f1:	0.7095
val_micro_f1:	0.7363
-----
train loss:	0.1214
val loss:	0.2634
val_macro_f1:	0.7183
val_micro_f1:	0.7411
-----
train loss:	0.0663
val loss:	0.2442
val_macro_f1:	0.7451
val_micro_f1:	0.7586
-----
Best loss model:
===Micro F1===
precision: [0.70421932 0.8802589 ]
recall [0.98887218 0.1645493 ]
f1 [0.82261696 0.27726809]
macro 0.5499425282519483
===Macro F1===
precision: [0.69353771 0.91660041]
recall [0.98367201 0.14745039]
f1 [0.79885434 0.19190798]
macro 0.49538115980502717
Best F1 model:
===Micro F1===
precision: [0.75339897 0.84410112]
recall [0.96661654 0.36358137]
f1 [0.84679225 0.50824524]
macro 0.6775187485569732
===Macro F1===
precision: [0.73914772 0.87637198]
recall [0.94039164 0.32406302]
f1 [0.81515282 0.36309905]
macro 0.5891259330384783
