1 Physical GPUs, 1 Logical GPU
Bert loaded
Start Training.
Calculate class weights...
Class weights tf.Tensor([[0.47302673 0.52697327]], shape=(1, 2), dtype=float64)
Fill up train and val buffer.
==========
Epoch 1/20
train loss:	26.9417
val loss:	0.7856*
val_macro_f1:	0.2599*
val_micro_f1:	0.2950
-----
train loss:	26.0479
val loss:	1.3366
val_macro_f1:	0.2599
val_micro_f1:	0.2950
-----
train loss:	100.5749
val loss:	1.0627
val_macro_f1:	0.2599
val_micro_f1:	0.2950
-----
train loss:	159.1255
val loss:	0.6114*
val_macro_f1:	0.2599
val_micro_f1:	0.2950
-----
train loss:	155.1718
val loss:	0.3320*
val_macro_f1:	0.3655*
val_micro_f1:	0.6305
-----
train loss:	151.1444
val loss:	0.3198*
val_macro_f1:	0.3640
val_micro_f1:	0.3753
-----
train loss:	147.1362
val loss:	0.3801
val_macro_f1:	0.3624
val_micro_f1:	0.3677
-----
train loss:	133.6466
val loss:	0.3981
val_macro_f1:	0.3624
val_micro_f1:	0.3677
-----
train loss:	23.9426
val loss:	0.3235
val_macro_f1:	0.3641
val_micro_f1:	0.3717
-----
train loss:	55.2952
val loss:	0.3554
val_macro_f1:	0.2634
val_micro_f1:	0.2966
-----
train loss:	27.2135
val loss:	0.4592
val_macro_f1:	0.2599
val_micro_f1:	0.2950
-----
train loss:	40.4992
val loss:	0.5081
val_macro_f1:	0.2599
val_micro_f1:	0.2950
-----
train loss:	125.4995
val loss:	0.4970
val_macro_f1:	0.2599
val_micro_f1:	0.2950
-----
train loss:	24.6422
val loss:	0.4780
val_macro_f1:	0.2599
val_micro_f1:	0.2950
-----
train loss:	57.8369
val loss:	0.4188
val_macro_f1:	0.2599
val_micro_f1:	0.2950
-----
train loss:	45.7107
val loss:	0.3779
val_macro_f1:	0.2599
val_micro_f1:	0.2950
-----
train loss:	52.7583
val loss:	0.3319
val_macro_f1:	0.3414
val_micro_f1:	0.6118
-----
train loss:	76.1147
val loss:	0.3148*
val_macro_f1:	0.4137*
val_micro_f1:	0.5675
-----
train loss:	73.9164
val loss:	0.3218
val_macro_f1:	0.3624
val_micro_f1:	0.3677
-----
train loss:	68.4860
val loss:	0.3341
val_macro_f1:	0.3624
val_micro_f1:	0.3677
-----
train loss:	25.1126
val loss:	0.3235
val_macro_f1:	0.3624
val_micro_f1:	0.3677
-----
train loss:	36.6699
val loss:	0.3201
val_macro_f1:	0.3666
val_micro_f1:	0.3753
-----
train loss:	217.1017
val loss:	0.3199
val_macro_f1:	0.3746
val_micro_f1:	0.3914
-----
train loss:	51.4921
val loss:	0.3202
val_macro_f1:	0.5072*
val_micro_f1:	0.7887
-----
train loss:	49.8467
val loss:	0.3272
val_macro_f1:	0.5057
val_micro_f1:	0.7396
-----
train loss:	34.0407
val loss:	0.3330
val_macro_f1:	0.4898
val_micro_f1:	0.7088
-----
train loss:	27.7801
val loss:	0.3330
val_macro_f1:	0.4692
val_micro_f1:	0.7063
-----
train loss:	65.2643
val loss:	0.3327
val_macro_f1:	0.5261*
val_micro_f1:	0.7510
-----
train loss:	62.8677
val loss:	0.3306
val_macro_f1:	0.3758
val_micro_f1:	0.4033
-----
train loss:	46.8696
val loss:	0.3286
val_macro_f1:	0.3643
val_micro_f1:	0.3735
-----
train loss:	15.1755
val loss:	0.3267
val_macro_f1:	0.3673
val_micro_f1:	0.3805
-----
train loss:	57.3973
val loss:	0.3257
val_macro_f1:	0.3706
val_micro_f1:	0.3890
-----
train loss:	102.1779
val loss:	0.3255
val_macro_f1:	0.4554
val_micro_f1:	0.6173
-----
train loss:	30.2167
val loss:	0.3235
val_macro_f1:	0.3844
val_micro_f1:	0.4222
-----
train loss:	9.9519
val loss:	0.3217
val_macro_f1:	0.4250
val_micro_f1:	0.6829
-----
train loss:	20.4519
val loss:	0.3190
val_macro_f1:	0.5545*
val_micro_f1:	0.7892
-----
train loss:	19.3586
val loss:	0.3182
val_macro_f1:	0.5161
val_micro_f1:	0.7446
-----
train loss:	45.5267
val loss:	0.3224
val_macro_f1:	0.4334
val_micro_f1:	0.6820
-----
train loss:	25.1673
val loss:	0.3235
val_macro_f1:	0.3772
val_micro_f1:	0.6398
-----
train loss:	8.0145
val loss:	0.3343
val_macro_f1:	0.3683
val_micro_f1:	0.5580
-----
train loss:	34.4082
val loss:	0.3520
val_macro_f1:	0.2599
val_micro_f1:	0.2950
-----
train loss:	18.4381
val loss:	0.3650
val_macro_f1:	0.2599
val_micro_f1:	0.2950
-----
train loss:	13.8590
val loss:	0.3893
val_macro_f1:	0.2599
val_micro_f1:	0.2950
-----
train loss:	28.9070
val loss:	0.3982
val_macro_f1:	0.2599
val_micro_f1:	0.2950
-----
train loss:	10.3811
val loss:	0.3802
val_macro_f1:	0.2599
val_micro_f1:	0.2950
-----
train loss:	22.4939
val loss:	0.3668
val_macro_f1:	0.2599
val_micro_f1:	0.2950
-----
train loss:	2.3999
val loss:	0.3619
val_macro_f1:	0.2599
val_micro_f1:	0.2950
-----
train loss:	17.1871
val loss:	0.3490
val_macro_f1:	0.2599
val_micro_f1:	0.2950
-----
train loss:	4.0376
val loss:	0.3437
val_macro_f1:	0.2599
val_micro_f1:	0.2950
-----
train loss:	7.6440
val loss:	0.3363
val_macro_f1:	0.2599
val_micro_f1:	0.2950
-----
train loss:	20.9076
val loss:	0.3255
val_macro_f1:	0.4028
val_micro_f1:	0.5354
-----
train loss:	7.5932
val loss:	0.3180
val_macro_f1:	0.3962
val_micro_f1:	0.6345
-----
train loss:	6.5101
val loss:	0.2974*
val_macro_f1:	0.4228
val_micro_f1:	0.6730
-----
train loss:	5.7202
val loss:	0.2780*
val_macro_f1:	0.5509
val_micro_f1:	0.7787
-----
train loss:	4.9458
val loss:	0.2692*
val_macro_f1:	0.5668*
val_micro_f1:	0.7901
-----
train loss:	4.1979
val loss:	0.2847
val_macro_f1:	0.5237
val_micro_f1:	0.7550
-----
train loss:	2.2843
val loss:	0.2902
val_macro_f1:	0.5132
val_micro_f1:	0.7630
-----
train loss:	1.4690
val loss:	0.4719
val_macro_f1:	0.3938
val_micro_f1:	0.4409
-----
train loss:	6.5093
val loss:	0.6030
val_macro_f1:	0.3624
val_micro_f1:	0.3677
-----
train loss:	4.5119
val loss:	0.6050
val_macro_f1:	0.3624
val_micro_f1:	0.3677
-----
train loss:	2.5637
val loss:	0.5570
val_macro_f1:	0.3624
val_micro_f1:	0.3677
-----
train loss:	1.7830
val loss:	0.4359
val_macro_f1:	0.3624
val_micro_f1:	0.3677
-----
train loss:	2.1187
val loss:	0.3428
val_macro_f1:	0.3624
val_micro_f1:	0.3677
-----
train loss:	0.5337
val loss:	0.3671
val_macro_f1:	0.2599
val_micro_f1:	0.2950
-----
train loss:	0.3668
val loss:	0.3608
val_macro_f1:	0.2599
val_micro_f1:	0.2950
-----
==========
Epoch 2/20
train loss:	0.3829
val loss:	0.3623
val_macro_f1:	0.2599
val_micro_f1:	0.2950
-----
train loss:	1.3851
val loss:	0.3509
val_macro_f1:	0.2599
val_micro_f1:	0.2950
-----
train loss:	0.7705
val loss:	0.3376
val_macro_f1:	0.5508
val_micro_f1:	0.7453
-----
train loss:	0.2277
val loss:	0.3412
val_macro_f1:	0.2802
val_micro_f1:	0.3060
-----
train loss:	1.0616
val loss:	0.3402
val_macro_f1:	0.2634
val_micro_f1:	0.2966
-----
train loss:	1.3915
val loss:	0.3435
val_macro_f1:	0.2599
val_micro_f1:	0.2950
-----
train loss:	1.6286
val loss:	0.3386
val_macro_f1:	0.2599
val_micro_f1:	0.2950
-----
train loss:	1.2616
val loss:	0.3330
val_macro_f1:	0.3343
val_micro_f1:	0.5869
-----
train loss:	2.5110
val loss:	0.3336
val_macro_f1:	0.3898
val_micro_f1:	0.6153
-----
train loss:	0.6378
val loss:	0.3257
val_macro_f1:	0.5093
val_micro_f1:	0.7572
-----
train loss:	0.6209
val loss:	0.3239
val_macro_f1:	0.3843
val_micro_f1:	0.4155
-----
train loss:	0.9350
val loss:	0.3250
val_macro_f1:	0.3658
val_micro_f1:	0.3742
-----
train loss:	1.0489
val loss:	0.3250
val_macro_f1:	0.3672
val_micro_f1:	0.3763
-----
train loss:	0.6789
val loss:	0.3220
val_macro_f1:	0.3899
val_micro_f1:	0.4274
-----
train loss:	1.1915
val loss:	0.3237
val_macro_f1:	0.4422
val_micro_f1:	0.5578
-----
train loss:	0.6465
val loss:	0.3239
val_macro_f1:	0.4877
val_micro_f1:	0.6738
-----
train loss:	0.6350
val loss:	0.3291
val_macro_f1:	0.4279
val_micro_f1:	0.6357
-----
train loss:	0.4531
val loss:	0.3449
val_macro_f1:	0.2599
val_micro_f1:	0.2950
-----
train loss:	0.5296
val loss:	0.3537
val_macro_f1:	0.2599
val_micro_f1:	0.2950
-----
train loss:	0.2705
val loss:	0.3389
val_macro_f1:	0.2599
val_micro_f1:	0.2950
-----
train loss:	0.3428
val loss:	0.3194
val_macro_f1:	0.3875
val_micro_f1:	0.6440
-----
train loss:	0.2880
val loss:	0.3110
val_macro_f1:	0.4524
val_micro_f1:	0.6507
-----
train loss:	0.1944
val loss:	0.3179
val_macro_f1:	0.3658
val_micro_f1:	0.3742
-----
train loss:	0.5322
val loss:	0.3203
val_macro_f1:	0.3648
val_micro_f1:	0.3720
-----
train loss:	0.8827
val loss:	0.3264
val_macro_f1:	0.3638
val_micro_f1:	0.3699
-----
train loss:	0.1823
val loss:	0.3341
val_macro_f1:	0.3638
val_micro_f1:	0.3699
-----
train loss:	3.4508
val loss:	0.3379
val_macro_f1:	0.3638
val_micro_f1:	0.3699
-----
train loss:	2.9941
val loss:	0.3439
val_macro_f1:	0.3638
val_micro_f1:	0.3699
-----
train loss:	0.7712
val loss:	0.3370
val_macro_f1:	0.3638
val_micro_f1:	0.3699
-----
train loss:	0.5495
val loss:	0.3195
val_macro_f1:	0.3648
val_micro_f1:	0.3720
-----
train loss:	0.5420
val loss:	0.2969
val_macro_f1:	0.4489
val_micro_f1:	0.5745
-----
train loss:	0.3072
val loss:	0.2965
val_macro_f1:	0.4829
val_micro_f1:	0.7151
-----
train loss:	0.2445
val loss:	0.3609
val_macro_f1:	0.3140
val_micro_f1:	0.4448
-----
train loss:	1.1421
val loss:	0.4483
val_macro_f1:	0.2599
val_micro_f1:	0.2950
-----
train loss:	0.8383
val loss:	0.5387
val_macro_f1:	0.2599
val_micro_f1:	0.2950
-----
train loss:	0.1757
val loss:	0.6047
val_macro_f1:	0.2599
val_micro_f1:	0.2950
-----
train loss:	0.2026
val loss:	0.6298
val_macro_f1:	0.2599
val_micro_f1:	0.2950
-----
train loss:	0.5330
val loss:	0.5811
val_macro_f1:	0.2599
val_micro_f1:	0.2950
-----
train loss:	0.3266
val loss:	0.5361
val_macro_f1:	0.2599
val_micro_f1:	0.2950
-----
train loss:	0.7166
val loss:	0.4835
val_macro_f1:	0.2599
val_micro_f1:	0.2950
-----
train loss:	0.5173
val loss:	0.4078
val_macro_f1:	0.2599
val_micro_f1:	0.2950
-----
train loss:	0.2678
val loss:	0.3593
val_macro_f1:	0.2599
val_micro_f1:	0.2950
-----
train loss:	0.2185
val loss:	0.3433
val_macro_f1:	0.2599
val_micro_f1:	0.2950
-----
train loss:	0.3107
val loss:	0.3304
val_macro_f1:	0.5531
val_micro_f1:	0.7457
-----
train loss:	0.3272
val loss:	0.3256
val_macro_f1:	0.5257
val_micro_f1:	0.7273
-----
train loss:	0.3326
val loss:	0.3200
val_macro_f1:	0.5481
val_micro_f1:	0.7605
-----
train loss:	0.2249
val loss:	0.3180
val_macro_f1:	0.4865
val_micro_f1:	0.6943
-----
train loss:	0.2196
val loss:	0.3188
val_macro_f1:	0.4364
val_micro_f1:	0.6443
-----
train loss:	0.4942
val loss:	0.3184
val_macro_f1:	0.4303
val_micro_f1:	0.6419
-----
train loss:	0.3206
val loss:	0.3149
val_macro_f1:	0.4459
val_micro_f1:	0.6529
-----
train loss:	0.6035
val loss:	0.3119
val_macro_f1:	0.4176
val_micro_f1:	0.6497
-----
train loss:	0.2355
val loss:	0.2997
val_macro_f1:	0.5679*
val_micro_f1:	0.7806
-----
train loss:	0.2070
val loss:	0.2995
val_macro_f1:	0.5009
val_micro_f1:	0.6016
-----
train loss:	0.2433
val loss:	0.3077
val_macro_f1:	0.3878
val_micro_f1:	0.3993
-----
train loss:	0.2418
val loss:	0.3043
val_macro_f1:	0.4128
val_micro_f1:	0.4351
-----
==========
Epoch 3/20
train loss:	0.7261
val loss:	0.3021
val_macro_f1:	0.4327
val_micro_f1:	0.4560
-----
train loss:	0.2478
val loss:	0.2920
val_macro_f1:	0.5409
val_micro_f1:	0.6282
-----
train loss:	0.1839
val loss:	0.2807
val_macro_f1:	0.6157*
val_micro_f1:	0.7613
-----
train loss:	0.1657
val loss:	0.2757
val_macro_f1:	0.6251*
val_micro_f1:	0.8105
-----
train loss:	0.1482
val loss:	0.2945
val_macro_f1:	0.5086
val_micro_f1:	0.6837
-----
train loss:	0.2200
val loss:	0.2896
val_macro_f1:	0.5259
val_micro_f1:	0.6969
-----
train loss:	0.3680
val loss:	0.2722
val_macro_f1:	0.5661
val_micro_f1:	0.7420
-----
train loss:	0.2836
val loss:	0.2631*
val_macro_f1:	0.6446*
val_micro_f1:	0.8185
-----
train loss:	0.2645
val loss:	0.2647
val_macro_f1:	0.6335
val_micro_f1:	0.7748
-----
train loss:	0.2931
val loss:	0.2599*
val_macro_f1:	0.6595*
val_micro_f1:	0.8126
-----
train loss:	0.2674
val loss:	0.2671
val_macro_f1:	0.5798
val_micro_f1:	0.7446
-----
train loss:	0.2404
val loss:	0.2762
val_macro_f1:	0.5411
val_micro_f1:	0.7092
-----
train loss:	0.2559
val loss:	0.2774
val_macro_f1:	0.5377
val_micro_f1:	0.7043
-----
train loss:	0.2130
val loss:	0.2808
val_macro_f1:	0.5332
val_micro_f1:	0.6944
-----
train loss:	0.3576
val loss:	0.2813
val_macro_f1:	0.5300
val_micro_f1:	0.6919
-----
train loss:	0.2854
val loss:	0.2699
val_macro_f1:	0.5601
val_micro_f1:	0.7222
-----
train loss:	0.1999
val loss:	0.2475*
val_macro_f1:	0.6264
val_micro_f1:	0.7851
-----
train loss:	0.1811
val loss:	0.2374*
val_macro_f1:	0.6453
val_micro_f1:	0.8065
-----
train loss:	0.1734
val loss:	0.2390
val_macro_f1:	0.6638*
val_micro_f1:	0.7848
-----
train loss:	0.1745
val loss:	0.2377
val_macro_f1:	0.6656*
val_micro_f1:	0.7800
-----
train loss:	0.1722
val loss:	0.2368*
val_macro_f1:	0.6616
val_micro_f1:	0.7963
-----
train loss:	0.1580
val loss:	0.2500
val_macro_f1:	0.6091
val_micro_f1:	0.7571
-----
train loss:	0.2825
val loss:	0.3130
val_macro_f1:	0.4739
val_micro_f1:	0.6389
-----
train loss:	0.2299
val loss:	0.4317
val_macro_f1:	0.3540
val_micro_f1:	0.5037
-----
train loss:	0.2188
val loss:	0.3918
val_macro_f1:	0.3909
val_micro_f1:	0.5411
-----
train loss:	0.3322
val loss:	0.2988
val_macro_f1:	0.4960
val_micro_f1:	0.6549
-----
train loss:	0.1654
val loss:	0.2749
val_macro_f1:	0.5451
val_micro_f1:	0.6969
-----
train loss:	0.1452
val loss:	0.2560
val_macro_f1:	0.5928
val_micro_f1:	0.7372
-----
train loss:	0.1701
val loss:	0.2410
val_macro_f1:	0.6573
val_micro_f1:	0.7830
-----
train loss:	0.1260
val loss:	0.2340*
val_macro_f1:	0.6793*
val_micro_f1:	0.8007
-----
train loss:	0.1274
val loss:	0.2326*
val_macro_f1:	0.6772
val_micro_f1:	0.7866
-----
train loss:	0.1277
val loss:	0.2293*
val_macro_f1:	0.6770
val_micro_f1:	0.7857
-----
train loss:	0.1244
val loss:	0.2261*
val_macro_f1:	0.6766
val_micro_f1:	0.7888
-----
train loss:	0.1193
val loss:	0.2225*
val_macro_f1:	0.6824*
val_micro_f1:	0.8024
-----
train loss:	0.1125
val loss:	0.2196*
val_macro_f1:	0.6719
val_micro_f1:	0.8054
-----
train loss:	0.1078
val loss:	0.2185*
val_macro_f1:	0.6665
val_micro_f1:	0.8014
-----
train loss:	0.1016
val loss:	0.2153*
val_macro_f1:	0.6884*
val_micro_f1:	0.8100
-----
train loss:	0.0931
val loss:	0.2144*
val_macro_f1:	0.6853
val_micro_f1:	0.8016
-----
train loss:	0.0864
val loss:	0.2136*
val_macro_f1:	0.6806
val_micro_f1:	0.7975
-----
train loss:	0.0800
val loss:	0.2110*
val_macro_f1:	0.6798
val_micro_f1:	0.7995
-----
train loss:	0.0722
val loss:	0.2072*
val_macro_f1:	0.6802
val_micro_f1:	0.8107
-----
train loss:	0.0669
val loss:	0.2087
val_macro_f1:	0.6749
val_micro_f1:	0.7971
-----
train loss:	0.1085
val loss:	0.2116
val_macro_f1:	0.6698
val_micro_f1:	0.8157
-----
train loss:	0.0960
val loss:	0.2069*
val_macro_f1:	0.6735
val_micro_f1:	0.8045
-----
train loss:	0.0760
val loss:	0.2217
val_macro_f1:	0.6675
val_micro_f1:	0.7571
-----
train loss:	0.5096
val loss:	0.2186
val_macro_f1:	0.6680
val_micro_f1:	0.7605
-----
train loss:	0.3087
val loss:	0.2208
val_macro_f1:	0.6664
val_micro_f1:	0.8038
-----
train loss:	0.0534
val loss:	0.3289
val_macro_f1:	0.6104
val_micro_f1:	0.7404
-----
train loss:	0.0936
val loss:	0.5595
val_macro_f1:	0.4457
val_micro_f1:	0.5740
-----
train loss:	0.6119
val loss:	0.3491
val_macro_f1:	0.5814
val_micro_f1:	0.6998
-----
train loss:	0.2221
val loss:	0.2306
val_macro_f1:	0.6639
val_micro_f1:	0.7971
-----
train loss:	0.1465
val loss:	0.2272
val_macro_f1:	0.6867
val_micro_f1:	0.7903
-----
train loss:	0.2281
val loss:	0.2507
val_macro_f1:	0.6507
val_micro_f1:	0.6996
-----
train loss:	0.1186
val loss:	0.2764
val_macro_f1:	0.5653
val_micro_f1:	0.5794
-----
train loss:	0.1467
val loss:	0.2937
val_macro_f1:	0.5156
val_micro_f1:	0.5091
-----
train loss:	0.1120
val loss:	0.3065
val_macro_f1:	0.4559
val_micro_f1:	0.4383
-----
train loss:	0.1582
val loss:	0.3106
val_macro_f1:	0.4464
val_micro_f1:	0.4326
-----
train loss:	0.1796
val loss:	0.3094
val_macro_f1:	0.4440
val_micro_f1:	0.4288
-----
train loss:	0.3404
val loss:	0.2981
val_macro_f1:	0.4607
val_micro_f1:	0.4480
-----
train loss:	0.2847
val loss:	0.2830
val_macro_f1:	0.5464
val_micro_f1:	0.5538
-----
train loss:	0.2688
val loss:	0.2730
val_macro_f1:	0.6549
val_micro_f1:	0.7298
-----
train loss:	0.1721
val loss:	0.2782
val_macro_f1:	0.6719
val_micro_f1:	0.8110
-----
train loss:	0.1708
val loss:	0.2976
val_macro_f1:	0.5055
val_micro_f1:	0.6673
-----
train loss:	0.1317
val loss:	0.3325
val_macro_f1:	0.3004
val_micro_f1:	0.3623
-----
train loss:	0.5822
val loss:	0.3766
val_macro_f1:	0.2599
val_micro_f1:	0.2950
-----
train loss:	0.1491
val loss:	0.4407
val_macro_f1:	0.2599
val_micro_f1:	0.2950
-----
train loss:	0.2088
val loss:	0.4870
val_macro_f1:	0.2599
val_micro_f1:	0.2950
-----
train loss:	0.4116
val loss:	0.4873
val_macro_f1:	0.2599
val_micro_f1:	0.2950
-----
train loss:	0.4894
val loss:	0.4551
val_macro_f1:	0.2599
val_micro_f1:	0.2950
-----
train loss:	0.2536
val loss:	0.4239
val_macro_f1:	0.2599
val_micro_f1:	0.2950
-----
train loss:	0.4190
val loss:	0.3967
val_macro_f1:	0.2599
val_micro_f1:	0.2950
-----
train loss:	0.0847
val loss:	0.3789
val_macro_f1:	0.2599
val_micro_f1:	0.2950
-----
train loss:	0.2764
val loss:	0.3571
val_macro_f1:	0.2599
val_micro_f1:	0.2950
-----
train loss:	0.1855
val loss:	0.3446
val_macro_f1:	0.2666
val_micro_f1:	0.3013
-----
train loss:	0.2032
val loss:	0.3327
val_macro_f1:	0.2706
val_micro_f1:	0.3060
-----
train loss:	0.1964
val loss:	0.3227
val_macro_f1:	0.3324
val_micro_f1:	0.4394
-----
==========
Epoch 4/20
train loss:	0.1478
val loss:	0.3173
val_macro_f1:	0.4411
val_micro_f1:	0.5632
-----
train loss:	0.1621
val loss:	0.3115
val_macro_f1:	0.5904
val_micro_f1:	0.7456
-----
train loss:	0.1583
val loss:	0.3084
val_macro_f1:	0.6977*
val_micro_f1:	0.7888
-----
train loss:	0.1506
val loss:	0.3035
val_macro_f1:	0.6717
val_micro_f1:	0.7315
-----
train loss:	0.1862
val loss:	0.2993
val_macro_f1:	0.6164
val_micro_f1:	0.6677
-----
train loss:	0.1890
val loss:	0.2988
val_macro_f1:	0.5920
val_micro_f1:	0.6228
-----
train loss:	0.1258
val loss:	0.2972
val_macro_f1:	0.5652
val_micro_f1:	0.5843
-----
train loss:	0.1858
val loss:	0.2930
val_macro_f1:	0.5739
val_micro_f1:	0.5945
-----
train loss:	0.1982
val loss:	0.2892
val_macro_f1:	0.5854
val_micro_f1:	0.6088
-----
train loss:	0.1966
val loss:	0.2808
val_macro_f1:	0.6195
val_micro_f1:	0.6537
-----
train loss:	0.1344
val loss:	0.2704
val_macro_f1:	0.6447
val_micro_f1:	0.6868
-----
train loss:	0.1700
val loss:	0.2639
val_macro_f1:	0.6544
val_micro_f1:	0.7048
-----
train loss:	0.2899
val loss:	0.2546
val_macro_f1:	0.6780
val_micro_f1:	0.7393
-----
train loss:	0.1498
val loss:	0.2504
val_macro_f1:	0.6957
val_micro_f1:	0.7652
-----
train loss:	0.1114
val loss:	0.2526
val_macro_f1:	0.6763
val_micro_f1:	0.7773
-----
train loss:	0.2400
val loss:	0.2750
val_macro_f1:	0.6079
val_micro_f1:	0.7214
-----
train loss:	0.1936
val loss:	0.3176
val_macro_f1:	0.5315
val_micro_f1:	0.6532
-----
train loss:	0.2991
val loss:	0.2969
val_macro_f1:	0.5583
val_micro_f1:	0.6742
-----
train loss:	0.1471
val loss:	0.3012
val_macro_f1:	0.5506
val_micro_f1:	0.6668
-----
train loss:	0.1497
val loss:	0.2925
val_macro_f1:	0.5726
val_micro_f1:	0.6830
-----
train loss:	0.0946
val loss:	0.2893
val_macro_f1:	0.5844
val_micro_f1:	0.6868
-----
train loss:	0.1848
val loss:	0.2714
val_macro_f1:	0.6405
val_micro_f1:	0.7311
-----
train loss:	0.1310
val loss:	0.2608
val_macro_f1:	0.6781
val_micro_f1:	0.7627
-----
train loss:	0.1556
val loss:	0.2535
val_macro_f1:	0.7022*
val_micro_f1:	0.7641
-----
train loss:	0.1388
val loss:	0.2553
val_macro_f1:	0.6879
val_micro_f1:	0.7428
-----
train loss:	0.1572
val loss:	0.2595
val_macro_f1:	0.6679
val_micro_f1:	0.7118
-----
train loss:	0.1262
val loss:	0.2607
val_macro_f1:	0.6588
val_micro_f1:	0.6968
-----
train loss:	0.3065
val loss:	0.2617
val_macro_f1:	0.6556
val_micro_f1:	0.6893
-----
train loss:	0.1456
val loss:	0.2586
val_macro_f1:	0.6608
val_micro_f1:	0.7003
-----
train loss:	0.1307
val loss:	0.2554
val_macro_f1:	0.6676
val_micro_f1:	0.7121
-----
train loss:	0.1925
val loss:	0.2483
val_macro_f1:	0.6990
val_micro_f1:	0.7480
-----
train loss:	0.1389
val loss:	0.2431
val_macro_f1:	0.7185*
val_micro_f1:	0.7830
-----
train loss:	0.1144
val loss:	0.2492
val_macro_f1:	0.6876
val_micro_f1:	0.7622
-----
train loss:	0.1780
val loss:	0.2602
val_macro_f1:	0.6686
val_micro_f1:	0.7523
-----
train loss:	0.0877
val loss:	0.2695
val_macro_f1:	0.6528
val_micro_f1:	0.7379
-----
train loss:	0.1294
val loss:	0.2685
val_macro_f1:	0.6538
val_micro_f1:	0.7379
-----
train loss:	0.0964
val loss:	0.2647
val_macro_f1:	0.6660
val_micro_f1:	0.7490
-----
train loss:	0.1291
val loss:	0.2504
val_macro_f1:	0.6801
val_micro_f1:	0.7535
-----
train loss:	0.1258
val loss:	0.2405
val_macro_f1:	0.7014
val_micro_f1:	0.7706
-----
train loss:	0.0898
val loss:	0.2349
val_macro_f1:	0.7101
val_micro_f1:	0.7778
-----
train loss:	0.1665
val loss:	0.2368
val_macro_f1:	0.7074
val_micro_f1:	0.7773
-----
train loss:	0.1133
val loss:	0.2376
val_macro_f1:	0.7014
val_micro_f1:	0.7698
-----
train loss:	0.0746
val loss:	0.2406
val_macro_f1:	0.6935
val_micro_f1:	0.7648
-----
train loss:	0.0906
val loss:	0.2470
val_macro_f1:	0.6770
val_micro_f1:	0.7535
-----
train loss:	0.0997
val loss:	0.2523
val_macro_f1:	0.6665
val_micro_f1:	0.7430
-----
train loss:	0.0305
val loss:	0.2654
val_macro_f1:	0.6523
val_micro_f1:	0.7355
-----
train loss:	0.0973
val loss:	0.2799
val_macro_f1:	0.6368
val_micro_f1:	0.7290
-----
train loss:	0.0735
val loss:	0.2670
val_macro_f1:	0.6546
val_micro_f1:	0.7386
-----
train loss:	0.1254
val loss:	0.2346
val_macro_f1:	0.7088
val_micro_f1:	0.7803
-----
train loss:	0.2187
val loss:	0.2549
val_macro_f1:	0.6927
val_micro_f1:	0.7587
-----
train loss:	0.0817
val loss:	0.2912
val_macro_f1:	0.6811
val_micro_f1:	0.7335
-----
train loss:	0.1398
val loss:	0.2726
val_macro_f1:	0.6817
val_micro_f1:	0.7382
-----
train loss:	0.2307
val loss:	0.2376
val_macro_f1:	0.6983
val_micro_f1:	0.7618
-----
train loss:	0.3731
val loss:	0.2117
val_macro_f1:	0.7091
val_micro_f1:	0.7892
-----
train loss:	0.0795
val loss:	0.2283
val_macro_f1:	0.6988
val_micro_f1:	0.7845
-----
train loss:	0.1498
val loss:	0.2662
val_macro_f1:	0.6629
val_micro_f1:	0.7545
-----
train loss:	0.0695
val loss:	0.3008
val_macro_f1:	0.6290
val_micro_f1:	0.7305
-----
==========
Epoch 5/20
train loss:	0.1340
val loss:	0.3016
val_macro_f1:	0.6304
val_micro_f1:	0.7296
-----
train loss:	0.1606
val loss:	0.3341
val_macro_f1:	0.6039
val_micro_f1:	0.7035
-----
train loss:	0.1327
val loss:	0.3416
val_macro_f1:	0.5998
val_micro_f1:	0.7023
-----
train loss:	0.1278
val loss:	0.3321
val_macro_f1:	0.5968
val_micro_f1:	0.6999
-----
train loss:	0.0866
val loss:	0.3081
val_macro_f1:	0.6124
val_micro_f1:	0.7115
-----
train loss:	0.2958
val loss:	0.2390
val_macro_f1:	0.6840
val_micro_f1:	0.7753
-----
train loss:	0.0920
val loss:	0.2125
val_macro_f1:	0.7231*
val_micro_f1:	0.8066
-----
train loss:	0.0772
val loss:	0.2133
val_macro_f1:	0.7328*
val_micro_f1:	0.7909
-----
train loss:	0.0671
val loss:	0.2319
val_macro_f1:	0.6788
val_micro_f1:	0.7253
-----
train loss:	0.0642
val loss:	0.2621
val_macro_f1:	0.6289
val_micro_f1:	0.6595
-----
train loss:	0.1612
val loss:	0.2822
val_macro_f1:	0.6004
val_micro_f1:	0.6088
-----
train loss:	0.1613
val loss:	0.2898
val_macro_f1:	0.5776
val_micro_f1:	0.5873
-----
train loss:	0.2487
val loss:	0.2862
val_macro_f1:	0.5792
val_micro_f1:	0.5902
-----
train loss:	0.2972
val loss:	0.2773
val_macro_f1:	0.6069
val_micro_f1:	0.6262
-----
train loss:	0.1851
val loss:	0.2667
val_macro_f1:	0.6184
val_micro_f1:	0.6411
-----
train loss:	0.1911
val loss:	0.2530
val_macro_f1:	0.6639
val_micro_f1:	0.6976
-----
train loss:	0.1938
val loss:	0.2420
val_macro_f1:	0.6808
val_micro_f1:	0.7272
-----
train loss:	0.1664
val loss:	0.2366
val_macro_f1:	0.7181
val_micro_f1:	0.7647
-----
train loss:	0.0995
val loss:	0.2344
val_macro_f1:	0.7346*
val_micro_f1:	0.7991
-----
train loss:	0.0945
val loss:	0.2364
val_macro_f1:	0.7302
val_micro_f1:	0.8009
-----
train loss:	0.1123
val loss:	0.2404
val_macro_f1:	0.7226
val_micro_f1:	0.7918
-----
train loss:	0.1018
val loss:	0.2459
val_macro_f1:	0.7209
val_micro_f1:	0.7786
-----
train loss:	0.1313
val loss:	0.2489
val_macro_f1:	0.7135
val_micro_f1:	0.7744
-----
train loss:	0.1783
val loss:	0.2501
val_macro_f1:	0.7138
val_micro_f1:	0.7745
-----
train loss:	0.1496
val loss:	0.2438
val_macro_f1:	0.7231
val_micro_f1:	0.7802
-----
train loss:	0.1088
val loss:	0.2376
val_macro_f1:	0.7213
val_micro_f1:	0.7852
-----
train loss:	0.1025
val loss:	0.2309
val_macro_f1:	0.7247
val_micro_f1:	0.7946
-----
train loss:	0.0873
val loss:	0.2273
val_macro_f1:	0.7318
val_micro_f1:	0.7990
-----
train loss:	0.1177
val loss:	0.2238
val_macro_f1:	0.7285
val_micro_f1:	0.8017
-----
train loss:	0.1469
val loss:	0.2215
val_macro_f1:	0.7283
val_micro_f1:	0.8005
-----
train loss:	0.0798
val loss:	0.2188
val_macro_f1:	0.7290
val_micro_f1:	0.7979
-----
train loss:	0.1777
val loss:	0.2162
val_macro_f1:	0.7326
val_micro_f1:	0.8009
-----
train loss:	0.1092
val loss:	0.2148
val_macro_f1:	0.7312
val_micro_f1:	0.7995
-----
train loss:	0.0418
val loss:	0.2128
val_macro_f1:	0.7316
val_micro_f1:	0.8004
-----
train loss:	0.1577
val loss:	0.2127
val_macro_f1:	0.7241
val_micro_f1:	0.7999
-----
train loss:	0.0474
val loss:	0.2125
val_macro_f1:	0.7278
val_micro_f1:	0.8015
-----
train loss:	0.2742
val loss:	0.2176
val_macro_f1:	0.7235
val_micro_f1:	0.7900
-----
train loss:	0.0831
val loss:	0.2216
val_macro_f1:	0.7224
val_micro_f1:	0.7888
-----
train loss:	0.0726
val loss:	0.2267
val_macro_f1:	0.7193
val_micro_f1:	0.7857
-----
train loss:	0.1342
val loss:	0.2346
val_macro_f1:	0.7122
val_micro_f1:	0.7746
-----
train loss:	0.0771
val loss:	0.2349
val_macro_f1:	0.7134
val_micro_f1:	0.7732
-----
train loss:	0.1478
val loss:	0.2320
val_macro_f1:	0.7178
val_micro_f1:	0.7787
-----
train loss:	0.0876
val loss:	0.2298
val_macro_f1:	0.7271
val_micro_f1:	0.7857
-----
train loss:	0.0339
val loss:	0.2279
val_macro_f1:	0.7289
val_micro_f1:	0.7880
-----
train loss:	0.1341
val loss:	0.2206
val_macro_f1:	0.7203
val_micro_f1:	0.7848
-----
train loss:	0.1107
val loss:	0.2115
val_macro_f1:	0.7315
val_micro_f1:	0.7978
-----
train loss:	0.1686
val loss:	0.2076
val_macro_f1:	0.7326
val_micro_f1:	0.7931
-----
train loss:	0.1031
val loss:	0.2218
val_macro_f1:	0.7112
val_micro_f1:	0.7491
-----
train loss:	0.1140
val loss:	0.2417
val_macro_f1:	0.6855
val_micro_f1:	0.7185
-----
train loss:	0.2880
val loss:	0.2480
val_macro_f1:	0.6831
val_micro_f1:	0.7122
-----
train loss:	0.1231
val loss:	0.2514
val_macro_f1:	0.6751
val_micro_f1:	0.7039
-----
train loss:	0.1058
val loss:	0.2482
val_macro_f1:	0.6816
val_micro_f1:	0.7099
-----
train loss:	0.1339
val loss:	0.2438
val_macro_f1:	0.6889
val_micro_f1:	0.7196
-----
train loss:	0.1019
val loss:	0.2362
val_macro_f1:	0.7014
val_micro_f1:	0.7371
-----
train loss:	0.0562
val loss:	0.2285
val_macro_f1:	0.7052
val_micro_f1:	0.7474
-----
train loss:	0.2552
val loss:	0.2206
val_macro_f1:	0.7214
val_micro_f1:	0.7776
-----
train loss:	0.1098
val loss:	0.2190
val_macro_f1:	0.7314
val_micro_f1:	0.7956
-----
==========
Epoch 6/20
train loss:	0.1447
val loss:	0.2249
val_macro_f1:	0.7414*
val_micro_f1:	0.7988
-----
train loss:	0.1254
val loss:	0.2476
val_macro_f1:	0.7377
val_micro_f1:	0.7851
-----
train loss:	0.0815
val loss:	0.2753
val_macro_f1:	0.6650
val_micro_f1:	0.7379
-----
train loss:	0.1658
val loss:	0.2859
val_macro_f1:	0.6512
val_micro_f1:	0.7272
-----
train loss:	0.1519
val loss:	0.2814
val_macro_f1:	0.6525
val_micro_f1:	0.7324
-----
train loss:	0.0607
val loss:	0.2846
val_macro_f1:	0.6484
val_micro_f1:	0.7199
-----
train loss:	0.0380
val loss:	0.2891
val_macro_f1:	0.6293
val_micro_f1:	0.7074
-----
train loss:	0.1057
val loss:	0.2875
val_macro_f1:	0.6373
val_micro_f1:	0.7136
-----
train loss:	0.0760
val loss:	0.2837
val_macro_f1:	0.6517
val_micro_f1:	0.7208
-----
train loss:	0.0657
val loss:	0.2797
val_macro_f1:	0.6680
val_micro_f1:	0.7277
-----
train loss:	0.1557
val loss:	0.2698
val_macro_f1:	0.6873
val_micro_f1:	0.7435
-----
train loss:	0.1341
val loss:	0.2513
val_macro_f1:	0.7138
val_micro_f1:	0.7542
-----
train loss:	0.0465
val loss:	0.2353
val_macro_f1:	0.7450*
val_micro_f1:	0.7750
-----
train loss:	0.0444
val loss:	0.2255
val_macro_f1:	0.7533*
val_micro_f1:	0.7867
-----
train loss:	0.0425
val loss:	0.2176
val_macro_f1:	0.7639*
val_micro_f1:	0.7970
-----
train loss:	0.0402
val loss:	0.2143
val_macro_f1:	0.7506
val_micro_f1:	0.7938
-----
train loss:	0.1094
val loss:	0.2132
val_macro_f1:	0.7546
val_micro_f1:	0.7967
-----
train loss:	0.0712
val loss:	0.2124
val_macro_f1:	0.7514
val_micro_f1:	0.7938
-----
train loss:	0.0990
val loss:	0.2116
val_macro_f1:	0.7436
val_micro_f1:	0.7859
-----
train loss:	0.0496
val loss:	0.2116
val_macro_f1:	0.7475
val_micro_f1:	0.7832
-----
train loss:	0.1352
val loss:	0.2092
val_macro_f1:	0.7518
val_micro_f1:	0.7940
-----
train loss:	0.1637
val loss:	0.2112
val_macro_f1:	0.7524
val_micro_f1:	0.7968
-----
train loss:	0.0788
val loss:	0.2177
val_macro_f1:	0.7500
val_micro_f1:	0.7865
-----
train loss:	0.2031
val loss:	0.2429
val_macro_f1:	0.7188
val_micro_f1:	0.7596
-----
train loss:	0.0959
val loss:	0.2770
val_macro_f1:	0.6945
val_micro_f1:	0.7462
-----
train loss:	0.1087
val loss:	0.3263
val_macro_f1:	0.6149
val_micro_f1:	0.6911
-----
train loss:	0.0261
val loss:	0.3879
val_macro_f1:	0.5517
val_micro_f1:	0.6436
-----
train loss:	0.3493
val loss:	0.3853
val_macro_f1:	0.5430
val_micro_f1:	0.6387
-----
train loss:	0.6272
val loss:	0.2921
val_macro_f1:	0.6440
val_micro_f1:	0.7124
-----
train loss:	0.0897
val loss:	0.2330
val_macro_f1:	0.7180
val_micro_f1:	0.7602
-----
train loss:	0.0745
val loss:	0.2080
val_macro_f1:	0.7524
val_micro_f1:	0.7891
-----
train loss:	0.1322
val loss:	0.1985*
val_macro_f1:	0.7623
val_micro_f1:	0.8017
-----
train loss:	0.1028
val loss:	0.2036
val_macro_f1:	0.7565
val_micro_f1:	0.7941
-----
train loss:	0.0794
val loss:	0.2154
val_macro_f1:	0.7332
val_micro_f1:	0.7626
-----
train loss:	0.0721
val loss:	0.2310
val_macro_f1:	0.7112
val_micro_f1:	0.7357
-----
train loss:	0.0697
val loss:	0.2486
val_macro_f1:	0.6968
val_micro_f1:	0.7196
-----
train loss:	0.1441
val loss:	0.2605
val_macro_f1:	0.6791
val_micro_f1:	0.6966
-----
train loss:	0.0432
val loss:	0.2745
val_macro_f1:	0.6611
val_micro_f1:	0.6789
-----
train loss:	0.1205
val loss:	0.2830
val_macro_f1:	0.6502
val_micro_f1:	0.6650
-----
train loss:	0.2538
val loss:	0.2789
val_macro_f1:	0.6525
val_micro_f1:	0.6689
-----
train loss:	0.4381
val loss:	0.2665
val_macro_f1:	0.6693
val_micro_f1:	0.6876
-----
train loss:	0.0973
val loss:	0.2521
val_macro_f1:	0.6946
val_micro_f1:	0.7153
-----
train loss:	0.0605
val loss:	0.2410
val_macro_f1:	0.7054
val_micro_f1:	0.7335
-----
train loss:	0.1390
val loss:	0.2334
val_macro_f1:	0.7266
val_micro_f1:	0.7563
-----
train loss:	0.0483
val loss:	0.2278
val_macro_f1:	0.7379
val_micro_f1:	0.7756
-----
train loss:	0.1052
val loss:	0.2263
val_macro_f1:	0.7478
val_micro_f1:	0.7940
-----
train loss:	0.0818
val loss:	0.2284
val_macro_f1:	0.7680*
val_micro_f1:	0.7990
-----
train loss:	0.0815
val loss:	0.2324
val_macro_f1:	0.7574
val_micro_f1:	0.7860
-----
train loss:	0.1472
val loss:	0.2362
val_macro_f1:	0.7463
val_micro_f1:	0.7767
-----
train loss:	0.0948
val loss:	0.2418
val_macro_f1:	0.7250
val_micro_f1:	0.7572
-----
train loss:	0.1244
val loss:	0.2507
val_macro_f1:	0.6965
val_micro_f1:	0.7438
-----
train loss:	0.1435
val loss:	0.2683
val_macro_f1:	0.6445
val_micro_f1:	0.7040
-----
train loss:	0.1630
val loss:	0.2976
val_macro_f1:	0.5368
val_micro_f1:	0.6189
-----
train loss:	0.1348
val loss:	0.3110
val_macro_f1:	0.4837
val_micro_f1:	0.5819
-----
train loss:	0.0670
val loss:	0.3242
val_macro_f1:	0.4536
val_micro_f1:	0.5516
-----
train loss:	0.1024
val loss:	0.3315
val_macro_f1:	0.4423
val_micro_f1:	0.5404
-----
train loss:	0.1072
val loss:	0.3310
val_macro_f1:	0.4553
val_micro_f1:	0.5555
-----
train loss:	0.1059
val loss:	0.3207
val_macro_f1:	0.4886
val_micro_f1:	0.5839
-----
train loss:	0.0950
val loss:	0.3097
val_macro_f1:	0.5199
val_micro_f1:	0.6114
-----
train loss:	0.1681
val loss:	0.2889
val_macro_f1:	0.5842
val_micro_f1:	0.6584
-----
==========
Epoch 7/20
train loss:	0.1684
val loss:	0.2631
val_macro_f1:	0.6872
val_micro_f1:	0.7336
-----
train loss:	0.0851
val loss:	0.2461
val_macro_f1:	0.7124
val_micro_f1:	0.7484
-----
train loss:	0.0775
val loss:	0.2356
val_macro_f1:	0.7390
val_micro_f1:	0.7706
-----
train loss:	0.0818
val loss:	0.2299
val_macro_f1:	0.7506
val_micro_f1:	0.7825
-----
train loss:	0.0625
val loss:	0.2257
val_macro_f1:	0.7556
val_micro_f1:	0.7944
-----
train loss:	0.0937
val loss:	0.2258
val_macro_f1:	0.7520
val_micro_f1:	0.7914
-----
train loss:	0.0963
val loss:	0.2278
val_macro_f1:	0.7525
val_micro_f1:	0.7909
-----
train loss:	0.1480
val loss:	0.2282
val_macro_f1:	0.7494
val_micro_f1:	0.7889
-----
train loss:	0.0974
val loss:	0.2266
val_macro_f1:	0.7493
val_micro_f1:	0.7901
-----
train loss:	0.1428
val loss:	0.2263
val_macro_f1:	0.7533
val_micro_f1:	0.7922
-----
train loss:	0.1210
val loss:	0.2240
val_macro_f1:	0.7493
val_micro_f1:	0.7920
-----
train loss:	0.1057
val loss:	0.2230
val_macro_f1:	0.7479
val_micro_f1:	0.7940
-----
train loss:	0.0675
val loss:	0.2226
val_macro_f1:	0.7510
val_micro_f1:	0.7953
-----
train loss:	0.0570
val loss:	0.2247
val_macro_f1:	0.7424
val_micro_f1:	0.7864
-----
train loss:	0.1064
val loss:	0.2270
val_macro_f1:	0.7442
val_micro_f1:	0.7821
-----
train loss:	0.0678
val loss:	0.2318
val_macro_f1:	0.7366
val_micro_f1:	0.7705
-----
train loss:	0.0921
val loss:	0.2393
val_macro_f1:	0.7233
val_micro_f1:	0.7631
-----
train loss:	0.0946
val loss:	0.2502
val_macro_f1:	0.7048
val_micro_f1:	0.7475
-----
train loss:	0.0956
val loss:	0.2608
val_macro_f1:	0.7031
val_micro_f1:	0.7428
-----
train loss:	0.0708
val loss:	0.2717
val_macro_f1:	0.6915
val_micro_f1:	0.7331
-----
train loss:	0.0278
val loss:	0.2818
val_macro_f1:	0.6747
val_micro_f1:	0.7231
-----
train loss:	0.1062
val loss:	0.2855
val_macro_f1:	0.6698
val_micro_f1:	0.7206
-----
train loss:	0.0868
val loss:	0.2820
val_macro_f1:	0.6782
val_micro_f1:	0.7248
-----
train loss:	0.2121
val loss:	0.2482
val_macro_f1:	0.7344
val_micro_f1:	0.7678
-----
train loss:	0.0799
val loss:	0.2340
val_macro_f1:	0.7464
val_micro_f1:	0.7839
-----
train loss:	0.0687
val loss:	0.2370
val_macro_f1:	0.7499
val_micro_f1:	0.7851
-----
train loss:	0.0389
val loss:	0.2487
val_macro_f1:	0.7464
val_micro_f1:	0.7855
-----
train loss:	0.1024
val loss:	0.2586
val_macro_f1:	0.7322
val_micro_f1:	0.7707
-----
train loss:	0.1542
val loss:	0.2603
val_macro_f1:	0.7307
val_micro_f1:	0.7675
-----
train loss:	0.1554
val loss:	0.2618
val_macro_f1:	0.7348
val_micro_f1:	0.7707
-----
train loss:	0.1146
val loss:	0.2582
val_macro_f1:	0.7398
val_micro_f1:	0.7754
-----
train loss:	0.1508
val loss:	0.2482
val_macro_f1:	0.7519
val_micro_f1:	0.7819
-----
train loss:	0.2856
val loss:	0.2403
val_macro_f1:	0.7389
val_micro_f1:	0.7764
-----
train loss:	0.0627
val loss:	0.2407
val_macro_f1:	0.7501
val_micro_f1:	0.7787
-----
train loss:	0.0669
val loss:	0.2455
val_macro_f1:	0.7453
val_micro_f1:	0.7706
-----
train loss:	0.1163
val loss:	0.2483
val_macro_f1:	0.7469
val_micro_f1:	0.7687
-----
train loss:	0.1248
val loss:	0.2492
val_macro_f1:	0.7448
val_micro_f1:	0.7647
-----
train loss:	0.0793
val loss:	0.2465
val_macro_f1:	0.7447
val_micro_f1:	0.7669
-----
train loss:	0.0944
val loss:	0.2436
val_macro_f1:	0.7472
val_micro_f1:	0.7732
-----
train loss:	0.1347
val loss:	0.2387
val_macro_f1:	0.7514
val_micro_f1:	0.7763
-----
train loss:	0.0858
val loss:	0.2353
val_macro_f1:	0.7480
val_micro_f1:	0.7740
-----
train loss:	0.0548
val loss:	0.2314
val_macro_f1:	0.7482
val_micro_f1:	0.7766
-----
train loss:	0.1467
val loss:	0.2298
val_macro_f1:	0.7518
val_micro_f1:	0.7784
-----
train loss:	0.1625
val loss:	0.2323
val_macro_f1:	0.7446
val_micro_f1:	0.7772
-----
train loss:	0.0671
val loss:	0.2346
val_macro_f1:	0.7446
val_micro_f1:	0.7770
-----
train loss:	0.1616
val loss:	0.2274
val_macro_f1:	0.7505
val_micro_f1:	0.7838
-----
train loss:	0.1043
val loss:	0.2192
val_macro_f1:	0.7456
val_micro_f1:	0.7810
-----
train loss:	0.0435
val loss:	0.2156
val_macro_f1:	0.7501
val_micro_f1:	0.7866
-----
train loss:	0.1968
val loss:	0.2141
val_macro_f1:	0.7483
val_micro_f1:	0.7892
-----
train loss:	0.1142
val loss:	0.2166
val_macro_f1:	0.7476
val_micro_f1:	0.7881
-----
train loss:	0.1268
val loss:	0.2211
val_macro_f1:	0.7581
val_micro_f1:	0.7948
-----
train loss:	0.0398
val loss:	0.2253
val_macro_f1:	0.7500
val_micro_f1:	0.7904
-----
train loss:	0.0523
val loss:	0.2280
val_macro_f1:	0.7493
val_micro_f1:	0.7872
-----
train loss:	0.0713
val loss:	0.2310
val_macro_f1:	0.7470
val_micro_f1:	0.7849
-----
==========
Epoch 8/20
train loss:	0.0600
val loss:	0.2378
val_macro_f1:	0.7396
val_micro_f1:	0.7801
-----
train loss:	0.1311
val loss:	0.2372
val_macro_f1:	0.7401
val_micro_f1:	0.7817
-----
train loss:	0.1390
val loss:	0.2274
val_macro_f1:	0.7466
val_micro_f1:	0.7865
-----
train loss:	0.1098
val loss:	0.2176
val_macro_f1:	0.7500
val_micro_f1:	0.7918
-----
train loss:	0.0800
val loss:	0.2099
val_macro_f1:	0.7502
val_micro_f1:	0.7935
-----
train loss:	0.1453
val loss:	0.2014
val_macro_f1:	0.7528
val_micro_f1:	0.8028
-----
train loss:	0.0842
val loss:	0.1980*
val_macro_f1:	0.7572
val_micro_f1:	0.8041
-----
train loss:	0.0839
val loss:	0.1967*
val_macro_f1:	0.7521
val_micro_f1:	0.7979
-----
train loss:	0.0848
val loss:	0.1964*
val_macro_f1:	0.7572
val_micro_f1:	0.7994
-----
train loss:	0.0854
val loss:	0.1968
val_macro_f1:	0.7573
val_micro_f1:	0.7970
-----
train loss:	0.0754
val loss:	0.1972
val_macro_f1:	0.7579
val_micro_f1:	0.7959
-----
train loss:	0.0317
val loss:	0.1988
val_macro_f1:	0.7600
val_micro_f1:	0.7961
-----
train loss:	0.0943
val loss:	0.2007
val_macro_f1:	0.7607
val_micro_f1:	0.7957
-----
train loss:	0.0797
val loss:	0.1986
val_macro_f1:	0.7589
val_micro_f1:	0.7945
-----
train loss:	0.1462
val loss:	0.1949*
val_macro_f1:	0.7555
val_micro_f1:	0.7988
-----
train loss:	0.1133
val loss:	0.1985
val_macro_f1:	0.7633
val_micro_f1:	0.8127
-----
train loss:	0.1523
val loss:	0.2176
val_macro_f1:	0.7510
val_micro_f1:	0.7943
-----
train loss:	0.1367
val loss:	0.2456
val_macro_f1:	0.7160
val_micro_f1:	0.7643
-----
train loss:	0.0832
val loss:	0.2682
val_macro_f1:	0.6587
val_micro_f1:	0.7319
-----
train loss:	0.1198
val loss:	0.3045
val_macro_f1:	0.5883
val_micro_f1:	0.6688
-----
train loss:	0.0784
val loss:	0.3306
val_macro_f1:	0.5271
val_micro_f1:	0.6255
-----
train loss:	0.1419
val loss:	0.3104
val_macro_f1:	0.5729
val_micro_f1:	0.6592
-----
train loss:	0.1241
val loss:	0.2675
val_macro_f1:	0.6601
val_micro_f1:	0.7375
-----
train loss:	0.1270
val loss:	0.2386
val_macro_f1:	0.7035
val_micro_f1:	0.7758
-----
train loss:	0.0863
val loss:	0.2138
val_macro_f1:	0.7238
val_micro_f1:	0.7937
-----
train loss:	0.1287
val loss:	0.2024
val_macro_f1:	0.7396
val_micro_f1:	0.8058
-----
train loss:	0.0528
val loss:	0.1952
val_macro_f1:	0.7505
val_micro_f1:	0.8172
-----
train loss:	0.0400
val loss:	0.1910*
val_macro_f1:	0.7391
val_micro_f1:	0.8090
-----
train loss:	0.0390
val loss:	0.1927
val_macro_f1:	0.7416
val_micro_f1:	0.8030
-----
train loss:	0.0810
val loss:	0.1960
val_macro_f1:	0.7419
val_micro_f1:	0.7973
-----
train loss:	0.0764
val loss:	0.1996
val_macro_f1:	0.7412
val_micro_f1:	0.7940
-----
train loss:	0.1439
val loss:	0.2032
val_macro_f1:	0.7409
val_micro_f1:	0.7906
-----
train loss:	0.0841
val loss:	0.2049
val_macro_f1:	0.7409
val_micro_f1:	0.7906
-----
train loss:	0.0698
val loss:	0.2053
val_macro_f1:	0.7419
val_micro_f1:	0.7908
-----
train loss:	0.0671
val loss:	0.2027
val_macro_f1:	0.7425
val_micro_f1:	0.7922
-----
train loss:	0.0286
val loss:	0.1999
val_macro_f1:	0.7424
val_micro_f1:	0.7944
-----
train loss:	0.0394
val loss:	0.1975
val_macro_f1:	0.7429
val_micro_f1:	0.7975
-----
train loss:	0.0839
val loss:	0.1930
val_macro_f1:	0.7336
val_micro_f1:	0.7955
-----
train loss:	0.0644
val loss:	0.1907*
val_macro_f1:	0.7412
val_micro_f1:	0.8032
-----
train loss:	0.0643
val loss:	0.1895*
val_macro_f1:	0.7512
val_micro_f1:	0.8113
-----
train loss:	0.0643
val loss:	0.1903
val_macro_f1:	0.7589
val_micro_f1:	0.8171
-----
train loss:	0.0453
val loss:	0.1917
val_macro_f1:	0.7473
val_micro_f1:	0.8102
-----
train loss:	0.0690
val loss:	0.1921
val_macro_f1:	0.7453
val_micro_f1:	0.8079
-----
train loss:	0.1852
val loss:	0.2001
val_macro_f1:	0.7414
val_micro_f1:	0.7981
-----
train loss:	0.0951
val loss:	0.2078
val_macro_f1:	0.7430
val_micro_f1:	0.7946
-----
train loss:	0.0621
val loss:	0.2175
val_macro_f1:	0.7382
val_micro_f1:	0.7875
-----
train loss:	0.0574
val loss:	0.2248
val_macro_f1:	0.7353
val_micro_f1:	0.7834
-----
train loss:	0.0193
val loss:	0.2292
val_macro_f1:	0.7362
val_micro_f1:	0.7825
-----
train loss:	0.1025
val loss:	0.2256
val_macro_f1:	0.7392
val_micro_f1:	0.7825
-----
train loss:	0.1187
val loss:	0.2183
val_macro_f1:	0.7396
val_micro_f1:	0.7834
-----
train loss:	0.0375
val loss:	0.2134
val_macro_f1:	0.7416
val_micro_f1:	0.7849
-----
train loss:	0.2087
val loss:	0.1899
val_macro_f1:	0.7523
val_micro_f1:	0.8022
-----
train loss:	0.0946
val loss:	0.2058
val_macro_f1:	0.7468
val_micro_f1:	0.7898
-----
train loss:	0.0953
val loss:	0.2269
val_macro_f1:	0.7441
val_micro_f1:	0.7854
-----
train loss:	0.0733
val loss:	0.2434
val_macro_f1:	0.7365
val_micro_f1:	0.7729
-----
train loss:	0.0600
val loss:	0.2584
val_macro_f1:	0.7255
val_micro_f1:	0.7631
-----
train loss:	0.2352
val loss:	0.2643
val_macro_f1:	0.7191
val_micro_f1:	0.7543
-----
train loss:	0.0819
val loss:	0.2615
val_macro_f1:	0.7174
val_micro_f1:	0.7526
-----
train loss:	0.2416
val loss:	0.2313
val_macro_f1:	0.7312
val_micro_f1:	0.7709
-----
train loss:	0.1828
val loss:	0.2075
val_macro_f1:	0.7273
val_micro_f1:	0.7797
-----
train loss:	0.0828
val loss:	0.2037
val_macro_f1:	0.7451
val_micro_f1:	0.7954
-----
==========
Epoch 9/20
train loss:	0.0727
val loss:	0.2140
val_macro_f1:	0.7359
val_micro_f1:	0.7962
-----
train loss:	0.1281
val loss:	0.2312
val_macro_f1:	0.7190
val_micro_f1:	0.7808
-----
train loss:	0.1152
val loss:	0.2416
val_macro_f1:	0.6961
val_micro_f1:	0.7590
-----
train loss:	0.0973
val loss:	0.2530
val_macro_f1:	0.6866
val_micro_f1:	0.7511
-----
train loss:	0.0926
val loss:	0.2545
val_macro_f1:	0.6849
val_micro_f1:	0.7521
-----
train loss:	0.1704
val loss:	0.2428
val_macro_f1:	0.6981
val_micro_f1:	0.7651
-----
train loss:	0.0965
val loss:	0.2250
val_macro_f1:	0.7194
val_micro_f1:	0.7882
-----
train loss:	0.0987
val loss:	0.2085
val_macro_f1:	0.7285
val_micro_f1:	0.8037
-----
train loss:	0.0717
val loss:	0.1954
val_macro_f1:	0.7410
val_micro_f1:	0.8112
-----
train loss:	0.0789
val loss:	0.1892*
val_macro_f1:	0.7576
val_micro_f1:	0.8162
-----
train loss:	0.0772
val loss:	0.1872*
val_macro_f1:	0.7572
val_micro_f1:	0.8085
-----
train loss:	0.0759
val loss:	0.1899
val_macro_f1:	0.7510
val_micro_f1:	0.8064
-----
train loss:	0.1812
val loss:	0.1909
val_macro_f1:	0.7505
val_micro_f1:	0.8058
-----
train loss:	0.0997
val loss:	0.1924
val_macro_f1:	0.7489
val_micro_f1:	0.8030
-----
train loss:	0.0746
val loss:	0.1931
val_macro_f1:	0.7503
val_micro_f1:	0.8037
-----
train loss:	0.0718
val loss:	0.1916
val_macro_f1:	0.7504
val_micro_f1:	0.8057
-----
train loss:	0.1288
val loss:	0.1899
val_macro_f1:	0.7518
val_micro_f1:	0.8070
-----
train loss:	0.0810
val loss:	0.1874
val_macro_f1:	0.7490
val_micro_f1:	0.8068
-----
train loss:	0.0732
val loss:	0.1881
val_macro_f1:	0.7586
val_micro_f1:	0.8157
-----
train loss:	0.0724
val loss:	0.1899
val_macro_f1:	0.7518
val_micro_f1:	0.8125
-----
train loss:	0.0317
val loss:	0.1931
val_macro_f1:	0.7502
val_micro_f1:	0.8132
-----
train loss:	0.0546
val loss:	0.1969
val_macro_f1:	0.7476
val_micro_f1:	0.8088
-----
train loss:	0.0802
val loss:	0.2001
val_macro_f1:	0.7444
val_micro_f1:	0.8036
-----
train loss:	0.0757
val loss:	0.2021
val_macro_f1:	0.7373
val_micro_f1:	0.7957
-----
train loss:	0.0490
val loss:	0.2049
val_macro_f1:	0.7419
val_micro_f1:	0.7945
-----
train loss:	0.0823
val loss:	0.2041
val_macro_f1:	0.7423
val_micro_f1:	0.7953
-----
train loss:	0.0922
val loss:	0.2032
val_macro_f1:	0.7420
val_micro_f1:	0.7951
-----
train loss:	0.0714
val loss:	0.2001
val_macro_f1:	0.7457
val_micro_f1:	0.8020
-----
train loss:	0.0735
val loss:	0.2002
val_macro_f1:	0.7453
val_micro_f1:	0.8005
-----
train loss:	0.0642
val loss:	0.2028
val_macro_f1:	0.7469
val_micro_f1:	0.7967
-----
train loss:	0.1040
val loss:	0.2019
val_macro_f1:	0.7452
val_micro_f1:	0.7947
-----
train loss:	0.0508
val loss:	0.1979
val_macro_f1:	0.7501
val_micro_f1:	0.8023
-----
train loss:	0.0637
val loss:	0.1955
val_macro_f1:	0.7550
val_micro_f1:	0.8049
-----
train loss:	0.0550
val loss:	0.1942
val_macro_f1:	0.7485
val_micro_f1:	0.8004
-----
train loss:	0.0624
val loss:	0.1948
val_macro_f1:	0.7532
val_micro_f1:	0.8025
-----
train loss:	0.0521
val loss:	0.1953
val_macro_f1:	0.7601
val_micro_f1:	0.8064
-----
train loss:	0.0900
val loss:	0.1981
val_macro_f1:	0.7566
val_micro_f1:	0.8037
-----
train loss:	0.2436
val loss:	0.1995
val_macro_f1:	0.7535
val_micro_f1:	0.7998
-----
train loss:	0.0639
val loss:	0.2038
val_macro_f1:	0.7430
val_micro_f1:	0.7856
-----
train loss:	0.0331
val loss:	0.2100
val_macro_f1:	0.7452
val_micro_f1:	0.7858
-----
train loss:	0.0551
val loss:	0.2176
val_macro_f1:	0.7472
val_micro_f1:	0.7832
-----
train loss:	0.0255
val loss:	0.2273
val_macro_f1:	0.7464
val_micro_f1:	0.7795
-----
train loss:	0.0666
val loss:	0.2396
val_macro_f1:	0.7409
val_micro_f1:	0.7750
-----
train loss:	0.1324
val loss:	0.2476
val_macro_f1:	0.7255
val_micro_f1:	0.7636
-----
train loss:	0.2116
val loss:	0.2340
val_macro_f1:	0.7401
val_micro_f1:	0.7775
-----
train loss:	0.0387
val loss:	0.2275
val_macro_f1:	0.7469
val_micro_f1:	0.7832
-----
train loss:	0.0223
val loss:	0.2189
val_macro_f1:	0.7555
val_micro_f1:	0.7919
-----
train loss:	0.0432
val loss:	0.2169
val_macro_f1:	0.7563
val_micro_f1:	0.7937
-----
train loss:	0.0910
val loss:	0.2162
val_macro_f1:	0.7557
val_micro_f1:	0.7928
-----
train loss:	0.1646
val loss:	0.2185
val_macro_f1:	0.7606
val_micro_f1:	0.7937
-----
train loss:	0.0382
val loss:	0.2206
val_macro_f1:	0.7571
val_micro_f1:	0.7896
-----
train loss:	0.1376
val loss:	0.2275
val_macro_f1:	0.7508
val_micro_f1:	0.7841
-----
train loss:	0.1291
val loss:	0.2268
val_macro_f1:	0.7539
val_micro_f1:	0.7841
-----
train loss:	0.1154
val loss:	0.2236
val_macro_f1:	0.7558
val_micro_f1:	0.7864
-----
train loss:	0.1857
val loss:	0.2289
val_macro_f1:	0.7501
val_micro_f1:	0.7800
-----
train loss:	0.1341
val loss:	0.2167
val_macro_f1:	0.7593
val_micro_f1:	0.7888
-----
==========
Epoch 10/20
train loss:	0.0986
val loss:	0.2093
val_macro_f1:	0.7510
val_micro_f1:	0.7833
-----
train loss:	0.0753
val loss:	0.2111
val_macro_f1:	0.7426
val_micro_f1:	0.7825
-----
train loss:	0.1603
val loss:	0.2168
val_macro_f1:	0.7371
val_micro_f1:	0.7813
-----
train loss:	0.0800
val loss:	0.2235
val_macro_f1:	0.7404
val_micro_f1:	0.7831
-----
train loss:	0.0753
val loss:	0.2266
val_macro_f1:	0.7369
val_micro_f1:	0.7805
-----
train loss:	0.0434
val loss:	0.2297
val_macro_f1:	0.7371
val_micro_f1:	0.7794
-----
train loss:	0.0653
val loss:	0.2304
val_macro_f1:	0.7354
val_micro_f1:	0.7790
-----
train loss:	0.0467
val loss:	0.2320
val_macro_f1:	0.7398
val_micro_f1:	0.7770
-----
train loss:	0.0699
val loss:	0.2329
val_macro_f1:	0.7427
val_micro_f1:	0.7717
-----
train loss:	0.0701
val loss:	0.2357
val_macro_f1:	0.7461
val_micro_f1:	0.7689
-----
train loss:	0.0545
val loss:	0.2386
val_macro_f1:	0.7531
val_micro_f1:	0.7692
-----
train loss:	0.0905
val loss:	0.2410
val_macro_f1:	0.7502
val_micro_f1:	0.7647
-----
train loss:	0.0424
val loss:	0.2441
val_macro_f1:	0.7533
val_micro_f1:	0.7648
-----
train loss:	0.0685
val loss:	0.2411
val_macro_f1:	0.7433
val_micro_f1:	0.7576
-----
train loss:	0.0453
val loss:	0.2417
val_macro_f1:	0.7356
val_micro_f1:	0.7521
-----
train loss:	0.0506
val loss:	0.2426
val_macro_f1:	0.7317
val_micro_f1:	0.7479
-----
train loss:	0.0955
val loss:	0.2366
val_macro_f1:	0.7394
val_micro_f1:	0.7570
-----
train loss:	0.0812
val loss:	0.2304
val_macro_f1:	0.7476
val_micro_f1:	0.7693
-----
train loss:	0.0354
val loss:	0.2202
val_macro_f1:	0.7615
val_micro_f1:	0.7865
-----
train loss:	0.0734
val loss:	0.2159
val_macro_f1:	0.7585
val_micro_f1:	0.7890
-----
train loss:	0.1693
val loss:	0.2103
val_macro_f1:	0.7499
val_micro_f1:	0.7875
-----
train loss:	0.0744
val loss:	0.2079
val_macro_f1:	0.7430
val_micro_f1:	0.7818
-----
train loss:	0.1437
val loss:	0.2049
val_macro_f1:	0.7528
val_micro_f1:	0.7900
-----
train loss:	0.1269
val loss:	0.2038
val_macro_f1:	0.7646
val_micro_f1:	0.7974
-----
train loss:	0.1685
val loss:	0.2050
val_macro_f1:	0.7650
val_micro_f1:	0.7955
-----
train loss:	0.0750
val loss:	0.2007
val_macro_f1:	0.7663
val_micro_f1:	0.7970
-----
train loss:	0.0213
val loss:	0.1983
val_macro_f1:	0.7682*
val_micro_f1:	0.8003
-----
train loss:	0.0214
val loss:	0.1957
val_macro_f1:	0.7681
val_micro_f1:	0.8051
-----
train loss:	0.1281
val loss:	0.1883
val_macro_f1:	0.7541
val_micro_f1:	0.8036
-----
train loss:	0.0377
val loss:	0.1853*
val_macro_f1:	0.7552
val_micro_f1:	0.8113
-----
train loss:	0.0338
val loss:	0.1830*
val_macro_f1:	0.7535
val_micro_f1:	0.8120
-----
train loss:	0.0350
val loss:	0.1822*
val_macro_f1:	0.7530
val_micro_f1:	0.8137
-----
train loss:	0.0358
val loss:	0.1827
val_macro_f1:	0.7549
val_micro_f1:	0.8139
-----
train loss:	0.0585
val loss:	0.1859
val_macro_f1:	0.7480
val_micro_f1:	0.8055
-----
train loss:	0.0289
val loss:	0.1888
val_macro_f1:	0.7454
val_micro_f1:	0.8018
-----
train loss:	0.0631
val loss:	0.1907
val_macro_f1:	0.7438
val_micro_f1:	0.7995
-----
train loss:	0.0913
val loss:	0.1862
val_macro_f1:	0.7500
val_micro_f1:	0.8049
-----
train loss:	0.0248
val loss:	0.1846
val_macro_f1:	0.7474
val_micro_f1:	0.8067
-----
train loss:	0.2048
val loss:	0.1868
val_macro_f1:	0.7505
val_micro_f1:	0.8047
-----
train loss:	0.0737
val loss:	0.1865
val_macro_f1:	0.7491
val_micro_f1:	0.8024
-----
train loss:	0.0304
val loss:	0.1857
val_macro_f1:	0.7481
val_micro_f1:	0.8007
-----
train loss:	0.1017
val loss:	0.1842
val_macro_f1:	0.7477
val_micro_f1:	0.8050
-----
train loss:	0.0224
val loss:	0.1836
val_macro_f1:	0.7583
val_micro_f1:	0.8098
-----
train loss:	0.0577
val loss:	0.1842
val_macro_f1:	0.7587
val_micro_f1:	0.8083
-----
train loss:	0.0984
val loss:	0.1843
val_macro_f1:	0.7529
val_micro_f1:	0.8018
-----
train loss:	0.1825
val loss:	0.1794*
val_macro_f1:	0.7608
val_micro_f1:	0.8037
-----
train loss:	0.1427
val loss:	0.1964
val_macro_f1:	0.7601
val_micro_f1:	0.7941
-----
train loss:	0.0362
val loss:	0.2269
val_macro_f1:	0.7232
val_micro_f1:	0.7704
-----
train loss:	0.0848
val loss:	0.2593
val_macro_f1:	0.6948
val_micro_f1:	0.7429
-----
train loss:	0.1542
val loss:	0.3040
val_macro_f1:	0.6274
val_micro_f1:	0.6838
-----
train loss:	0.0236
val loss:	0.3559
val_macro_f1:	0.5442
val_micro_f1:	0.6156
-----
train loss:	0.1245
val loss:	0.3217
val_macro_f1:	0.5763
val_micro_f1:	0.6363
-----
train loss:	0.0327
val loss:	0.3059
val_macro_f1:	0.6041
val_micro_f1:	0.6585
-----
train loss:	0.0502
val loss:	0.2889
val_macro_f1:	0.6313
val_micro_f1:	0.6861
-----
train loss:	0.0256
val loss:	0.2651
val_macro_f1:	0.6599
val_micro_f1:	0.7201
-----
train loss:	0.1293
val loss:	0.2256
val_macro_f1:	0.7165
val_micro_f1:	0.7713
-----
train loss:	0.1032
val loss:	0.1967
val_macro_f1:	0.7459
val_micro_f1:	0.7940
-----
train loss:	0.0564
val loss:	0.1751*
val_macro_f1:	0.7629
val_micro_f1:	0.8099
-----
train loss:	0.0521
val loss:	0.1658*
val_macro_f1:	0.7568
val_micro_f1:	0.8049
-----
train loss:	0.0510
val loss:	0.1671
val_macro_f1:	0.7635
val_micro_f1:	0.8113
-----
train loss:	0.0880
val loss:	0.1775
val_macro_f1:	0.7584
val_micro_f1:	0.8042
-----
==========
Epoch 11/20
train loss:	0.0421
val loss:	0.1927
val_macro_f1:	0.7537
val_micro_f1:	0.7967
-----
train loss:	0.0192
val loss:	0.2085
val_macro_f1:	0.7452
val_micro_f1:	0.7845
-----
train loss:	0.0436
val loss:	0.2189
val_macro_f1:	0.7504
val_micro_f1:	0.7891
-----
train loss:	0.0725
val loss:	0.2166
val_macro_f1:	0.7458
val_micro_f1:	0.7853
-----
train loss:	0.0062
val loss:	0.2121
val_macro_f1:	0.7533
val_micro_f1:	0.7921
-----
train loss:	0.0948
val loss:	0.2059
val_macro_f1:	0.7610
val_micro_f1:	0.8002
-----
train loss:	0.1520
val loss:	0.1923
val_macro_f1:	0.7636
val_micro_f1:	0.8060
-----
train loss:	0.0866
val loss:	0.1799
val_macro_f1:	0.7685*
val_micro_f1:	0.8112
-----
train loss:	0.0822
val loss:	0.1747
val_macro_f1:	0.7699*
val_micro_f1:	0.8154
-----
train loss:	0.0785
val loss:	0.1739
val_macro_f1:	0.7633
val_micro_f1:	0.8107
-----
train loss:	0.0589
val loss:	0.1755
val_macro_f1:	0.7629
val_micro_f1:	0.8082
-----
train loss:	0.0495
val loss:	0.1779
val_macro_f1:	0.7640
val_micro_f1:	0.8061
-----
train loss:	0.0888
val loss:	0.1787
val_macro_f1:	0.7668
val_micro_f1:	0.8092
-----
train loss:	0.1745
val loss:	0.1820
val_macro_f1:	0.7638
val_micro_f1:	0.8048
-----
train loss:	0.0362
val loss:	0.1877
val_macro_f1:	0.7628
val_micro_f1:	0.7981
-----
train loss:	0.0464
val loss:	0.1935
val_macro_f1:	0.7590
val_micro_f1:	0.7930
-----
train loss:	0.0410
val loss:	0.2015
val_macro_f1:	0.7558
val_micro_f1:	0.7944
-----
train loss:	0.0409
val loss:	0.2092
val_macro_f1:	0.7484
val_micro_f1:	0.7865
-----
train loss:	0.0185
val loss:	0.2168
val_macro_f1:	0.7352
val_micro_f1:	0.7800
-----
train loss:	0.0977
val loss:	0.2182
val_macro_f1:	0.7306
val_micro_f1:	0.7758
-----
train loss:	0.0980
val loss:	0.2178
val_macro_f1:	0.7398
val_micro_f1:	0.7782
-----
train loss:	0.0640
val loss:	0.2111
val_macro_f1:	0.7511
val_micro_f1:	0.7844
-----
train loss:	0.2021
val loss:	0.1972
val_macro_f1:	0.7577
val_micro_f1:	0.7919
-----
train loss:	0.0555
val loss:	0.1918
val_macro_f1:	0.7615
val_micro_f1:	0.8007
-----
train loss:	0.0785
val loss:	0.1894
val_macro_f1:	0.7707*
val_micro_f1:	0.8114
-----
train loss:	0.0724
val loss:	0.1934
val_macro_f1:	0.7723*
val_micro_f1:	0.8110
-----
train loss:	0.0678
val loss:	0.2008
val_macro_f1:	0.7703
val_micro_f1:	0.8091
-----
train loss:	0.0841
val loss:	0.2063
val_macro_f1:	0.7688
val_micro_f1:	0.8081
-----
train loss:	0.2732
val loss:	0.2007
val_macro_f1:	0.7694
val_micro_f1:	0.8047
-----
train loss:	0.0319
val loss:	0.1968
val_macro_f1:	0.7695
val_micro_f1:	0.8035
-----
train loss:	0.1298
val loss:	0.1969
val_macro_f1:	0.7716
val_micro_f1:	0.8051
-----
train loss:	0.0765
val loss:	0.1979
val_macro_f1:	0.7660
val_micro_f1:	0.8000
-----
train loss:	0.0310
val loss:	0.2008
val_macro_f1:	0.7642
val_micro_f1:	0.7957
-----
train loss:	0.0476
val loss:	0.2026
val_macro_f1:	0.7624
val_micro_f1:	0.7918
-----
train loss:	0.0345
val loss:	0.2051
val_macro_f1:	0.7595
val_micro_f1:	0.7889
-----
train loss:	0.0434
val loss:	0.2056
val_macro_f1:	0.7609
val_micro_f1:	0.7883
-----
train loss:	0.0453
val loss:	0.2067
val_macro_f1:	0.7594
val_micro_f1:	0.7867
-----
train loss:	0.0471
val loss:	0.2089
val_macro_f1:	0.7601
val_micro_f1:	0.7852
-----
train loss:	0.1111
val loss:	0.2105
val_macro_f1:	0.7646
val_micro_f1:	0.7865
-----
train loss:	0.1240
val loss:	0.2163
val_macro_f1:	0.7573
val_micro_f1:	0.7832
-----
train loss:	0.0262
val loss:	0.2245
val_macro_f1:	0.7411
val_micro_f1:	0.7740
-----
train loss:	0.0535
val loss:	0.2354
val_macro_f1:	0.7164
val_micro_f1:	0.7521
-----
train loss:	0.0794
val loss:	0.2432
val_macro_f1:	0.6956
val_micro_f1:	0.7329
-----
train loss:	0.2259
val loss:	0.2301
val_macro_f1:	0.7258
val_micro_f1:	0.7594
-----
train loss:	0.0687
val loss:	0.2189
val_macro_f1:	0.7459
val_micro_f1:	0.7779
-----
train loss:	0.1035
val loss:	0.2136
val_macro_f1:	0.7592
val_micro_f1:	0.7838
-----
train loss:	0.1002
val loss:	0.2150
val_macro_f1:	0.7621
val_micro_f1:	0.7899
-----
train loss:	0.1651
val loss:	0.2084
val_macro_f1:	0.7608
val_micro_f1:	0.7928
-----
train loss:	0.0580
val loss:	0.2052
val_macro_f1:	0.7685
val_micro_f1:	0.7991
-----
train loss:	0.1353
val loss:	0.1974
val_macro_f1:	0.7639
val_micro_f1:	0.8012
-----
train loss:	0.0370
val loss:	0.1915
val_macro_f1:	0.7632
val_micro_f1:	0.8025
-----
train loss:	0.0863
val loss:	0.1841
val_macro_f1:	0.7628
val_micro_f1:	0.8040
-----
train loss:	0.0640
val loss:	0.1780
val_macro_f1:	0.7614
val_micro_f1:	0.8084
-----
train loss:	0.0819
val loss:	0.1750
val_macro_f1:	0.7692
val_micro_f1:	0.8123
-----
train loss:	0.0570
val loss:	0.1744
val_macro_f1:	0.7689
val_micro_f1:	0.8102
-----
train loss:	0.0743
val loss:	0.1756
val_macro_f1:	0.7690
val_micro_f1:	0.8116
-----
train loss:	0.0652
val loss:	0.1808
val_macro_f1:	0.7625
val_micro_f1:	0.8113
-----
train loss:	0.0985
val loss:	0.1860
val_macro_f1:	0.7462
val_micro_f1:	0.8078
-----
==========
Epoch 12/20
train loss:	0.0662
val loss:	0.1863
val_macro_f1:	0.7475
val_micro_f1:	0.8071
-----
train loss:	0.0796
val loss:	0.1865
val_macro_f1:	0.7474
val_micro_f1:	0.8030
-----
train loss:	0.0429
val loss:	0.1851
val_macro_f1:	0.7478
val_micro_f1:	0.8005
-----
train loss:	0.0835
val loss:	0.1818
val_macro_f1:	0.7569
val_micro_f1:	0.8043
-----
train loss:	0.1691
val loss:	0.1864
val_macro_f1:	0.7515
val_micro_f1:	0.7996
-----
train loss:	0.0533
val loss:	0.1892
val_macro_f1:	0.7465
val_micro_f1:	0.7931
-----
train loss:	0.1302
val loss:	0.1913
val_macro_f1:	0.7416
val_micro_f1:	0.7857
-----
train loss:	0.0821
val loss:	0.1931
val_macro_f1:	0.7445
val_micro_f1:	0.7874
-----
train loss:	0.0268
val loss:	0.1980
val_macro_f1:	0.7400
val_micro_f1:	0.7809
-----
train loss:	0.0486
val loss:	0.1962
val_macro_f1:	0.7414
val_micro_f1:	0.7792
-----
train loss:	0.1491
val loss:	0.1958
val_macro_f1:	0.7518
val_micro_f1:	0.7822
-----
train loss:	0.0685
val loss:	0.1927
val_macro_f1:	0.7774*
val_micro_f1:	0.7937
-----
train loss:	0.0552
val loss:	0.1973
val_macro_f1:	0.7902*
val_micro_f1:	0.7983
-----
train loss:	0.0417
val loss:	0.2071
val_macro_f1:	0.7815
val_micro_f1:	0.7966
-----
train loss:	0.0543
val loss:	0.2177
val_macro_f1:	0.7756
val_micro_f1:	0.8010
-----
train loss:	0.0468
val loss:	0.2250
val_macro_f1:	0.7755
val_micro_f1:	0.8025
-----
train loss:	0.2565
val loss:	0.2041
val_macro_f1:	0.7788
val_micro_f1:	0.8016
-----
train loss:	0.0689
val loss:	0.1745
val_macro_f1:	0.7915*
val_micro_f1:	0.8067
-----
train loss:	0.0457
val loss:	0.1611*
val_macro_f1:	0.7852
val_micro_f1:	0.8141
-----
train loss:	0.0390
val loss:	0.1697
val_macro_f1:	0.7514
val_micro_f1:	0.8072
-----
train loss:	0.0301
val loss:	0.1956
val_macro_f1:	0.7394
val_micro_f1:	0.7954
-----
train loss:	0.0385
val loss:	0.2288
val_macro_f1:	0.7212
val_micro_f1:	0.7811
-----
train loss:	0.0820
val loss:	0.2621
val_macro_f1:	0.6825
val_micro_f1:	0.7537
-----
train loss:	0.0627
val loss:	0.2796
val_macro_f1:	0.6686
val_micro_f1:	0.7398
-----
train loss:	0.0498
val loss:	0.2827
val_macro_f1:	0.6702
val_micro_f1:	0.7398
-----
train loss:	0.2045
val loss:	0.2362
val_macro_f1:	0.7217
val_micro_f1:	0.7819
-----
train loss:	0.0805
val loss:	0.2029
val_macro_f1:	0.7425
val_micro_f1:	0.8029
-----
train loss:	0.0620
val loss:	0.1802
val_macro_f1:	0.7518
val_micro_f1:	0.8147
-----
train loss:	0.1025
val loss:	0.1686
val_macro_f1:	0.7495
val_micro_f1:	0.8170
-----
train loss:	0.0427
val loss:	0.1588*
val_macro_f1:	0.7463
val_micro_f1:	0.8190
-----
train loss:	0.0361
val loss:	0.1507*
val_macro_f1:	0.7591
val_micro_f1:	0.8271
-----
train loss:	0.0364
val loss:	0.1486*
val_macro_f1:	0.7672
val_micro_f1:	0.8277
-----
train loss:	0.0376
val loss:	0.1506
val_macro_f1:	0.7678
val_micro_f1:	0.8284
-----
train loss:	0.0871
val loss:	0.1563
val_macro_f1:	0.7634
val_micro_f1:	0.8257
-----
train loss:	0.2952
val loss:	0.1506
val_macro_f1:	0.7724
val_micro_f1:	0.8308
-----
train loss:	0.0789
val loss:	0.1476*
val_macro_f1:	0.7725
val_micro_f1:	0.8257
-----
train loss:	0.0710
val loss:	0.1473*
val_macro_f1:	0.7734
val_micro_f1:	0.8241
-----
train loss:	0.0650
val loss:	0.1484
val_macro_f1:	0.7757
val_micro_f1:	0.8238
-----
train loss:	0.0346
val loss:	0.1510
val_macro_f1:	0.7778
val_micro_f1:	0.8202
-----
train loss:	0.0343
val loss:	0.1531
val_macro_f1:	0.7754
val_micro_f1:	0.8206
-----
train loss:	0.0203
val loss:	0.1548
val_macro_f1:	0.7793
val_micro_f1:	0.8217
-----
train loss:	0.1197
val loss:	0.1599
val_macro_f1:	0.7694
val_micro_f1:	0.8154
-----
train loss:	0.0983
val loss:	0.1677
val_macro_f1:	0.7585
val_micro_f1:	0.8072
-----
train loss:	0.0259
val loss:	0.1800
val_macro_f1:	0.7490
val_micro_f1:	0.8047
-----
train loss:	0.0327
val loss:	0.1959
val_macro_f1:	0.7336
val_micro_f1:	0.7938
-----
train loss:	0.0276
val loss:	0.2128
val_macro_f1:	0.7095
val_micro_f1:	0.7779
-----
train loss:	0.0334
val loss:	0.2299
val_macro_f1:	0.6948
val_micro_f1:	0.7643
-----
train loss:	0.1498
val loss:	0.2294
val_macro_f1:	0.6970
val_micro_f1:	0.7669
-----
train loss:	0.1395
val loss:	0.2147
val_macro_f1:	0.7099
val_micro_f1:	0.7780
-----
train loss:	0.0449
val loss:	0.2009
val_macro_f1:	0.7385
val_micro_f1:	0.7873
-----
train loss:	0.0694
val loss:	0.1886
val_macro_f1:	0.7714
val_micro_f1:	0.8039
-----
train loss:	0.1266
val loss:	0.1780
val_macro_f1:	0.7799
val_micro_f1:	0.8041
-----
train loss:	0.0546
val loss:	0.1794
val_macro_f1:	0.7889
val_micro_f1:	0.8052
-----
train loss:	0.1571
val loss:	0.2044
val_macro_f1:	0.7734
val_micro_f1:	0.7964
-----
train loss:	0.0784
val loss:	0.2332
val_macro_f1:	0.7629
val_micro_f1:	0.7988
-----
train loss:	0.0135
val loss:	0.2614
val_macro_f1:	0.7584
val_micro_f1:	0.7958
-----
train loss:	0.2909
val loss:	0.2282
val_macro_f1:	0.7643
val_micro_f1:	0.8026
-----
train loss:	0.0682
val loss:	0.1954
val_macro_f1:	0.7745
val_micro_f1:	0.8073
-----
train loss:	0.0937
val loss:	0.1710
val_macro_f1:	0.7876
val_micro_f1:	0.8153
-----
train loss:	0.2399
val loss:	0.1702
val_macro_f1:	0.7738
val_micro_f1:	0.8128
-----
train loss:	0.1024
val loss:	0.1920
val_macro_f1:	0.7411
val_micro_f1:	0.8015
-----
train loss:	0.0145
val loss:	0.2239
val_macro_f1:	0.7035
val_micro_f1:	0.7738
-----
train loss:	0.0933
val loss:	0.2486
val_macro_f1:	0.6898
val_micro_f1:	0.7592
-----
==========
Epoch 13/20
train loss:	0.0571
val loss:	0.2648
val_macro_f1:	0.6634
val_micro_f1:	0.7409
-----
train loss:	0.1013
val loss:	0.2720
val_macro_f1:	0.6383
val_micro_f1:	0.7243
-----
train loss:	0.0248
val loss:	0.2675
val_macro_f1:	0.6398
val_micro_f1:	0.7278
-----
train loss:	0.0882
val loss:	0.2433
val_macro_f1:	0.6889
val_micro_f1:	0.7616
-----
train loss:	0.0931
val loss:	0.2220
val_macro_f1:	0.7009
val_micro_f1:	0.7729
-----
train loss:	0.0195
val loss:	0.2047
val_macro_f1:	0.7133
val_micro_f1:	0.7839
-----
train loss:	0.0594
val loss:	0.1866
val_macro_f1:	0.7320
val_micro_f1:	0.8040
-----
train loss:	0.1398
val loss:	0.1664
val_macro_f1:	0.7467
val_micro_f1:	0.8109
-----
train loss:	0.0992
val loss:	0.1552
val_macro_f1:	0.7840
val_micro_f1:	0.8343
-----
train loss:	0.0560
val loss:	0.1512
val_macro_f1:	0.7936*
val_micro_f1:	0.8445
-----
train loss:	0.0483
val loss:	0.1539
val_macro_f1:	0.7777
val_micro_f1:	0.8346
-----
train loss:	0.0895
val loss:	0.1576
val_macro_f1:	0.7647
val_micro_f1:	0.8273
-----
train loss:	0.1224
val loss:	0.1587
val_macro_f1:	0.7717
val_micro_f1:	0.8308
-----
train loss:	0.1101
val loss:	0.1541
val_macro_f1:	0.7768
val_micro_f1:	0.8344
-----
train loss:	0.0587
val loss:	0.1523
val_macro_f1:	0.7806
val_micro_f1:	0.8355
-----
train loss:	0.0631
val loss:	0.1512
val_macro_f1:	0.7893
val_micro_f1:	0.8384
-----
train loss:	0.0321
val loss:	0.1503
val_macro_f1:	0.7913
val_micro_f1:	0.8410
-----
train loss:	0.1869
val loss:	0.1500
val_macro_f1:	0.7887
val_micro_f1:	0.8354
-----
train loss:	0.0806
val loss:	0.1503
val_macro_f1:	0.7983*
val_micro_f1:	0.8437
-----
train loss:	0.0667
val loss:	0.1554
val_macro_f1:	0.7778
val_micro_f1:	0.8240
-----
train loss:	0.0336
val loss:	0.1642
val_macro_f1:	0.7573
val_micro_f1:	0.8094
-----
train loss:	0.1081
val loss:	0.1743
val_macro_f1:	0.7424
val_micro_f1:	0.8019
-----
train loss:	0.0745
val loss:	0.1870
val_macro_f1:	0.7313
val_micro_f1:	0.7965
-----
train loss:	0.0997
val loss:	0.1917
val_macro_f1:	0.7297
val_micro_f1:	0.7957
-----
train loss:	0.0431
val loss:	0.1928
val_macro_f1:	0.7288
val_micro_f1:	0.7940
-----
train loss:	0.1117
val loss:	0.1872
val_macro_f1:	0.7315
val_micro_f1:	0.7990
-----
train loss:	0.0996
val loss:	0.1809
val_macro_f1:	0.7373
val_micro_f1:	0.8005
-----
train loss:	0.1471
val loss:	0.1727
val_macro_f1:	0.7427
val_micro_f1:	0.8060
-----
train loss:	0.0458
val loss:	0.1659
val_macro_f1:	0.7566
val_micro_f1:	0.8098
-----
train loss:	0.0601
val loss:	0.1581
val_macro_f1:	0.7589
val_micro_f1:	0.8142
-----
train loss:	0.0782
val loss:	0.1536
val_macro_f1:	0.7706
val_micro_f1:	0.8207
-----
train loss:	0.0677
val loss:	0.1519
val_macro_f1:	0.7731
val_micro_f1:	0.8218
-----
train loss:	0.0628
val loss:	0.1505
val_macro_f1:	0.7804
val_micro_f1:	0.8250
-----
train loss:	0.0240
val loss:	0.1504
val_macro_f1:	0.7838
val_micro_f1:	0.8262
-----
train loss:	0.0435
val loss:	0.1501
val_macro_f1:	0.7846
val_micro_f1:	0.8244
-----
train loss:	0.0577
val loss:	0.1499
val_macro_f1:	0.7881
val_micro_f1:	0.8237
-----
train loss:	0.0587
val loss:	0.1506
val_macro_f1:	0.7857
val_micro_f1:	0.8209
-----
train loss:	0.1366
val loss:	0.1530
val_macro_f1:	0.7834
val_micro_f1:	0.8204
-----
train loss:	0.0337
val loss:	0.1545
val_macro_f1:	0.7855
val_micro_f1:	0.8212
-----
train loss:	0.0758
val loss:	0.1564
val_macro_f1:	0.7871
val_micro_f1:	0.8207
-----
train loss:	0.1905
val loss:	0.1567
val_macro_f1:	0.7807
val_micro_f1:	0.8177
-----
train loss:	0.0338
val loss:	0.1597
val_macro_f1:	0.7743
val_micro_f1:	0.8106
-----
train loss:	0.0314
val loss:	0.1614
val_macro_f1:	0.7751
val_micro_f1:	0.8097
-----
train loss:	0.0659
val loss:	0.1647
val_macro_f1:	0.7763
val_micro_f1:	0.8089
-----
train loss:	0.0408
val loss:	0.1668
val_macro_f1:	0.7708
val_micro_f1:	0.8051
-----
train loss:	0.0524
val loss:	0.1714
val_macro_f1:	0.7647
val_micro_f1:	0.8011
-----
train loss:	0.1697
val loss:	0.1718
val_macro_f1:	0.7555
val_micro_f1:	0.7972
-----
train loss:	0.0407
val loss:	0.1733
val_macro_f1:	0.7565
val_micro_f1:	0.7988
-----
train loss:	0.0743
val loss:	0.1726
val_macro_f1:	0.7635
val_micro_f1:	0.8033
-----
train loss:	0.0357
val loss:	0.1722
val_macro_f1:	0.7565
val_micro_f1:	0.7988
-----
train loss:	0.0193
val loss:	0.1708
val_macro_f1:	0.7578
val_micro_f1:	0.8019
-----
train loss:	0.1020
val loss:	0.1722
val_macro_f1:	0.7572
val_micro_f1:	0.8018
-----
train loss:	0.1137
val loss:	0.1801
val_macro_f1:	0.7616
val_micro_f1:	0.8051
-----
train loss:	0.0979
val loss:	0.1840
val_macro_f1:	0.7625
val_micro_f1:	0.8062
-----
train loss:	0.0356
val loss:	0.1884
val_macro_f1:	0.7617
val_micro_f1:	0.8055
-----
train loss:	0.0408
val loss:	0.1940
val_macro_f1:	0.7522
val_micro_f1:	0.8015
-----
==========
Epoch 14/20
train loss:	0.0755
val loss:	0.1972
val_macro_f1:	0.7498
val_micro_f1:	0.7982
-----
train loss:	0.1034
val loss:	0.2049
val_macro_f1:	0.7372
val_micro_f1:	0.7891
-----
train loss:	0.0247
val loss:	0.2135
val_macro_f1:	0.7296
val_micro_f1:	0.7815
-----
train loss:	0.0169
val loss:	0.2240
val_macro_f1:	0.7138
val_micro_f1:	0.7698
-----
train loss:	0.1567
val loss:	0.2114
val_macro_f1:	0.7401
val_micro_f1:	0.7850
-----
train loss:	0.2173
val loss:	0.1895
val_macro_f1:	0.7700
val_micro_f1:	0.7995
-----
train loss:	0.0147
val loss:	0.1790
val_macro_f1:	0.7795
val_micro_f1:	0.8015
-----
train loss:	0.0049
val loss:	0.1783
val_macro_f1:	0.7778
val_micro_f1:	0.8035
-----
train loss:	0.0636
val loss:	0.1823
val_macro_f1:	0.7668
val_micro_f1:	0.7990
-----
train loss:	0.0662
val loss:	0.1918
val_macro_f1:	0.7602
val_micro_f1:	0.7988
-----
train loss:	0.0626
val loss:	0.1993
val_macro_f1:	0.7623
val_micro_f1:	0.8015
-----
train loss:	0.1162
val loss:	0.2010
val_macro_f1:	0.7620
val_micro_f1:	0.8014
-----
train loss:	0.0238
val loss:	0.2043
val_macro_f1:	0.7666
val_micro_f1:	0.8044
-----
train loss:	0.0539
val loss:	0.2006
val_macro_f1:	0.7648
val_micro_f1:	0.8023
-----
train loss:	0.0574
val loss:	0.1987
val_macro_f1:	0.7648
val_micro_f1:	0.8011
-----
train loss:	0.1369
val loss:	0.1977
val_macro_f1:	0.7726
val_micro_f1:	0.8032
-----
train loss:	0.1472
val loss:	0.1899
val_macro_f1:	0.7844
val_micro_f1:	0.7994
-----
train loss:	0.0272
val loss:	0.1897
val_macro_f1:	0.7929
val_micro_f1:	0.7987
-----
train loss:	0.0544
val loss:	0.1921
val_macro_f1:	0.7935
val_micro_f1:	0.7963
-----
train loss:	0.0360
val loss:	0.1999
val_macro_f1:	0.7802
val_micro_f1:	0.7813
-----
train loss:	0.0933
val loss:	0.2086
val_macro_f1:	0.7471
val_micro_f1:	0.7651
-----
train loss:	0.0496
val loss:	0.2131
val_macro_f1:	0.7425
val_micro_f1:	0.7586
-----
train loss:	0.1248
val loss:	0.2180
val_macro_f1:	0.7390
val_micro_f1:	0.7553
-----
train loss:	0.0566
val loss:	0.2255
val_macro_f1:	0.7335
val_micro_f1:	0.7487
-----
train loss:	0.1227
val loss:	0.2248
val_macro_f1:	0.7431
val_micro_f1:	0.7536
-----
train loss:	0.0412
val loss:	0.2252
val_macro_f1:	0.7602
val_micro_f1:	0.7617
-----
train loss:	0.0267
val loss:	0.2276
val_macro_f1:	0.7678
val_micro_f1:	0.7672
-----
train loss:	0.0440
val loss:	0.2296
val_macro_f1:	0.7746
val_micro_f1:	0.7744
-----
train loss:	0.0457
val loss:	0.2332
val_macro_f1:	0.7841
val_micro_f1:	0.7856
-----
train loss:	0.1682
val loss:	0.2377
val_macro_f1:	0.7700
val_micro_f1:	0.7719
-----
train loss:	0.0745
val loss:	0.2398
val_macro_f1:	0.7693
val_micro_f1:	0.7711
-----
train loss:	0.0674
val loss:	0.2403
val_macro_f1:	0.7556
val_micro_f1:	0.7615
-----
train loss:	0.0228
val loss:	0.2430
val_macro_f1:	0.7466
val_micro_f1:	0.7566
-----
train loss:	0.0270
val loss:	0.2411
val_macro_f1:	0.7543
val_micro_f1:	0.7615
-----
train loss:	0.0508
val loss:	0.2439
val_macro_f1:	0.7536
val_micro_f1:	0.7606
-----
train loss:	0.0346
val loss:	0.2439
val_macro_f1:	0.7540
val_micro_f1:	0.7615
-----
train loss:	0.0505
val loss:	0.2404
val_macro_f1:	0.7575
val_micro_f1:	0.7647
-----
train loss:	0.0483
val loss:	0.2341
val_macro_f1:	0.7597
val_micro_f1:	0.7679
-----
train loss:	0.0999
val loss:	0.2294
val_macro_f1:	0.7693
val_micro_f1:	0.7727
-----
train loss:	0.0998
val loss:	0.2235
val_macro_f1:	0.7804
val_micro_f1:	0.7870
-----
train loss:	0.0739
val loss:	0.2116
val_macro_f1:	0.7806
val_micro_f1:	0.7899
-----
train loss:	0.0360
val loss:	0.2013
val_macro_f1:	0.7722
val_micro_f1:	0.7861
-----
train loss:	0.1342
val loss:	0.1927
val_macro_f1:	0.7796
val_micro_f1:	0.7975
-----
train loss:	0.1046
val loss:	0.1872
val_macro_f1:	0.7790
val_micro_f1:	0.7972
-----
train loss:	0.0542
val loss:	0.1814
val_macro_f1:	0.7764
val_micro_f1:	0.7985
-----
train loss:	0.0765
val loss:	0.1765
val_macro_f1:	0.7799
val_micro_f1:	0.8017
-----
train loss:	0.1012
val loss:	0.1760
val_macro_f1:	0.7758
val_micro_f1:	0.7996
-----
train loss:	0.0295
val loss:	0.1775
val_macro_f1:	0.7758
val_micro_f1:	0.7992
-----
train loss:	0.0326
val loss:	0.1817
val_macro_f1:	0.7807
val_micro_f1:	0.8040
-----
train loss:	0.1537
val loss:	0.1676
val_macro_f1:	0.7808
val_micro_f1:	0.8047
-----
train loss:	0.0319
val loss:	0.1595
val_macro_f1:	0.7899
val_micro_f1:	0.8151
-----
train loss:	0.0193
val loss:	0.1628
val_macro_f1:	0.7824
val_micro_f1:	0.8172
-----
train loss:	0.0706
val loss:	0.1650
val_macro_f1:	0.7757
val_micro_f1:	0.8161
-----
train loss:	0.0541
val loss:	0.1668
val_macro_f1:	0.7774
val_micro_f1:	0.8180
-----
==========
Epoch 15/20
train loss:	0.1398
val loss:	0.1646
val_macro_f1:	0.7730
val_micro_f1:	0.8148
-----
train loss:	0.0398
val loss:	0.1630
val_macro_f1:	0.7690
val_micro_f1:	0.8155
-----
train loss:	0.0574
val loss:	0.1618
val_macro_f1:	0.7664
val_micro_f1:	0.8142
-----
train loss:	0.0445
val loss:	0.1607
val_macro_f1:	0.7741
val_micro_f1:	0.8161
-----
train loss:	0.0506
val loss:	0.1614
val_macro_f1:	0.7756
val_micro_f1:	0.8177
-----
train loss:	0.1031
val loss:	0.1697
val_macro_f1:	0.7903
val_micro_f1:	0.8180
-----
train loss:	0.0067
val loss:	0.1835
val_macro_f1:	0.7748
val_micro_f1:	0.8121
-----
train loss:	0.0369
val loss:	0.1978
val_macro_f1:	0.7530
val_micro_f1:	0.8023
-----
train loss:	0.0787
val loss:	0.2140
val_macro_f1:	0.7332
val_micro_f1:	0.7914
-----
train loss:	0.0354
val loss:	0.2307
val_macro_f1:	0.7174
val_micro_f1:	0.7787
-----
train loss:	0.0274
val loss:	0.2426
val_macro_f1:	0.7061
val_micro_f1:	0.7677
-----
train loss:	0.0554
val loss:	0.2383
val_macro_f1:	0.7093
val_micro_f1:	0.7703
-----
train loss:	0.1032
val loss:	0.2243
val_macro_f1:	0.7248
val_micro_f1:	0.7821
-----
train loss:	0.0467
val loss:	0.2084
val_macro_f1:	0.7437
val_micro_f1:	0.7914
-----
train loss:	0.1250
val loss:	0.1956
val_macro_f1:	0.7631
val_micro_f1:	0.7965
-----
train loss:	0.0211
val loss:	0.1842
val_macro_f1:	0.7819
val_micro_f1:	0.8072
-----
train loss:	0.0916
val loss:	0.1732
val_macro_f1:	0.7948
val_micro_f1:	0.8169
-----
train loss:	0.0164
val loss:	0.1770
val_macro_f1:	0.7869
val_micro_f1:	0.8144
-----
train loss:	0.1704
val loss:	0.1879
val_macro_f1:	0.7668
val_micro_f1:	0.8050
-----
train loss:	0.0240
val loss:	0.2013
val_macro_f1:	0.7588
val_micro_f1:	0.8035
-----
train loss:	0.0963
val loss:	0.2137
val_macro_f1:	0.7572
val_micro_f1:	0.7983
-----
train loss:	0.0399
val loss:	0.2164
val_macro_f1:	0.7526
val_micro_f1:	0.7960
-----
train loss:	0.1107
val loss:	0.2101
val_macro_f1:	0.7579
val_micro_f1:	0.7986
-----
train loss:	0.0480
val loss:	0.1987
val_macro_f1:	0.7618
val_micro_f1:	0.8031
-----
train loss:	0.1157
val loss:	0.1801
val_macro_f1:	0.7719
val_micro_f1:	0.8110
-----
train loss:	0.0239
val loss:	0.1686
val_macro_f1:	0.7879
val_micro_f1:	0.8133
-----
train loss:	0.0476
val loss:	0.1713
val_macro_f1:	0.7878
val_micro_f1:	0.8074
-----
train loss:	0.0371
val loss:	0.1839
val_macro_f1:	0.7724
val_micro_f1:	0.7924
-----
train loss:	0.0532
val loss:	0.2079
val_macro_f1:	0.7497
val_micro_f1:	0.7741
-----
train loss:	0.0323
val loss:	0.2409
val_macro_f1:	0.7197
val_micro_f1:	0.7655
-----
train loss:	0.0168
val loss:	0.2784
val_macro_f1:	0.6779
val_micro_f1:	0.7450
-----
train loss:	0.0968
val loss:	0.3057
val_macro_f1:	0.6339
val_micro_f1:	0.7100
-----
train loss:	0.0757
val loss:	0.3500
val_macro_f1:	0.5650
val_micro_f1:	0.6729
-----
train loss:	0.1983
val loss:	0.3604
val_macro_f1:	0.5533
val_micro_f1:	0.6506
-----
train loss:	0.1239
val loss:	0.3581
val_macro_f1:	0.5456
val_micro_f1:	0.6351
-----
train loss:	0.2141
val loss:	0.3098
val_macro_f1:	0.5740
val_micro_f1:	0.6573
-----
train loss:	0.0586
val loss:	0.2700
val_macro_f1:	0.6334
val_micro_f1:	0.6996
-----
train loss:	0.1557
val loss:	0.2186
val_macro_f1:	0.7250
val_micro_f1:	0.7561
-----
train loss:	0.0236
val loss:	0.1939
val_macro_f1:	0.7571
val_micro_f1:	0.7816
-----
train loss:	0.0637
val loss:	0.1818
val_macro_f1:	0.7904
val_micro_f1:	0.8088
-----
train loss:	0.0374
val loss:	0.1782
val_macro_f1:	0.8260*
val_micro_f1:	0.8285
-----
train loss:	0.0299
val loss:	0.1864
val_macro_f1:	0.8237
val_micro_f1:	0.8306
-----
train loss:	0.0654
val loss:	0.1954
val_macro_f1:	0.8075
val_micro_f1:	0.8128
-----
train loss:	0.0586
val loss:	0.1996
val_macro_f1:	0.8006
val_micro_f1:	0.8062
-----
train loss:	0.0773
val loss:	0.2025
val_macro_f1:	0.7998
val_micro_f1:	0.8056
-----
train loss:	0.0515
val loss:	0.2057
val_macro_f1:	0.7860
val_micro_f1:	0.8046
-----
train loss:	0.0571
val loss:	0.2114
val_macro_f1:	0.7681
val_micro_f1:	0.7932
-----
train loss:	0.0495
val loss:	0.2150
val_macro_f1:	0.7634
val_micro_f1:	0.7932
-----
train loss:	0.1487
val loss:	0.2006
val_macro_f1:	0.7854
val_micro_f1:	0.8067
-----
train loss:	0.0160
val loss:	0.1922
val_macro_f1:	0.8115
val_micro_f1:	0.8215
-----
train loss:	0.1189
val loss:	0.1799
val_macro_f1:	0.8256
val_micro_f1:	0.8269
-----
train loss:	0.0770
val loss:	0.1744
val_macro_f1:	0.8081
val_micro_f1:	0.8198
-----
train loss:	0.0547
val loss:	0.1862
val_macro_f1:	0.7670
val_micro_f1:	0.7880
-----
train loss:	0.0194
val loss:	0.2007
val_macro_f1:	0.7449
val_micro_f1:	0.7751
-----
train loss:	0.0438
val loss:	0.2171
val_macro_f1:	0.7090
val_micro_f1:	0.7536
-----
==========
Epoch 16/20
train loss:	0.0461
val loss:	0.2444
val_macro_f1:	0.6494
val_micro_f1:	0.7075
-----
train loss:	0.0964
val loss:	0.2560
val_macro_f1:	0.6160
val_micro_f1:	0.6845
-----
train loss:	0.1398
val loss:	0.2268
val_macro_f1:	0.6832
val_micro_f1:	0.7351
-----
train loss:	0.0445
val loss:	0.2083
val_macro_f1:	0.7247
val_micro_f1:	0.7685
-----
train loss:	0.0247
val loss:	0.1946
val_macro_f1:	0.7558
val_micro_f1:	0.7825
-----
train loss:	0.0453
val loss:	0.1818
val_macro_f1:	0.7804
val_micro_f1:	0.8018
-----
train loss:	0.0506
val loss:	0.1795
val_macro_f1:	0.7890
val_micro_f1:	0.8070
-----
train loss:	0.1824
val loss:	0.1835
val_macro_f1:	0.7905
val_micro_f1:	0.8057
-----
train loss:	0.0467
val loss:	0.1862
val_macro_f1:	0.7932
val_micro_f1:	0.8055
-----
train loss:	0.0500
val loss:	0.1921
val_macro_f1:	0.7998
val_micro_f1:	0.8059
-----
train loss:	0.0464
val loss:	0.1967
val_macro_f1:	0.8025
val_micro_f1:	0.8049
-----
train loss:	0.1286
val loss:	0.1973
val_macro_f1:	0.7979
val_micro_f1:	0.8021
-----
train loss:	0.0647
val loss:	0.1991
val_macro_f1:	0.7982
val_micro_f1:	0.8012
-----
train loss:	0.0335
val loss:	0.2006
val_macro_f1:	0.8009
val_micro_f1:	0.8026
-----
train loss:	0.0758
val loss:	0.1999
val_macro_f1:	0.7988
val_micro_f1:	0.8017
-----
train loss:	0.0688
val loss:	0.1999
val_macro_f1:	0.7929
val_micro_f1:	0.7991
-----
train loss:	0.0256
val loss:	0.1992
val_macro_f1:	0.7770
val_micro_f1:	0.7866
-----
train loss:	0.0886
val loss:	0.2012
val_macro_f1:	0.7605
val_micro_f1:	0.7814
-----
train loss:	0.0312
val loss:	0.2007
val_macro_f1:	0.7496
val_micro_f1:	0.7759
-----
train loss:	0.0362
val loss:	0.2066
val_macro_f1:	0.7382
val_micro_f1:	0.7735
-----
train loss:	0.1478
val loss:	0.2306
val_macro_f1:	0.6902
val_micro_f1:	0.7514
-----
train loss:	0.1027
val loss:	0.2383
val_macro_f1:	0.6780
val_micro_f1:	0.7486
-----
train loss:	0.0875
val loss:	0.2439
val_macro_f1:	0.6764
val_micro_f1:	0.7452
-----
train loss:	0.0912
val loss:	0.2465
val_macro_f1:	0.6750
val_micro_f1:	0.7396
-----
train loss:	0.1209
val loss:	0.2384
val_macro_f1:	0.7025
val_micro_f1:	0.7541
-----
train loss:	0.1068
val loss:	0.2305
val_macro_f1:	0.7213
val_micro_f1:	0.7578
-----
train loss:	0.0642
val loss:	0.2171
val_macro_f1:	0.7380
val_micro_f1:	0.7685
-----
train loss:	0.1789
val loss:	0.2023
val_macro_f1:	0.7715
val_micro_f1:	0.7822
-----
train loss:	0.0500
val loss:	0.1945
val_macro_f1:	0.7910
val_micro_f1:	0.7947
-----
train loss:	0.0802
val loss:	0.1955
val_macro_f1:	0.7862
val_micro_f1:	0.7968
-----
train loss:	0.0378
val loss:	0.1977
val_macro_f1:	0.7784
val_micro_f1:	0.7964
-----
train loss:	0.0343
val loss:	0.2025
val_macro_f1:	0.7655
val_micro_f1:	0.7942
-----
train loss:	0.0414
val loss:	0.2066
val_macro_f1:	0.7661
val_micro_f1:	0.7960
-----
train loss:	0.0039
val loss:	0.2088
val_macro_f1:	0.7661
val_micro_f1:	0.7971
-----
train loss:	0.0437
val loss:	0.2073
val_macro_f1:	0.7639
val_micro_f1:	0.7956
-----
train loss:	0.0406
val loss:	0.2068
val_macro_f1:	0.7616
val_micro_f1:	0.7963
-----
train loss:	0.0814
val loss:	0.2020
val_macro_f1:	0.7622
val_micro_f1:	0.7945
-----
train loss:	0.0571
val loss:	0.1986
val_macro_f1:	0.7640
val_micro_f1:	0.7949
-----
train loss:	0.0811
val loss:	0.1891
val_macro_f1:	0.7814
val_micro_f1:	0.8001
-----
train loss:	0.0786
val loss:	0.1830
val_macro_f1:	0.7848
val_micro_f1:	0.8026
-----
train loss:	0.0767
val loss:	0.1798
val_macro_f1:	0.7853
val_micro_f1:	0.8040
-----
train loss:	0.0237
val loss:	0.1775
val_macro_f1:	0.7946
val_micro_f1:	0.8065
-----
train loss:	0.0317
val loss:	0.1749
val_macro_f1:	0.7866
val_micro_f1:	0.8007
-----
train loss:	0.0476
val loss:	0.1744
val_macro_f1:	0.7870
val_micro_f1:	0.8000
-----
train loss:	0.0434
val loss:	0.1723
val_macro_f1:	0.7895
val_micro_f1:	0.8004
-----
train loss:	0.0143
val loss:	0.1718
val_macro_f1:	0.7816
val_micro_f1:	0.7993
-----
train loss:	0.0185
val loss:	0.1711
val_macro_f1:	0.7826
val_micro_f1:	0.7985
-----
train loss:	0.0250
val loss:	0.1717
val_macro_f1:	0.7832
val_micro_f1:	0.7987
-----
train loss:	0.0575
val loss:	0.1720
val_macro_f1:	0.7861
val_micro_f1:	0.8012
-----
train loss:	0.1151
val loss:	0.1770
val_macro_f1:	0.7873
val_micro_f1:	0.8048
-----
train loss:	0.0158
val loss:	0.1831
val_macro_f1:	0.7842
val_micro_f1:	0.8010
-----
train loss:	0.1044
val loss:	0.1788
val_macro_f1:	0.7778
val_micro_f1:	0.7979
-----
train loss:	0.0444
val loss:	0.1736
val_macro_f1:	0.7731
val_micro_f1:	0.7926
-----
train loss:	0.0304
val loss:	0.1715
val_macro_f1:	0.7783
val_micro_f1:	0.8016
-----
==========
Epoch 17/20
train loss:	0.0163
val loss:	0.1715
val_macro_f1:	0.7827
val_micro_f1:	0.8126
-----
train loss:	0.0431
val loss:	0.1720
val_macro_f1:	0.7824
val_micro_f1:	0.8155
-----
train loss:	0.0360
val loss:	0.1762
val_macro_f1:	0.7754
val_micro_f1:	0.8150
-----
train loss:	0.0428
val loss:	0.1790
val_macro_f1:	0.7732
val_micro_f1:	0.8140
-----
train loss:	0.0670
val loss:	0.1824
val_macro_f1:	0.7748
val_micro_f1:	0.8155
-----
train loss:	0.0965
val loss:	0.1853
val_macro_f1:	0.7712
val_micro_f1:	0.8138
-----
train loss:	0.1534
val loss:	0.1867
val_macro_f1:	0.7708
val_micro_f1:	0.8116
-----
train loss:	0.0615
val loss:	0.1871
val_macro_f1:	0.7695
val_micro_f1:	0.8109
-----
train loss:	0.0207
val loss:	0.1865
val_macro_f1:	0.7691
val_micro_f1:	0.8095
-----
train loss:	0.0856
val loss:	0.1839
val_macro_f1:	0.7713
val_micro_f1:	0.8116
-----
train loss:	0.0666
val loss:	0.1796
val_macro_f1:	0.7789
val_micro_f1:	0.8125
-----
train loss:	0.0327
val loss:	0.1795
val_macro_f1:	0.7730
val_micro_f1:	0.8006
-----
train loss:	0.0050
val loss:	0.1813
val_macro_f1:	0.7823
val_micro_f1:	0.8004
-----
train loss:	0.0207
val loss:	0.1846
val_macro_f1:	0.7862
val_micro_f1:	0.8054
-----
train loss:	0.0837
val loss:	0.1895
val_macro_f1:	0.7903
val_micro_f1:	0.8044
-----
train loss:	0.0454
val loss:	0.1933
val_macro_f1:	0.7869
val_micro_f1:	0.7979
-----
train loss:	0.0172
val loss:	0.1962
val_macro_f1:	0.7842
val_micro_f1:	0.7955
-----
train loss:	0.0100
val loss:	0.1978
val_macro_f1:	0.7850
val_micro_f1:	0.7964
-----
train loss:	0.1158
val loss:	0.1980
val_macro_f1:	0.7819
val_micro_f1:	0.7947
-----
train loss:	0.0688
val loss:	0.1971
val_macro_f1:	0.7836
val_micro_f1:	0.7939
-----
train loss:	0.0211
val loss:	0.1972
val_macro_f1:	0.7836
val_micro_f1:	0.7938
-----
train loss:	0.0342
val loss:	0.1959
val_macro_f1:	0.7890
val_micro_f1:	0.8003
-----
train loss:	0.0220
val loss:	0.1961
val_macro_f1:	0.7880
val_micro_f1:	0.7986
-----
train loss:	0.0760
val loss:	0.2002
val_macro_f1:	0.7863
val_micro_f1:	0.7954
-----
train loss:	0.0817
val loss:	0.2027
val_macro_f1:	0.7875
val_micro_f1:	0.7963
-----
train loss:	0.0756
val loss:	0.2085
val_macro_f1:	0.7784
val_micro_f1:	0.7873
-----
train loss:	0.0162
val loss:	0.2158
val_macro_f1:	0.7635
val_micro_f1:	0.7784
-----
train loss:	0.1075
val loss:	0.2150
val_macro_f1:	0.7709
val_micro_f1:	0.7824
-----
train loss:	0.0766
val loss:	0.2117
val_macro_f1:	0.7836
val_micro_f1:	0.7897
-----
train loss:	0.0124
val loss:	0.2118
val_macro_f1:	0.7857
val_micro_f1:	0.7860
-----
train loss:	0.0373
val loss:	0.2127
val_macro_f1:	0.7902
val_micro_f1:	0.7888
-----
train loss:	0.0411
val loss:	0.2106
val_macro_f1:	0.7930
val_micro_f1:	0.7940
-----
train loss:	0.0256
val loss:	0.2108
val_macro_f1:	0.7931
val_micro_f1:	0.7961
-----
train loss:	0.0419
val loss:	0.2112
val_macro_f1:	0.7931
val_micro_f1:	0.7969
-----
train loss:	0.0236
val loss:	0.2124
val_macro_f1:	0.7896
val_micro_f1:	0.7955
-----
train loss:	0.0332
val loss:	0.2131
val_macro_f1:	0.7911
val_micro_f1:	0.7973
-----
train loss:	0.0394
val loss:	0.2142
val_macro_f1:	0.7902
val_micro_f1:	0.7951
-----
train loss:	0.0208
val loss:	0.2121
val_macro_f1:	0.7895
val_micro_f1:	0.7943
-----
train loss:	0.0561
val loss:	0.2090
val_macro_f1:	0.7925
val_micro_f1:	0.7957
-----
train loss:	0.0904
val loss:	0.2072
val_macro_f1:	0.7926
val_micro_f1:	0.7985
-----
train loss:	0.0235
val loss:	0.2119
val_macro_f1:	0.7858
val_micro_f1:	0.7937
-----
train loss:	0.0886
val loss:	0.2074
val_macro_f1:	0.7839
val_micro_f1:	0.7946
-----
train loss:	0.0736
val loss:	0.2028
val_macro_f1:	0.7879
val_micro_f1:	0.7978
-----
train loss:	0.1767
val loss:	0.1932
val_macro_f1:	0.7936
val_micro_f1:	0.8050
-----
train loss:	0.1214
val loss:	0.1937
val_macro_f1:	0.7934
val_micro_f1:	0.8043
-----
train loss:	0.0877
val loss:	0.1881
val_macro_f1:	0.7921
val_micro_f1:	0.8048
-----
train loss:	0.0734
val loss:	0.1819
val_macro_f1:	0.7915
val_micro_f1:	0.8034
-----
train loss:	0.0318
val loss:	0.1794
val_macro_f1:	0.7852
val_micro_f1:	0.7989
-----
train loss:	0.0329
val loss:	0.1750
val_macro_f1:	0.7804
val_micro_f1:	0.8041
-----
train loss:	0.0409
val loss:	0.1759
val_macro_f1:	0.7813
val_micro_f1:	0.8096
-----
train loss:	0.1127
val loss:	0.1713
val_macro_f1:	0.7764
val_micro_f1:	0.8091
-----
train loss:	0.0195
val loss:	0.1698
val_macro_f1:	0.7778
val_micro_f1:	0.8115
-----
train loss:	0.2120
val loss:	0.1642
val_macro_f1:	0.7804
val_micro_f1:	0.8082
-----
train loss:	0.0946
val loss:	0.1654
val_macro_f1:	0.7884
val_micro_f1:	0.8088
-----
==========
Epoch 18/20
train loss:	0.0374
val loss:	0.1765
val_macro_f1:	0.7806
val_micro_f1:	0.8130
-----
train loss:	0.0311
val loss:	0.1937
val_macro_f1:	0.7508
val_micro_f1:	0.7989
-----
train loss:	0.1097
val loss:	0.1920
val_macro_f1:	0.7512
val_micro_f1:	0.7981
-----
train loss:	0.0676
val loss:	0.1828
val_macro_f1:	0.7598
val_micro_f1:	0.8039
-----
train loss:	0.1747
val loss:	0.1682
val_macro_f1:	0.7777
val_micro_f1:	0.8179
-----
train loss:	0.0494
val loss:	0.1534
val_macro_f1:	0.7987
val_micro_f1:	0.8247
-----
train loss:	0.0548
val loss:	0.1476
val_macro_f1:	0.7797
val_micro_f1:	0.8144
-----
train loss:	0.0446
val loss:	0.1490
val_macro_f1:	0.7639
val_micro_f1:	0.8153
-----
train loss:	0.1124
val loss:	0.1537
val_macro_f1:	0.7577
val_micro_f1:	0.8148
-----
train loss:	0.0936
val loss:	0.1533
val_macro_f1:	0.7600
val_micro_f1:	0.8147
-----
train loss:	0.0498
val loss:	0.1535
val_macro_f1:	0.7571
val_micro_f1:	0.8139
-----
train loss:	0.0531
val loss:	0.1541
val_macro_f1:	0.7569
val_micro_f1:	0.8140
-----
train loss:	0.0566
val loss:	0.1532
val_macro_f1:	0.7593
val_micro_f1:	0.8149
-----
train loss:	0.0553
val loss:	0.1498
val_macro_f1:	0.7650
val_micro_f1:	0.8183
-----
train loss:	0.1661
val loss:	0.1489
val_macro_f1:	0.7807
val_micro_f1:	0.8168
-----
train loss:	0.0636
val loss:	0.1578
val_macro_f1:	0.7887
val_micro_f1:	0.8209
-----
train loss:	0.1015
val loss:	0.1713
val_macro_f1:	0.7674
val_micro_f1:	0.8081
-----
train loss:	0.0234
val loss:	0.1886
val_macro_f1:	0.7441
val_micro_f1:	0.7997
-----
train loss:	0.0587
val loss:	0.1983
val_macro_f1:	0.7393
val_micro_f1:	0.7972
-----
train loss:	0.0285
val loss:	0.2104
val_macro_f1:	0.7326
val_micro_f1:	0.7888
-----
train loss:	0.1327
val loss:	0.1925
val_macro_f1:	0.7399
val_micro_f1:	0.7947
-----
train loss:	0.0858
val loss:	0.1795
val_macro_f1:	0.7627
val_micro_f1:	0.8047
-----
train loss:	0.0802
val loss:	0.1738
val_macro_f1:	0.7709
val_micro_f1:	0.8072
-----
train loss:	0.0223
val loss:	0.1691
val_macro_f1:	0.7848
val_micro_f1:	0.8130
-----
train loss:	0.0848
val loss:	0.1638
val_macro_f1:	0.7952
val_micro_f1:	0.8154
-----
train loss:	0.0342
val loss:	0.1627
val_macro_f1:	0.7977
val_micro_f1:	0.8170
-----
train loss:	0.0788
val loss:	0.1678
val_macro_f1:	0.7832
val_micro_f1:	0.8093
-----
train loss:	0.0599
val loss:	0.1763
val_macro_f1:	0.7578
val_micro_f1:	0.7987
-----
train loss:	0.0505
val loss:	0.1896
val_macro_f1:	0.7557
val_micro_f1:	0.7991
-----
train loss:	0.0065
val loss:	0.2001
val_macro_f1:	0.7528
val_micro_f1:	0.7971
-----
train loss:	0.0488
val loss:	0.2062
val_macro_f1:	0.7531
val_micro_f1:	0.7980
-----
train loss:	0.0228
val loss:	0.2142
val_macro_f1:	0.7517
val_micro_f1:	0.7975
-----
train loss:	0.0659
val loss:	0.2104
val_macro_f1:	0.7551
val_micro_f1:	0.7994
-----
train loss:	0.0212
val loss:	0.2067
val_macro_f1:	0.7571
val_micro_f1:	0.7996
-----
train loss:	0.1338
val loss:	0.1949
val_macro_f1:	0.7537
val_micro_f1:	0.7977
-----
train loss:	0.0420
val loss:	0.1820
val_macro_f1:	0.7649
val_micro_f1:	0.8003
-----
train loss:	0.1531
val loss:	0.1735
val_macro_f1:	0.8064
val_micro_f1:	0.8120
-----
train loss:	0.0236
val loss:	0.1703
val_macro_f1:	0.7977
val_micro_f1:	0.8079
-----
train loss:	0.0520
val loss:	0.1778
val_macro_f1:	0.7860
val_micro_f1:	0.7945
-----
train loss:	0.0196
val loss:	0.1947
val_macro_f1:	0.7759
val_micro_f1:	0.7883
-----
train loss:	0.0112
val loss:	0.2195
val_macro_f1:	0.7298
val_micro_f1:	0.7691
-----
train loss:	0.1239
val loss:	0.2362
val_macro_f1:	0.7152
val_micro_f1:	0.7573
-----
train loss:	0.0326
val loss:	0.2496
val_macro_f1:	0.7060
val_micro_f1:	0.7522
-----
train loss:	0.0673
val loss:	0.2526
val_macro_f1:	0.7039
val_micro_f1:	0.7466
-----
train loss:	0.0341
val loss:	0.2531
val_macro_f1:	0.7090
val_micro_f1:	0.7451
-----
train loss:	0.0435
val loss:	0.2500
val_macro_f1:	0.7113
val_micro_f1:	0.7428
-----
train loss:	0.1361
val loss:	0.2306
val_macro_f1:	0.7315
val_micro_f1:	0.7595
-----
train loss:	0.0805
val loss:	0.2160
val_macro_f1:	0.7475
val_micro_f1:	0.7668
-----
train loss:	0.0318
val loss:	0.2119
val_macro_f1:	0.7781
val_micro_f1:	0.7761
-----
train loss:	0.1595
val loss:	0.2047
val_macro_f1:	0.7899
val_micro_f1:	0.7879
-----
train loss:	0.0298
val loss:	0.2032
val_macro_f1:	0.8000
val_micro_f1:	0.7935
-----
train loss:	0.0845
val loss:	0.2044
val_macro_f1:	0.7892
val_micro_f1:	0.7932
-----
train loss:	0.0141
val loss:	0.2118
val_macro_f1:	0.7846
val_micro_f1:	0.8057
-----
train loss:	0.1206
val loss:	0.2108
val_macro_f1:	0.7888
val_micro_f1:	0.8127
-----
==========
Epoch 19/20
train loss:	0.1259
val loss:	0.2052
val_macro_f1:	0.7858
val_micro_f1:	0.8095
-----
train loss:	0.0632
val loss:	0.1952
val_macro_f1:	0.7873
val_micro_f1:	0.8072
-----
train loss:	0.0470
val loss:	0.1884
val_macro_f1:	0.7889
val_micro_f1:	0.8071
-----
train loss:	0.0611
val loss:	0.1830
val_macro_f1:	0.7906
val_micro_f1:	0.8070
-----
train loss:	0.0283
val loss:	0.1774
val_macro_f1:	0.7911
val_micro_f1:	0.8067
-----
train loss:	0.0330
val loss:	0.1752
val_macro_f1:	0.7981
val_micro_f1:	0.8072
-----
train loss:	0.0235
val loss:	0.1748
val_macro_f1:	0.8013
val_micro_f1:	0.8079
-----
train loss:	0.0142
val loss:	0.1739
val_macro_f1:	0.7933
val_micro_f1:	0.8049
-----
train loss:	0.0372
val loss:	0.1738
val_macro_f1:	0.7922
val_micro_f1:	0.8034
-----
train loss:	0.0142
val loss:	0.1749
val_macro_f1:	0.7943
val_micro_f1:	0.8034
-----
train loss:	0.0705
val loss:	0.1740
val_macro_f1:	0.7949
val_micro_f1:	0.8063
-----
train loss:	0.0587
val loss:	0.1728
val_macro_f1:	0.7859
val_micro_f1:	0.8029
-----
train loss:	0.0435
val loss:	0.1737
val_macro_f1:	0.7791
val_micro_f1:	0.7984
-----
train loss:	0.0548
val loss:	0.1760
val_macro_f1:	0.7904
val_micro_f1:	0.8046
-----
train loss:	0.0442
val loss:	0.1766
val_macro_f1:	0.7794
val_micro_f1:	0.7988
-----
train loss:	0.0556
val loss:	0.1779
val_macro_f1:	0.7899
val_micro_f1:	0.8090
-----
train loss:	0.0211
val loss:	0.1813
val_macro_f1:	0.7862
val_micro_f1:	0.8082
-----
train loss:	0.0285
val loss:	0.1804
val_macro_f1:	0.7839
val_micro_f1:	0.8062
-----
train loss:	0.0224
val loss:	0.1812
val_macro_f1:	0.7804
val_micro_f1:	0.7986
-----
train loss:	0.0282
val loss:	0.1822
val_macro_f1:	0.7932
val_micro_f1:	0.8074
-----
train loss:	0.0127
val loss:	0.1851
val_macro_f1:	0.7945
val_micro_f1:	0.8025
-----
train loss:	0.0371
val loss:	0.1908
val_macro_f1:	0.7891
val_micro_f1:	0.7979
-----
train loss:	0.0589
val loss:	0.1947
val_macro_f1:	0.7865
val_micro_f1:	0.7952
-----
train loss:	0.0817
val loss:	0.2006
val_macro_f1:	0.7884
val_micro_f1:	0.7965
-----
train loss:	0.0389
val loss:	0.2087
val_macro_f1:	0.7837
val_micro_f1:	0.7935
-----
train loss:	0.0310
val loss:	0.2169
val_macro_f1:	0.7744
val_micro_f1:	0.7887
-----
train loss:	0.0078
val loss:	0.2234
val_macro_f1:	0.7712
val_micro_f1:	0.7863
-----
train loss:	0.0018
val loss:	0.2299
val_macro_f1:	0.7665
val_micro_f1:	0.7848
-----
train loss:	0.1265
val loss:	0.2291
val_macro_f1:	0.7708
val_micro_f1:	0.7847
-----
train loss:	0.0115
val loss:	0.2266
val_macro_f1:	0.7761
val_micro_f1:	0.7894
-----
train loss:	0.0861
val loss:	0.2307
val_macro_f1:	0.7749
val_micro_f1:	0.7870
-----
train loss:	0.0112
val loss:	0.2328
val_macro_f1:	0.7742
val_micro_f1:	0.7870
-----
train loss:	0.0731
val loss:	0.2335
val_macro_f1:	0.7764
val_micro_f1:	0.7870
-----
train loss:	0.0228
val loss:	0.2314
val_macro_f1:	0.7748
val_micro_f1:	0.7852
-----
train loss:	0.0961
val loss:	0.2264
val_macro_f1:	0.7865
val_micro_f1:	0.7928
-----
train loss:	0.0516
val loss:	0.2263
val_macro_f1:	0.7898
val_micro_f1:	0.7922
-----
train loss:	0.1525
val loss:	0.2302
val_macro_f1:	0.7867
val_micro_f1:	0.7915
-----
train loss:	0.1879
val loss:	0.2266
val_macro_f1:	0.7861
val_micro_f1:	0.7916
-----
train loss:	0.0800
val loss:	0.2187
val_macro_f1:	0.7937
val_micro_f1:	0.7977
-----
train loss:	0.0466
val loss:	0.2136
val_macro_f1:	0.7982
val_micro_f1:	0.7979
-----
train loss:	0.0674
val loss:	0.2103
val_macro_f1:	0.7958
val_micro_f1:	0.7963
-----
train loss:	0.0191
val loss:	0.2088
val_macro_f1:	0.7996
val_micro_f1:	0.7978
-----
train loss:	0.0341
val loss:	0.2065
val_macro_f1:	0.7977
val_micro_f1:	0.8000
-----
train loss:	0.0201
val loss:	0.2033
val_macro_f1:	0.7834
val_micro_f1:	0.7934
-----
train loss:	0.0473
val loss:	0.2049
val_macro_f1:	0.7834
val_micro_f1:	0.7977
-----
train loss:	0.0126
val loss:	0.2057
val_macro_f1:	0.7779
val_micro_f1:	0.7985
-----
train loss:	0.0388
val loss:	0.2074
val_macro_f1:	0.7773
val_micro_f1:	0.8003
-----
train loss:	0.0539
val loss:	0.2092
val_macro_f1:	0.7779
val_micro_f1:	0.7998
-----
train loss:	0.1364
val loss:	0.2052
val_macro_f1:	0.7797
val_micro_f1:	0.7993
-----
train loss:	0.0398
val loss:	0.1998
val_macro_f1:	0.7787
val_micro_f1:	0.7994
-----
train loss:	0.1144
val loss:	0.1933
val_macro_f1:	0.7830
val_micro_f1:	0.8006
-----
train loss:	0.0249
val loss:	0.1872
val_macro_f1:	0.7853
val_micro_f1:	0.8021
-----
train loss:	0.0686
val loss:	0.1805
val_macro_f1:	0.7943
val_micro_f1:	0.8007
-----
train loss:	0.0397
val loss:	0.1780
val_macro_f1:	0.8019
val_micro_f1:	0.8048
-----
==========
Epoch 20/20
train loss:	0.0178
val loss:	0.1791
val_macro_f1:	0.7910
val_micro_f1:	0.7998
-----
train loss:	0.0190
val loss:	0.1814
val_macro_f1:	0.7883
val_micro_f1:	0.7977
-----
train loss:	0.0431
val loss:	0.1829
val_macro_f1:	0.7870
val_micro_f1:	0.7970
-----
train loss:	0.0201
val loss:	0.1833
val_macro_f1:	0.7848
val_micro_f1:	0.7971
-----
train loss:	0.0792
val loss:	0.1833
val_macro_f1:	0.7892
val_micro_f1:	0.8012
-----
train loss:	0.0894
val loss:	0.1764
val_macro_f1:	0.7901
val_micro_f1:	0.8025
-----
train loss:	0.0790
val loss:	0.1747
val_macro_f1:	0.7881
val_micro_f1:	0.8039
-----
train loss:	0.0712
val loss:	0.1721
val_macro_f1:	0.7712
val_micro_f1:	0.7889
-----
train loss:	0.0834
val loss:	0.1727
val_macro_f1:	0.7680
val_micro_f1:	0.7964
-----
train loss:	0.1455
val loss:	0.1745
val_macro_f1:	0.7594
val_micro_f1:	0.8016
-----
train loss:	0.0682
val loss:	0.1833
val_macro_f1:	0.7673
val_micro_f1:	0.8070
-----
train loss:	0.0156
val loss:	0.1946
val_macro_f1:	0.7593
val_micro_f1:	0.8045
-----
train loss:	0.0320
val loss:	0.2069
val_macro_f1:	0.7527
val_micro_f1:	0.8011
-----
train loss:	0.0028
val loss:	0.2188
val_macro_f1:	0.7485
val_micro_f1:	0.7959
-----
train loss:	0.0292
val loss:	0.2272
val_macro_f1:	0.7415
val_micro_f1:	0.7912
-----
train loss:	0.0424
val loss:	0.2272
val_macro_f1:	0.7426
val_micro_f1:	0.7931
-----
train loss:	0.0444
val loss:	0.2291
val_macro_f1:	0.7426
val_micro_f1:	0.7931
-----
train loss:	0.1423
val loss:	0.1987
val_macro_f1:	0.7510
val_micro_f1:	0.8024
-----
train loss:	0.0193
val loss:	0.1784
val_macro_f1:	0.7561
val_micro_f1:	0.8073
-----
train loss:	0.0690
val loss:	0.1655
val_macro_f1:	0.7657
val_micro_f1:	0.8058
-----
train loss:	0.0309
val loss:	0.1641
val_macro_f1:	0.8014
val_micro_f1:	0.8223
-----
train loss:	0.0433
val loss:	0.1779
val_macro_f1:	0.7785
val_micro_f1:	0.8048
-----
train loss:	0.0494
val loss:	0.2025
val_macro_f1:	0.7472
val_micro_f1:	0.7832
-----
train loss:	0.0630
val loss:	0.2246
val_macro_f1:	0.7150
val_micro_f1:	0.7595
-----
train loss:	0.0657
val loss:	0.2553
val_macro_f1:	0.6858
val_micro_f1:	0.7389
-----
train loss:	0.1975
val loss:	0.2429
val_macro_f1:	0.6914
val_micro_f1:	0.7451
-----
train loss:	0.0648
val loss:	0.2287
val_macro_f1:	0.7070
val_micro_f1:	0.7530
-----
train loss:	0.0202
val loss:	0.2206
val_macro_f1:	0.7158
val_micro_f1:	0.7648
-----
train loss:	0.0221
val loss:	0.2115
val_macro_f1:	0.7309
val_micro_f1:	0.7758
-----
train loss:	0.0785
val loss:	0.2002
val_macro_f1:	0.7470
val_micro_f1:	0.7842
-----
train loss:	0.0514
val loss:	0.1897
val_macro_f1:	0.7616
val_micro_f1:	0.7915
-----
train loss:	0.0313
val loss:	0.1787
val_macro_f1:	0.7920
val_micro_f1:	0.8078
-----
train loss:	0.0239
val loss:	0.1765
val_macro_f1:	0.8019
val_micro_f1:	0.8161
-----
train loss:	0.0254
val loss:	0.1824
val_macro_f1:	0.8008
val_micro_f1:	0.8145
-----
train loss:	0.0300
val loss:	0.1908
val_macro_f1:	0.7951
val_micro_f1:	0.8100
-----
train loss:	0.0306
val loss:	0.1963
val_macro_f1:	0.7808
val_micro_f1:	0.8063
-----
train loss:	0.0139
val loss:	0.2070
val_macro_f1:	0.7712
val_micro_f1:	0.8066
-----
train loss:	0.1513
val loss:	0.2106
val_macro_f1:	0.7706
val_micro_f1:	0.8070
-----
train loss:	0.0474
val loss:	0.2114
val_macro_f1:	0.7718
val_micro_f1:	0.8078
-----
train loss:	0.1249
val loss:	0.2058
val_macro_f1:	0.7755
val_micro_f1:	0.8068
-----
train loss:	0.0500
val loss:	0.1932
val_macro_f1:	0.7851
val_micro_f1:	0.8081
-----
train loss:	0.0220
val loss:	0.1859
val_macro_f1:	0.7935
val_micro_f1:	0.8127
-----
train loss:	0.0593
val loss:	0.1825
val_macro_f1:	0.8058
val_micro_f1:	0.8201
-----
train loss:	0.0513
val loss:	0.1787
val_macro_f1:	0.8019
val_micro_f1:	0.8178
-----
train loss:	0.0297
val loss:	0.1751
val_macro_f1:	0.7992
val_micro_f1:	0.8152
-----
train loss:	0.1483
val loss:	0.1728
val_macro_f1:	0.7947
val_micro_f1:	0.8095
-----
train loss:	0.0337
val loss:	0.1838
val_macro_f1:	0.7645
val_micro_f1:	0.7947
-----
train loss:	0.0355
val loss:	0.2134
val_macro_f1:	0.7366
val_micro_f1:	0.7825
-----
train loss:	0.0495
val loss:	0.2461
val_macro_f1:	0.6902
val_micro_f1:	0.7504
-----
train loss:	0.0997
val loss:	0.2512
val_macro_f1:	0.6844
val_micro_f1:	0.7461
-----
train loss:	0.0159
val loss:	0.2555
val_macro_f1:	0.6853
val_micro_f1:	0.7479
-----
train loss:	0.0210
val loss:	0.2475
val_macro_f1:	0.6973
val_micro_f1:	0.7606
-----
train loss:	0.0590
val loss:	0.2391
val_macro_f1:	0.7148
val_micro_f1:	0.7716
-----
train loss:	0.0933
val loss:	0.2153
val_macro_f1:	0.7461
val_micro_f1:	0.7891
-----
Best loss model:
===Micro F1===
precision: [0.79566168 0.88373434]
recall [0.85299273 0.83608835]
f1 [0.82333037 0.85925135]
macro 0.8412908626070656
===Macro F1===
precision: [0.82555602 0.86208336]
recall [0.76946094 0.85621584]
f1 [0.73216273 0.82538961]
macro 0.7787761692681311
Best F1 model:
===Micro F1===
precision: [0.76493349 0.89755236]
recall [0.87826042 0.79805482]
f1 [0.81768902 0.84488435]
macro 0.831286686320193
===Macro F1===
precision: [0.75927332 0.88142734]
recall [0.8467311  0.82026101]
f1 [0.75348128 0.81452776]
macro 0.7840045200620462
