1 Physical GPUs, 1 Logical GPU
Bert loaded
Start Training.
Calculate class weights...
Class weights tf.Tensor([[0.47302673 0.52697327]], shape=(1, 2), dtype=float64)
Fill up train and val buffer.
==========
Epoch 1/20
train loss:	60.3006
val loss:	0.8437*
val_macro_f1:	0.2599*
val_micro_f1:	0.2950
-----
train loss:	58.7776
val loss:	1.1378
val_macro_f1:	0.2599
val_micro_f1:	0.2950
-----
train loss:	55.2889
val loss:	0.7668*
val_macro_f1:	0.2599
val_micro_f1:	0.2950
-----
train loss:	53.9558
val loss:	0.3956*
val_macro_f1:	0.2599
val_micro_f1:	0.2950
-----
train loss:	52.6482
val loss:	0.3479*
val_macro_f1:	0.3062*
val_micro_f1:	0.5069
-----
train loss:	51.3624
val loss:	0.3764
val_macro_f1:	0.2599
val_micro_f1:	0.2950
-----
train loss:	30.3846
val loss:	0.4126
val_macro_f1:	0.2599
val_micro_f1:	0.2950
-----
train loss:	58.5741
val loss:	0.3467*
val_macro_f1:	0.3112*
val_micro_f1:	0.5777
-----
train loss:	57.0850
val loss:	0.3240*
val_macro_f1:	0.3666*
val_micro_f1:	0.3742
-----
train loss:	55.5609
val loss:	0.4062
val_macro_f1:	0.3624
val_micro_f1:	0.3677
-----
train loss:	68.5968
val loss:	0.5087
val_macro_f1:	0.3624
val_micro_f1:	0.3677
-----
train loss:	39.1972
val loss:	0.5020
val_macro_f1:	0.3624
val_micro_f1:	0.3677
-----
train loss:	83.5000
val loss:	0.4352
val_macro_f1:	0.3624
val_micro_f1:	0.3677
-----
train loss:	52.8327
val loss:	0.3560
val_macro_f1:	0.3624
val_micro_f1:	0.3677
-----
train loss:	53.7110
val loss:	0.3267
val_macro_f1:	0.3624
val_micro_f1:	0.3677
-----
train loss:	100.7004
val loss:	0.3377
val_macro_f1:	0.3726*
val_micro_f1:	0.6026
-----
train loss:	97.6837
val loss:	0.4016
val_macro_f1:	0.2599
val_micro_f1:	0.2950
-----
train loss:	46.8659
val loss:	0.5213
val_macro_f1:	0.2599
val_micro_f1:	0.2950
-----
train loss:	17.1999
val loss:	0.6558
val_macro_f1:	0.2599
val_micro_f1:	0.2950
-----
train loss:	18.6293
val loss:	0.7772
val_macro_f1:	0.2599
val_micro_f1:	0.2950
-----
train loss:	98.2919
val loss:	0.8072
val_macro_f1:	0.2599
val_micro_f1:	0.2950
-----
train loss:	47.0990
val loss:	0.7614
val_macro_f1:	0.2599
val_micro_f1:	0.2950
-----
train loss:	81.8613
val loss:	0.6925
val_macro_f1:	0.2599
val_micro_f1:	0.2950
-----
train loss:	15.4855
val loss:	0.6691
val_macro_f1:	0.2599
val_micro_f1:	0.2950
-----
train loss:	45.8781
val loss:	0.5985
val_macro_f1:	0.2599
val_micro_f1:	0.2950
-----
train loss:	18.9077
val loss:	0.4975
val_macro_f1:	0.2599
val_micro_f1:	0.2950
-----
train loss:	29.6649
val loss:	0.4146
val_macro_f1:	0.2599
val_micro_f1:	0.2950
-----
train loss:	88.5189
val loss:	0.3620
val_macro_f1:	0.2599
val_micro_f1:	0.2950
-----
train loss:	16.0431
val loss:	0.3495
val_macro_f1:	0.2599
val_micro_f1:	0.2950
-----
train loss:	54.4770
val loss:	0.3387
val_macro_f1:	0.4369*
val_micro_f1:	0.5573
-----
train loss:	52.6239
val loss:	0.3331
val_macro_f1:	0.3638
val_micro_f1:	0.3699
-----
train loss:	13.4120
val loss:	0.3317
val_macro_f1:	0.3638
val_micro_f1:	0.3699
-----
train loss:	24.9621
val loss:	0.3306
val_macro_f1:	0.3638
val_micro_f1:	0.3699
-----
train loss:	68.7003
val loss:	0.3300
val_macro_f1:	0.3624
val_micro_f1:	0.3677
-----
train loss:	32.9528
val loss:	0.3300
val_macro_f1:	0.3624
val_micro_f1:	0.3677
-----
train loss:	19.0049
val loss:	0.3318
val_macro_f1:	0.3624
val_micro_f1:	0.3677
-----
train loss:	38.9891
val loss:	0.3335
val_macro_f1:	0.3624
val_micro_f1:	0.3677
-----
train loss:	21.6474
val loss:	0.3367
val_macro_f1:	0.3624
val_micro_f1:	0.3677
-----
train loss:	48.6389
val loss:	0.3384
val_macro_f1:	0.3624
val_micro_f1:	0.3677
-----
train loss:	121.9605
val loss:	0.3384
val_macro_f1:	0.3624
val_micro_f1:	0.3677
-----
train loss:	71.3088
val loss:	0.3372
val_macro_f1:	0.3624
val_micro_f1:	0.3677
-----
train loss:	16.4051
val loss:	0.3374
val_macro_f1:	0.3624
val_micro_f1:	0.3677
-----
train loss:	26.5963
val loss:	0.3338
val_macro_f1:	0.3624
val_micro_f1:	0.3677
-----
train loss:	18.0894
val loss:	0.3285
val_macro_f1:	0.3624
val_micro_f1:	0.3677
-----
train loss:	32.1486
val loss:	0.3295
val_macro_f1:	0.3624
val_micro_f1:	0.3677
-----
train loss:	22.4239
val loss:	0.3329
val_macro_f1:	0.4174
val_micro_f1:	0.4653
-----
train loss:	19.1000
val loss:	0.3324
val_macro_f1:	0.3945
val_micro_f1:	0.4214
-----
train loss:	25.6972
val loss:	0.3352
val_macro_f1:	0.4709*
val_micro_f1:	0.5786
-----
train loss:	23.5892
val loss:	0.3397
val_macro_f1:	0.4528
val_micro_f1:	0.4558
-----
train loss:	21.0164
val loss:	0.3418
val_macro_f1:	0.3011
val_micro_f1:	0.3378
-----
train loss:	20.4166
val loss:	0.3442
val_macro_f1:	0.2974
val_micro_f1:	0.3282
-----
train loss:	15.6552
val loss:	0.3471
val_macro_f1:	0.2687
val_micro_f1:	0.3040
-----
train loss:	9.3866
val loss:	0.3571
val_macro_f1:	0.2599
val_micro_f1:	0.2950
-----
train loss:	4.8333
val loss:	0.3583
val_macro_f1:	0.2599
val_micro_f1:	0.2950
-----
train loss:	1.8765
val loss:	0.3720
val_macro_f1:	0.2599
val_micro_f1:	0.2950
-----
train loss:	3.8634
val loss:	0.4042
val_macro_f1:	0.2599
val_micro_f1:	0.2950
-----
train loss:	10.5311
val loss:	0.4284
val_macro_f1:	0.2599
val_micro_f1:	0.2950
-----
train loss:	4.7336
val loss:	0.4431
val_macro_f1:	0.2599
val_micro_f1:	0.2950
-----
train loss:	0.7165
val loss:	0.4773
val_macro_f1:	0.2599
val_micro_f1:	0.2950
-----
train loss:	1.1015
val loss:	0.5120
val_macro_f1:	0.2599
val_micro_f1:	0.2950
-----
train loss:	2.1705
val loss:	0.4666
val_macro_f1:	0.2599
val_micro_f1:	0.2950
-----
train loss:	3.7901
val loss:	0.4215
val_macro_f1:	0.2599
val_micro_f1:	0.2950
-----
train loss:	0.9211
val loss:	0.3651
val_macro_f1:	0.2599
val_micro_f1:	0.2950
-----
==========
Epoch 2/20
train loss:	1.0727
val loss:	0.3349
val_macro_f1:	0.2893
val_micro_f1:	0.3184
-----
train loss:	5.9926
val loss:	0.3256
val_macro_f1:	0.4020
val_micro_f1:	0.4598
-----
train loss:	0.2962
val loss:	0.3333
val_macro_f1:	0.3624
val_micro_f1:	0.3677
-----
train loss:	1.2000
val loss:	0.3512
val_macro_f1:	0.3624
val_micro_f1:	0.3677
-----
train loss:	0.2099
val loss:	0.3645
val_macro_f1:	0.3624
val_micro_f1:	0.3677
-----
train loss:	0.4806
val loss:	0.3440
val_macro_f1:	0.3624
val_micro_f1:	0.3677
-----
train loss:	0.6745
val loss:	0.3344
val_macro_f1:	0.3624
val_micro_f1:	0.3677
-----
train loss:	0.3489
val loss:	0.3305
val_macro_f1:	0.3624
val_micro_f1:	0.3677
-----
train loss:	0.3137
val loss:	0.3372
val_macro_f1:	0.4140
val_micro_f1:	0.6713
-----
train loss:	0.2035
val loss:	0.3596
val_macro_f1:	0.2599
val_micro_f1:	0.2950
-----
train loss:	0.5510
val loss:	0.3950
val_macro_f1:	0.2599
val_micro_f1:	0.2950
-----
train loss:	0.6921
val loss:	0.4273
val_macro_f1:	0.2599
val_micro_f1:	0.2950
-----
train loss:	1.2906
val loss:	0.4421
val_macro_f1:	0.2599
val_micro_f1:	0.2950
-----
train loss:	0.8201
val loss:	0.4247
val_macro_f1:	0.2599
val_micro_f1:	0.2950
-----
train loss:	1.1005
val loss:	0.4004
val_macro_f1:	0.2599
val_micro_f1:	0.2950
-----
train loss:	1.6445
val loss:	0.3826
val_macro_f1:	0.2599
val_micro_f1:	0.2950
-----
train loss:	0.4808
val loss:	0.3676
val_macro_f1:	0.2599
val_micro_f1:	0.2950
-----
train loss:	1.1048
val loss:	0.3542
val_macro_f1:	0.2599
val_micro_f1:	0.2950
-----
train loss:	0.3016
val loss:	0.3493
val_macro_f1:	0.2599
val_micro_f1:	0.2950
-----
train loss:	0.2656
val loss:	0.3451
val_macro_f1:	0.2599
val_micro_f1:	0.2950
-----
train loss:	0.4682
val loss:	0.3389
val_macro_f1:	0.4051
val_micro_f1:	0.4814
-----
train loss:	0.6133
val loss:	0.3350
val_macro_f1:	0.3624
val_micro_f1:	0.3677
-----
train loss:	0.3657
val loss:	0.3326
val_macro_f1:	0.3624
val_micro_f1:	0.3677
-----
train loss:	0.1830
val loss:	0.3355
val_macro_f1:	0.3624
val_micro_f1:	0.3677
-----
train loss:	0.4801
val loss:	0.3494
val_macro_f1:	0.3624
val_micro_f1:	0.3677
-----
train loss:	0.3366
val loss:	0.3685
val_macro_f1:	0.3624
val_micro_f1:	0.3677
-----
train loss:	0.3219
val loss:	0.3669
val_macro_f1:	0.3624
val_micro_f1:	0.3677
-----
train loss:	0.2573
val loss:	0.3552
val_macro_f1:	0.3624
val_micro_f1:	0.3677
-----
train loss:	1.2621
val loss:	0.3457
val_macro_f1:	0.3624
val_micro_f1:	0.3677
-----
train loss:	0.5322
val loss:	0.3361
val_macro_f1:	0.3624
val_micro_f1:	0.3677
-----
train loss:	0.3197
val loss:	0.3334
val_macro_f1:	0.3624
val_micro_f1:	0.3677
-----
train loss:	0.5556
val loss:	0.3340
val_macro_f1:	0.3624
val_micro_f1:	0.3677
-----
train loss:	0.2909
val loss:	0.3362
val_macro_f1:	0.5164*
val_micro_f1:	0.6348
-----
train loss:	0.2523
val loss:	0.3444
val_macro_f1:	0.2641
val_micro_f1:	0.3045
-----
train loss:	0.3444
val loss:	0.3537
val_macro_f1:	0.2599
val_micro_f1:	0.2950
-----
train loss:	0.2623
val loss:	0.3593
val_macro_f1:	0.2599
val_micro_f1:	0.2950
-----
train loss:	0.2155
val loss:	0.3615
val_macro_f1:	0.2599
val_micro_f1:	0.2950
-----
train loss:	0.2077
val loss:	0.3670
val_macro_f1:	0.2599
val_micro_f1:	0.2950
-----
train loss:	0.2274
val loss:	0.3652
val_macro_f1:	0.2599
val_micro_f1:	0.2950
-----
train loss:	0.2056
val loss:	0.3670
val_macro_f1:	0.2599
val_micro_f1:	0.2950
-----
train loss:	0.4313
val loss:	0.3705
val_macro_f1:	0.2599
val_micro_f1:	0.2950
-----
train loss:	1.1814
val loss:	0.3688
val_macro_f1:	0.2599
val_micro_f1:	0.2950
-----
train loss:	0.2156
val loss:	0.3594
val_macro_f1:	0.2599
val_micro_f1:	0.2950
-----
train loss:	0.1837
val loss:	0.3532
val_macro_f1:	0.2599
val_micro_f1:	0.2950
-----
train loss:	0.2397
val loss:	0.3415
val_macro_f1:	0.2599
val_micro_f1:	0.2950
-----
train loss:	0.5364
val loss:	0.3337
val_macro_f1:	0.3444
val_micro_f1:	0.5436
-----
train loss:	0.2130
val loss:	0.3337
val_macro_f1:	0.3541
val_micro_f1:	0.5848
-----
train loss:	0.2714
val loss:	0.3313
val_macro_f1:	0.3341
val_micro_f1:	0.5512
-----
train loss:	0.1625
val loss:	0.3382
val_macro_f1:	0.3144
val_micro_f1:	0.4520
-----
train loss:	0.2294
val loss:	0.3426
val_macro_f1:	0.2949
val_micro_f1:	0.3784
-----
train loss:	0.1670
val loss:	0.3493
val_macro_f1:	0.2804
val_micro_f1:	0.3425
-----
train loss:	0.1136
val loss:	0.3682
val_macro_f1:	0.2599
val_micro_f1:	0.2950
-----
train loss:	0.2201
val loss:	0.3989
val_macro_f1:	0.2599
val_micro_f1:	0.2950
-----
train loss:	0.3176
val loss:	0.4109
val_macro_f1:	0.2599
val_micro_f1:	0.2950
-----
train loss:	0.1688
val loss:	0.4160
val_macro_f1:	0.2599
val_micro_f1:	0.2950
-----
==========
Epoch 3/20
train loss:	0.2621
val loss:	0.3861
val_macro_f1:	0.2613
val_micro_f1:	0.2982
-----
train loss:	0.1705
val loss:	0.3612
val_macro_f1:	0.2842
val_micro_f1:	0.3440
-----
train loss:	0.1034
val loss:	0.3488
val_macro_f1:	0.3049
val_micro_f1:	0.3895
-----
train loss:	0.1959
val loss:	0.3393
val_macro_f1:	0.3294
val_micro_f1:	0.4449
-----
train loss:	0.2320
val loss:	0.3233*
val_macro_f1:	0.3934
val_micro_f1:	0.5626
-----
train loss:	0.2067
val loss:	0.3139*
val_macro_f1:	0.5949*
val_micro_f1:	0.7282
-----
train loss:	0.1872
val loss:	0.3146
val_macro_f1:	0.5773
val_micro_f1:	0.6419
-----
train loss:	0.1832
val loss:	0.3186
val_macro_f1:	0.4120
val_micro_f1:	0.3993
-----
train loss:	0.1419
val loss:	0.3326
val_macro_f1:	0.3662
val_micro_f1:	0.3742
-----
train loss:	0.2825
val loss:	0.3556
val_macro_f1:	0.3638
val_micro_f1:	0.3699
-----
train loss:	0.2125
val loss:	0.3940
val_macro_f1:	0.3638
val_micro_f1:	0.3699
-----
train loss:	0.3517
val loss:	0.4344
val_macro_f1:	0.3638
val_micro_f1:	0.3699
-----
train loss:	0.4077
val loss:	0.3860
val_macro_f1:	0.3652
val_micro_f1:	0.3720
-----
train loss:	0.3562
val loss:	0.3472
val_macro_f1:	0.3830
val_micro_f1:	0.3763
-----
train loss:	0.1938
val loss:	0.3012*
val_macro_f1:	0.4921
val_micro_f1:	0.4635
-----
train loss:	0.1993
val loss:	0.2741*
val_macro_f1:	0.7008*
val_micro_f1:	0.7670
-----
train loss:	0.2069
val loss:	0.2738*
val_macro_f1:	0.6852
val_micro_f1:	0.8090
-----
train loss:	0.2107
val loss:	0.2670*
val_macro_f1:	0.6925
val_micro_f1:	0.8033
-----
train loss:	0.1905
val loss:	0.2589*
val_macro_f1:	0.7078*
val_micro_f1:	0.7741
-----
train loss:	0.1627
val loss:	0.2614
val_macro_f1:	0.6658
val_micro_f1:	0.6839
-----
train loss:	0.1698
val loss:	0.2405*
val_macro_f1:	0.7105*
val_micro_f1:	0.7652
-----
train loss:	0.1570
val loss:	0.2368*
val_macro_f1:	0.6942
val_micro_f1:	0.7910
-----
train loss:	0.1411
val loss:	0.2563
val_macro_f1:	0.6429
val_micro_f1:	0.7454
-----
train loss:	0.1285
val loss:	0.3797
val_macro_f1:	0.4231
val_micro_f1:	0.5233
-----
train loss:	0.2879
val loss:	0.2100*
val_macro_f1:	0.7135*
val_micro_f1:	0.7988
-----
train loss:	0.0903
val loss:	0.2748
val_macro_f1:	0.6472
val_micro_f1:	0.6750
-----
train loss:	0.1232
val loss:	0.4429
val_macro_f1:	0.5195
val_micro_f1:	0.4780
-----
train loss:	0.2105
val loss:	0.4235
val_macro_f1:	0.5167
val_micro_f1:	0.4726
-----
train loss:	0.5494
val loss:	0.2893
val_macro_f1:	0.5913
val_micro_f1:	0.5757
-----
train loss:	0.3477
val loss:	0.2203
val_macro_f1:	0.7193*
val_micro_f1:	0.7716
-----
train loss:	0.2180
val loss:	0.2428
val_macro_f1:	0.6967
val_micro_f1:	0.7852
-----
train loss:	0.2129
val loss:	0.2928
val_macro_f1:	0.5553
val_micro_f1:	0.6453
-----
train loss:	0.3466
val loss:	0.3224
val_macro_f1:	0.4528
val_micro_f1:	0.5468
-----
train loss:	0.0843
val loss:	0.3564
val_macro_f1:	0.3589
val_micro_f1:	0.4426
-----
train loss:	0.1558
val loss:	0.3661
val_macro_f1:	0.3069
val_micro_f1:	0.3829
-----
train loss:	0.2994
val loss:	0.3518
val_macro_f1:	0.3091
val_micro_f1:	0.3885
-----
train loss:	0.1462
val loss:	0.3388
val_macro_f1:	0.3408
val_micro_f1:	0.4222
-----
train loss:	0.1936
val loss:	0.3231
val_macro_f1:	0.4021
val_micro_f1:	0.4898
-----
train loss:	0.2945
val loss:	0.3000
val_macro_f1:	0.4894
val_micro_f1:	0.6088
-----
train loss:	0.1436
val loss:	0.2883
val_macro_f1:	0.6029
val_micro_f1:	0.7190
-----
train loss:	0.1997
val loss:	0.2815
val_macro_f1:	0.6850
val_micro_f1:	0.8105
-----
train loss:	0.1702
val loss:	0.2817
val_macro_f1:	0.6906
val_micro_f1:	0.8008
-----
train loss:	0.2504
val loss:	0.2843
val_macro_f1:	0.6770
val_micro_f1:	0.7704
-----
train loss:	0.1760
val loss:	0.2821
val_macro_f1:	0.6641
val_micro_f1:	0.7554
-----
train loss:	0.2260
val loss:	0.2812
val_macro_f1:	0.6368
val_micro_f1:	0.7333
-----
train loss:	0.2154
val loss:	0.2801
val_macro_f1:	0.6273
val_micro_f1:	0.7146
-----
train loss:	0.2120
val loss:	0.2793
val_macro_f1:	0.6280
val_micro_f1:	0.7135
-----
train loss:	0.3779
val loss:	0.2787
val_macro_f1:	0.6246
val_micro_f1:	0.7123
-----
train loss:	0.1137
val loss:	0.2722
val_macro_f1:	0.6545
val_micro_f1:	0.7381
-----
train loss:	0.2260
val loss:	0.2661
val_macro_f1:	0.6697
val_micro_f1:	0.7647
-----
train loss:	0.1503
val loss:	0.2607
val_macro_f1:	0.6916
val_micro_f1:	0.7950
-----
train loss:	0.1487
val loss:	0.2555
val_macro_f1:	0.7070
val_micro_f1:	0.8127
-----
train loss:	0.1476
val loss:	0.2504
val_macro_f1:	0.7130
val_micro_f1:	0.8202
-----
train loss:	0.1721
val loss:	0.2444
val_macro_f1:	0.7046
val_micro_f1:	0.8204
-----
train loss:	0.2296
val loss:	0.2451
val_macro_f1:	0.6698
val_micro_f1:	0.7983
-----
train loss:	0.1206
val loss:	0.2585
val_macro_f1:	0.6115
val_micro_f1:	0.7499
-----
train loss:	0.2175
val loss:	0.2826
val_macro_f1:	0.5880
val_micro_f1:	0.7149
-----
train loss:	0.1524
val loss:	0.2776
val_macro_f1:	0.5999
val_micro_f1:	0.7240
-----
train loss:	0.1002
val loss:	0.2521
val_macro_f1:	0.6231
val_micro_f1:	0.7612
-----
train loss:	0.2005
val loss:	0.2297
val_macro_f1:	0.6754
val_micro_f1:	0.7991
-----
train loss:	0.1628
val loss:	0.2249
val_macro_f1:	0.6782
val_micro_f1:	0.8020
-----
train loss:	0.2592
val loss:	0.2305
val_macro_f1:	0.6681
val_micro_f1:	0.7922
-----
train loss:	0.1480
val loss:	0.2360
val_macro_f1:	0.6590
val_micro_f1:	0.7768
-----
train loss:	0.1002
val loss:	0.2383
val_macro_f1:	0.6512
val_micro_f1:	0.7732
-----
train loss:	0.2588
val loss:	0.2551
val_macro_f1:	0.6221
val_micro_f1:	0.7445
-----
==========
Epoch 4/20
train loss:	0.1211
val loss:	0.2596
val_macro_f1:	0.6271
val_micro_f1:	0.7389
-----
train loss:	0.0891
val loss:	0.2599
val_macro_f1:	0.6281
val_micro_f1:	0.7397
-----
train loss:	0.1923
val loss:	0.2408
val_macro_f1:	0.6554
val_micro_f1:	0.7561
-----
train loss:	0.1203
val loss:	0.2366
val_macro_f1:	0.6741
val_micro_f1:	0.7697
-----
train loss:	0.2587
val loss:	0.2291
val_macro_f1:	0.6851
val_micro_f1:	0.7829
-----
train loss:	0.1370
val loss:	0.2133
val_macro_f1:	0.7311*
val_micro_f1:	0.8175
-----
train loss:	0.1156
val loss:	0.2047*
val_macro_f1:	0.7326*
val_micro_f1:	0.8105
-----
train loss:	0.0973
val loss:	0.2073
val_macro_f1:	0.7219
val_micro_f1:	0.7779
-----
train loss:	0.0952
val loss:	0.2232
val_macro_f1:	0.6897
val_micro_f1:	0.7393
-----
train loss:	0.2279
val loss:	0.2099
val_macro_f1:	0.7065
val_micro_f1:	0.7649
-----
train loss:	0.1550
val loss:	0.1996*
val_macro_f1:	0.7235
val_micro_f1:	0.7978
-----
train loss:	0.1375
val loss:	0.2007
val_macro_f1:	0.7407*
val_micro_f1:	0.8232
-----
train loss:	0.1228
val loss:	0.2202
val_macro_f1:	0.6924
val_micro_f1:	0.7831
-----
train loss:	0.0839
val loss:	0.2442
val_macro_f1:	0.6473
val_micro_f1:	0.7429
-----
train loss:	0.0948
val loss:	0.2376
val_macro_f1:	0.6546
val_micro_f1:	0.7526
-----
train loss:	0.0581
val loss:	0.2260
val_macro_f1:	0.6601
val_micro_f1:	0.7608
-----
train loss:	0.0895
val loss:	0.2396
val_macro_f1:	0.6429
val_micro_f1:	0.7543
-----
train loss:	0.0529
val loss:	0.2607
val_macro_f1:	0.6293
val_micro_f1:	0.7422
-----
train loss:	0.0959
val loss:	0.2611
val_macro_f1:	0.6344
val_micro_f1:	0.7479
-----
train loss:	0.2089
val loss:	0.2200
val_macro_f1:	0.6692
val_micro_f1:	0.7852
-----
train loss:	0.2188
val loss:	0.1938*
val_macro_f1:	0.7125
val_micro_f1:	0.8233
-----
train loss:	0.1632
val loss:	0.2135
val_macro_f1:	0.6866
val_micro_f1:	0.7680
-----
train loss:	0.1364
val loss:	0.2309
val_macro_f1:	0.6549
val_micro_f1:	0.7269
-----
train loss:	0.1518
val loss:	0.2185
val_macro_f1:	0.6727
val_micro_f1:	0.7601
-----
train loss:	0.1117
val loss:	0.1999
val_macro_f1:	0.6970
val_micro_f1:	0.8019
-----
train loss:	0.0367
val loss:	0.1948
val_macro_f1:	0.6891
val_micro_f1:	0.8219
-----
train loss:	0.1617
val loss:	0.1991
val_macro_f1:	0.6883
val_micro_f1:	0.8199
-----
train loss:	0.1040
val loss:	0.2073
val_macro_f1:	0.6744
val_micro_f1:	0.8100
-----
train loss:	0.1101
val loss:	0.2157
val_macro_f1:	0.6539
val_micro_f1:	0.7943
-----
train loss:	0.1002
val loss:	0.2221
val_macro_f1:	0.6483
val_micro_f1:	0.7896
-----
train loss:	0.2173
val loss:	0.2038
val_macro_f1:	0.6796
val_micro_f1:	0.8145
-----
train loss:	0.0730
val loss:	0.1981
val_macro_f1:	0.6917
val_micro_f1:	0.8254
-----
train loss:	0.2384
val loss:	0.1987
val_macro_f1:	0.6927
val_micro_f1:	0.8251
-----
train loss:	0.0617
val loss:	0.2014
val_macro_f1:	0.6903
val_micro_f1:	0.8215
-----
train loss:	0.0982
val loss:	0.2042
val_macro_f1:	0.6853
val_micro_f1:	0.8133
-----
train loss:	0.0912
val loss:	0.1970
val_macro_f1:	0.7000
val_micro_f1:	0.8243
-----
train loss:	0.0372
val loss:	0.1923*
val_macro_f1:	0.7013
val_micro_f1:	0.8240
-----
train loss:	0.0369
val loss:	0.1900*
val_macro_f1:	0.7019
val_micro_f1:	0.8251
-----
train loss:	0.0351
val loss:	0.1899*
val_macro_f1:	0.6977
val_micro_f1:	0.8176
-----
train loss:	0.0317
val loss:	0.1947
val_macro_f1:	0.6914
val_micro_f1:	0.8077
-----
train loss:	0.1134
val loss:	0.1854*
val_macro_f1:	0.6942
val_micro_f1:	0.8144
-----
train loss:	0.0957
val loss:	0.1777*
val_macro_f1:	0.7037
val_micro_f1:	0.8274
-----
train loss:	0.0725
val loss:	0.1847
val_macro_f1:	0.7021
val_micro_f1:	0.8192
-----
train loss:	0.2588
val loss:	0.1791
val_macro_f1:	0.6970
val_micro_f1:	0.8223
-----
train loss:	0.0723
val loss:	0.1787
val_macro_f1:	0.6858
val_micro_f1:	0.8195
-----
train loss:	0.0901
val loss:	0.1795
val_macro_f1:	0.6896
val_micro_f1:	0.8169
-----
train loss:	0.1211
val loss:	0.1837
val_macro_f1:	0.6883
val_micro_f1:	0.8126
-----
train loss:	0.1009
val loss:	0.1812
val_macro_f1:	0.6893
val_micro_f1:	0.8165
-----
train loss:	0.1208
val loss:	0.1750*
val_macro_f1:	0.6863
val_micro_f1:	0.8179
-----
train loss:	0.0635
val loss:	0.1945
val_macro_f1:	0.7044
val_micro_f1:	0.8038
-----
train loss:	0.4200
val loss:	0.1840
val_macro_f1:	0.7068
val_micro_f1:	0.8075
-----
train loss:	0.1416
val loss:	0.1694*
val_macro_f1:	0.7127
val_micro_f1:	0.8283
-----
train loss:	0.1112
val loss:	0.1671*
val_macro_f1:	0.7083
val_micro_f1:	0.8257
-----
train loss:	0.0881
val loss:	0.1897
val_macro_f1:	0.7081
val_micro_f1:	0.8187
-----
train loss:	0.1738
val loss:	0.2332
val_macro_f1:	0.6829
val_micro_f1:	0.7775
-----
train loss:	0.3809
val loss:	0.2013
val_macro_f1:	0.7030
val_micro_f1:	0.8117
-----
train loss:	0.1228
val loss:	0.1852
val_macro_f1:	0.7193
val_micro_f1:	0.8241
-----
train loss:	0.0913
val loss:	0.1856
val_macro_f1:	0.7443*
val_micro_f1:	0.8273
-----
train loss:	0.0932
val loss:	0.1959
val_macro_f1:	0.7426
val_micro_f1:	0.8041
-----
train loss:	0.0559
val loss:	0.2103
val_macro_f1:	0.7136
val_micro_f1:	0.7667
-----
train loss:	0.1062
val loss:	0.2211
val_macro_f1:	0.6917
val_micro_f1:	0.7236
-----
train loss:	0.1372
val loss:	0.2253
val_macro_f1:	0.6854
val_micro_f1:	0.7109
-----
train loss:	0.1008
val loss:	0.2259
val_macro_f1:	0.6850
val_micro_f1:	0.7096
-----
train loss:	0.3024
val loss:	0.2210
val_macro_f1:	0.7027
val_micro_f1:	0.7433
-----
train loss:	0.0738
val loss:	0.2193
val_macro_f1:	0.7131
val_micro_f1:	0.7606
-----
train loss:	0.1968
val loss:	0.2168
val_macro_f1:	0.7398
val_micro_f1:	0.7875
-----
train loss:	0.2727
val loss:	0.2176
val_macro_f1:	0.7678*
val_micro_f1:	0.8188
-----
train loss:	0.2392
val loss:	0.2258
val_macro_f1:	0.7606
val_micro_f1:	0.8305
-----
train loss:	0.1208
val loss:	0.2367
val_macro_f1:	0.7392
val_micro_f1:	0.8257
-----
==========
Epoch 5/20
train loss:	0.1212
val loss:	0.2480
val_macro_f1:	0.7265
val_micro_f1:	0.8077
-----
train loss:	0.1028
val loss:	0.2575
val_macro_f1:	0.6803
val_micro_f1:	0.7658
-----
train loss:	0.1309
val loss:	0.2636
val_macro_f1:	0.6445
val_micro_f1:	0.7225
-----
train loss:	0.1026
val loss:	0.2707
val_macro_f1:	0.6047
val_micro_f1:	0.6763
-----
train loss:	0.1381
val loss:	0.2749
val_macro_f1:	0.5722
val_micro_f1:	0.6485
-----
train loss:	0.0273
val loss:	0.2802
val_macro_f1:	0.5547
val_micro_f1:	0.6263
-----
train loss:	0.1858
val loss:	0.2777
val_macro_f1:	0.5711
val_micro_f1:	0.6498
-----
train loss:	0.0528
val loss:	0.2770
val_macro_f1:	0.5852
val_micro_f1:	0.6689
-----
train loss:	0.1160
val loss:	0.2722
val_macro_f1:	0.6253
val_micro_f1:	0.7128
-----
train loss:	0.1134
val loss:	0.2634
val_macro_f1:	0.6502
val_micro_f1:	0.7404
-----
train loss:	0.0978
val loss:	0.2554
val_macro_f1:	0.6623
val_micro_f1:	0.7543
-----
train loss:	0.1348
val loss:	0.2433
val_macro_f1:	0.6940
val_micro_f1:	0.7833
-----
train loss:	0.0997
val loss:	0.2293
val_macro_f1:	0.7189
val_micro_f1:	0.8081
-----
train loss:	0.1054
val loss:	0.2176
val_macro_f1:	0.7264
val_micro_f1:	0.8095
-----
train loss:	0.1461
val loss:	0.2078
val_macro_f1:	0.7324
val_micro_f1:	0.8141
-----
train loss:	0.1021
val loss:	0.1998
val_macro_f1:	0.7321
val_micro_f1:	0.8134
-----
train loss:	0.0431
val loss:	0.1944
val_macro_f1:	0.7522
val_micro_f1:	0.8243
-----
train loss:	0.1234
val loss:	0.1912
val_macro_f1:	0.7600
val_micro_f1:	0.8271
-----
train loss:	0.0917
val loss:	0.1876
val_macro_f1:	0.7668
val_micro_f1:	0.8284
-----
train loss:	0.0933
val loss:	0.1851
val_macro_f1:	0.7709*
val_micro_f1:	0.8282
-----
train loss:	0.0891
val loss:	0.1836
val_macro_f1:	0.7715*
val_micro_f1:	0.8247
-----
train loss:	0.0856
val loss:	0.1819
val_macro_f1:	0.7615
val_micro_f1:	0.8119
-----
train loss:	0.0917
val loss:	0.1846
val_macro_f1:	0.7537
val_micro_f1:	0.7989
-----
train loss:	0.0807
val loss:	0.1890
val_macro_f1:	0.7361
val_micro_f1:	0.7771
-----
train loss:	0.0406
val loss:	0.1975
val_macro_f1:	0.7226
val_micro_f1:	0.7523
-----
train loss:	0.1465
val loss:	0.2054
val_macro_f1:	0.7058
val_micro_f1:	0.7357
-----
train loss:	0.1390
val loss:	0.2071
val_macro_f1:	0.7002
val_micro_f1:	0.7299
-----
train loss:	0.3816
val loss:	0.1995
val_macro_f1:	0.7171
val_micro_f1:	0.7467
-----
train loss:	0.0722
val loss:	0.1911
val_macro_f1:	0.7291
val_micro_f1:	0.7655
-----
train loss:	0.0812
val loss:	0.1832
val_macro_f1:	0.7532
val_micro_f1:	0.7950
-----
train loss:	0.1555
val loss:	0.1771
val_macro_f1:	0.7619
val_micro_f1:	0.8043
-----
train loss:	0.1744
val loss:	0.1742
val_macro_f1:	0.7566
val_micro_f1:	0.8220
-----
train loss:	0.1646
val loss:	0.1798
val_macro_f1:	0.7454
val_micro_f1:	0.8170
-----
train loss:	0.1640
val loss:	0.1973
val_macro_f1:	0.7305
val_micro_f1:	0.8051
-----
train loss:	0.1162
val loss:	0.2160
val_macro_f1:	0.7170
val_micro_f1:	0.7935
-----
train loss:	0.0612
val loss:	0.2293
val_macro_f1:	0.7137
val_micro_f1:	0.7934
-----
train loss:	0.1188
val loss:	0.2339
val_macro_f1:	0.7086
val_micro_f1:	0.7911
-----
train loss:	0.0358
val loss:	0.2402
val_macro_f1:	0.7034
val_micro_f1:	0.7871
-----
train loss:	0.0593
val loss:	0.2588
val_macro_f1:	0.6914
val_micro_f1:	0.7759
-----
train loss:	0.1136
val loss:	0.2644
val_macro_f1:	0.6829
val_micro_f1:	0.7693
-----
train loss:	0.1452
val loss:	0.2914
val_macro_f1:	0.6511
val_micro_f1:	0.7428
-----
train loss:	0.1184
val loss:	0.3009
val_macro_f1:	0.6412
val_micro_f1:	0.7302
-----
train loss:	0.0792
val loss:	0.2990
val_macro_f1:	0.6419
val_micro_f1:	0.7284
-----
train loss:	0.1164
val loss:	0.2740
val_macro_f1:	0.6722
val_micro_f1:	0.7529
-----
train loss:	0.0637
val loss:	0.2691
val_macro_f1:	0.6747
val_micro_f1:	0.7562
-----
train loss:	0.0933
val loss:	0.2533
val_macro_f1:	0.6909
val_micro_f1:	0.7734
-----
train loss:	0.1465
val loss:	0.2489
val_macro_f1:	0.6987
val_micro_f1:	0.7783
-----
train loss:	0.0667
val loss:	0.2419
val_macro_f1:	0.7045
val_micro_f1:	0.7824
-----
train loss:	0.0563
val loss:	0.2382
val_macro_f1:	0.7054
val_micro_f1:	0.7823
-----
train loss:	0.1139
val loss:	0.2239
val_macro_f1:	0.7190
val_micro_f1:	0.7900
-----
train loss:	0.1195
val loss:	0.2062
val_macro_f1:	0.7265
val_micro_f1:	0.7967
-----
train loss:	0.0756
val loss:	0.1925
val_macro_f1:	0.7409
val_micro_f1:	0.8057
-----
train loss:	0.1128
val loss:	0.1940
val_macro_f1:	0.7386
val_micro_f1:	0.8034
-----
train loss:	0.0869
val loss:	0.1995
val_macro_f1:	0.7300
val_micro_f1:	0.7979
-----
train loss:	0.0762
val loss:	0.2065
val_macro_f1:	0.7283
val_micro_f1:	0.7962
-----
train loss:	0.1631
val loss:	0.2241
val_macro_f1:	0.7141
val_micro_f1:	0.7853
-----
==========
Epoch 6/20
train loss:	0.0673
val loss:	0.2343
val_macro_f1:	0.7035
val_micro_f1:	0.7783
-----
train loss:	0.1398
val loss:	0.2599
val_macro_f1:	0.6765
val_micro_f1:	0.7512
-----
train loss:	0.0997
val loss:	0.2667
val_macro_f1:	0.6683
val_micro_f1:	0.7435
-----
train loss:	0.1337
val loss:	0.3048
val_macro_f1:	0.6185
val_micro_f1:	0.7029
-----
train loss:	0.0835
val loss:	0.3188
val_macro_f1:	0.5989
val_micro_f1:	0.6905
-----
train loss:	0.1075
val loss:	0.3041
val_macro_f1:	0.6154
val_micro_f1:	0.7025
-----
train loss:	0.0418
val loss:	0.3100
val_macro_f1:	0.6105
val_micro_f1:	0.6968
-----
train loss:	0.5346
val loss:	0.2244
val_macro_f1:	0.7046
val_micro_f1:	0.7767
-----
train loss:	0.0684
val loss:	0.1874
val_macro_f1:	0.7429
val_micro_f1:	0.8119
-----
train loss:	0.0707
val loss:	0.1756
val_macro_f1:	0.7297
val_micro_f1:	0.8080
-----
train loss:	0.2394
val loss:	0.1765
val_macro_f1:	0.7371
val_micro_f1:	0.8116
-----
train loss:	0.0822
val loss:	0.1780
val_macro_f1:	0.7399
val_micro_f1:	0.8143
-----
train loss:	0.0772
val loss:	0.1796
val_macro_f1:	0.7388
val_micro_f1:	0.8134
-----
train loss:	0.1068
val loss:	0.1814
val_macro_f1:	0.7377
val_micro_f1:	0.8124
-----
train loss:	0.0603
val loss:	0.1835
val_macro_f1:	0.7305
val_micro_f1:	0.8090
-----
train loss:	0.0706
val loss:	0.1850
val_macro_f1:	0.7335
val_micro_f1:	0.8101
-----
train loss:	0.1142
val loss:	0.1866
val_macro_f1:	0.7359
val_micro_f1:	0.8111
-----
train loss:	0.0886
val loss:	0.1892
val_macro_f1:	0.7330
val_micro_f1:	0.8078
-----
train loss:	0.0973
val loss:	0.1925
val_macro_f1:	0.7344
val_micro_f1:	0.8044
-----
train loss:	0.0931
val loss:	0.1978
val_macro_f1:	0.7433
val_micro_f1:	0.8035
-----
train loss:	0.1695
val loss:	0.2028
val_macro_f1:	0.7343
val_micro_f1:	0.7950
-----
train loss:	0.0694
val loss:	0.2017
val_macro_f1:	0.7335
val_micro_f1:	0.7942
-----
train loss:	0.0591
val loss:	0.1928
val_macro_f1:	0.7395
val_micro_f1:	0.8012
-----
train loss:	0.0934
val loss:	0.1874
val_macro_f1:	0.7410
val_micro_f1:	0.8027
-----
train loss:	0.1237
val loss:	0.1780
val_macro_f1:	0.7422
val_micro_f1:	0.8077
-----
train loss:	0.0432
val loss:	0.1716
val_macro_f1:	0.7413
val_micro_f1:	0.8090
-----
train loss:	0.0733
val loss:	0.1692
val_macro_f1:	0.7424
val_micro_f1:	0.8105
-----
train loss:	0.0948
val loss:	0.1691
val_macro_f1:	0.7473
val_micro_f1:	0.8105
-----
train loss:	0.0548
val loss:	0.1729
val_macro_f1:	0.7419
val_micro_f1:	0.8065
-----
train loss:	0.0396
val loss:	0.1744
val_macro_f1:	0.7415
val_micro_f1:	0.8060
-----
train loss:	0.0382
val loss:	0.1799
val_macro_f1:	0.7431
val_micro_f1:	0.8046
-----
train loss:	0.1779
val loss:	0.1793
val_macro_f1:	0.7424
val_micro_f1:	0.8046
-----
train loss:	0.0243
val loss:	0.1807
val_macro_f1:	0.7316
val_micro_f1:	0.8022
-----
train loss:	0.0641
val loss:	0.1766
val_macro_f1:	0.7392
val_micro_f1:	0.8052
-----
train loss:	0.2006
val loss:	0.1847
val_macro_f1:	0.7262
val_micro_f1:	0.8008
-----
train loss:	0.0380
val loss:	0.1863
val_macro_f1:	0.7282
val_micro_f1:	0.8017
-----
train loss:	0.1172
val loss:	0.1786
val_macro_f1:	0.7298
val_micro_f1:	0.8062
-----
train loss:	0.0887
val loss:	0.1712
val_macro_f1:	0.7335
val_micro_f1:	0.8101
-----
train loss:	0.0850
val loss:	0.1655*
val_macro_f1:	0.7315
val_micro_f1:	0.8133
-----
train loss:	0.0704
val loss:	0.1700
val_macro_f1:	0.7394
val_micro_f1:	0.8138
-----
train loss:	0.0729
val loss:	0.1824
val_macro_f1:	0.7569
val_micro_f1:	0.8060
-----
train loss:	0.1535
val loss:	0.1732
val_macro_f1:	0.7399
val_micro_f1:	0.8109
-----
train loss:	0.1699
val loss:	0.1659
val_macro_f1:	0.7320
val_micro_f1:	0.8080
-----
train loss:	0.0960
val loss:	0.1725
val_macro_f1:	0.7402
val_micro_f1:	0.8080
-----
train loss:	0.2261
val loss:	0.2157
val_macro_f1:	0.7005
val_micro_f1:	0.7743
-----
train loss:	0.0375
val loss:	0.2729
val_macro_f1:	0.6278
val_micro_f1:	0.7099
-----
train loss:	0.1029
val loss:	0.3197
val_macro_f1:	0.5681
val_micro_f1:	0.6621
-----
train loss:	0.0741
val loss:	0.3620
val_macro_f1:	0.5142
val_micro_f1:	0.6126
-----
train loss:	0.1339
val loss:	0.3451
val_macro_f1:	0.5306
val_micro_f1:	0.6314
-----
train loss:	0.2468
val loss:	0.2737
val_macro_f1:	0.6212
val_micro_f1:	0.7054
-----
train loss:	0.2053
val loss:	0.2154
val_macro_f1:	0.7046
val_micro_f1:	0.7784
-----
train loss:	0.0749
val loss:	0.1811
val_macro_f1:	0.7471
val_micro_f1:	0.8079
-----
train loss:	0.0908
val loss:	0.1674
val_macro_f1:	0.7473
val_micro_f1:	0.8123
-----
train loss:	0.0997
val loss:	0.1782
val_macro_f1:	0.7533
val_micro_f1:	0.7991
-----
train loss:	0.0177
val loss:	0.2021
val_macro_f1:	0.7088
val_micro_f1:	0.7555
-----
==========
Epoch 7/20
train loss:	0.1441
val loss:	0.2231
val_macro_f1:	0.6939
val_micro_f1:	0.7261
-----
train loss:	0.1786
val loss:	0.2326
val_macro_f1:	0.6921
val_micro_f1:	0.7210
-----
train loss:	0.0932
val loss:	0.2312
val_macro_f1:	0.6923
val_micro_f1:	0.7206
-----
train loss:	0.1400
val loss:	0.2247
val_macro_f1:	0.6954
val_micro_f1:	0.7272
-----
train loss:	0.3882
val loss:	0.2090
val_macro_f1:	0.7131
val_micro_f1:	0.7495
-----
train loss:	0.1292
val loss:	0.1960
val_macro_f1:	0.7553
val_micro_f1:	0.7950
-----
train loss:	0.1093
val loss:	0.1914
val_macro_f1:	0.7566
val_micro_f1:	0.8065
-----
train loss:	0.0826
val loss:	0.1974
val_macro_f1:	0.7662
val_micro_f1:	0.8172
-----
train loss:	0.0878
val loss:	0.2108
val_macro_f1:	0.7519
val_micro_f1:	0.8021
-----
train loss:	0.1118
val loss:	0.2277
val_macro_f1:	0.7326
val_micro_f1:	0.7869
-----
train loss:	0.0864
val loss:	0.2502
val_macro_f1:	0.6867
val_micro_f1:	0.7585
-----
train loss:	0.1019
val loss:	0.2706
val_macro_f1:	0.6140
val_micro_f1:	0.7055
-----
train loss:	0.1350
val loss:	0.2779
val_macro_f1:	0.5966
val_micro_f1:	0.6943
-----
train loss:	0.1044
val loss:	0.2827
val_macro_f1:	0.5926
val_micro_f1:	0.6875
-----
train loss:	0.1189
val loss:	0.2829
val_macro_f1:	0.5906
val_micro_f1:	0.6879
-----
train loss:	0.1385
val loss:	0.2813
val_macro_f1:	0.5924
val_micro_f1:	0.6906
-----
train loss:	0.0508
val loss:	0.2781
val_macro_f1:	0.6009
val_micro_f1:	0.6982
-----
train loss:	0.0982
val loss:	0.2743
val_macro_f1:	0.6346
val_micro_f1:	0.7162
-----
train loss:	0.1476
val loss:	0.2620
val_macro_f1:	0.6652
val_micro_f1:	0.7442
-----
train loss:	0.1145
val loss:	0.2493
val_macro_f1:	0.6990
val_micro_f1:	0.7669
-----
train loss:	0.0788
val loss:	0.2398
val_macro_f1:	0.7231
val_micro_f1:	0.7829
-----
train loss:	0.1030
val loss:	0.2321
val_macro_f1:	0.7355
val_micro_f1:	0.7899
-----
train loss:	0.0923
val loss:	0.2266
val_macro_f1:	0.7358
val_micro_f1:	0.7911
-----
train loss:	0.1839
val loss:	0.2153
val_macro_f1:	0.7562
val_micro_f1:	0.8140
-----
train loss:	0.1142
val loss:	0.2073
val_macro_f1:	0.7562
val_micro_f1:	0.8157
-----
train loss:	0.1401
val loss:	0.2035
val_macro_f1:	0.7587
val_micro_f1:	0.8097
-----
train loss:	0.1691
val loss:	0.2038
val_macro_f1:	0.7675
val_micro_f1:	0.8131
-----
train loss:	0.1338
val loss:	0.2041
val_macro_f1:	0.7643
val_micro_f1:	0.8060
-----
train loss:	0.1381
val loss:	0.2044
val_macro_f1:	0.7626
val_micro_f1:	0.8024
-----
train loss:	0.0677
val loss:	0.2062
val_macro_f1:	0.7593
val_micro_f1:	0.7945
-----
train loss:	0.1043
val loss:	0.2057
val_macro_f1:	0.7518
val_micro_f1:	0.7875
-----
train loss:	0.1183
val loss:	0.2044
val_macro_f1:	0.7501
val_micro_f1:	0.7874
-----
train loss:	0.1279
val loss:	0.1985
val_macro_f1:	0.7640
val_micro_f1:	0.8043
-----
train loss:	0.1613
val loss:	0.1933
val_macro_f1:	0.7588
val_micro_f1:	0.8116
-----
train loss:	0.0939
val loss:	0.1945
val_macro_f1:	0.7498
val_micro_f1:	0.8118
-----
train loss:	0.1152
val loss:	0.2008
val_macro_f1:	0.7532
val_micro_f1:	0.8160
-----
train loss:	0.1871
val loss:	0.2174
val_macro_f1:	0.7363
val_micro_f1:	0.7913
-----
train loss:	0.0659
val loss:	0.2416
val_macro_f1:	0.7033
val_micro_f1:	0.7693
-----
train loss:	0.0427
val loss:	0.2771
val_macro_f1:	0.6446
val_micro_f1:	0.7242
-----
train loss:	0.0846
val loss:	0.3068
val_macro_f1:	0.5985
val_micro_f1:	0.6887
-----
train loss:	0.1218
val loss:	0.3501
val_macro_f1:	0.5517
val_micro_f1:	0.6422
-----
train loss:	0.1077
val loss:	0.3720
val_macro_f1:	0.5110
val_micro_f1:	0.6107
-----
train loss:	0.1421
val loss:	0.3720
val_macro_f1:	0.5119
val_micro_f1:	0.6127
-----
train loss:	0.1210
val loss:	0.3531
val_macro_f1:	0.5496
val_micro_f1:	0.6403
-----
train loss:	0.1527
val loss:	0.3127
val_macro_f1:	0.5879
val_micro_f1:	0.6792
-----
train loss:	0.0188
val loss:	0.2835
val_macro_f1:	0.6315
val_micro_f1:	0.7132
-----
train loss:	0.0973
val loss:	0.2495
val_macro_f1:	0.6834
val_micro_f1:	0.7544
-----
train loss:	0.1073
val loss:	0.2138
val_macro_f1:	0.7335
val_micro_f1:	0.7875
-----
train loss:	0.1504
val loss:	0.1985
val_macro_f1:	0.7488
val_micro_f1:	0.8017
-----
train loss:	0.0686
val loss:	0.1877
val_macro_f1:	0.7592
val_micro_f1:	0.8160
-----
train loss:	0.0936
val loss:	0.1833
val_macro_f1:	0.7571
val_micro_f1:	0.8097
-----
train loss:	0.0746
val loss:	0.1810
val_macro_f1:	0.7552
val_micro_f1:	0.8090
-----
train loss:	0.0701
val loss:	0.1811
val_macro_f1:	0.7616
val_micro_f1:	0.8030
-----
train loss:	0.0614
val loss:	0.1848
val_macro_f1:	0.7634
val_micro_f1:	0.7998
-----
==========
Epoch 8/20
train loss:	0.0745
val loss:	0.1877
val_macro_f1:	0.7522
val_micro_f1:	0.7851
-----
train loss:	0.2049
val loss:	0.1884
val_macro_f1:	0.7507
val_micro_f1:	0.7823
-----
train loss:	0.0210
val loss:	0.1901
val_macro_f1:	0.7506
val_micro_f1:	0.7810
-----
train loss:	0.0563
val loss:	0.1889
val_macro_f1:	0.7519
val_micro_f1:	0.7833
-----
train loss:	0.0710
val loss:	0.1866
val_macro_f1:	0.7550
val_micro_f1:	0.7893
-----
train loss:	0.0385
val loss:	0.1859
val_macro_f1:	0.7577
val_micro_f1:	0.7916
-----
train loss:	0.0268
val loss:	0.1848
val_macro_f1:	0.7608
val_micro_f1:	0.7954
-----
train loss:	0.3012
val loss:	0.1791
val_macro_f1:	0.7627
val_micro_f1:	0.8010
-----
train loss:	0.1251
val loss:	0.1773
val_macro_f1:	0.7562
val_micro_f1:	0.8052
-----
train loss:	0.0633
val loss:	0.1786
val_macro_f1:	0.7643
val_micro_f1:	0.8107
-----
train loss:	0.0302
val loss:	0.1816
val_macro_f1:	0.7549
val_micro_f1:	0.8035
-----
train loss:	0.0508
val loss:	0.1889
val_macro_f1:	0.7606
val_micro_f1:	0.8073
-----
train loss:	0.0842
val loss:	0.1967
val_macro_f1:	0.7519
val_micro_f1:	0.7983
-----
train loss:	0.0477
val loss:	0.2097
val_macro_f1:	0.7406
val_micro_f1:	0.7843
-----
train loss:	0.0487
val loss:	0.2271
val_macro_f1:	0.7240
val_micro_f1:	0.7718
-----
train loss:	0.0724
val loss:	0.2426
val_macro_f1:	0.6920
val_micro_f1:	0.7469
-----
train loss:	0.0940
val loss:	0.2543
val_macro_f1:	0.6749
val_micro_f1:	0.7349
-----
train loss:	0.0901
val loss:	0.2595
val_macro_f1:	0.6672
val_micro_f1:	0.7272
-----
train loss:	0.1418
val loss:	0.2454
val_macro_f1:	0.6844
val_micro_f1:	0.7418
-----
train loss:	0.1316
val loss:	0.2232
val_macro_f1:	0.7293
val_micro_f1:	0.7717
-----
train loss:	0.1404
val loss:	0.2139
val_macro_f1:	0.7401
val_micro_f1:	0.7797
-----
train loss:	0.0950
val loss:	0.2034
val_macro_f1:	0.7496
val_micro_f1:	0.7839
-----
train loss:	0.1741
val loss:	0.2032
val_macro_f1:	0.7506
val_micro_f1:	0.7864
-----
train loss:	0.0544
val loss:	0.2040
val_macro_f1:	0.7495
val_micro_f1:	0.7865
-----
train loss:	0.0462
val loss:	0.2059
val_macro_f1:	0.7468
val_micro_f1:	0.7842
-----
train loss:	0.1109
val loss:	0.2020
val_macro_f1:	0.7512
val_micro_f1:	0.7887
-----
train loss:	0.0457
val loss:	0.1969
val_macro_f1:	0.7540
val_micro_f1:	0.7922
-----
train loss:	0.0414
val loss:	0.1906
val_macro_f1:	0.7541
val_micro_f1:	0.7935
-----
train loss:	0.0877
val loss:	0.1871
val_macro_f1:	0.7551
val_micro_f1:	0.7964
-----
train loss:	0.0456
val loss:	0.1854
val_macro_f1:	0.7554
val_micro_f1:	0.7964
-----
train loss:	0.0682
val loss:	0.1826
val_macro_f1:	0.7604
val_micro_f1:	0.8001
-----
train loss:	0.0574
val loss:	0.1818
val_macro_f1:	0.7583
val_micro_f1:	0.7966
-----
train loss:	0.0827
val loss:	0.1817
val_macro_f1:	0.7583
val_micro_f1:	0.7966
-----
train loss:	0.0936
val loss:	0.1821
val_macro_f1:	0.7602
val_micro_f1:	0.7981
-----
train loss:	0.0380
val loss:	0.1823
val_macro_f1:	0.7567
val_micro_f1:	0.7959
-----
train loss:	0.0650
val loss:	0.1831
val_macro_f1:	0.7600
val_micro_f1:	0.7949
-----
train loss:	0.0456
val loss:	0.1829
val_macro_f1:	0.7591
val_micro_f1:	0.7969
-----
train loss:	0.1544
val loss:	0.1828
val_macro_f1:	0.7574
val_micro_f1:	0.7945
-----
train loss:	0.2432
val loss:	0.1944
val_macro_f1:	0.7573
val_micro_f1:	0.7952
-----
train loss:	0.1895
val loss:	0.1914
val_macro_f1:	0.7522
val_micro_f1:	0.7951
-----
train loss:	0.0311
val loss:	0.1915
val_macro_f1:	0.7553
val_micro_f1:	0.7983
-----
train loss:	0.0743
val loss:	0.1957
val_macro_f1:	0.7530
val_micro_f1:	0.7969
-----
train loss:	0.1265
val loss:	0.1973
val_macro_f1:	0.7514
val_micro_f1:	0.7969
-----
train loss:	0.1352
val loss:	0.1980
val_macro_f1:	0.7519
val_micro_f1:	0.8002
-----
train loss:	0.0532
val loss:	0.1975
val_macro_f1:	0.7524
val_micro_f1:	0.8024
-----
train loss:	0.1027
val loss:	0.1921
val_macro_f1:	0.7491
val_micro_f1:	0.8037
-----
train loss:	0.0724
val loss:	0.1872
val_macro_f1:	0.7529
val_micro_f1:	0.8113
-----
train loss:	0.1205
val loss:	0.1836
val_macro_f1:	0.7544
val_micro_f1:	0.8133
-----
train loss:	0.0566
val loss:	0.1790
val_macro_f1:	0.7502
val_micro_f1:	0.8136
-----
train loss:	0.1425
val loss:	0.1812
val_macro_f1:	0.7513
val_micro_f1:	0.8149
-----
train loss:	0.0613
val loss:	0.1824
val_macro_f1:	0.7534
val_micro_f1:	0.8152
-----
train loss:	0.0908
val loss:	0.1870
val_macro_f1:	0.7525
val_micro_f1:	0.8107
-----
train loss:	0.0684
val loss:	0.1952
val_macro_f1:	0.7412
val_micro_f1:	0.8010
-----
train loss:	0.0814
val loss:	0.2140
val_macro_f1:	0.7264
val_micro_f1:	0.7914
-----
==========
Epoch 9/20
train loss:	0.1385
val loss:	0.2306
val_macro_f1:	0.7070
val_micro_f1:	0.7743
-----
train loss:	0.0843
val loss:	0.2315
val_macro_f1:	0.7046
val_micro_f1:	0.7709
-----
train loss:	0.1234
val loss:	0.2177
val_macro_f1:	0.7271
val_micro_f1:	0.7932
-----
train loss:	0.1365
val loss:	0.2113
val_macro_f1:	0.7286
val_micro_f1:	0.7939
-----
train loss:	0.0898
val loss:	0.2038
val_macro_f1:	0.7404
val_micro_f1:	0.7962
-----
train loss:	0.0706
val loss:	0.1950
val_macro_f1:	0.7450
val_micro_f1:	0.8025
-----
train loss:	0.1174
val loss:	0.1810
val_macro_f1:	0.7460
val_micro_f1:	0.8032
-----
train loss:	0.0979
val loss:	0.1699
val_macro_f1:	0.7560
val_micro_f1:	0.8176
-----
train loss:	0.1805
val loss:	0.1692
val_macro_f1:	0.7576
val_micro_f1:	0.8170
-----
train loss:	0.1127
val loss:	0.1690
val_macro_f1:	0.7572
val_micro_f1:	0.8147
-----
train loss:	0.0447
val loss:	0.1692
val_macro_f1:	0.7548
val_micro_f1:	0.8091
-----
train loss:	0.1025
val loss:	0.1665
val_macro_f1:	0.7576
val_micro_f1:	0.8138
-----
train loss:	0.0610
val loss:	0.1633*
val_macro_f1:	0.7609
val_micro_f1:	0.8181
-----
train loss:	0.0538
val loss:	0.1611*
val_macro_f1:	0.7550
val_micro_f1:	0.8131
-----
train loss:	0.0457
val loss:	0.1610*
val_macro_f1:	0.7501
val_micro_f1:	0.8084
-----
train loss:	0.0400
val loss:	0.1673
val_macro_f1:	0.7666
val_micro_f1:	0.8065
-----
train loss:	0.0654
val loss:	0.1728
val_macro_f1:	0.7579
val_micro_f1:	0.7977
-----
train loss:	0.3406
val loss:	0.1616
val_macro_f1:	0.7653
val_micro_f1:	0.8131
-----
train loss:	0.0563
val loss:	0.1602*
val_macro_f1:	0.7632
val_micro_f1:	0.8144
-----
train loss:	0.0509
val loss:	0.1656
val_macro_f1:	0.7568
val_micro_f1:	0.8086
-----
train loss:	0.0630
val loss:	0.1786
val_macro_f1:	0.7550
val_micro_f1:	0.8035
-----
train loss:	0.1928
val loss:	0.2027
val_macro_f1:	0.7398
val_micro_f1:	0.7890
-----
train loss:	0.0768
val loss:	0.2348
val_macro_f1:	0.6892
val_micro_f1:	0.7466
-----
train loss:	0.0574
val loss:	0.2836
val_macro_f1:	0.6275
val_micro_f1:	0.7025
-----
train loss:	0.1129
val loss:	0.3231
val_macro_f1:	0.5738
val_micro_f1:	0.6634
-----
train loss:	0.1288
val loss:	0.3653
val_macro_f1:	0.5345
val_micro_f1:	0.6314
-----
train loss:	0.2077
val loss:	0.3514
val_macro_f1:	0.5468
val_micro_f1:	0.6421
-----
train loss:	0.2168
val loss:	0.3039
val_macro_f1:	0.6096
val_micro_f1:	0.6912
-----
train loss:	0.0978
val loss:	0.2590
val_macro_f1:	0.6664
val_micro_f1:	0.7334
-----
train loss:	0.2014
val loss:	0.2145
val_macro_f1:	0.7263
val_micro_f1:	0.7823
-----
train loss:	0.1077
val loss:	0.1885
val_macro_f1:	0.7511
val_micro_f1:	0.8062
-----
train loss:	0.1243
val loss:	0.1723
val_macro_f1:	0.7524
val_micro_f1:	0.8145
-----
train loss:	0.0424
val loss:	0.1769
val_macro_f1:	0.7523
val_micro_f1:	0.8010
-----
train loss:	0.1139
val loss:	0.1860
val_macro_f1:	0.7382
val_micro_f1:	0.7785
-----
train loss:	0.1033
val loss:	0.1938
val_macro_f1:	0.7266
val_micro_f1:	0.7615
-----
train loss:	0.1117
val loss:	0.2002
val_macro_f1:	0.7193
val_micro_f1:	0.7477
-----
train loss:	0.0864
val loss:	0.2013
val_macro_f1:	0.7193
val_micro_f1:	0.7477
-----
train loss:	0.0220
val loss:	0.2037
val_macro_f1:	0.7141
val_micro_f1:	0.7387
-----
train loss:	0.0919
val loss:	0.2028
val_macro_f1:	0.7174
val_micro_f1:	0.7445
-----
train loss:	0.0849
val loss:	0.2015
val_macro_f1:	0.7193
val_micro_f1:	0.7477
-----
train loss:	0.1569
val loss:	0.1928
val_macro_f1:	0.7278
val_micro_f1:	0.7644
-----
train loss:	0.0557
val loss:	0.1866
val_macro_f1:	0.7430
val_micro_f1:	0.7788
-----
train loss:	0.1430
val loss:	0.1790
val_macro_f1:	0.7576
val_micro_f1:	0.8004
-----
train loss:	0.0399
val loss:	0.1754
val_macro_f1:	0.7582
val_micro_f1:	0.8039
-----
train loss:	0.0819
val loss:	0.1750
val_macro_f1:	0.7508
val_micro_f1:	0.8145
-----
train loss:	0.1169
val loss:	0.1816
val_macro_f1:	0.7460
val_micro_f1:	0.8167
-----
train loss:	0.0730
val loss:	0.1923
val_macro_f1:	0.7466
val_micro_f1:	0.8113
-----
train loss:	0.0581
val loss:	0.2056
val_macro_f1:	0.7434
val_micro_f1:	0.7957
-----
train loss:	0.1711
val loss:	0.2101
val_macro_f1:	0.7412
val_micro_f1:	0.7943
-----
train loss:	0.0554
val loss:	0.2129
val_macro_f1:	0.7358
val_micro_f1:	0.7887
-----
train loss:	0.0641
val loss:	0.2086
val_macro_f1:	0.7416
val_micro_f1:	0.7935
-----
train loss:	0.0648
val loss:	0.2089
val_macro_f1:	0.7414
val_micro_f1:	0.7944
-----
train loss:	0.1057
val loss:	0.2045
val_macro_f1:	0.7427
val_micro_f1:	0.7939
-----
train loss:	0.0638
val loss:	0.2019
val_macro_f1:	0.7408
val_micro_f1:	0.7969
-----
train loss:	0.0545
val loss:	0.1955
val_macro_f1:	0.7470
val_micro_f1:	0.8110
-----
train loss:	0.0564
val loss:	0.1883
val_macro_f1:	0.7440
val_micro_f1:	0.8118
-----
train loss:	0.0722
val loss:	0.1833
val_macro_f1:	0.7469
val_micro_f1:	0.8139
-----
train loss:	0.0378
val loss:	0.1782
val_macro_f1:	0.7422
val_micro_f1:	0.8136
-----
==========
Epoch 10/20
train loss:	0.0766
val loss:	0.1732
val_macro_f1:	0.7493
val_micro_f1:	0.8191
-----
train loss:	0.0989
val loss:	0.1699
val_macro_f1:	0.7453
val_micro_f1:	0.8177
-----
train loss:	0.2389
val loss:	0.1709
val_macro_f1:	0.7416
val_micro_f1:	0.8145
-----
train loss:	0.0363
val loss:	0.1719
val_macro_f1:	0.7476
val_micro_f1:	0.8191
-----
train loss:	0.0788
val loss:	0.1726
val_macro_f1:	0.7497
val_micro_f1:	0.8199
-----
train loss:	0.1002
val loss:	0.1735
val_macro_f1:	0.7481
val_micro_f1:	0.8175
-----
train loss:	0.0835
val loss:	0.1794
val_macro_f1:	0.7509
val_micro_f1:	0.8157
-----
train loss:	0.0571
val loss:	0.1845
val_macro_f1:	0.7519
val_micro_f1:	0.8130
-----
train loss:	0.0554
val loss:	0.1934
val_macro_f1:	0.7503
val_micro_f1:	0.8032
-----
train loss:	0.0502
val loss:	0.2042
val_macro_f1:	0.7413
val_micro_f1:	0.7950
-----
train loss:	0.1071
val loss:	0.2127
val_macro_f1:	0.7368
val_micro_f1:	0.7896
-----
train loss:	0.0309
val loss:	0.2171
val_macro_f1:	0.7347
val_micro_f1:	0.7849
-----
train loss:	0.1386
val loss:	0.2068
val_macro_f1:	0.7416
val_micro_f1:	0.7928
-----
train loss:	0.0606
val loss:	0.2005
val_macro_f1:	0.7446
val_micro_f1:	0.7942
-----
train loss:	0.0395
val loss:	0.1931
val_macro_f1:	0.7564
val_micro_f1:	0.8045
-----
train loss:	0.0254
val loss:	0.1867
val_macro_f1:	0.7546
val_micro_f1:	0.8049
-----
train loss:	0.0395
val loss:	0.1841
val_macro_f1:	0.7561
val_micro_f1:	0.8048
-----
train loss:	0.0390
val loss:	0.1824
val_macro_f1:	0.7532
val_micro_f1:	0.8038
-----
train loss:	0.1772
val loss:	0.1789
val_macro_f1:	0.7594
val_micro_f1:	0.8131
-----
train loss:	0.0793
val loss:	0.1779
val_macro_f1:	0.7564
val_micro_f1:	0.8114
-----
train loss:	0.0854
val loss:	0.1759
val_macro_f1:	0.7582
val_micro_f1:	0.8145
-----
train loss:	0.0462
val loss:	0.1760
val_macro_f1:	0.7578
val_micro_f1:	0.8122
-----
train loss:	0.1024
val loss:	0.1748
val_macro_f1:	0.7638
val_micro_f1:	0.8146
-----
train loss:	0.0660
val loss:	0.1727
val_macro_f1:	0.7619
val_micro_f1:	0.8151
-----
train loss:	0.0453
val loss:	0.1696
val_macro_f1:	0.7618
val_micro_f1:	0.8178
-----
train loss:	0.0787
val loss:	0.1698
val_macro_f1:	0.7478
val_micro_f1:	0.8063
-----
train loss:	0.1059
val loss:	0.1699
val_macro_f1:	0.7503
val_micro_f1:	0.8032
-----
train loss:	0.2697
val loss:	0.1663
val_macro_f1:	0.7564
val_micro_f1:	0.8154
-----
train loss:	0.0413
val loss:	0.1676
val_macro_f1:	0.7615
val_micro_f1:	0.8149
-----
train loss:	0.1483
val loss:	0.1768
val_macro_f1:	0.7589
val_micro_f1:	0.8057
-----
train loss:	0.0530
val loss:	0.1890
val_macro_f1:	0.7550
val_micro_f1:	0.8008
-----
train loss:	0.0882
val loss:	0.1958
val_macro_f1:	0.7580
val_micro_f1:	0.8020
-----
train loss:	0.0346
val loss:	0.2027
val_macro_f1:	0.7558
val_micro_f1:	0.8005
-----
train loss:	0.0756
val loss:	0.2121
val_macro_f1:	0.7481
val_micro_f1:	0.7941
-----
train loss:	0.0180
val loss:	0.2228
val_macro_f1:	0.7191
val_micro_f1:	0.7792
-----
train loss:	0.0496
val loss:	0.2213
val_macro_f1:	0.7267
val_micro_f1:	0.7825
-----
train loss:	0.0510
val loss:	0.2205
val_macro_f1:	0.7389
val_micro_f1:	0.7866
-----
train loss:	0.1600
val loss:	0.2119
val_macro_f1:	0.7477
val_micro_f1:	0.7941
-----
train loss:	0.0607
val loss:	0.2150
val_macro_f1:	0.7449
val_micro_f1:	0.7916
-----
train loss:	0.1285
val loss:	0.2266
val_macro_f1:	0.7121
val_micro_f1:	0.7708
-----
train loss:	0.0702
val loss:	0.2203
val_macro_f1:	0.7347
val_micro_f1:	0.7866
-----
train loss:	0.1155
val loss:	0.2208
val_macro_f1:	0.7331
val_micro_f1:	0.7833
-----
train loss:	0.1154
val loss:	0.2294
val_macro_f1:	0.7073
val_micro_f1:	0.7681
-----
train loss:	0.0983
val loss:	0.2299
val_macro_f1:	0.7064
val_micro_f1:	0.7664
-----
train loss:	0.0711
val loss:	0.2237
val_macro_f1:	0.7258
val_micro_f1:	0.7790
-----
train loss:	0.0572
val loss:	0.2130
val_macro_f1:	0.7426
val_micro_f1:	0.7899
-----
train loss:	0.0205
val loss:	0.2064
val_macro_f1:	0.7510
val_micro_f1:	0.7957
-----
train loss:	0.0433
val loss:	0.1960
val_macro_f1:	0.7569
val_micro_f1:	0.8022
-----
train loss:	0.0184
val loss:	0.1858
val_macro_f1:	0.7567
val_micro_f1:	0.8033
-----
train loss:	0.1139
val loss:	0.1702
val_macro_f1:	0.7592
val_micro_f1:	0.8181
-----
train loss:	0.0476
val loss:	0.1688
val_macro_f1:	0.7592
val_micro_f1:	0.8098
-----
train loss:	0.0619
val loss:	0.1803
val_macro_f1:	0.7498
val_micro_f1:	0.7920
-----
train loss:	0.0309
val loss:	0.1990
val_macro_f1:	0.7206
val_micro_f1:	0.7602
-----
train loss:	0.0315
val loss:	0.2244
val_macro_f1:	0.7124
val_micro_f1:	0.7431
-----
==========
Epoch 11/20
train loss:	0.0759
val loss:	0.2543
val_macro_f1:	0.6958
val_micro_f1:	0.7139
-----
train loss:	0.0317
val loss:	0.2831
val_macro_f1:	0.6751
val_micro_f1:	0.6893
-----
train loss:	0.1943
val loss:	0.2836
val_macro_f1:	0.6797
val_micro_f1:	0.6917
-----
train loss:	0.0485
val loss:	0.2774
val_macro_f1:	0.6823
val_micro_f1:	0.6971
-----
train loss:	0.0047
val loss:	0.2735
val_macro_f1:	0.6856
val_micro_f1:	0.6992
-----
train loss:	0.1373
val loss:	0.2494
val_macro_f1:	0.7017
val_micro_f1:	0.7170
-----
train loss:	0.2634
val loss:	0.2060
val_macro_f1:	0.7245
val_micro_f1:	0.7590
-----
train loss:	0.1790
val loss:	0.1803
val_macro_f1:	0.7404
val_micro_f1:	0.7841
-----
train loss:	0.1485
val loss:	0.1821
val_macro_f1:	0.7349
val_micro_f1:	0.8128
-----
train loss:	0.0806
val loss:	0.2297
val_macro_f1:	0.7127
val_micro_f1:	0.7807
-----
train loss:	0.1447
val loss:	0.2840
val_macro_f1:	0.6211
val_micro_f1:	0.6990
-----
train loss:	0.0728
val loss:	0.3520
val_macro_f1:	0.4845
val_micro_f1:	0.5726
-----
train loss:	0.1973
val loss:	0.3890
val_macro_f1:	0.4417
val_micro_f1:	0.5315
-----
train loss:	0.1401
val loss:	0.3910
val_macro_f1:	0.4353
val_micro_f1:	0.5236
-----
train loss:	0.2918
val loss:	0.3452
val_macro_f1:	0.4744
val_micro_f1:	0.5652
-----
train loss:	0.0648
val loss:	0.3128
val_macro_f1:	0.5286
val_micro_f1:	0.6186
-----
train loss:	0.1395
val loss:	0.2812
val_macro_f1:	0.6051
val_micro_f1:	0.6890
-----
train loss:	0.0946
val loss:	0.2547
val_macro_f1:	0.6846
val_micro_f1:	0.7538
-----
train loss:	0.0913
val loss:	0.2375
val_macro_f1:	0.7182
val_micro_f1:	0.7932
-----
train loss:	0.0231
val loss:	0.2267
val_macro_f1:	0.7221
val_micro_f1:	0.8010
-----
train loss:	0.0918
val loss:	0.2186
val_macro_f1:	0.7320
val_micro_f1:	0.8119
-----
train loss:	0.1219
val loss:	0.2122
val_macro_f1:	0.7346
val_micro_f1:	0.8174
-----
train loss:	0.0782
val loss:	0.2071
val_macro_f1:	0.7391
val_micro_f1:	0.8181
-----
train loss:	0.1499
val loss:	0.2027
val_macro_f1:	0.7411
val_micro_f1:	0.8175
-----
train loss:	0.1304
val loss:	0.1995
val_macro_f1:	0.7441
val_micro_f1:	0.8182
-----
train loss:	0.1723
val loss:	0.1976
val_macro_f1:	0.7445
val_micro_f1:	0.8180
-----
train loss:	0.0897
val loss:	0.1954
val_macro_f1:	0.7467
val_micro_f1:	0.8186
-----
train loss:	0.0789
val loss:	0.1931
val_macro_f1:	0.7469
val_micro_f1:	0.8185
-----
train loss:	0.0784
val loss:	0.1915
val_macro_f1:	0.7460
val_micro_f1:	0.8175
-----
train loss:	0.0744
val loss:	0.1893
val_macro_f1:	0.7478
val_micro_f1:	0.8177
-----
train loss:	0.1749
val loss:	0.1885
val_macro_f1:	0.7514
val_micro_f1:	0.8193
-----
train loss:	0.0764
val loss:	0.1889
val_macro_f1:	0.7486
val_micro_f1:	0.8174
-----
train loss:	0.0654
val loss:	0.1886
val_macro_f1:	0.7575
val_micro_f1:	0.8213
-----
train loss:	0.0898
val loss:	0.1884
val_macro_f1:	0.7588
val_micro_f1:	0.8214
-----
train loss:	0.0749
val loss:	0.1890
val_macro_f1:	0.7576
val_micro_f1:	0.8184
-----
train loss:	0.0635
val loss:	0.1909
val_macro_f1:	0.7521
val_micro_f1:	0.8092
-----
train loss:	0.0875
val loss:	0.1886
val_macro_f1:	0.7576
val_micro_f1:	0.8139
-----
train loss:	0.0633
val loss:	0.1886
val_macro_f1:	0.7552
val_micro_f1:	0.8083
-----
train loss:	0.0701
val loss:	0.1875
val_macro_f1:	0.7529
val_micro_f1:	0.8045
-----
train loss:	0.0299
val loss:	0.1872
val_macro_f1:	0.7563
val_micro_f1:	0.8061
-----
train loss:	0.1159
val loss:	0.1861
val_macro_f1:	0.7571
val_micro_f1:	0.8062
-----
train loss:	0.0700
val loss:	0.1843
val_macro_f1:	0.7581
val_micro_f1:	0.8078
-----
train loss:	0.0730
val loss:	0.1829
val_macro_f1:	0.7562
val_micro_f1:	0.8061
-----
train loss:	0.0348
val loss:	0.1815
val_macro_f1:	0.7594
val_micro_f1:	0.8069
-----
train loss:	0.0407
val loss:	0.1797
val_macro_f1:	0.7575
val_micro_f1:	0.8091
-----
train loss:	0.0483
val loss:	0.1758
val_macro_f1:	0.7599
val_micro_f1:	0.8137
-----
train loss:	0.0410
val loss:	0.1744
val_macro_f1:	0.7624
val_micro_f1:	0.8152
-----
train loss:	0.1003
val loss:	0.1744
val_macro_f1:	0.7614
val_micro_f1:	0.8137
-----
train loss:	0.0672
val loss:	0.1752
val_macro_f1:	0.7638
val_micro_f1:	0.8116
-----
train loss:	0.0375
val loss:	0.1751
val_macro_f1:	0.7628
val_micro_f1:	0.8100
-----
train loss:	0.0647
val loss:	0.1729
val_macro_f1:	0.7634
val_micro_f1:	0.8114
-----
train loss:	0.0514
val loss:	0.1709
val_macro_f1:	0.7677
val_micro_f1:	0.8159
-----
train loss:	0.1749
val loss:	0.1753
val_macro_f1:	0.7668
val_micro_f1:	0.8103
-----
train loss:	0.0431
val loss:	0.1814
val_macro_f1:	0.7595
val_micro_f1:	0.8043
-----
==========
Epoch 12/20
train loss:	0.0755
val loss:	0.1847
val_macro_f1:	0.7582
val_micro_f1:	0.8012
-----
train loss:	0.0487
val loss:	0.1922
val_macro_f1:	0.7589
val_micro_f1:	0.8008
-----
train loss:	0.0639
val loss:	0.1932
val_macro_f1:	0.7588
val_micro_f1:	0.7993
-----
train loss:	0.0336
val loss:	0.1876
val_macro_f1:	0.7607
val_micro_f1:	0.8040
-----
train loss:	0.0281
val loss:	0.1804
val_macro_f1:	0.7642
val_micro_f1:	0.8044
-----
train loss:	0.0499
val loss:	0.1790
val_macro_f1:	0.7653
val_micro_f1:	0.8053
-----
train loss:	0.0223
val loss:	0.1800
val_macro_f1:	0.7669
val_micro_f1:	0.8062
-----
train loss:	0.0637
val loss:	0.1758
val_macro_f1:	0.7639
val_micro_f1:	0.8041
-----
train loss:	0.0984
val loss:	0.1678
val_macro_f1:	0.7683
val_micro_f1:	0.8089
-----
train loss:	0.0295
val loss:	0.1651
val_macro_f1:	0.7673
val_micro_f1:	0.8104
-----
train loss:	0.2106
val loss:	0.1655
val_macro_f1:	0.7699
val_micro_f1:	0.8154
-----
train loss:	0.0542
val loss:	0.1664
val_macro_f1:	0.7654
val_micro_f1:	0.8118
-----
train loss:	0.0544
val loss:	0.1692
val_macro_f1:	0.7686
val_micro_f1:	0.8108
-----
train loss:	0.0900
val loss:	0.1832
val_macro_f1:	0.7599
val_micro_f1:	0.8028
-----
train loss:	0.1062
val loss:	0.1931
val_macro_f1:	0.7560
val_micro_f1:	0.8024
-----
train loss:	0.0361
val loss:	0.1908
val_macro_f1:	0.7549
val_micro_f1:	0.8015
-----
train loss:	0.0971
val loss:	0.1815
val_macro_f1:	0.7530
val_micro_f1:	0.8012
-----
train loss:	0.0283
val loss:	0.1779
val_macro_f1:	0.7524
val_micro_f1:	0.8033
-----
train loss:	0.0213
val loss:	0.1752
val_macro_f1:	0.7513
val_micro_f1:	0.8040
-----
train loss:	0.0363
val loss:	0.1769
val_macro_f1:	0.7518
val_micro_f1:	0.8033
-----
train loss:	0.1196
val loss:	0.1766
val_macro_f1:	0.7493
val_micro_f1:	0.8032
-----
train loss:	0.0787
val loss:	0.1771
val_macro_f1:	0.7502
val_micro_f1:	0.8049
-----
train loss:	0.0565
val loss:	0.1770
val_macro_f1:	0.7490
val_micro_f1:	0.8055
-----
train loss:	0.0876
val loss:	0.1760
val_macro_f1:	0.7490
val_micro_f1:	0.8071
-----
train loss:	0.0702
val loss:	0.1778
val_macro_f1:	0.7449
val_micro_f1:	0.8032
-----
train loss:	0.0537
val loss:	0.1874
val_macro_f1:	0.7492
val_micro_f1:	0.8023
-----
train loss:	0.0956
val loss:	0.1935
val_macro_f1:	0.7442
val_micro_f1:	0.7993
-----
train loss:	0.0621
val loss:	0.2074
val_macro_f1:	0.7423
val_micro_f1:	0.7964
-----
train loss:	0.2121
val loss:	0.1899
val_macro_f1:	0.7532
val_micro_f1:	0.8010
-----
train loss:	0.0902
val loss:	0.1780
val_macro_f1:	0.7509
val_micro_f1:	0.8013
-----
train loss:	0.0063
val loss:	0.1708
val_macro_f1:	0.7569
val_micro_f1:	0.8073
-----
train loss:	0.0292
val loss:	0.1657
val_macro_f1:	0.7604
val_micro_f1:	0.8133
-----
train loss:	0.0430
val loss:	0.1638
val_macro_f1:	0.7597
val_micro_f1:	0.8151
-----
train loss:	0.1810
val loss:	0.1662
val_macro_f1:	0.7659
val_micro_f1:	0.8166
-----
train loss:	0.0270
val loss:	0.1687
val_macro_f1:	0.7621
val_micro_f1:	0.8120
-----
train loss:	0.0506
val loss:	0.1722
val_macro_f1:	0.7628
val_micro_f1:	0.8098
-----
train loss:	0.0217
val loss:	0.1775
val_macro_f1:	0.7564
val_micro_f1:	0.8053
-----
train loss:	0.0730
val loss:	0.1763
val_macro_f1:	0.7588
val_micro_f1:	0.8076
-----
train loss:	0.0227
val loss:	0.1767
val_macro_f1:	0.7574
val_micro_f1:	0.8091
-----
train loss:	0.0838
val loss:	0.1710
val_macro_f1:	0.7581
val_micro_f1:	0.8148
-----
train loss:	0.1098
val loss:	0.1654
val_macro_f1:	0.7638
val_micro_f1:	0.8245
-----
train loss:	0.0442
val loss:	0.1648
val_macro_f1:	0.7575
val_micro_f1:	0.8200
-----
train loss:	0.0385
val loss:	0.1723
val_macro_f1:	0.7436
val_micro_f1:	0.8005
-----
train loss:	0.0858
val loss:	0.1748
val_macro_f1:	0.7480
val_micro_f1:	0.8027
-----
train loss:	0.2815
val loss:	0.1592*
val_macro_f1:	0.7613
val_micro_f1:	0.8190
-----
train loss:	0.1531
val loss:	0.1960
val_macro_f1:	0.7469
val_micro_f1:	0.7990
-----
train loss:	0.0491
val loss:	0.2783
val_macro_f1:	0.6308
val_micro_f1:	0.7098
-----
train loss:	0.1266
val loss:	0.3541
val_macro_f1:	0.5426
val_micro_f1:	0.6425
-----
train loss:	0.0468
val loss:	0.4283
val_macro_f1:	0.4772
val_micro_f1:	0.5705
-----
train loss:	0.0350
val loss:	0.5003
val_macro_f1:	0.3976
val_micro_f1:	0.4587
-----
train loss:	0.2213
val loss:	0.5246
val_macro_f1:	0.3647
val_micro_f1:	0.4165
-----
train loss:	0.1000
val loss:	0.5369
val_macro_f1:	0.3447
val_micro_f1:	0.3909
-----
train loss:	0.2490
val loss:	0.4896
val_macro_f1:	0.3565
val_micro_f1:	0.4058
-----
train loss:	0.2399
val loss:	0.4072
val_macro_f1:	0.4042
val_micro_f1:	0.4661
-----
train loss:	0.1156
val loss:	0.3358
val_macro_f1:	0.4828
val_micro_f1:	0.5649
-----
==========
Epoch 13/20
train loss:	0.1604
val loss:	0.2763
val_macro_f1:	0.5699
val_micro_f1:	0.6508
-----
train loss:	0.1150
val loss:	0.2279
val_macro_f1:	0.6764
val_micro_f1:	0.7420
-----
train loss:	0.0501
val loss:	0.2040
val_macro_f1:	0.7492
val_micro_f1:	0.8000
-----
train loss:	0.1434
val loss:	0.1975
val_macro_f1:	0.7780*
val_micro_f1:	0.8197
-----
train loss:	0.1342
val loss:	0.2031
val_macro_f1:	0.7443
val_micro_f1:	0.7855
-----
train loss:	0.0886
val loss:	0.2137
val_macro_f1:	0.7052
val_micro_f1:	0.7395
-----
train loss:	0.0786
val loss:	0.2264
val_macro_f1:	0.6810
val_micro_f1:	0.6977
-----
train loss:	0.0993
val loss:	0.2326
val_macro_f1:	0.6703
val_micro_f1:	0.6834
-----
train loss:	0.1618
val loss:	0.2301
val_macro_f1:	0.6796
val_micro_f1:	0.6947
-----
train loss:	0.1390
val loss:	0.2215
val_macro_f1:	0.6876
val_micro_f1:	0.7087
-----
train loss:	0.0290
val loss:	0.2169
val_macro_f1:	0.6965
val_micro_f1:	0.7256
-----
train loss:	0.1871
val loss:	0.2044
val_macro_f1:	0.7088
val_micro_f1:	0.7453
-----
train loss:	0.2759
val loss:	0.1914
val_macro_f1:	0.7532
val_micro_f1:	0.7931
-----
train loss:	0.1018
val loss:	0.1849
val_macro_f1:	0.7707
val_micro_f1:	0.8160
-----
train loss:	0.0907
val loss:	0.1867
val_macro_f1:	0.7644
val_micro_f1:	0.8091
-----
train loss:	0.0781
val loss:	0.1961
val_macro_f1:	0.7508
val_micro_f1:	0.8003
-----
train loss:	0.0940
val loss:	0.2086
val_macro_f1:	0.7185
val_micro_f1:	0.7841
-----
train loss:	0.0664
val loss:	0.2273
val_macro_f1:	0.6690
val_micro_f1:	0.7381
-----
train loss:	0.1168
val loss:	0.2421
val_macro_f1:	0.6321
val_micro_f1:	0.7107
-----
train loss:	0.0972
val loss:	0.2496
val_macro_f1:	0.6154
val_micro_f1:	0.7007
-----
train loss:	0.0286
val loss:	0.2597
val_macro_f1:	0.5876
val_micro_f1:	0.6807
-----
train loss:	0.0727
val loss:	0.2617
val_macro_f1:	0.5953
val_micro_f1:	0.6807
-----
train loss:	0.0890
val loss:	0.2606
val_macro_f1:	0.6027
val_micro_f1:	0.6916
-----
train loss:	0.1204
val loss:	0.2613
val_macro_f1:	0.6023
val_micro_f1:	0.6916
-----
train loss:	0.0745
val loss:	0.2565
val_macro_f1:	0.6193
val_micro_f1:	0.7009
-----
train loss:	0.1012
val loss:	0.2443
val_macro_f1:	0.6352
val_micro_f1:	0.7143
-----
train loss:	0.0921
val loss:	0.2225
val_macro_f1:	0.6859
val_micro_f1:	0.7596
-----
train loss:	0.0951
val loss:	0.2049
val_macro_f1:	0.7130
val_micro_f1:	0.7784
-----
train loss:	0.1074
val loss:	0.1980
val_macro_f1:	0.7296
val_micro_f1:	0.7874
-----
train loss:	0.0706
val loss:	0.1891
val_macro_f1:	0.7392
val_micro_f1:	0.7929
-----
train loss:	0.0807
val loss:	0.1793
val_macro_f1:	0.7492
val_micro_f1:	0.7971
-----
train loss:	0.1197
val loss:	0.1711
val_macro_f1:	0.7622
val_micro_f1:	0.8075
-----
train loss:	0.0540
val loss:	0.1672
val_macro_f1:	0.7609
val_micro_f1:	0.8066
-----
train loss:	0.0598
val loss:	0.1657
val_macro_f1:	0.7638
val_micro_f1:	0.8079
-----
train loss:	0.0929
val loss:	0.1649
val_macro_f1:	0.7669
val_micro_f1:	0.8096
-----
train loss:	0.1336
val loss:	0.1660
val_macro_f1:	0.7630
val_micro_f1:	0.8062
-----
train loss:	0.0303
val loss:	0.1680
val_macro_f1:	0.7663
val_micro_f1:	0.8053
-----
train loss:	0.0258
val loss:	0.1705
val_macro_f1:	0.7642
val_micro_f1:	0.8035
-----
train loss:	0.0507
val loss:	0.1726
val_macro_f1:	0.7652
val_micro_f1:	0.8065
-----
train loss:	0.0765
val loss:	0.1796
val_macro_f1:	0.7539
val_micro_f1:	0.7943
-----
train loss:	0.0344
val loss:	0.1902
val_macro_f1:	0.7458
val_micro_f1:	0.7895
-----
train loss:	0.0385
val loss:	0.2033
val_macro_f1:	0.7358
val_micro_f1:	0.7792
-----
train loss:	0.0550
val loss:	0.2161
val_macro_f1:	0.7176
val_micro_f1:	0.7685
-----
train loss:	0.1187
val loss:	0.2386
val_macro_f1:	0.6918
val_micro_f1:	0.7507
-----
train loss:	0.0496
val loss:	0.2487
val_macro_f1:	0.6734
val_micro_f1:	0.7377
-----
train loss:	0.0732
val loss:	0.2480
val_macro_f1:	0.6761
val_micro_f1:	0.7368
-----
train loss:	0.0169
val loss:	0.2421
val_macro_f1:	0.6866
val_micro_f1:	0.7480
-----
train loss:	0.1586
val loss:	0.2148
val_macro_f1:	0.7196
val_micro_f1:	0.7710
-----
train loss:	0.1739
val loss:	0.2045
val_macro_f1:	0.7344
val_micro_f1:	0.7792
-----
train loss:	0.0610
val loss:	0.1863
val_macro_f1:	0.7475
val_micro_f1:	0.7925
-----
train loss:	0.1181
val loss:	0.1757
val_macro_f1:	0.7579
val_micro_f1:	0.8063
-----
train loss:	0.0744
val loss:	0.1702
val_macro_f1:	0.7565
val_micro_f1:	0.8078
-----
train loss:	0.0781
val loss:	0.1673
val_macro_f1:	0.7598
val_micro_f1:	0.8108
-----
train loss:	0.0256
val loss:	0.1655
val_macro_f1:	0.7597
val_micro_f1:	0.8101
-----
train loss:	0.0790
val loss:	0.1689
val_macro_f1:	0.7531
val_micro_f1:	0.8054
-----
==========
Epoch 14/20
train loss:	0.0450
val loss:	0.1746
val_macro_f1:	0.7470
val_micro_f1:	0.8006
-----
train loss:	0.0775
val loss:	0.1850
val_macro_f1:	0.7594
val_micro_f1:	0.8000
-----
train loss:	0.0274
val loss:	0.1959
val_macro_f1:	0.7486
val_micro_f1:	0.7894
-----
train loss:	0.2639
val loss:	0.1958
val_macro_f1:	0.7462
val_micro_f1:	0.7880
-----
train loss:	0.0928
val loss:	0.1937
val_macro_f1:	0.7472
val_micro_f1:	0.7912
-----
train loss:	0.0846
val loss:	0.1865
val_macro_f1:	0.7495
val_micro_f1:	0.7960
-----
train loss:	0.0508
val loss:	0.1814
val_macro_f1:	0.7583
val_micro_f1:	0.8024
-----
train loss:	0.0395
val loss:	0.1779
val_macro_f1:	0.7468
val_micro_f1:	0.7992
-----
train loss:	0.1503
val loss:	0.1752
val_macro_f1:	0.7485
val_micro_f1:	0.7997
-----
train loss:	0.0980
val loss:	0.1731
val_macro_f1:	0.7518
val_micro_f1:	0.8084
-----
train loss:	0.0344
val loss:	0.1730
val_macro_f1:	0.7511
val_micro_f1:	0.8091
-----
train loss:	0.0785
val loss:	0.1741
val_macro_f1:	0.7555
val_micro_f1:	0.8110
-----
train loss:	0.0762
val loss:	0.1758
val_macro_f1:	0.7524
val_micro_f1:	0.8089
-----
train loss:	0.0315
val loss:	0.1777
val_macro_f1:	0.7535
val_micro_f1:	0.8121
-----
train loss:	0.0426
val loss:	0.1798
val_macro_f1:	0.7543
val_micro_f1:	0.8141
-----
train loss:	0.0582
val loss:	0.1827
val_macro_f1:	0.7526
val_micro_f1:	0.8100
-----
train loss:	0.0492
val loss:	0.1883
val_macro_f1:	0.7465
val_micro_f1:	0.8042
-----
train loss:	0.1292
val loss:	0.1991
val_macro_f1:	0.7297
val_micro_f1:	0.7853
-----
train loss:	0.0777
val loss:	0.2052
val_macro_f1:	0.7283
val_micro_f1:	0.7824
-----
train loss:	0.0770
val loss:	0.2132
val_macro_f1:	0.7196
val_micro_f1:	0.7751
-----
train loss:	0.1041
val loss:	0.2189
val_macro_f1:	0.7134
val_micro_f1:	0.7701
-----
train loss:	0.0194
val loss:	0.2246
val_macro_f1:	0.7086
val_micro_f1:	0.7684
-----
train loss:	0.0476
val loss:	0.2232
val_macro_f1:	0.7143
val_micro_f1:	0.7701
-----
train loss:	0.0510
val loss:	0.2259
val_macro_f1:	0.7180
val_micro_f1:	0.7732
-----
train loss:	0.0358
val loss:	0.2304
val_macro_f1:	0.7129
val_micro_f1:	0.7690
-----
train loss:	0.0643
val loss:	0.2247
val_macro_f1:	0.7262
val_micro_f1:	0.7783
-----
train loss:	0.0963
val loss:	0.2160
val_macro_f1:	0.7275
val_micro_f1:	0.7776
-----
train loss:	0.0634
val loss:	0.2063
val_macro_f1:	0.7485
val_micro_f1:	0.7881
-----
train loss:	0.0735
val loss:	0.1938
val_macro_f1:	0.7479
val_micro_f1:	0.7916
-----
train loss:	0.0642
val loss:	0.1877
val_macro_f1:	0.7559
val_micro_f1:	0.7959
-----
train loss:	0.0319
val loss:	0.1825
val_macro_f1:	0.7561
val_micro_f1:	0.7999
-----
train loss:	0.0513
val loss:	0.1790
val_macro_f1:	0.7608
val_micro_f1:	0.8056
-----
train loss:	0.0974
val loss:	0.1773
val_macro_f1:	0.7593
val_micro_f1:	0.8067
-----
train loss:	0.0068
val loss:	0.1756
val_macro_f1:	0.7637
val_micro_f1:	0.8071
-----
train loss:	0.0574
val loss:	0.1762
val_macro_f1:	0.7682
val_micro_f1:	0.8073
-----
train loss:	0.1758
val loss:	0.1754
val_macro_f1:	0.7642
val_micro_f1:	0.8041
-----
train loss:	0.0439
val loss:	0.1788
val_macro_f1:	0.7633
val_micro_f1:	0.7988
-----
train loss:	0.0464
val loss:	0.1830
val_macro_f1:	0.7671
val_micro_f1:	0.7981
-----
train loss:	0.0232
val loss:	0.1876
val_macro_f1:	0.7603
val_micro_f1:	0.7889
-----
train loss:	0.0863
val loss:	0.1912
val_macro_f1:	0.7636
val_micro_f1:	0.7917
-----
train loss:	0.0752
val loss:	0.1898
val_macro_f1:	0.7640
val_micro_f1:	0.7908
-----
train loss:	0.0743
val loss:	0.1864
val_macro_f1:	0.7628
val_micro_f1:	0.7904
-----
train loss:	0.1211
val loss:	0.1717
val_macro_f1:	0.7725
val_micro_f1:	0.8011
-----
train loss:	0.0295
val loss:	0.1745
val_macro_f1:	0.7678
val_micro_f1:	0.7990
-----
train loss:	0.0618
val loss:	0.1948
val_macro_f1:	0.7536
val_micro_f1:	0.7857
-----
train loss:	0.2920
val loss:	0.1922
val_macro_f1:	0.7550
val_micro_f1:	0.7876
-----
train loss:	0.1276
val loss:	0.1891
val_macro_f1:	0.7582
val_micro_f1:	0.7886
-----
train loss:	0.1488
val loss:	0.1781
val_macro_f1:	0.7694
val_micro_f1:	0.7997
-----
train loss:	0.0761
val loss:	0.1701
val_macro_f1:	0.7568
val_micro_f1:	0.8032
-----
train loss:	0.0495
val loss:	0.1696
val_macro_f1:	0.7597
val_micro_f1:	0.8092
-----
train loss:	0.0342
val loss:	0.1779
val_macro_f1:	0.7553
val_micro_f1:	0.8060
-----
train loss:	0.1011
val loss:	0.1987
val_macro_f1:	0.7354
val_micro_f1:	0.7833
-----
train loss:	0.0786
val loss:	0.2248
val_macro_f1:	0.7200
val_micro_f1:	0.7731
-----
train loss:	0.1000
val loss:	0.2432
val_macro_f1:	0.6859
val_micro_f1:	0.7500
-----
==========
Epoch 15/20
train loss:	0.0423
val loss:	0.2572
val_macro_f1:	0.6666
val_micro_f1:	0.7326
-----
train loss:	0.0412
val loss:	0.2727
val_macro_f1:	0.6481
val_micro_f1:	0.7159
-----
train loss:	0.0905
val loss:	0.2773
val_macro_f1:	0.6362
val_micro_f1:	0.7088
-----
train loss:	0.1061
val loss:	0.2772
val_macro_f1:	0.6319
val_micro_f1:	0.7070
-----
train loss:	0.0311
val loss:	0.2785
val_macro_f1:	0.6345
val_micro_f1:	0.7079
-----
train loss:	0.0711
val loss:	0.2723
val_macro_f1:	0.6484
val_micro_f1:	0.7159
-----
train loss:	0.1304
val loss:	0.2461
val_macro_f1:	0.6787
val_micro_f1:	0.7422
-----
train loss:	0.1007
val loss:	0.2171
val_macro_f1:	0.7238
val_micro_f1:	0.7764
-----
train loss:	0.0739
val loss:	0.1845
val_macro_f1:	0.7272
val_micro_f1:	0.7892
-----
train loss:	0.0162
val loss:	0.1684
val_macro_f1:	0.7545
val_micro_f1:	0.8180
-----
train loss:	0.0867
val loss:	0.1660
val_macro_f1:	0.7500
val_micro_f1:	0.8093
-----
train loss:	0.0302
val loss:	0.1763
val_macro_f1:	0.7433
val_micro_f1:	0.7840
-----
train loss:	0.0966
val loss:	0.1875
val_macro_f1:	0.7345
val_micro_f1:	0.7740
-----
train loss:	0.0316
val loss:	0.2009
val_macro_f1:	0.7310
val_micro_f1:	0.7692
-----
train loss:	0.0949
val loss:	0.2057
val_macro_f1:	0.7326
val_micro_f1:	0.7684
-----
train loss:	0.0770
val loss:	0.2030
val_macro_f1:	0.7323
val_micro_f1:	0.7683
-----
train loss:	0.0697
val loss:	0.1990
val_macro_f1:	0.7350
val_micro_f1:	0.7693
-----
train loss:	0.0592
val loss:	0.1928
val_macro_f1:	0.7450
val_micro_f1:	0.7759
-----
train loss:	0.0635
val loss:	0.1846
val_macro_f1:	0.7509
val_micro_f1:	0.7811
-----
train loss:	0.0568
val loss:	0.1792
val_macro_f1:	0.7533
val_micro_f1:	0.7812
-----
train loss:	0.0864
val loss:	0.1646
val_macro_f1:	0.7711
val_micro_f1:	0.8020
-----
train loss:	0.1191
val loss:	0.1606
val_macro_f1:	0.7667
val_micro_f1:	0.8025
-----
train loss:	0.0998
val loss:	0.1736
val_macro_f1:	0.7721
val_micro_f1:	0.7861
-----
train loss:	0.0777
val loss:	0.2009
val_macro_f1:	0.7568
val_micro_f1:	0.7718
-----
train loss:	0.0542
val loss:	0.2289
val_macro_f1:	0.7101
val_micro_f1:	0.7406
-----
train loss:	0.0193
val loss:	0.2585
val_macro_f1:	0.6448
val_micro_f1:	0.6991
-----
train loss:	0.1943
val loss:	0.2947
val_macro_f1:	0.5865
val_micro_f1:	0.6654
-----
train loss:	0.0628
val loss:	0.3222
val_macro_f1:	0.5489
val_micro_f1:	0.6417
-----
train loss:	0.1910
val loss:	0.3132
val_macro_f1:	0.5671
val_micro_f1:	0.6504
-----
train loss:	0.0871
val loss:	0.3071
val_macro_f1:	0.5865
val_micro_f1:	0.6570
-----
train loss:	0.0383
val loss:	0.2977
val_macro_f1:	0.6086
val_micro_f1:	0.6655
-----
train loss:	0.0518
val loss:	0.2851
val_macro_f1:	0.6266
val_micro_f1:	0.6765
-----
train loss:	0.0677
val loss:	0.2748
val_macro_f1:	0.6472
val_micro_f1:	0.6865
-----
train loss:	0.0574
val loss:	0.2697
val_macro_f1:	0.6541
val_micro_f1:	0.6898
-----
train loss:	0.0329
val loss:	0.2648
val_macro_f1:	0.6628
val_micro_f1:	0.6970
-----
train loss:	0.0405
val loss:	0.2610
val_macro_f1:	0.6737
val_micro_f1:	0.6999
-----
train loss:	0.1198
val loss:	0.2690
val_macro_f1:	0.6640
val_micro_f1:	0.6910
-----
train loss:	0.0657
val loss:	0.2536
val_macro_f1:	0.6906
val_micro_f1:	0.7135
-----
train loss:	0.0384
val loss:	0.2504
val_macro_f1:	0.6989
val_micro_f1:	0.7178
-----
train loss:	0.0551
val loss:	0.2422
val_macro_f1:	0.7073
val_micro_f1:	0.7246
-----
train loss:	0.0694
val loss:	0.2301
val_macro_f1:	0.7197
val_micro_f1:	0.7330
-----
train loss:	0.0349
val loss:	0.2141
val_macro_f1:	0.7521
val_micro_f1:	0.7529
-----
train loss:	0.0886
val loss:	0.1981
val_macro_f1:	0.7648
val_micro_f1:	0.7634
-----
train loss:	0.0346
val loss:	0.1903
val_macro_f1:	0.7746
val_micro_f1:	0.7713
-----
train loss:	0.0235
val loss:	0.1844
val_macro_f1:	0.7856*
val_micro_f1:	0.7808
-----
train loss:	0.0244
val loss:	0.1832
val_macro_f1:	0.7893*
val_micro_f1:	0.7822
-----
train loss:	0.0226
val loss:	0.1817
val_macro_f1:	0.7936*
val_micro_f1:	0.7895
-----
train loss:	0.0209
val loss:	0.1821
val_macro_f1:	0.7920
val_micro_f1:	0.7885
-----
train loss:	0.0439
val loss:	0.1820
val_macro_f1:	0.7979*
val_micro_f1:	0.7933
-----
train loss:	0.0431
val loss:	0.1810
val_macro_f1:	0.7916
val_micro_f1:	0.7885
-----
train loss:	0.0942
val loss:	0.1830
val_macro_f1:	0.7878
val_micro_f1:	0.7895
-----
train loss:	0.0248
val loss:	0.1937
val_macro_f1:	0.7745
val_micro_f1:	0.7815
-----
train loss:	0.0318
val loss:	0.2115
val_macro_f1:	0.7676
val_micro_f1:	0.7812
-----
train loss:	0.3066
val loss:	0.1988
val_macro_f1:	0.7752
val_micro_f1:	0.7882
-----
train loss:	0.0314
val loss:	0.1885
val_macro_f1:	0.7860
val_micro_f1:	0.7910
-----
train loss:	0.1792
val loss:	0.1812
val_macro_f1:	0.7851
val_micro_f1:	0.7876
-----
train loss:	0.0538
val loss:	0.1830
val_macro_f1:	0.7799
val_micro_f1:	0.7821
-----
train loss:	0.1188
val loss:	0.1922
val_macro_f1:	0.7771
val_micro_f1:	0.7831
-----
==========
Epoch 16/20
train loss:	0.1108
val loss:	0.2228
val_macro_f1:	0.7539
val_micro_f1:	0.7619
-----
train loss:	0.0282
val loss:	0.2507
val_macro_f1:	0.7279
val_micro_f1:	0.7467
-----
train loss:	0.0329
val loss:	0.2854
val_macro_f1:	0.6685
val_micro_f1:	0.7083
-----
train loss:	0.0399
val loss:	0.3051
val_macro_f1:	0.6377
val_micro_f1:	0.6902
-----
train loss:	0.2440
val loss:	0.2555
val_macro_f1:	0.7289
val_micro_f1:	0.7497
-----
train loss:	0.0793
val loss:	0.2179
val_macro_f1:	0.7527
val_micro_f1:	0.7669
-----
train loss:	0.0315
val loss:	0.1909
val_macro_f1:	0.7705
val_micro_f1:	0.7833
-----
train loss:	0.1895
val loss:	0.1780
val_macro_f1:	0.7760
val_micro_f1:	0.7866
-----
train loss:	0.1382
val loss:	0.1720
val_macro_f1:	0.7732
val_micro_f1:	0.7957
-----
train loss:	0.1000
val loss:	0.1706
val_macro_f1:	0.7738
val_micro_f1:	0.7974
-----
train loss:	0.1473
val loss:	0.1699
val_macro_f1:	0.7761
val_micro_f1:	0.8012
-----
train loss:	0.0533
val loss:	0.1700
val_macro_f1:	0.7846
val_micro_f1:	0.8087
-----
train loss:	0.0606
val loss:	0.1709
val_macro_f1:	0.7869
val_micro_f1:	0.8107
-----
train loss:	0.0263
val loss:	0.1713
val_macro_f1:	0.7826
val_micro_f1:	0.8048
-----
train loss:	0.0362
val loss:	0.1731
val_macro_f1:	0.7817
val_micro_f1:	0.8051
-----
train loss:	0.0413
val loss:	0.1730
val_macro_f1:	0.7842
val_micro_f1:	0.8059
-----
train loss:	0.1693
val loss:	0.1698
val_macro_f1:	0.7818
val_micro_f1:	0.8070
-----
train loss:	0.0542
val loss:	0.1695
val_macro_f1:	0.7812
val_micro_f1:	0.8073
-----
train loss:	0.0732
val loss:	0.1702
val_macro_f1:	0.7806
val_micro_f1:	0.8064
-----
train loss:	0.0472
val loss:	0.1700
val_macro_f1:	0.7797
val_micro_f1:	0.8066
-----
train loss:	0.0347
val loss:	0.1706
val_macro_f1:	0.7780
val_micro_f1:	0.8076
-----
train loss:	0.0797
val loss:	0.1707
val_macro_f1:	0.7785
val_micro_f1:	0.8078
-----
train loss:	0.0467
val loss:	0.1704
val_macro_f1:	0.7775
val_micro_f1:	0.8068
-----
train loss:	0.0112
val loss:	0.1697
val_macro_f1:	0.7748
val_micro_f1:	0.8066
-----
train loss:	0.0778
val loss:	0.1713
val_macro_f1:	0.7772
val_micro_f1:	0.8043
-----
train loss:	0.0567
val loss:	0.1715
val_macro_f1:	0.7707
val_micro_f1:	0.8004
-----
train loss:	0.0634
val loss:	0.1754
val_macro_f1:	0.7652
val_micro_f1:	0.7956
-----
train loss:	0.0447
val loss:	0.1812
val_macro_f1:	0.7606
val_micro_f1:	0.7892
-----
train loss:	0.0459
val loss:	0.1872
val_macro_f1:	0.7587
val_micro_f1:	0.7909
-----
train loss:	0.0468
val loss:	0.1904
val_macro_f1:	0.7608
val_micro_f1:	0.7937
-----
train loss:	0.0616
val loss:	0.1965
val_macro_f1:	0.7541
val_micro_f1:	0.7922
-----
train loss:	0.0965
val loss:	0.2016
val_macro_f1:	0.7495
val_micro_f1:	0.7874
-----
train loss:	0.0921
val loss:	0.2021
val_macro_f1:	0.7451
val_micro_f1:	0.7850
-----
train loss:	0.0383
val loss:	0.2031
val_macro_f1:	0.7412
val_micro_f1:	0.7842
-----
train loss:	0.0904
val loss:	0.1999
val_macro_f1:	0.7445
val_micro_f1:	0.7874
-----
train loss:	0.0643
val loss:	0.1927
val_macro_f1:	0.7578
val_micro_f1:	0.7955
-----
train loss:	0.1116
val loss:	0.1805
val_macro_f1:	0.7608
val_micro_f1:	0.8014
-----
train loss:	0.0318
val loss:	0.1730
val_macro_f1:	0.7586
val_micro_f1:	0.8046
-----
train loss:	0.0202
val loss:	0.1684
val_macro_f1:	0.7619
val_micro_f1:	0.8072
-----
train loss:	0.0689
val loss:	0.1656
val_macro_f1:	0.7640
val_micro_f1:	0.8113
-----
train loss:	0.1216
val loss:	0.1662
val_macro_f1:	0.7629
val_micro_f1:	0.8105
-----
train loss:	0.0533
val loss:	0.1682
val_macro_f1:	0.7629
val_micro_f1:	0.8103
-----
train loss:	0.0933
val loss:	0.1710
val_macro_f1:	0.7603
val_micro_f1:	0.8052
-----
train loss:	0.0569
val loss:	0.1740
val_macro_f1:	0.7630
val_micro_f1:	0.8042
-----
train loss:	0.0243
val loss:	0.1778
val_macro_f1:	0.7617
val_micro_f1:	0.7996
-----
train loss:	0.0704
val loss:	0.1886
val_macro_f1:	0.7555
val_micro_f1:	0.7921
-----
train loss:	0.0376
val loss:	0.1966
val_macro_f1:	0.7600
val_micro_f1:	0.7973
-----
train loss:	0.0345
val loss:	0.2109
val_macro_f1:	0.7432
val_micro_f1:	0.7874
-----
train loss:	0.0245
val loss:	0.2241
val_macro_f1:	0.7336
val_micro_f1:	0.7773
-----
train loss:	0.0658
val loss:	0.2214
val_macro_f1:	0.7340
val_micro_f1:	0.7782
-----
train loss:	0.0501
val loss:	0.2130
val_macro_f1:	0.7525
val_micro_f1:	0.7899
-----
train loss:	0.0669
val loss:	0.2045
val_macro_f1:	0.7631
val_micro_f1:	0.7957
-----
train loss:	0.0905
val loss:	0.1923
val_macro_f1:	0.7697
val_micro_f1:	0.7996
-----
train loss:	0.0899
val loss:	0.1801
val_macro_f1:	0.7680
val_micro_f1:	0.7980
-----
==========
Epoch 17/20
train loss:	0.0234
val loss:	0.1719
val_macro_f1:	0.7646
val_micro_f1:	0.7984
-----
train loss:	0.0414
val loss:	0.1676
val_macro_f1:	0.7704
val_micro_f1:	0.8031
-----
train loss:	0.0228
val loss:	0.1676
val_macro_f1:	0.7696
val_micro_f1:	0.8081
-----
train loss:	0.0365
val loss:	0.1679
val_macro_f1:	0.7694
val_micro_f1:	0.8081
-----
train loss:	0.0261
val loss:	0.1700
val_macro_f1:	0.7651
val_micro_f1:	0.8058
-----
train loss:	0.0682
val loss:	0.1682
val_macro_f1:	0.7650
val_micro_f1:	0.8064
-----
train loss:	0.0396
val loss:	0.1689
val_macro_f1:	0.7593
val_micro_f1:	0.8038
-----
train loss:	0.0386
val loss:	0.1696
val_macro_f1:	0.7577
val_micro_f1:	0.8037
-----
train loss:	0.0912
val loss:	0.1687
val_macro_f1:	0.7654
val_micro_f1:	0.8061
-----
train loss:	0.0692
val loss:	0.1700
val_macro_f1:	0.7688
val_micro_f1:	0.8022
-----
train loss:	0.0173
val loss:	0.1753
val_macro_f1:	0.7651
val_micro_f1:	0.7956
-----
train loss:	0.0539
val loss:	0.1820
val_macro_f1:	0.7678
val_micro_f1:	0.7941
-----
train loss:	0.1014
val loss:	0.1931
val_macro_f1:	0.7783
val_micro_f1:	0.8014
-----
train loss:	0.1004
val loss:	0.2058
val_macro_f1:	0.7564
val_micro_f1:	0.7908
-----
train loss:	0.0332
val loss:	0.2049
val_macro_f1:	0.7515
val_micro_f1:	0.7891
-----
train loss:	0.0808
val loss:	0.1963
val_macro_f1:	0.7619
val_micro_f1:	0.7990
-----
train loss:	0.1668
val loss:	0.1869
val_macro_f1:	0.7576
val_micro_f1:	0.7946
-----
train loss:	0.1037
val loss:	0.1887
val_macro_f1:	0.7624
val_micro_f1:	0.7964
-----
train loss:	0.0871
val loss:	0.1858
val_macro_f1:	0.7680
val_micro_f1:	0.7973
-----
train loss:	0.0856
val loss:	0.1839
val_macro_f1:	0.7642
val_micro_f1:	0.7947
-----
train loss:	0.0282
val loss:	0.1841
val_macro_f1:	0.7617
val_micro_f1:	0.7898
-----
train loss:	0.1225
val loss:	0.1769
val_macro_f1:	0.7741
val_micro_f1:	0.7932
-----
train loss:	0.0593
val loss:	0.1723
val_macro_f1:	0.7759
val_micro_f1:	0.7963
-----
train loss:	0.0526
val loss:	0.1716
val_macro_f1:	0.7697
val_micro_f1:	0.7943
-----
train loss:	0.0911
val loss:	0.1735
val_macro_f1:	0.7685
val_micro_f1:	0.7961
-----
train loss:	0.0402
val loss:	0.1768
val_macro_f1:	0.7675
val_micro_f1:	0.8005
-----
train loss:	0.0586
val loss:	0.1811
val_macro_f1:	0.7635
val_micro_f1:	0.8013
-----
train loss:	0.0347
val loss:	0.1891
val_macro_f1:	0.7578
val_micro_f1:	0.7956
-----
train loss:	0.0564
val loss:	0.1895
val_macro_f1:	0.7547
val_micro_f1:	0.7937
-----
train loss:	0.0507
val loss:	0.1871
val_macro_f1:	0.7540
val_micro_f1:	0.7950
-----
train loss:	0.1370
val loss:	0.1738
val_macro_f1:	0.7771
val_micro_f1:	0.8031
-----
train loss:	0.0485
val loss:	0.1761
val_macro_f1:	0.7801
val_micro_f1:	0.7945
-----
train loss:	0.0197
val loss:	0.1857
val_macro_f1:	0.7619
val_micro_f1:	0.7683
-----
train loss:	0.0286
val loss:	0.1983
val_macro_f1:	0.7373
val_micro_f1:	0.7496
-----
train loss:	0.0706
val loss:	0.2173
val_macro_f1:	0.7228
val_micro_f1:	0.7354
-----
train loss:	0.1967
val loss:	0.2451
val_macro_f1:	0.6860
val_micro_f1:	0.7108
-----
train loss:	0.2334
val loss:	0.2434
val_macro_f1:	0.6839
val_micro_f1:	0.7099
-----
train loss:	0.0687
val loss:	0.2358
val_macro_f1:	0.6969
val_micro_f1:	0.7195
-----
train loss:	0.1011
val loss:	0.2244
val_macro_f1:	0.7118
val_micro_f1:	0.7308
-----
train loss:	0.0074
val loss:	0.2137
val_macro_f1:	0.7220
val_micro_f1:	0.7370
-----
train loss:	0.0612
val loss:	0.1980
val_macro_f1:	0.7362
val_micro_f1:	0.7525
-----
train loss:	0.0812
val loss:	0.1841
val_macro_f1:	0.7626
val_micro_f1:	0.7702
-----
train loss:	0.0248
val loss:	0.1752
val_macro_f1:	0.7828
val_micro_f1:	0.7878
-----
train loss:	0.0711
val loss:	0.1718
val_macro_f1:	0.7812
val_micro_f1:	0.7908
-----
train loss:	0.0227
val loss:	0.1679
val_macro_f1:	0.7840
val_micro_f1:	0.7940
-----
train loss:	0.0329
val loss:	0.1660
val_macro_f1:	0.7828
val_micro_f1:	0.7949
-----
train loss:	0.0305
val loss:	0.1651
val_macro_f1:	0.7919
val_micro_f1:	0.7990
-----
train loss:	0.0581
val loss:	0.1673
val_macro_f1:	0.7845
val_micro_f1:	0.7896
-----
train loss:	0.0835
val loss:	0.1704
val_macro_f1:	0.7803
val_micro_f1:	0.7940
-----
train loss:	0.1049
val loss:	0.1665
val_macro_f1:	0.7867
val_micro_f1:	0.8013
-----
train loss:	0.0215
val loss:	0.1647
val_macro_f1:	0.7886
val_micro_f1:	0.8029
-----
train loss:	0.0695
val loss:	0.1647
val_macro_f1:	0.7869
val_micro_f1:	0.8020
-----
train loss:	0.0511
val loss:	0.1607
val_macro_f1:	0.7898
val_micro_f1:	0.8069
-----
train loss:	0.0932
val loss:	0.1548*
val_macro_f1:	0.7992*
val_micro_f1:	0.8095
-----
train loss:	0.0778
val loss:	0.1499*
val_macro_f1:	0.7879
val_micro_f1:	0.8113
-----
train loss:	0.0700
val loss:	0.1545
val_macro_f1:	0.7849
val_micro_f1:	0.8191
-----
==========
Epoch 18/20
train loss:	0.0187
val loss:	0.1647
val_macro_f1:	0.7700
val_micro_f1:	0.8122
-----
train loss:	0.1683
val loss:	0.1714
val_macro_f1:	0.7607
val_micro_f1:	0.8076
-----
train loss:	0.0546
val loss:	0.1748
val_macro_f1:	0.7581
val_micro_f1:	0.8066
-----
train loss:	0.0709
val loss:	0.1785
val_macro_f1:	0.7534
val_micro_f1:	0.8054
-----
train loss:	0.0481
val loss:	0.1782
val_macro_f1:	0.7537
val_micro_f1:	0.8066
-----
train loss:	0.0507
val loss:	0.1765
val_macro_f1:	0.7529
val_micro_f1:	0.8069
-----
train loss:	0.0480
val loss:	0.1764
val_macro_f1:	0.7520
val_micro_f1:	0.8072
-----
train loss:	0.0733
val loss:	0.1692
val_macro_f1:	0.7615
val_micro_f1:	0.8181
-----
train loss:	0.1371
val loss:	0.1658
val_macro_f1:	0.7569
val_micro_f1:	0.8216
-----
train loss:	0.0457
val loss:	0.1612
val_macro_f1:	0.7535
val_micro_f1:	0.8192
-----
train loss:	0.0238
val loss:	0.1601
val_macro_f1:	0.7606
val_micro_f1:	0.8236
-----
train loss:	0.0188
val loss:	0.1629
val_macro_f1:	0.7485
val_micro_f1:	0.8197
-----
train loss:	0.0204
val loss:	0.1684
val_macro_f1:	0.7329
val_micro_f1:	0.8148
-----
train loss:	0.0218
val loss:	0.1728
val_macro_f1:	0.7363
val_micro_f1:	0.8104
-----
train loss:	0.0066
val loss:	0.1790
val_macro_f1:	0.7339
val_micro_f1:	0.8091
-----
train loss:	0.0924
val loss:	0.1921
val_macro_f1:	0.7375
val_micro_f1:	0.8096
-----
train loss:	0.0730
val loss:	0.1859
val_macro_f1:	0.7321
val_micro_f1:	0.8076
-----
train loss:	0.0484
val loss:	0.1811
val_macro_f1:	0.7296
val_micro_f1:	0.8089
-----
train loss:	0.0227
val loss:	0.1813
val_macro_f1:	0.7300
val_micro_f1:	0.8144
-----
train loss:	0.0498
val loss:	0.1798
val_macro_f1:	0.7313
val_micro_f1:	0.8152
-----
train loss:	0.0266
val loss:	0.1774
val_macro_f1:	0.7252
val_micro_f1:	0.8141
-----
train loss:	0.0496
val loss:	0.1746
val_macro_f1:	0.7296
val_micro_f1:	0.8219
-----
train loss:	0.0637
val loss:	0.1726
val_macro_f1:	0.7269
val_micro_f1:	0.8231
-----
train loss:	0.0827
val loss:	0.1728
val_macro_f1:	0.7335
val_micro_f1:	0.8266
-----
train loss:	0.0248
val loss:	0.1748
val_macro_f1:	0.7363
val_micro_f1:	0.8250
-----
train loss:	0.0226
val loss:	0.1784
val_macro_f1:	0.7321
val_micro_f1:	0.8186
-----
train loss:	0.0364
val loss:	0.1802
val_macro_f1:	0.7295
val_micro_f1:	0.8166
-----
train loss:	0.1588
val loss:	0.1786
val_macro_f1:	0.7348
val_micro_f1:	0.8195
-----
train loss:	0.1008
val loss:	0.1742
val_macro_f1:	0.7391
val_micro_f1:	0.8233
-----
train loss:	0.0113
val loss:	0.1729
val_macro_f1:	0.7424
val_micro_f1:	0.8242
-----
train loss:	0.0206
val loss:	0.1762
val_macro_f1:	0.7422
val_micro_f1:	0.8193
-----
train loss:	0.0421
val loss:	0.1819
val_macro_f1:	0.7407
val_micro_f1:	0.8087
-----
train loss:	0.0223
val loss:	0.1904
val_macro_f1:	0.7489
val_micro_f1:	0.8079
-----
train loss:	0.0783
val loss:	0.2070
val_macro_f1:	0.7354
val_micro_f1:	0.7974
-----
train loss:	0.0887
val loss:	0.2169
val_macro_f1:	0.7265
val_micro_f1:	0.7915
-----
train loss:	0.0787
val loss:	0.2256
val_macro_f1:	0.7226
val_micro_f1:	0.7856
-----
train loss:	0.1204
val loss:	0.2283
val_macro_f1:	0.7231
val_micro_f1:	0.7814
-----
train loss:	0.1425
val loss:	0.2051
val_macro_f1:	0.7482
val_micro_f1:	0.7965
-----
train loss:	0.0385
val loss:	0.1920
val_macro_f1:	0.7701
val_micro_f1:	0.8023
-----
train loss:	0.0587
val loss:	0.1783
val_macro_f1:	0.7792
val_micro_f1:	0.8036
-----
train loss:	0.0545
val loss:	0.1680
val_macro_f1:	0.7797
val_micro_f1:	0.8061
-----
train loss:	0.0878
val loss:	0.1657
val_macro_f1:	0.7815
val_micro_f1:	0.8026
-----
train loss:	0.0217
val loss:	0.1634
val_macro_f1:	0.7865
val_micro_f1:	0.8007
-----
train loss:	0.0507
val loss:	0.1635
val_macro_f1:	0.7909
val_micro_f1:	0.8037
-----
train loss:	0.2111
val loss:	0.1650
val_macro_f1:	0.7922
val_micro_f1:	0.8008
-----
train loss:	0.1216
val loss:	0.1751
val_macro_f1:	0.7885
val_micro_f1:	0.7968
-----
train loss:	0.0301
val loss:	0.1885
val_macro_f1:	0.7801
val_micro_f1:	0.7865
-----
train loss:	0.0565
val loss:	0.2037
val_macro_f1:	0.7577
val_micro_f1:	0.7710
-----
train loss:	0.0488
val loss:	0.2153
val_macro_f1:	0.7407
val_micro_f1:	0.7628
-----
train loss:	0.0187
val loss:	0.2280
val_macro_f1:	0.7284
val_micro_f1:	0.7495
-----
train loss:	0.0494
val loss:	0.2348
val_macro_f1:	0.7228
val_micro_f1:	0.7477
-----
train loss:	0.1039
val loss:	0.2546
val_macro_f1:	0.7028
val_micro_f1:	0.7349
-----
train loss:	0.0540
val loss:	0.2662
val_macro_f1:	0.6920
val_micro_f1:	0.7262
-----
train loss:	0.0444
val loss:	0.2674
val_macro_f1:	0.6890
val_micro_f1:	0.7237
-----
==========
Epoch 19/20
train loss:	0.0567
val loss:	0.2687
val_macro_f1:	0.6864
val_micro_f1:	0.7220
-----
train loss:	0.0258
val loss:	0.2725
val_macro_f1:	0.6860
val_micro_f1:	0.7211
-----
train loss:	0.1066
val loss:	0.2698
val_macro_f1:	0.6858
val_micro_f1:	0.7213
-----
train loss:	0.0562
val loss:	0.2663
val_macro_f1:	0.6969
val_micro_f1:	0.7257
-----
train loss:	0.0513
val loss:	0.2583
val_macro_f1:	0.7059
val_micro_f1:	0.7319
-----
train loss:	0.0706
val loss:	0.2315
val_macro_f1:	0.7265
val_micro_f1:	0.7462
-----
train loss:	0.1057
val loss:	0.2057
val_macro_f1:	0.7612
val_micro_f1:	0.7709
-----
train loss:	0.0868
val loss:	0.1887
val_macro_f1:	0.7970
val_micro_f1:	0.7941
-----
train loss:	0.0439
val loss:	0.1817
val_macro_f1:	0.7994*
val_micro_f1:	0.7993
-----
train loss:	0.0533
val loss:	0.1867
val_macro_f1:	0.7876
val_micro_f1:	0.7935
-----
train loss:	0.1564
val loss:	0.1861
val_macro_f1:	0.7852
val_micro_f1:	0.7928
-----
train loss:	0.0724
val loss:	0.1827
val_macro_f1:	0.7934
val_micro_f1:	0.8009
-----
train loss:	0.0477
val loss:	0.1814
val_macro_f1:	0.7964
val_micro_f1:	0.8024
-----
train loss:	0.0757
val loss:	0.1808
val_macro_f1:	0.7889
val_micro_f1:	0.7952
-----
train loss:	0.0389
val loss:	0.1854
val_macro_f1:	0.7856
val_micro_f1:	0.7883
-----
train loss:	0.0390
val loss:	0.1954
val_macro_f1:	0.7824
val_micro_f1:	0.7863
-----
train loss:	0.1613
val loss:	0.1969
val_macro_f1:	0.7802
val_micro_f1:	0.7831
-----
train loss:	0.0368
val loss:	0.1934
val_macro_f1:	0.7820
val_micro_f1:	0.7863
-----
train loss:	0.0443
val loss:	0.1890
val_macro_f1:	0.7835
val_micro_f1:	0.7903
-----
train loss:	0.0305
val loss:	0.1853
val_macro_f1:	0.7804
val_micro_f1:	0.7899
-----
train loss:	0.0519
val loss:	0.1829
val_macro_f1:	0.7733
val_micro_f1:	0.7897
-----
train loss:	0.1187
val loss:	0.1838
val_macro_f1:	0.7747
val_micro_f1:	0.7888
-----
train loss:	0.1752
val loss:	0.1827
val_macro_f1:	0.7800
val_micro_f1:	0.7948
-----
train loss:	0.0281
val loss:	0.1813
val_macro_f1:	0.7769
val_micro_f1:	0.7960
-----
train loss:	0.0150
val loss:	0.1805
val_macro_f1:	0.7814
val_micro_f1:	0.7994
-----
train loss:	0.0616
val loss:	0.1770
val_macro_f1:	0.7772
val_micro_f1:	0.8004
-----
train loss:	0.0314
val loss:	0.1754
val_macro_f1:	0.7774
val_micro_f1:	0.7997
-----
train loss:	0.0936
val loss:	0.1750
val_macro_f1:	0.7783
val_micro_f1:	0.7997
-----
train loss:	0.0070
val loss:	0.1739
val_macro_f1:	0.7777
val_micro_f1:	0.7997
-----
train loss:	0.0480
val loss:	0.1725
val_macro_f1:	0.7784
val_micro_f1:	0.7993
-----
train loss:	0.0632
val loss:	0.1714
val_macro_f1:	0.7658
val_micro_f1:	0.8003
-----
train loss:	0.0737
val loss:	0.1694
val_macro_f1:	0.7677
val_micro_f1:	0.8019
-----
train loss:	0.0509
val loss:	0.1709
val_macro_f1:	0.7717
val_micro_f1:	0.8088
-----
train loss:	0.0379
val loss:	0.1699
val_macro_f1:	0.7676
val_micro_f1:	0.8084
-----
train loss:	0.0210
val loss:	0.1680
val_macro_f1:	0.7671
val_micro_f1:	0.8089
-----
train loss:	0.0934
val loss:	0.1667
val_macro_f1:	0.7672
val_micro_f1:	0.8056
-----
train loss:	0.0476
val loss:	0.1692
val_macro_f1:	0.7838
val_micro_f1:	0.8074
-----
train loss:	0.0146
val loss:	0.1731
val_macro_f1:	0.7854
val_micro_f1:	0.8052
-----
train loss:	0.0588
val loss:	0.1764
val_macro_f1:	0.7856
val_micro_f1:	0.8022
-----
train loss:	0.0276
val loss:	0.1802
val_macro_f1:	0.7790
val_micro_f1:	0.7965
-----
train loss:	0.1739
val loss:	0.1885
val_macro_f1:	0.7698
val_micro_f1:	0.7908
-----
train loss:	0.0135
val loss:	0.1981
val_macro_f1:	0.7656
val_micro_f1:	0.7874
-----
train loss:	0.0564
val loss:	0.2023
val_macro_f1:	0.7625
val_micro_f1:	0.7850
-----
train loss:	0.0181
val loss:	0.2097
val_macro_f1:	0.7564
val_micro_f1:	0.7808
-----
train loss:	0.0696
val loss:	0.2085
val_macro_f1:	0.7559
val_micro_f1:	0.7800
-----
train loss:	0.0661
val loss:	0.2156
val_macro_f1:	0.7501
val_micro_f1:	0.7758
-----
train loss:	0.1318
val loss:	0.1751
val_macro_f1:	0.7900
val_micro_f1:	0.8021
-----
train loss:	0.1074
val loss:	0.1669
val_macro_f1:	0.7677
val_micro_f1:	0.8029
-----
train loss:	0.0746
val loss:	0.1821
val_macro_f1:	0.7647
val_micro_f1:	0.8060
-----
train loss:	0.0625
val loss:	0.2030
val_macro_f1:	0.7502
val_micro_f1:	0.7873
-----
train loss:	0.0665
val loss:	0.2284
val_macro_f1:	0.7442
val_micro_f1:	0.7749
-----
train loss:	0.0525
val loss:	0.2608
val_macro_f1:	0.7296
val_micro_f1:	0.7419
-----
train loss:	0.2107
val loss:	0.2846
val_macro_f1:	0.7250
val_micro_f1:	0.7307
-----
train loss:	0.1123
val loss:	0.2849
val_macro_f1:	0.7180
val_micro_f1:	0.7215
-----
train loss:	0.1934
val loss:	0.2654
val_macro_f1:	0.7297
val_micro_f1:	0.7366
-----
==========
Epoch 20/20
train loss:	0.0674
val loss:	0.2478
val_macro_f1:	0.7251
val_micro_f1:	0.7360
-----
train loss:	0.1120
val loss:	0.2151
val_macro_f1:	0.7426
val_micro_f1:	0.7574
-----
train loss:	0.0698
val loss:	0.1924
val_macro_f1:	0.7893
val_micro_f1:	0.7730
-----
train loss:	0.0794
val loss:	0.2094
val_macro_f1:	0.7723
val_micro_f1:	0.7559
-----
train loss:	0.1154
val loss:	0.2758
val_macro_f1:	0.6480
val_micro_f1:	0.6892
-----
train loss:	0.0654
val loss:	0.3459
val_macro_f1:	0.5801
val_micro_f1:	0.6410
-----
train loss:	0.0508
val loss:	0.4194
val_macro_f1:	0.5371
val_micro_f1:	0.6102
-----
train loss:	0.0828
val loss:	0.4364
val_macro_f1:	0.5347
val_micro_f1:	0.6082
-----
train loss:	0.0729
val loss:	0.4000
val_macro_f1:	0.5397
val_micro_f1:	0.6102
-----
train loss:	0.0359
val loss:	0.3645
val_macro_f1:	0.5531
val_micro_f1:	0.6172
-----
train loss:	0.1351
val loss:	0.2876
val_macro_f1:	0.6340
val_micro_f1:	0.6646
-----
train loss:	0.0445
val loss:	0.2355
val_macro_f1:	0.7281
val_micro_f1:	0.7262
-----
train loss:	0.1091
val loss:	0.2036
val_macro_f1:	0.7718
val_micro_f1:	0.7593
-----
train loss:	0.1272
val loss:	0.1948
val_macro_f1:	0.7947
val_micro_f1:	0.7726
-----
train loss:	0.0432
val loss:	0.1856
val_macro_f1:	0.8050*
val_micro_f1:	0.7814
-----
train loss:	0.0393
val loss:	0.1833
val_macro_f1:	0.8130*
val_micro_f1:	0.7865
-----
train loss:	0.0336
val loss:	0.1824
val_macro_f1:	0.8098
val_micro_f1:	0.7910
-----
train loss:	0.0648
val loss:	0.1869
val_macro_f1:	0.7936
val_micro_f1:	0.7840
-----
train loss:	0.0309
val loss:	0.1944
val_macro_f1:	0.7768
val_micro_f1:	0.7759
-----
train loss:	0.2325
val loss:	0.1837
val_macro_f1:	0.7795
val_micro_f1:	0.7798
-----
train loss:	0.0576
val loss:	0.1729
val_macro_f1:	0.7832
val_micro_f1:	0.7847
-----
train loss:	0.1453
val loss:	0.1666
val_macro_f1:	0.7961
val_micro_f1:	0.7990
-----
train loss:	0.0492
val loss:	0.1617
val_macro_f1:	0.8101
val_micro_f1:	0.8152
-----
train loss:	0.0208
val loss:	0.1644
val_macro_f1:	0.8060
val_micro_f1:	0.8133
-----
train loss:	0.0123
val loss:	0.1699
val_macro_f1:	0.7853
val_micro_f1:	0.8068
-----
train loss:	0.0182
val loss:	0.1786
val_macro_f1:	0.7675
val_micro_f1:	0.7956
-----
train loss:	0.0204
val loss:	0.1871
val_macro_f1:	0.7465
val_micro_f1:	0.7891
-----
train loss:	0.1493
val loss:	0.2000
val_macro_f1:	0.7221
val_micro_f1:	0.7731
-----
train loss:	0.0390
val loss:	0.2090
val_macro_f1:	0.7126
val_micro_f1:	0.7655
-----
train loss:	0.1157
val loss:	0.2052
val_macro_f1:	0.7152
val_micro_f1:	0.7697
-----
train loss:	0.0429
val loss:	0.2006
val_macro_f1:	0.7200
val_micro_f1:	0.7731
-----
train loss:	0.0278
val loss:	0.1968
val_macro_f1:	0.7253
val_micro_f1:	0.7807
-----
train loss:	0.0202
val loss:	0.1965
val_macro_f1:	0.7227
val_micro_f1:	0.7807
-----
train loss:	0.0813
val loss:	0.1906
val_macro_f1:	0.7359
val_micro_f1:	0.7924
-----
train loss:	0.1111
val loss:	0.1767
val_macro_f1:	0.7660
val_micro_f1:	0.8113
-----
train loss:	0.0581
val loss:	0.1704
val_macro_f1:	0.7690
val_micro_f1:	0.8183
-----
train loss:	0.0666
val loss:	0.1646
val_macro_f1:	0.7710
val_micro_f1:	0.8199
-----
train loss:	0.0237
val loss:	0.1614
val_macro_f1:	0.7764
val_micro_f1:	0.8245
-----
train loss:	0.1145
val loss:	0.1620
val_macro_f1:	0.7741
val_micro_f1:	0.8235
-----
train loss:	0.0385
val loss:	0.1631
val_macro_f1:	0.7713
val_micro_f1:	0.8208
-----
train loss:	0.1353
val loss:	0.1743
val_macro_f1:	0.7704
val_micro_f1:	0.8199
-----
train loss:	0.0378
val loss:	0.1914
val_macro_f1:	0.7484
val_micro_f1:	0.8039
-----
train loss:	0.0523
val loss:	0.2078
val_macro_f1:	0.7325
val_micro_f1:	0.7915
-----
train loss:	0.0385
val loss:	0.2311
val_macro_f1:	0.7121
val_micro_f1:	0.7705
-----
train loss:	0.0577
val loss:	0.2549
val_macro_f1:	0.6982
val_micro_f1:	0.7552
-----
train loss:	0.0189
val loss:	0.2788
val_macro_f1:	0.6761
val_micro_f1:	0.7414
-----
train loss:	0.0138
val loss:	0.3050
val_macro_f1:	0.6682
val_micro_f1:	0.7352
-----
train loss:	0.1002
val loss:	0.3030
val_macro_f1:	0.6730
val_micro_f1:	0.7363
-----
train loss:	0.0916
val loss:	0.2837
val_macro_f1:	0.6796
val_micro_f1:	0.7408
-----
train loss:	0.2099
val loss:	0.2523
val_macro_f1:	0.7150
val_micro_f1:	0.7605
-----
train loss:	0.0249
val loss:	0.2312
val_macro_f1:	0.7222
val_micro_f1:	0.7650
-----
train loss:	0.0547
val loss:	0.2092
val_macro_f1:	0.7374
val_micro_f1:	0.7751
-----
train loss:	0.0201
val loss:	0.1950
val_macro_f1:	0.7600
val_micro_f1:	0.7865
-----
train loss:	0.0267
val loss:	0.1829
val_macro_f1:	0.7752
val_micro_f1:	0.7918
-----
train loss:	0.1497
val loss:	0.1823
val_macro_f1:	0.7790
val_micro_f1:	0.7934
-----
train loss:	0.0720
val loss:	0.1764
val_macro_f1:	0.7905
val_micro_f1:	0.7997
-----
Best loss model:
===Micro F1===
precision: [0.77912795 0.90718776]
recall [0.88905472 0.81141655]
f1 [0.83046946 0.85663367]
macro 0.8435515667194393
===Macro F1===
precision: [0.77631404 0.89310341]
recall [0.84168311 0.81669424]
f1 [0.75881606 0.81535021]
macro 0.7870831347041198
Best F1 model:
===Micro F1===
precision: [0.7252935  0.91350006]
recall [0.90594034 0.74325746]
f1 [0.80561428 0.81963199]
macro 0.8126231369305179
===Macro F1===
precision: [0.73283348 0.88958873]
recall [0.88274868 0.7770035 ]
f1 [0.75386236 0.78709896]
macro 0.7704806636266031
